Using pre-set license
Built from '2020.2/release' branch; Version is '2020.2.0f1 (3721df5a8b28) revision 3613151'; Using compiler version '192528614'; Build Type 'Release'
OS: 'Windows 10  (10.0.0) 64bit' Language: 'en' Physical Memory: 65465 MB
BatchMode: 1, IsHumanControllingUs: 0, StartBugReporterOnCrash: 0, Is64bit: 1, IsPro: 0

 COMMAND LINE ARGUMENTS:
C:\Program Files\Unity\Hub\Editor\2020.2.0f1\Editor\Unity.exe
-adb2
-batchMode
-noUpm
-name
AssetImportWorker0
-projectPath
C:/Users/kdahi/OneDrive/Documents/Unity/TechDemo/TechDemoProject
-logFile
Logs/AssetImportWorker0.log
-srvPort
56981
Successfully changed project path to: C:/Users/kdahi/OneDrive/Documents/Unity/TechDemo/TechDemoProject
C:/Users/kdahi/OneDrive/Documents/Unity/TechDemo/TechDemoProject
Using Asset Import Pipeline V2.
Refreshing native plugins compatible for Editor in 159.31 ms, found 4 plugins.
Preloading 0 native plugins for Editor in 0.00 ms.
Initialize engine version: 2020.2.0f1 (3721df5a8b28)
[Subsystems] Discovering subsystems at path C:/Program Files/Unity/Hub/Editor/2020.2.0f1/Editor/Data/Resources/UnitySubsystems
[Subsystems] Discovering subsystems at path C:/Users/kdahi/OneDrive/Documents/Unity/TechDemo/TechDemoProject/Assets
GfxDevice: creating device client; threaded=0
Direct3D:
    Version:  Direct3D 11.0 [level 11.1]
    Renderer: AMD Radeon RX 5700 XT (ID=0x731f)
    Vendor:   
    VRAM:     8152 MB
    Driver:   27.20.14501.24001
Shader 'Universal Render Pipeline/Particles/Lit': fallback shader 'Universal Render Pipeline/Particles/SimpleLit' not found
Initialize mono
Mono path[0] = 'C:/Program Files/Unity/Hub/Editor/2020.2.0f1/Editor/Data/Managed'
Mono path[1] = 'C:/Program Files/Unity/Hub/Editor/2020.2.0f1/Editor/Data/MonoBleedingEdge/lib/mono/unityjit'
Mono config path = 'C:/Program Files/Unity/Hub/Editor/2020.2.0f1/Editor/Data/MonoBleedingEdge/etc'
Using monoOptions --debugger-agent=transport=dt_socket,embedding=1,server=y,suspend=n,address=127.0.0.1:56180
Begin MonoManager ReloadAssembly
Registering precompiled unity dll's ...
Register platform support module: C:/Program Files/Unity/Hub/Editor/2020.2.0f1/Editor/Data/PlaybackEngines/WebGLSupport/UnityEditor.WebGL.Extensions.dll
Register platform support module: C:/Program Files/Unity/Hub/Editor/2020.2.0f1/Editor/Data/PlaybackEngines/MacStandaloneSupport/UnityEditor.OSXStandalone.Extensions.dll
Register platform support module: C:/Program Files/Unity/Hub/Editor/2020.2.0f1/Editor/Data/PlaybackEngines/WindowsStandaloneSupport/UnityEditor.WindowsStandalone.Extensions.dll
Register platform support module: C:/Program Files/Unity/Hub/Editor/2020.2.0f1/Editor/Data/PlaybackEngines/LinuxStandaloneSupport/UnityEditor.LinuxStandalone.Extensions.dll
Register platform support module: C:/Program Files/Unity/Hub/Editor/2020.2.0f1/Editor/Data/PlaybackEngines/LuminSupport/UnityEditor.Lumin.Extensions.dll
Registered in 0.002842 seconds.
Native extension for Lumin target not found
Native extension for LinuxStandalone target not found
Native extension for WindowsStandalone target not found
Native extension for OSXStandalone target not found
Native extension for WebGL target not found
Refreshing native plugins compatible for Editor in 152.33 ms, found 4 plugins.
Preloading 0 native plugins for Editor in 0.00 ms.
Invoked RoslynAnalysisRunner static constructor.
RoslynAnalysisRunner will not be running.
RoslynAnalysisRunner has terminated.
Mono: successfully reloaded assembly
- Completed reload, in  2.156 seconds
Platform modules already initialized, skipping
Registering precompiled user dll's ...
Registered in 0.016129 seconds.
Begin MonoManager ReloadAssembly
Symbol file LoadedFromMemory is not a mono symbol file
Error: Could not load signature of UnityEditor.UIElements.LiveReloadTrackerCreator:CreateVisualTreeAssetTrackerInstance due to: Could not resolve type with token 01000016 (from typeref, class/assembly UnityEngine.UIElements.ILiveReloadAssetTracker`1, UnityEngine.UIElementsModule, Version=1.0.0.0, Culture=neutral, PublicKeyToken=null) assembly:UnityEngine.UIElementsModule, Version=1.0.0.0, Culture=neutral, PublicKeyToken=null type:UnityEngine.UIElements.ILiveReloadAssetTracker`1 member:(null) signature:<none>

Error: Could not load signature of UnityEngine.UIElements.DynamicAtlasSettings:get_activeFilters due to: Could not resolve type with token 0100001a (from typeref, class/assembly UnityEngine.UIElements.DynamicAtlasFilters, UnityEngine.UIElementsModule, Version=1.0.0.0, Culture=neutral, PublicKeyToken=null) assembly:UnityEngine.UIElementsModule, Version=1.0.0.0, Culture=neutral, PublicKeyToken=null type:UnityEngine.UIElements.DynamicAtlasFilters member:(null) signature:<none>

The scripted importer 'UIElementsViewImporter' attempted to register file type '.uxml', which is handled by a native Unity importer. Registration rejected.
UnityEngine.StackTraceUtility:ExtractStackTrace ()
UnityEditor.AssetImporters.ScriptedImporter:RegisterScriptedImporters ()

[C:\buildslave\unity\build\Modules/AssetDatabase/Editor/Public/ImporterRegistry.cpp line 245]

The scripted importer 'StyleSheetImporter' attempted to register file type '.uss', which is handled by a native Unity importer. Registration rejected.
UnityEngine.StackTraceUtility:ExtractStackTrace ()
UnityEditor.AssetImporters.ScriptedImporter:RegisterScriptedImporters ()

[C:\buildslave\unity\build\Modules/AssetDatabase/Editor/Public/ImporterRegistry.cpp line 245]

The scripted importer 'ThemeStyleSheetImporter' attempted to register file type '.tss', which is handled by a native Unity importer. Registration rejected.
UnityEngine.StackTraceUtility:ExtractStackTrace ()
UnityEditor.AssetImporters.ScriptedImporter:RegisterScriptedImporters ()

[C:\buildslave\unity\build\Modules/AssetDatabase/Editor/Public/ImporterRegistry.cpp line 245]

ArgumentException: An item with the same key has already been added. Key: UnityEditor.UIElements.EditorAtlasMonitorInjector
Parameter name: key
  at System.Collections.Generic.SortedList`2[TKey,TValue].Add (TKey key, TValue value) [0x00041] in <aa976c2104104b7ca9e1785715722c9d>:0 
  at UnityEditor.AssetPostprocessingInternal.GetTextureProcessorsHashString () [0x000a2] in <fac3a832ec4249a49c4da1051848dde5>:0 
UnityEngine.DebugLogHandler:Internal_LogException(Exception, Object)
UnityEngine.DebugLogHandler:LogException(Exception, Object)
UnityEngine.Logger:LogException(Exception, Object)
UnityEngine.Debug:LogException(Exception)
UnityEditor.AssetPostprocessingInternal:GetTextureProcessorsHashString()

Unloading broken assembly Library/ScriptAssemblies/Unity.UIElements.Text.dll, this assembly can cause crashes in the runtime

Unloading broken assembly Library/ScriptAssemblies/UnityEditor.UIElementsGameObjectsModule.dll, this assembly can cause crashes in the runtime

Unloading broken assembly Library/ScriptAssemblies/UnityEngine.UIElementsGameObjectsModule.dll, this assembly can cause crashes in the runtime

Native extension for Lumin target not found
Native extension for LinuxStandalone target not found
Native extension for WindowsStandalone target not found
Native extension for OSXStandalone target not found
Native extension for WebGL target not found
Refreshing native plugins compatible for Editor in 167.16 ms, found 4 plugins.
Preloading 0 native plugins for Editor in 0.00 ms.
ASSEMBLY OVERRIDE applied for Unity assembly UnityEngine.UIElementsModule.dll (override path Library/ScriptAssemblies/UnityEngine.UIElementsModule.dll)
ASSEMBLY OVERRIDE applied for Unity assembly UnityEditor.UIElementsModule.dll (override path Library/ScriptAssemblies/UnityEditor.UIElementsModule.dll)
System.Reflection.ReflectionTypeLoadException: Exception of type 'System.Reflection.ReflectionTypeLoadException' was thrown.
  at (wrapper managed-to-native) System.Reflection.Assembly.GetTypes(System.Reflection.Assembly,bool)
  at System.Reflection.Assembly.GetTypes () [0x00000] in <9577ac7a62ef43179789031239ba8798>:0 
  at Unity.Entities.TypeManager.InitializeAllComponentTypes () [0x00123] in C:\Users\kdahi\OneDrive\Documents\Unity\TechDemo\TechDemoProject\Library\PackageCache\com.unity.entities@0.13.0-preview.24\Unity.Entities\Types\TypeManager.cs:861 
  at Unity.Entities.TypeManager.Initialize () [0x0010d] in C:\Users\kdahi\OneDrive\Documents\Unity\TechDemo\TechDemoProject\Library\PackageCache\com.unity.entities@0.13.0-preview.24\Unity.Entities\Types\TypeManager.cs:464 
  at Unity.Entities.AttachToEntityClonerInjection.Initialize () [0x00001] in C:\Users\kdahi\OneDrive\Documents\Unity\TechDemo\TechDemoProject\Library\PackageCache\com.unity.entities@0.13.0-preview.24\Unity.Entities.Hybrid\Injection\CompanionGameObject.cs:27 
  at Unity.Entities.AttachToEntityClonerInjection..cctor () [0x00001] in C:\Users\kdahi\OneDrive\Documents\Unity\TechDemo\TechDemoProject\Library\PackageCache\com.unity.entities@0.13.0-preview.24\Unity.Entities.Hybrid\Injection\CompanionGameObject.cs:21 
UnityEngine.StackTraceUtility:ExtractStackTrace ()
UnityEngine.DebugLogHandler:LogFormat (UnityEngine.LogType,UnityEngine.Object,string,object[])
UnityEngine.Logger:Log (UnityEngine.LogType,object)
UnityEngine.Debug:LogError (object)
UnityEditor.EditorAssemblies:ProcessInitializeOnLoadAttributes (System.Type[])

Invoked RoslynAnalysisRunner static constructor.
RoslynAnalysisRunner will not be running.
RoslynAnalysisRunner has terminated.
TypeLoadException: Could not resolve type with token 01000016 (from typeref, class/assembly UnityEngine.UIElements.ILiveReloadAssetTracker`1, UnityEngine.UIElementsModule, Version=1.0.0.0, Culture=neutral, PublicKeyToken=null)
  at (wrapper managed-to-native) System.Reflection.MonoMethodInfo.get_method_info(intptr,System.Reflection.MonoMethodInfo&)
  at System.Reflection.MonoMethodInfo.GetMethodInfo (System.IntPtr handle) [0x00000] in <9577ac7a62ef43179789031239ba8798>:0 
  at System.Reflection.MonoMethod.GetPseudoCustomAttributes () [0x00002] in <9577ac7a62ef43179789031239ba8798>:0 
  at System.MonoCustomAttrs.GetPseudoCustomAttributes (System.Reflection.ICustomAttributeProvider obj, System.Type attributeType) [0x0000a] in <9577ac7a62ef43179789031239ba8798>:0 
  at System.MonoCustomAttrs.IsDefined (System.Reflection.ICustomAttributeProvider obj, System.Type attributeType, System.Boolean inherit) [0x00032] in <9577ac7a62ef43179789031239ba8798>:0 
  at System.Reflection.MonoMethod.IsDefined (System.Type attributeType, System.Boolean inherit) [0x00000] in <9577ac7a62ef43179789031239ba8798>:0 
  at Unity.SnapshotDebugger.ReadExtensions+<GetExtensionMethods>d__0.MoveNext () [0x000f6] in C:\Users\kdahi\OneDrive\Documents\Unity\TechDemo\TechDemoProject\Library\PackageCache\com.unity.kinematica@0.7.0-preview\Runtime\SnapshotDebugger\ReadExtensions.cs:34 
  at Unity.SnapshotDebugger.ReadExtensions.InitializeExtensionMethods () [0x00030] in C:\Users\kdahi\OneDrive\Documents\Unity\TechDemo\TechDemoProject\Library\PackageCache\com.unity.kinematica@0.7.0-preview\Runtime\SnapshotDebugger\ReadExtensions.cs:78 
  at Unity.SnapshotDebugger.Debugger.Initialize () [0x0000f] in C:\Users\kdahi\OneDrive\Documents\Unity\TechDemo\TechDemoProject\Library\PackageCache\com.unity.kinematica@0.7.0-preview\Runtime\SnapshotDebugger\Debugger.cs:218 
  at Unity.SnapshotDebugger.Debugger.OnLoadMethod () [0x00001] in C:\Users\kdahi\OneDrive\Documents\Unity\TechDemo\TechDemoProject\Library\PackageCache\com.unity.kinematica@0.7.0-preview\Runtime\SnapshotDebugger\Debugger.cs:343 

MissingFieldException: Field 'UnityEngine.UIElements.TextDelegates.ImportDefaultTextSettings' not found.


MissingFieldException: Field 'UnityEngine.UIElements.UIDocument.IsEditorPlaying' not found.


TypeLoadException: Could not resolve type with token 01000016 (from typeref, class/assembly UnityEngine.UIElements.ILiveReloadAssetTracker`1, UnityEngine.UIElementsModule, Version=1.0.0.0, Culture=neutral, PublicKeyToken=null)


UnityException: The MakeClientFunc has already been registered. Registration denied.
  at UnityEngine.UIElements.DragAndDropUtility.RegisterMakeClientFunc (System.Func`1[TResult] makeClient) [0x00017] in <3cdf672c21b849dea215f9c9aff21f77>:0 
  at UnityEditor.UIElements.EditorDragAndDrop.RegisterEditorClient () [0x0000a] in <e020ad89c1af43769f98694c4076cf19>:0 

ASSEMBLY OVERRIDE applied for Unity assembly UnityEngine.UIElementsModule.dll (override path Library/ScriptAssemblies/UnityEngine.UIElementsModule.dll)
ASSEMBLY OVERRIDE applied for Unity assembly UnityEditor.UIElementsModule.dll (override path Library/ScriptAssemblies/UnityEditor.UIElementsModule.dll)
Mono: successfully reloaded assembly
- Completed reload, in  2.830 seconds
Platform modules already initialized, skipping
========================================================================
Worker process is ready to serve import requests
Shader 'Universal Render Pipeline/Particles/Lit': fallback shader 'Universal Render Pipeline/Particles/SimpleLit' not found
Launched and connected shader compiler UnityShaderCompiler.exe after 0.04 seconds
Refreshing native plugins compatible for Editor in 2.15 ms, found 4 plugins.
Preloading 0 native plugins for Editor in 0.00 ms.
Unloading 7026 Unused Serialized files (Serialized files now loaded: 0)
System memory in use before: 366.0 MB.
System memory in use after: 366.5 MB.

Unloading 73 unused Assets to reduce memory usage. Loaded Objects now: 7492.
Total: 5.379500 ms (FindLiveObjects: 0.780300 ms CreateObjectMapping: 0.539900 ms MarkObjects: 4.000800 ms  DeleteObjects: 0.056800 ms)

========================================================================
Received Import Request.
  path: Assets/Cached Data/SceneDependencyCache/3b7420472cec6e91d52e895d4e4a848a.sceneWithBuildSettings
  artifactKey: Guid(3b7420472cec6e91d52e895d4e4a848a) Importer(2089858483,52bed625d08a7023a15481c3fbd73797)
Start importing Assets/Cached Data/SceneDependencyCache/3b7420472cec6e91d52e895d4e4a848a.sceneWithBuildSettings using Guid(3b7420472cec6e91d52e895d4e4a848a) Importer(2089858483,52bed625d08a7023a15481c3fbd73797) Opening scene 'Assets/Scenes/Game/CharacterSubScene.unity additively'
Loaded scene 'Assets/Scenes/Game/CharacterSubScene.unity'
	Deserialize:            0.403 ms
	Integration:            1.294 ms
	Integration of assets:  0.004 ms
	Thread Wait Time:       19.077 ms
	Total Operation Time:   20.779 ms
Exception thrown during SubScene import: System.ArgumentException: Unknown Type:`Unity.Entities.LinkedEntityGroup` All ComponentType must be known at compile time. For generic components, each concrete type must be registered with [RegisterGenericComponentType].
  at Unity.Entities.TypeManager.ManagedException (System.Type type) [0x00023] in C:\Users\kdahi\OneDrive\Documents\Unity\TechDemo\TechDemoProject\Library\PackageCache\com.unity.entities@0.13.0-preview.24\Unity.Entities\Types\TypeManager.cs:595 
  at Unity.Entities.TypeManager.ManagedException[T] () [0x00001] in C:\Users\kdahi\OneDrive\Documents\Unity\TechDemo\TechDemoProject\Library\PackageCache\com.unity.entities@0.13.0-preview.24\Unity.Entities\Types\TypeManager.cs:576 
  at Unity.Entities.TypeManager.GetTypeIndex[T] () [0x00019] in C:\Users\kdahi\OneDrive\Documents\Unity\TechDemo\TechDemoProject\Library\PackageCache\com.unity.entities@0.13.0-preview.24\Unity.Entities\Types\TypeManager.cs:604 
  at Unity.Entities.EntityComponentStore.Create (Unity.Entities.EntityComponentStore* entities, System.UInt64 startChunkSequenceNumber, System.Int32 newCapacity) [0x000d3] in C:\Users\kdahi\OneDrive\Documents\Unity\TechDemo\TechDemoProject\Library\PackageCache\com.unity.entities@0.13.0-preview.24\Unity.Entities\EntityComponentStore.cs:439 
  at Unity.Entities.EntityDataAccess.Initialize (Unity.Entities.EntityDataAccess* self, Unity.Entities.World world) [0x00045] in C:\Users\kdahi\OneDrive\Documents\Unity\TechDemo\TechDemoProject\Library\PackageCache\com.unity.entities@0.13.0-preview.24\Unity.Entities\EntityDataAccess.cs:161 
  at Unity.Entities.EntityManager.Initialize (Unity.Entities.World world) [0x00097] in C:\Users\kdahi\OneDrive\Documents\Unity\TechDemo\TechDemoProject\Library\PackageCache\com.unity.entities@0.13.0-preview.24\Unity.Entities\EntityManager.cs:218 
  at Unity.Entities.World..ctor (System.String name, Unity.Entities.WorldFlags flags) [0x00088] in C:\Users\kdahi\OneDrive\Documents\Unity\TechDemo\TechDemoProject\Library\PackageCache\com.unity.entities@0.13.0-preview.24\Unity.Entities\World.cs:426 
  at Unity.Entities.World..ctor (System.String name) [0x00000] in C:\Users\kdahi\OneDrive\Documents\Unity\TechDemo\TechDemoProject\Library\PackageCache\com.unity.entities@0.13.0-preview.24\Unity.Entities\World.cs:408 
  at Unity.Scenes.Editor.EditorEntityScenes.ConvertAndWriteEntitySceneInternal (UnityEngine.SceneManagement.Scene scene, Unity.Entities.GameObjectConversionSettings settings, System.Collections.Generic.List`1[T] sectionRefObjs, Unity.Scenes.Editor.WriteEntitySceneSettings writeEntitySettings) [0x00023] in C:\Users\kdahi\OneDrive\Documents\Unity\TechDemo\TechDemoProject\Library\PackageCache\com.unity.entities@0.13.0-preview.24\Unity.Scenes.Editor\EditorEntityScenes.cs:168 
  at Unity.Scenes.Editor.EditorEntityScenes.ConvertAndWriteEntityScene (UnityEngine.SceneManagement.Scene scene, Unity.Entities.GameObjectConversionSettings settings, System.Collections.Generic.List`1[T] sectionRefObjs) [0x00001] in C:\Users\kdahi\OneDrive\Documents\Unity\TechDemo\TechDemoProject\Library\PackageCache\com.unity.entities@0.13.0-preview.24\Unity.Scenes.Editor\EditorEntityScenes.cs:163 
  at Unity.Scenes.Editor.SubSceneImporter.OnImportAsset (UnityEditor.AssetImporters.AssetImportContext ctx) [0x00143] in C:\Users\kdahi\OneDrive\Documents\Unity\TechDemo\TechDemoProject\Library\PackageCache\com.unity.entities@0.13.0-preview.24\Unity.Scenes.Editor\SubSceneImporter.cs:133 
UnityEngine.StackTraceUtility:ExtractStackTrace ()
UnityEngine.DebugLogHandler:LogFormat (UnityEngine.LogType,UnityEngine.Object,string,object[])
UnityEngine.Logger:Log (UnityEngine.LogType,object)
UnityEngine.Debug:Log (object)
Unity.Debug:Log (object) (at Library/PackageCache/com.unity.entities@0.13.0-preview.24/Unity.Entities/Stubs/Unity/Debug.cs:17)
Unity.Scenes.Editor.SubSceneImporter:OnImportAsset (UnityEditor.AssetImporters.AssetImportContext) (at Library/PackageCache/com.unity.entities@0.13.0-preview.24/Unity.Scenes.Editor/SubSceneImporter.cs:146)
UnityEditor.AssetImporters.ScriptedImporter:GenerateAssetData (UnityEditor.AssetImporters.AssetImportContext)

(Filename: Library/PackageCache/com.unity.entities@0.13.0-preview.24/Unity.Entities/Stubs/Unity/Debug.cs Line: 17)

 -> (artifact id: '8782c22ed5d0c4ca8145cf52be61013d') in 0.201704 seconds
  Import took 0.231983 seconds .

========================================================================
Received Import Request.
  Time since last request: 0.000248 seconds.
  path: Assets/Cached Data/SceneDependencyCache/1129162c91155eeaafcb064198ea15f5.sceneWithBuildSettings
  artifactKey: Guid(1129162c91155eeaafcb064198ea15f5) Importer(2089858483,52bed625d08a7023a15481c3fbd73797)
Start importing Assets/Cached Data/SceneDependencyCache/1129162c91155eeaafcb064198ea15f5.sceneWithBuildSettings using Guid(1129162c91155eeaafcb064198ea15f5) Importer(2089858483,52bed625d08a7023a15481c3fbd73797) Opening scene 'Assets/Scenes/Game/ArenaSubScene.unity additively'
Loaded scene 'Assets/Scenes/Game/ArenaSubScene.unity'
	Deserialize:            0.364 ms
	Integration:            0.445 ms
	Integration of assets:  0.006 ms
	Thread Wait Time:       40.148 ms
	Total Operation Time:   40.964 ms
Exception thrown during SubScene import: System.ArgumentException: Unknown Type:`Unity.Entities.LinkedEntityGroup` All ComponentType must be known at compile time. For generic components, each concrete type must be registered with [RegisterGenericComponentType].
  at Unity.Entities.TypeManager.ManagedException (System.Type type) [0x00023] in C:\Users\kdahi\OneDrive\Documents\Unity\TechDemo\TechDemoProject\Library\PackageCache\com.unity.entities@0.13.0-preview.24\Unity.Entities\Types\TypeManager.cs:595 
  at Unity.Entities.TypeManager.ManagedException[T] () [0x00001] in C:\Users\kdahi\OneDrive\Documents\Unity\TechDemo\TechDemoProject\Library\PackageCache\com.unity.entities@0.13.0-preview.24\Unity.Entities\Types\TypeManager.cs:576 
  at Unity.Entities.TypeManager.GetTypeIndex[T] () [0x00019] in C:\Users\kdahi\OneDrive\Documents\Unity\TechDemo\TechDemoProject\Library\PackageCache\com.unity.entities@0.13.0-preview.24\Unity.Entities\Types\TypeManager.cs:604 
  at Unity.Entities.EntityComponentStore.Create (Unity.Entities.EntityComponentStore* entities, System.UInt64 startChunkSequenceNumber, System.Int32 newCapacity) [0x000d3] in C:\Users\kdahi\OneDrive\Documents\Unity\TechDemo\TechDemoProject\Library\PackageCache\com.unity.entities@0.13.0-preview.24\Unity.Entities\EntityComponentStore.cs:439 
  at Unity.Entities.EntityDataAccess.Initialize (Unity.Entities.EntityDataAccess* self, Unity.Entities.World world) [0x00045] in C:\Users\kdahi\OneDrive\Documents\Unity\TechDemo\TechDemoProject\Library\PackageCache\com.unity.entities@0.13.0-preview.24\Unity.Entities\EntityDataAccess.cs:161 
  at Unity.Entities.EntityManager.Initialize (Unity.Entities.World world) [0x00097] in C:\Users\kdahi\OneDrive\Documents\Unity\TechDemo\TechDemoProject\Library\PackageCache\com.unity.entities@0.13.0-preview.24\Unity.Entities\EntityManager.cs:218 
  at Unity.Entities.World..ctor (System.String name, Unity.Entities.WorldFlags flags) [0x00088] in C:\Users\kdahi\OneDrive\Documents\Unity\TechDemo\TechDemoProject\Library\PackageCache\com.unity.entities@0.13.0-preview.24\Unity.Entities\World.cs:426 
  at Unity.Entities.World..ctor (System.String name) [0x00000] in C:\Users\kdahi\OneDrive\Documents\Unity\TechDemo\TechDemoProject\Library\PackageCache\com.unity.entities@0.13.0-preview.24\Unity.Entities\World.cs:408 
  at Unity.Scenes.Editor.EditorEntityScenes.ConvertAndWriteEntitySceneInternal (UnityEngine.SceneManagement.Scene scene, Unity.Entities.GameObjectConversionSettings settings, System.Collections.Generic.List`1[T] sectionRefObjs, Unity.Scenes.Editor.WriteEntitySceneSettings writeEntitySettings) [0x00023] in C:\Users\kdahi\OneDrive\Documents\Unity\TechDemo\TechDemoProject\Library\PackageCache\com.unity.entities@0.13.0-preview.24\Unity.Scenes.Editor\EditorEntityScenes.cs:168 
  at Unity.Scenes.Editor.EditorEntityScenes.ConvertAndWriteEntityScene (UnityEngine.SceneManagement.Scene scene, Unity.Entities.GameObjectConversionSettings settings, System.Collections.Generic.List`1[T] sectionRefObjs) [0x00001] in C:\Users\kdahi\OneDrive\Documents\Unity\TechDemo\TechDemoProject\Library\PackageCache\com.unity.entities@0.13.0-preview.24\Unity.Scenes.Editor\EditorEntityScenes.cs:163 
  at Unity.Scenes.Editor.SubSceneImporter.OnImportAsset (UnityEditor.AssetImporters.AssetImportContext ctx) [0x00143] in C:\Users\kdahi\OneDrive\Documents\Unity\TechDemo\TechDemoProject\Library\PackageCache\com.unity.entities@0.13.0-preview.24\Unity.Scenes.Editor\SubSceneImporter.cs:133 
UnityEngine.StackTraceUtility:ExtractStackTrace ()
UnityEngine.DebugLogHandler:LogFormat (UnityEngine.LogType,UnityEngine.Object,string,object[])
UnityEngine.Logger:Log (UnityEngine.LogType,object)
UnityEngine.Debug:Log (object)
Unity.Debug:Log (object) (at Library/PackageCache/com.unity.entities@0.13.0-preview.24/Unity.Entities/Stubs/Unity/Debug.cs:17)
Unity.Scenes.Editor.SubSceneImporter:OnImportAsset (UnityEditor.AssetImporters.AssetImportContext) (at Library/PackageCache/com.unity.entities@0.13.0-preview.24/Unity.Scenes.Editor/SubSceneImporter.cs:146)
UnityEditor.AssetImporters.ScriptedImporter:GenerateAssetData (UnityEditor.AssetImporters.AssetImportContext)

(Filename: Library/PackageCache/com.unity.entities@0.13.0-preview.24/Unity.Entities/Stubs/Unity/Debug.cs Line: 17)

 -> (artifact id: '75ff52c893bbff8986b9ecafbac73a4a') in 0.087908 seconds
  Import took 0.098755 seconds .

========================================================================
Received Import Request.
  Time since last request: 0.000207 seconds.
  path: Assets/Cached Data/SceneDependencyCache/09c5cc943882221486b595c732d8e80e.sceneWithBuildSettings
  artifactKey: Guid(09c5cc943882221486b595c732d8e80e) Importer(2089858483,52bed625d08a7023a15481c3fbd73797)
Start importing Assets/Cached Data/SceneDependencyCache/09c5cc943882221486b595c732d8e80e.sceneWithBuildSettings using Guid(09c5cc943882221486b595c732d8e80e) Importer(2089858483,52bed625d08a7023a15481c3fbd73797) Opening scene 'Assets/Scenes/Game/RaidSubScene.unity additively'
Loaded scene 'Assets/Scenes/Game/RaidSubScene.unity'
	Deserialize:            0.525 ms
	Integration:            0.419 ms
	Integration of assets:  0.004 ms
	Thread Wait Time:       18.836 ms
	Total Operation Time:   19.784 ms
Exception thrown during SubScene import: System.ArgumentException: Unknown Type:`Unity.Entities.LinkedEntityGroup` All ComponentType must be known at compile time. For generic components, each concrete type must be registered with [RegisterGenericComponentType].
  at Unity.Entities.TypeManager.ManagedException (System.Type type) [0x00023] in C:\Users\kdahi\OneDrive\Documents\Unity\TechDemo\TechDemoProject\Library\PackageCache\com.unity.entities@0.13.0-preview.24\Unity.Entities\Types\TypeManager.cs:595 
  at Unity.Entities.TypeManager.ManagedException[T] () [0x00001] in C:\Users\kdahi\OneDrive\Documents\Unity\TechDemo\TechDemoProject\Library\PackageCache\com.unity.entities@0.13.0-preview.24\Unity.Entities\Types\TypeManager.cs:576 
  at Unity.Entities.TypeManager.GetTypeIndex[T] () [0x00019] in C:\Users\kdahi\OneDrive\Documents\Unity\TechDemo\TechDemoProject\Library\PackageCache\com.unity.entities@0.13.0-preview.24\Unity.Entities\Types\TypeManager.cs:604 
  at Unity.Entities.EntityComponentStore.Create (Unity.Entities.EntityComponentStore* entities, System.UInt64 startChunkSequenceNumber, System.Int32 newCapacity) [0x000d3] in C:\Users\kdahi\OneDrive\Documents\Unity\TechDemo\TechDemoProject\Library\PackageCache\com.unity.entities@0.13.0-preview.24\Unity.Entities\EntityComponentStore.cs:439 
  at Unity.Entities.EntityDataAccess.Initialize (Unity.Entities.EntityDataAccess* self, Unity.Entities.World world) [0x00045] in C:\Users\kdahi\OneDrive\Documents\Unity\TechDemo\TechDemoProject\Library\PackageCache\com.unity.entities@0.13.0-preview.24\Unity.Entities\EntityDataAccess.cs:161 
  at Unity.Entities.EntityManager.Initialize (Unity.Entities.World world) [0x00097] in C:\Users\kdahi\OneDrive\Documents\Unity\TechDemo\TechDemoProject\Library\PackageCache\com.unity.entities@0.13.0-preview.24\Unity.Entities\EntityManager.cs:218 
  at Unity.Entities.World..ctor (System.String name, Unity.Entities.WorldFlags flags) [0x00088] in C:\Users\kdahi\OneDrive\Documents\Unity\TechDemo\TechDemoProject\Library\PackageCache\com.unity.entities@0.13.0-preview.24\Unity.Entities\World.cs:426 
  at Unity.Entities.World..ctor (System.String name) [0x00000] in C:\Users\kdahi\OneDrive\Documents\Unity\TechDemo\TechDemoProject\Library\PackageCache\com.unity.entities@0.13.0-preview.24\Unity.Entities\World.cs:408 
  at Unity.Scenes.Editor.EditorEntityScenes.ConvertAndWriteEntitySceneInternal (UnityEngine.SceneManagement.Scene scene, Unity.Entities.GameObjectConversionSettings settings, System.Collections.Generic.List`1[T] sectionRefObjs, Unity.Scenes.Editor.WriteEntitySceneSettings writeEntitySettings) [0x00023] in C:\Users\kdahi\OneDrive\Documents\Unity\TechDemo\TechDemoProject\Library\PackageCache\com.unity.entities@0.13.0-preview.24\Unity.Scenes.Editor\EditorEntityScenes.cs:168 
  at Unity.Scenes.Editor.EditorEntityScenes.ConvertAndWriteEntityScene (UnityEngine.SceneManagement.Scene scene, Unity.Entities.GameObjectConversionSettings settings, System.Collections.Generic.List`1[T] sectionRefObjs) [0x00001] in C:\Users\kdahi\OneDrive\Documents\Unity\TechDemo\TechDemoProject\Library\PackageCache\com.unity.entities@0.13.0-preview.24\Unity.Scenes.Editor\EditorEntityScenes.cs:163 
  at Unity.Scenes.Editor.SubSceneImporter.OnImportAsset (UnityEditor.AssetImporters.AssetImportContext ctx) [0x00143] in C:\Users\kdahi\OneDrive\Documents\Unity\TechDemo\TechDemoProject\Library\PackageCache\com.unity.entities@0.13.0-preview.24\Unity.Scenes.Editor\SubSceneImporter.cs:133 
UnityEngine.StackTraceUtility:ExtractStackTrace ()
UnityEngine.DebugLogHandler:LogFormat (UnityEngine.LogType,UnityEngine.Object,string,object[])
UnityEngine.Logger:Log (UnityEngine.LogType,object)
UnityEngine.Debug:Log (object)
Unity.Debug:Log (object) (at Library/PackageCache/com.unity.entities@0.13.0-preview.24/Unity.Entities/Stubs/Unity/Debug.cs:17)
Unity.Scenes.Editor.SubSceneImporter:OnImportAsset (UnityEditor.AssetImporters.AssetImportContext) (at Library/PackageCache/com.unity.entities@0.13.0-preview.24/Unity.Scenes.Editor/SubSceneImporter.cs:146)
UnityEditor.AssetImporters.ScriptedImporter:GenerateAssetData (UnityEditor.AssetImporters.AssetImportContext)

(Filename: Library/PackageCache/com.unity.entities@0.13.0-preview.24/Unity.Entities/Stubs/Unity/Debug.cs Line: 17)

 -> (artifact id: '37ed1f19f7bc2025bea5dedd95c48ce3') in 0.042606 seconds
  Import took 0.053185 seconds .

========================================================================
Received Import Request.
  Time since last request: 0.000191 seconds.
  path: Assets/Cached Data/SceneDependencyCache/a0f54816ec35249553490dd39b271c5e.sceneWithBuildSettings
  artifactKey: Guid(a0f54816ec35249553490dd39b271c5e) Importer(2089858483,52bed625d08a7023a15481c3fbd73797)
Start importing Assets/Cached Data/SceneDependencyCache/a0f54816ec35249553490dd39b271c5e.sceneWithBuildSettings using Guid(a0f54816ec35249553490dd39b271c5e) Importer(2089858483,52bed625d08a7023a15481c3fbd73797) Opening scene 'Assets/Scenes/Game/SummoningSubScene.unity additively'
Loaded scene 'Assets/Scenes/Game/SummoningSubScene.unity'
	Deserialize:            0.402 ms
	Integration:            0.333 ms
	Integration of assets:  0.005 ms
	Thread Wait Time:       37.008 ms
	Total Operation Time:   37.748 ms
Exception thrown during SubScene import: System.ArgumentException: Unknown Type:`Unity.Entities.LinkedEntityGroup` All ComponentType must be known at compile time. For generic components, each concrete type must be registered with [RegisterGenericComponentType].
  at Unity.Entities.TypeManager.ManagedException (System.Type type) [0x00023] in C:\Users\kdahi\OneDrive\Documents\Unity\TechDemo\TechDemoProject\Library\PackageCache\com.unity.entities@0.13.0-preview.24\Unity.Entities\Types\TypeManager.cs:595 
  at Unity.Entities.TypeManager.ManagedException[T] () [0x00001] in C:\Users\kdahi\OneDrive\Documents\Unity\TechDemo\TechDemoProject\Library\PackageCache\com.unity.entities@0.13.0-preview.24\Unity.Entities\Types\TypeManager.cs:576 
  at Unity.Entities.TypeManager.GetTypeIndex[T] () [0x00019] in C:\Users\kdahi\OneDrive\Documents\Unity\TechDemo\TechDemoProject\Library\PackageCache\com.unity.entities@0.13.0-preview.24\Unity.Entities\Types\TypeManager.cs:604 
  at Unity.Entities.EntityComponentStore.Create (Unity.Entities.EntityComponentStore* entities, System.UInt64 startChunkSequenceNumber, System.Int32 newCapacity) [0x000d3] in C:\Users\kdahi\OneDrive\Documents\Unity\TechDemo\TechDemoProject\Library\PackageCache\com.unity.entities@0.13.0-preview.24\Unity.Entities\EntityComponentStore.cs:439 
  at Unity.Entities.EntityDataAccess.Initialize (Unity.Entities.EntityDataAccess* self, Unity.Entities.World world) [0x00045] in C:\Users\kdahi\OneDrive\Documents\Unity\TechDemo\TechDemoProject\Library\PackageCache\com.unity.entities@0.13.0-preview.24\Unity.Entities\EntityDataAccess.cs:161 
  at Unity.Entities.EntityManager.Initialize (Unity.Entities.World world) [0x00097] in C:\Users\kdahi\OneDrive\Documents\Unity\TechDemo\TechDemoProject\Library\PackageCache\com.unity.entities@0.13.0-preview.24\Unity.Entities\EntityManager.cs:218 
  at Unity.Entities.World..ctor (System.String name, Unity.Entities.WorldFlags flags) [0x00088] in C:\Users\kdahi\OneDrive\Documents\Unity\TechDemo\TechDemoProject\Library\PackageCache\com.unity.entities@0.13.0-preview.24\Unity.Entities\World.cs:426 
  at Unity.Entities.World..ctor (System.String name) [0x00000] in C:\Users\kdahi\OneDrive\Documents\Unity\TechDemo\TechDemoProject\Library\PackageCache\com.unity.entities@0.13.0-preview.24\Unity.Entities\World.cs:408 
  at Unity.Scenes.Editor.EditorEntityScenes.ConvertAndWriteEntitySceneInternal (UnityEngine.SceneManagement.Scene scene, Unity.Entities.GameObjectConversionSettings settings, System.Collections.Generic.List`1[T] sectionRefObjs, Unity.Scenes.Editor.WriteEntitySceneSettings writeEntitySettings) [0x00023] in C:\Users\kdahi\OneDrive\Documents\Unity\TechDemo\TechDemoProject\Library\PackageCache\com.unity.entities@0.13.0-preview.24\Unity.Scenes.Editor\EditorEntityScenes.cs:168 
  at Unity.Scenes.Editor.EditorEntityScenes.ConvertAndWriteEntityScene (UnityEngine.SceneManagement.Scene scene, Unity.Entities.GameObjectConversionSettings settings, System.Collections.Generic.List`1[T] sectionRefObjs) [0x00001] in C:\Users\kdahi\OneDrive\Documents\Unity\TechDemo\TechDemoProject\Library\PackageCache\com.unity.entities@0.13.0-preview.24\Unity.Scenes.Editor\EditorEntityScenes.cs:163 
  at Unity.Scenes.Editor.SubSceneImporter.OnImportAsset (UnityEditor.AssetImporters.AssetImportContext ctx) [0x00143] in C:\Users\kdahi\OneDrive\Documents\Unity\TechDemo\TechDemoProject\Library\PackageCache\com.unity.entities@0.13.0-preview.24\Unity.Scenes.Editor\SubSceneImporter.cs:133 
UnityEngine.StackTraceUtility:ExtractStackTrace ()
UnityEngine.DebugLogHandler:LogFormat (UnityEngine.LogType,UnityEngine.Object,string,object[])
UnityEngine.Logger:Log (UnityEngine.LogType,object)
UnityEngine.Debug:Log (object)
Unity.Debug:Log (object) (at Library/PackageCache/com.unity.entities@0.13.0-preview.24/Unity.Entities/Stubs/Unity/Debug.cs:17)
Unity.Scenes.Editor.SubSceneImporter:OnImportAsset (UnityEditor.AssetImporters.AssetImportContext) (at Library/PackageCache/com.unity.entities@0.13.0-preview.24/Unity.Scenes.Editor/SubSceneImporter.cs:146)
UnityEditor.AssetImporters.ScriptedImporter:GenerateAssetData (UnityEditor.AssetImporters.AssetImportContext)

(Filename: Library/PackageCache/com.unity.entities@0.13.0-preview.24/Unity.Entities/Stubs/Unity/Debug.cs Line: 17)

 -> (artifact id: '6950d68f8d1a76b79d1ffe6b8d99c2e9') in 0.060378 seconds
  Import took 0.071112 seconds .

========================================================================
Received Import Request.
  Time since last request: 0.000223 seconds.
  path: Assets/Cached Data/SceneDependencyCache/e0c3716c4f66eda1a5cf858753aa17fe.sceneWithBuildSettings
  artifactKey: Guid(e0c3716c4f66eda1a5cf858753aa17fe) Importer(2089858483,52bed625d08a7023a15481c3fbd73797)
Start importing Assets/Cached Data/SceneDependencyCache/e0c3716c4f66eda1a5cf858753aa17fe.sceneWithBuildSettings using Guid(e0c3716c4f66eda1a5cf858753aa17fe) Importer(2089858483,52bed625d08a7023a15481c3fbd73797) Opening scene 'Assets/Scenes/Game/ExpeditionSubScene.unity additively'
Loaded scene 'Assets/Scenes/Game/ExpeditionSubScene.unity'
	Deserialize:            0.453 ms
	Integration:            0.203 ms
	Integration of assets:  0.003 ms
	Thread Wait Time:       19.440 ms
	Total Operation Time:   20.099 ms
Exception thrown during SubScene import: System.ArgumentException: Unknown Type:`Unity.Entities.LinkedEntityGroup` All ComponentType must be known at compile time. For generic components, each concrete type must be registered with [RegisterGenericComponentType].
  at Unity.Entities.TypeManager.ManagedException (System.Type type) [0x00023] in C:\Users\kdahi\OneDrive\Documents\Unity\TechDemo\TechDemoProject\Library\PackageCache\com.unity.entities@0.13.0-preview.24\Unity.Entities\Types\TypeManager.cs:595 
  at Unity.Entities.TypeManager.ManagedException[T] () [0x00001] in C:\Users\kdahi\OneDrive\Documents\Unity\TechDemo\TechDemoProject\Library\PackageCache\com.unity.entities@0.13.0-preview.24\Unity.Entities\Types\TypeManager.cs:576 
  at Unity.Entities.TypeManager.GetTypeIndex[T] () [0x00019] in C:\Users\kdahi\OneDrive\Documents\Unity\TechDemo\TechDemoProject\Library\PackageCache\com.unity.entities@0.13.0-preview.24\Unity.Entities\Types\TypeManager.cs:604 
  at Unity.Entities.EntityComponentStore.Create (Unity.Entities.EntityComponentStore* entities, System.UInt64 startChunkSequenceNumber, System.Int32 newCapacity) [0x000d3] in C:\Users\kdahi\OneDrive\Documents\Unity\TechDemo\TechDemoProject\Library\PackageCache\com.unity.entities@0.13.0-preview.24\Unity.Entities\EntityComponentStore.cs:439 
  at Unity.Entities.EntityDataAccess.Initialize (Unity.Entities.EntityDataAccess* self, Unity.Entities.World world) [0x00045] in C:\Users\kdahi\OneDrive\Documents\Unity\TechDemo\TechDemoProject\Library\PackageCache\com.unity.entities@0.13.0-preview.24\Unity.Entities\EntityDataAccess.cs:161 
  at Unity.Entities.EntityManager.Initialize (Unity.Entities.World world) [0x00097] in C:\Users\kdahi\OneDrive\Documents\Unity\TechDemo\TechDemoProject\Library\PackageCache\com.unity.entities@0.13.0-preview.24\Unity.Entities\EntityManager.cs:218 
  at Unity.Entities.World..ctor (System.String name, Unity.Entities.WorldFlags flags) [0x00088] in C:\Users\kdahi\OneDrive\Documents\Unity\TechDemo\TechDemoProject\Library\PackageCache\com.unity.entities@0.13.0-preview.24\Unity.Entities\World.cs:426 
  at Unity.Entities.World..ctor (System.String name) [0x00000] in C:\Users\kdahi\OneDrive\Documents\Unity\TechDemo\TechDemoProject\Library\PackageCache\com.unity.entities@0.13.0-preview.24\Unity.Entities\World.cs:408 
  at Unity.Scenes.Editor.EditorEntityScenes.ConvertAndWriteEntitySceneInternal (UnityEngine.SceneManagement.Scene scene, Unity.Entities.GameObjectConversionSettings settings, System.Collections.Generic.List`1[T] sectionRefObjs, Unity.Scenes.Editor.WriteEntitySceneSettings writeEntitySettings) [0x00023] in C:\Users\kdahi\OneDrive\Documents\Unity\TechDemo\TechDemoProject\Library\PackageCache\com.unity.entities@0.13.0-preview.24\Unity.Scenes.Editor\EditorEntityScenes.cs:168 
  at Unity.Scenes.Editor.EditorEntityScenes.ConvertAndWriteEntityScene (UnityEngine.SceneManagement.Scene scene, Unity.Entities.GameObjectConversionSettings settings, System.Collections.Generic.List`1[T] sectionRefObjs) [0x00001] in C:\Users\kdahi\OneDrive\Documents\Unity\TechDemo\TechDemoProject\Library\PackageCache\com.unity.entities@0.13.0-preview.24\Unity.Scenes.Editor\EditorEntityScenes.cs:163 
  at Unity.Scenes.Editor.SubSceneImporter.OnImportAsset (UnityEditor.AssetImporters.AssetImportContext ctx) [0x00143] in C:\Users\kdahi\OneDrive\Documents\Unity\TechDemo\TechDemoProject\Library\PackageCache\com.unity.entities@0.13.0-preview.24\Unity.Scenes.Editor\SubSceneImporter.cs:133 
UnityEngine.StackTraceUtility:ExtractStackTrace ()
UnityEngine.DebugLogHandler:LogFormat (UnityEngine.LogType,UnityEngine.Object,string,object[])
UnityEngine.Logger:Log (UnityEngine.LogType,object)
UnityEngine.Debug:Log (object)
Unity.Debug:Log (object) (at Library/PackageCache/com.unity.entities@0.13.0-preview.24/Unity.Entities/Stubs/Unity/Debug.cs:17)
Unity.Scenes.Editor.SubSceneImporter:OnImportAsset (UnityEditor.AssetImporters.AssetImportContext) (at Library/PackageCache/com.unity.entities@0.13.0-preview.24/Unity.Scenes.Editor/SubSceneImporter.cs:146)
UnityEditor.AssetImporters.ScriptedImporter:GenerateAssetData (UnityEditor.AssetImporters.AssetImportContext)

(Filename: Library/PackageCache/com.unity.entities@0.13.0-preview.24/Unity.Entities/Stubs/Unity/Debug.cs Line: 17)

 -> (artifact id: 'f96ccf03e200cf3c7bd9e3f500b01828') in 0.043317 seconds
  Import took 0.054692 seconds .

========================================================================
Received Import Request.
  Time since last request: 0.000231 seconds.
  path: Assets/Cached Data/SceneDependencyCache/c184e15a2b85b563ae4e556c3c34a867.sceneWithBuildSettings
  artifactKey: Guid(c184e15a2b85b563ae4e556c3c34a867) Importer(2089858483,52bed625d08a7023a15481c3fbd73797)
Start importing Assets/Cached Data/SceneDependencyCache/c184e15a2b85b563ae4e556c3c34a867.sceneWithBuildSettings using Guid(c184e15a2b85b563ae4e556c3c34a867) Importer(2089858483,52bed625d08a7023a15481c3fbd73797) Opening scene 'Assets/Scenes/Game/CraftSubScene.unity additively'
Loaded scene 'Assets/Scenes/Game/CraftSubScene.unity'
	Deserialize:            0.368 ms
	Integration:            0.228 ms
	Integration of assets:  0.003 ms
	Thread Wait Time:       19.291 ms
	Total Operation Time:   19.890 ms
Exception thrown during SubScene import: System.ArgumentException: Unknown Type:`Unity.Entities.LinkedEntityGroup` All ComponentType must be known at compile time. For generic components, each concrete type must be registered with [RegisterGenericComponentType].
  at Unity.Entities.TypeManager.ManagedException (System.Type type) [0x00023] in C:\Users\kdahi\OneDrive\Documents\Unity\TechDemo\TechDemoProject\Library\PackageCache\com.unity.entities@0.13.0-preview.24\Unity.Entities\Types\TypeManager.cs:595 
  at Unity.Entities.TypeManager.ManagedException[T] () [0x00001] in C:\Users\kdahi\OneDrive\Documents\Unity\TechDemo\TechDemoProject\Library\PackageCache\com.unity.entities@0.13.0-preview.24\Unity.Entities\Types\TypeManager.cs:576 
  at Unity.Entities.TypeManager.GetTypeIndex[T] () [0x00019] in C:\Users\kdahi\OneDrive\Documents\Unity\TechDemo\TechDemoProject\Library\PackageCache\com.unity.entities@0.13.0-preview.24\Unity.Entities\Types\TypeManager.cs:604 
  at Unity.Entities.EntityComponentStore.Create (Unity.Entities.EntityComponentStore* entities, System.UInt64 startChunkSequenceNumber, System.Int32 newCapacity) [0x000d3] in C:\Users\kdahi\OneDrive\Documents\Unity\TechDemo\TechDemoProject\Library\PackageCache\com.unity.entities@0.13.0-preview.24\Unity.Entities\EntityComponentStore.cs:439 
  at Unity.Entities.EntityDataAccess.Initialize (Unity.Entities.EntityDataAccess* self, Unity.Entities.World world) [0x00045] in C:\Users\kdahi\OneDrive\Documents\Unity\TechDemo\TechDemoProject\Library\PackageCache\com.unity.entities@0.13.0-preview.24\Unity.Entities\EntityDataAccess.cs:161 
  at Unity.Entities.EntityManager.Initialize (Unity.Entities.World world) [0x00097] in C:\Users\kdahi\OneDrive\Documents\Unity\TechDemo\TechDemoProject\Library\PackageCache\com.unity.entities@0.13.0-preview.24\Unity.Entities\EntityManager.cs:218 
  at Unity.Entities.World..ctor (System.String name, Unity.Entities.WorldFlags flags) [0x00088] in C:\Users\kdahi\OneDrive\Documents\Unity\TechDemo\TechDemoProject\Library\PackageCache\com.unity.entities@0.13.0-preview.24\Unity.Entities\World.cs:426 
  at Unity.Entities.World..ctor (System.String name) [0x00000] in C:\Users\kdahi\OneDrive\Documents\Unity\TechDemo\TechDemoProject\Library\PackageCache\com.unity.entities@0.13.0-preview.24\Unity.Entities\World.cs:408 
  at Unity.Scenes.Editor.EditorEntityScenes.ConvertAndWriteEntitySceneInternal (UnityEngine.SceneManagement.Scene scene, Unity.Entities.GameObjectConversionSettings settings, System.Collections.Generic.List`1[T] sectionRefObjs, Unity.Scenes.Editor.WriteEntitySceneSettings writeEntitySettings) [0x00023] in C:\Users\kdahi\OneDrive\Documents\Unity\TechDemo\TechDemoProject\Library\PackageCache\com.unity.entities@0.13.0-preview.24\Unity.Scenes.Editor\EditorEntityScenes.cs:168 
  at Unity.Scenes.Editor.EditorEntityScenes.ConvertAndWriteEntityScene (UnityEngine.SceneManagement.Scene scene, Unity.Entities.GameObjectConversionSettings settings, System.Collections.Generic.List`1[T] sectionRefObjs) [0x00001] in C:\Users\kdahi\OneDrive\Documents\Unity\TechDemo\TechDemoProject\Library\PackageCache\com.unity.entities@0.13.0-preview.24\Unity.Scenes.Editor\EditorEntityScenes.cs:163 
  at Unity.Scenes.Editor.SubSceneImporter.OnImportAsset (UnityEditor.AssetImporters.AssetImportContext ctx) [0x00143] in C:\Users\kdahi\OneDrive\Documents\Unity\TechDemo\TechDemoProject\Library\PackageCache\com.unity.entities@0.13.0-preview.24\Unity.Scenes.Editor\SubSceneImporter.cs:133 
UnityEngine.StackTraceUtility:ExtractStackTrace ()
UnityEngine.DebugLogHandler:LogFormat (UnityEngine.LogType,UnityEngine.Object,string,object[])
UnityEngine.Logger:Log (UnityEngine.LogType,object)
UnityEngine.Debug:Log (object)
Unity.Debug:Log (object) (at Library/PackageCache/com.unity.entities@0.13.0-preview.24/Unity.Entities/Stubs/Unity/Debug.cs:17)
Unity.Scenes.Editor.SubSceneImporter:OnImportAsset (UnityEditor.AssetImporters.AssetImportContext) (at Library/PackageCache/com.unity.entities@0.13.0-preview.24/Unity.Scenes.Editor/SubSceneImporter.cs:146)
UnityEditor.AssetImporters.ScriptedImporter:GenerateAssetData (UnityEditor.AssetImporters.AssetImportContext)

(Filename: Library/PackageCache/com.unity.entities@0.13.0-preview.24/Unity.Entities/Stubs/Unity/Debug.cs Line: 17)

 -> (artifact id: 'a33a458645bd3adb44f2d3b55658a93e') in 0.084957 seconds
  Import took 0.095320 seconds .

========================================================================
Received Import Request.
  Time since last request: 0.000211 seconds.
  path: Assets/Cached Data/SceneDependencyCache/e633fa4b68a67ebacaa1763d484424ff.sceneWithBuildSettings
  artifactKey: Guid(e633fa4b68a67ebacaa1763d484424ff) Importer(2089858483,52bed625d08a7023a15481c3fbd73797)
Start importing Assets/Cached Data/SceneDependencyCache/e633fa4b68a67ebacaa1763d484424ff.sceneWithBuildSettings using Guid(e633fa4b68a67ebacaa1763d484424ff) Importer(2089858483,52bed625d08a7023a15481c3fbd73797) Opening scene 'Assets/Scenes/Game/AdventureSubScene.unity additively'
Loaded scene 'Assets/Scenes/Game/AdventureSubScene.unity'
	Deserialize:            0.513 ms
	Integration:            0.281 ms
	Integration of assets:  0.005 ms
	Thread Wait Time:       18.932 ms
	Total Operation Time:   19.730 ms
Exception thrown during SubScene import: System.ArgumentException: Unknown Type:`Unity.Entities.LinkedEntityGroup` All ComponentType must be known at compile time. For generic components, each concrete type must be registered with [RegisterGenericComponentType].
  at Unity.Entities.TypeManager.ManagedException (System.Type type) [0x00023] in C:\Users\kdahi\OneDrive\Documents\Unity\TechDemo\TechDemoProject\Library\PackageCache\com.unity.entities@0.13.0-preview.24\Unity.Entities\Types\TypeManager.cs:595 
  at Unity.Entities.TypeManager.ManagedException[T] () [0x00001] in C:\Users\kdahi\OneDrive\Documents\Unity\TechDemo\TechDemoProject\Library\PackageCache\com.unity.entities@0.13.0-preview.24\Unity.Entities\Types\TypeManager.cs:576 
  at Unity.Entities.TypeManager.GetTypeIndex[T] () [0x00019] in C:\Users\kdahi\OneDrive\Documents\Unity\TechDemo\TechDemoProject\Library\PackageCache\com.unity.entities@0.13.0-preview.24\Unity.Entities\Types\TypeManager.cs:604 
  at Unity.Entities.EntityComponentStore.Create (Unity.Entities.EntityComponentStore* entities, System.UInt64 startChunkSequenceNumber, System.Int32 newCapacity) [0x000d3] in C:\Users\kdahi\OneDrive\Documents\Unity\TechDemo\TechDemoProject\Library\PackageCache\com.unity.entities@0.13.0-preview.24\Unity.Entities\EntityComponentStore.cs:439 
  at Unity.Entities.EntityDataAccess.Initialize (Unity.Entities.EntityDataAccess* self, Unity.Entities.World world) [0x00045] in C:\Users\kdahi\OneDrive\Documents\Unity\TechDemo\TechDemoProject\Library\PackageCache\com.unity.entities@0.13.0-preview.24\Unity.Entities\EntityDataAccess.cs:161 
  at Unity.Entities.EntityManager.Initialize (Unity.Entities.World world) [0x00097] in C:\Users\kdahi\OneDrive\Documents\Unity\TechDemo\TechDemoProject\Library\PackageCache\com.unity.entities@0.13.0-preview.24\Unity.Entities\EntityManager.cs:218 
  at Unity.Entities.World..ctor (System.String name, Unity.Entities.WorldFlags flags) [0x00088] in C:\Users\kdahi\OneDrive\Documents\Unity\TechDemo\TechDemoProject\Library\PackageCache\com.unity.entities@0.13.0-preview.24\Unity.Entities\World.cs:426 
  at Unity.Entities.World..ctor (System.String name) [0x00000] in C:\Users\kdahi\OneDrive\Documents\Unity\TechDemo\TechDemoProject\Library\PackageCache\com.unity.entities@0.13.0-preview.24\Unity.Entities\World.cs:408 
  at Unity.Scenes.Editor.EditorEntityScenes.ConvertAndWriteEntitySceneInternal (UnityEngine.SceneManagement.Scene scene, Unity.Entities.GameObjectConversionSettings settings, System.Collections.Generic.List`1[T] sectionRefObjs, Unity.Scenes.Editor.WriteEntitySceneSettings writeEntitySettings) [0x00023] in C:\Users\kdahi\OneDrive\Documents\Unity\TechDemo\TechDemoProject\Library\PackageCache\com.unity.entities@0.13.0-preview.24\Unity.Scenes.Editor\EditorEntityScenes.cs:168 
  at Unity.Scenes.Editor.EditorEntityScenes.ConvertAndWriteEntityScene (UnityEngine.SceneManagement.Scene scene, Unity.Entities.GameObjectConversionSettings settings, System.Collections.Generic.List`1[T] sectionRefObjs) [0x00001] in C:\Users\kdahi\OneDrive\Documents\Unity\TechDemo\TechDemoProject\Library\PackageCache\com.unity.entities@0.13.0-preview.24\Unity.Scenes.Editor\EditorEntityScenes.cs:163 
  at Unity.Scenes.Editor.SubSceneImporter.OnImportAsset (UnityEditor.AssetImporters.AssetImportContext ctx) [0x00143] in C:\Users\kdahi\OneDrive\Documents\Unity\TechDemo\TechDemoProject\Library\PackageCache\com.unity.entities@0.13.0-preview.24\Unity.Scenes.Editor\SubSceneImporter.cs:133 
UnityEngine.StackTraceUtility:ExtractStackTrace ()
UnityEngine.DebugLogHandler:LogFormat (UnityEngine.LogType,UnityEngine.Object,string,object[])
UnityEngine.Logger:Log (UnityEngine.LogType,object)
UnityEngine.Debug:Log (object)
Unity.Debug:Log (object) (at Library/PackageCache/com.unity.entities@0.13.0-preview.24/Unity.Entities/Stubs/Unity/Debug.cs:17)
Unity.Scenes.Editor.SubSceneImporter:OnImportAsset (UnityEditor.AssetImporters.AssetImportContext) (at Library/PackageCache/com.unity.entities@0.13.0-preview.24/Unity.Scenes.Editor/SubSceneImporter.cs:146)
UnityEditor.AssetImporters.ScriptedImporter:GenerateAssetData (UnityEditor.AssetImporters.AssetImportContext)

(Filename: Library/PackageCache/com.unity.entities@0.13.0-preview.24/Unity.Entities/Stubs/Unity/Debug.cs Line: 17)

 -> (artifact id: '25548c55938ba3d27c1c023d1415b389') in 0.041800 seconds
  Import took 0.052903 seconds .

========================================================================
Received Import Request.
  Time since last request: 0.000244 seconds.
  path: Assets/Cached Data/SceneDependencyCache/5bdebec66f5b8d24e785d2f4b1e8bbfa.sceneWithBuildSettings
  artifactKey: Guid(5bdebec66f5b8d24e785d2f4b1e8bbfa) Importer(2089858483,52bed625d08a7023a15481c3fbd73797)
Start importing Assets/Cached Data/SceneDependencyCache/5bdebec66f5b8d24e785d2f4b1e8bbfa.sceneWithBuildSettings using Guid(5bdebec66f5b8d24e785d2f4b1e8bbfa) Importer(2089858483,52bed625d08a7023a15481c3fbd73797) Opening scene 'Assets/Scenes/Game/FriendSubScene.unity additively'
Loaded scene 'Assets/Scenes/Game/FriendSubScene.unity'
	Deserialize:            0.504 ms
	Integration:            0.267 ms
	Integration of assets:  0.004 ms
	Thread Wait Time:       19.432 ms
	Total Operation Time:   20.207 ms
Exception thrown during SubScene import: System.ArgumentException: Unknown Type:`Unity.Entities.LinkedEntityGroup` All ComponentType must be known at compile time. For generic components, each concrete type must be registered with [RegisterGenericComponentType].
  at Unity.Entities.TypeManager.ManagedException (System.Type type) [0x00023] in C:\Users\kdahi\OneDrive\Documents\Unity\TechDemo\TechDemoProject\Library\PackageCache\com.unity.entities@0.13.0-preview.24\Unity.Entities\Types\TypeManager.cs:595 
  at Unity.Entities.TypeManager.ManagedException[T] () [0x00001] in C:\Users\kdahi\OneDrive\Documents\Unity\TechDemo\TechDemoProject\Library\PackageCache\com.unity.entities@0.13.0-preview.24\Unity.Entities\Types\TypeManager.cs:576 
  at Unity.Entities.TypeManager.GetTypeIndex[T] () [0x00019] in C:\Users\kdahi\OneDrive\Documents\Unity\TechDemo\TechDemoProject\Library\PackageCache\com.unity.entities@0.13.0-preview.24\Unity.Entities\Types\TypeManager.cs:604 
  at Unity.Entities.EntityComponentStore.Create (Unity.Entities.EntityComponentStore* entities, System.UInt64 startChunkSequenceNumber, System.Int32 newCapacity) [0x000d3] in C:\Users\kdahi\OneDrive\Documents\Unity\TechDemo\TechDemoProject\Library\PackageCache\com.unity.entities@0.13.0-preview.24\Unity.Entities\EntityComponentStore.cs:439 
  at Unity.Entities.EntityDataAccess.Initialize (Unity.Entities.EntityDataAccess* self, Unity.Entities.World world) [0x00045] in C:\Users\kdahi\OneDrive\Documents\Unity\TechDemo\TechDemoProject\Library\PackageCache\com.unity.entities@0.13.0-preview.24\Unity.Entities\EntityDataAccess.cs:161 
  at Unity.Entities.EntityManager.Initialize (Unity.Entities.World world) [0x00097] in C:\Users\kdahi\OneDrive\Documents\Unity\TechDemo\TechDemoProject\Library\PackageCache\com.unity.entities@0.13.0-preview.24\Unity.Entities\EntityManager.cs:218 
  at Unity.Entities.World..ctor (System.String name, Unity.Entities.WorldFlags flags) [0x00088] in C:\Users\kdahi\OneDrive\Documents\Unity\TechDemo\TechDemoProject\Library\PackageCache\com.unity.entities@0.13.0-preview.24\Unity.Entities\World.cs:426 
  at Unity.Entities.World..ctor (System.String name) [0x00000] in C:\Users\kdahi\OneDrive\Documents\Unity\TechDemo\TechDemoProject\Library\PackageCache\com.unity.entities@0.13.0-preview.24\Unity.Entities\World.cs:408 
  at Unity.Scenes.Editor.EditorEntityScenes.ConvertAndWriteEntitySceneInternal (UnityEngine.SceneManagement.Scene scene, Unity.Entities.GameObjectConversionSettings settings, System.Collections.Generic.List`1[T] sectionRefObjs, Unity.Scenes.Editor.WriteEntitySceneSettings writeEntitySettings) [0x00023] in C:\Users\kdahi\OneDrive\Documents\Unity\TechDemo\TechDemoProject\Library\PackageCache\com.unity.entities@0.13.0-preview.24\Unity.Scenes.Editor\EditorEntityScenes.cs:168 
  at Unity.Scenes.Editor.EditorEntityScenes.ConvertAndWriteEntityScene (UnityEngine.SceneManagement.Scene scene, Unity.Entities.GameObjectConversionSettings settings, System.Collections.Generic.List`1[T] sectionRefObjs) [0x00001] in C:\Users\kdahi\OneDrive\Documents\Unity\TechDemo\TechDemoProject\Library\PackageCache\com.unity.entities@0.13.0-preview.24\Unity.Scenes.Editor\EditorEntityScenes.cs:163 
  at Unity.Scenes.Editor.SubSceneImporter.OnImportAsset (UnityEditor.AssetImporters.AssetImportContext ctx) [0x00143] in C:\Users\kdahi\OneDrive\Documents\Unity\TechDemo\TechDemoProject\Library\PackageCache\com.unity.entities@0.13.0-preview.24\Unity.Scenes.Editor\SubSceneImporter.cs:133 
UnityEngine.StackTraceUtility:ExtractStackTrace ()
UnityEngine.DebugLogHandler:LogFormat (UnityEngine.LogType,UnityEngine.Object,string,object[])
UnityEngine.Logger:Log (UnityEngine.LogType,object)
UnityEngine.Debug:Log (object)
Unity.Debug:Log (object) (at Library/PackageCache/com.unity.entities@0.13.0-preview.24/Unity.Entities/Stubs/Unity/Debug.cs:17)
Unity.Scenes.Editor.SubSceneImporter:OnImportAsset (UnityEditor.AssetImporters.AssetImportContext) (at Library/PackageCache/com.unity.entities@0.13.0-preview.24/Unity.Scenes.Editor/SubSceneImporter.cs:146)
UnityEditor.AssetImporters.ScriptedImporter:GenerateAssetData (UnityEditor.AssetImporters.AssetImportContext)

(Filename: Library/PackageCache/com.unity.entities@0.13.0-preview.24/Unity.Entities/Stubs/Unity/Debug.cs Line: 17)

 -> (artifact id: 'a5a65497a8883dcee96354e5187496d7') in 0.042922 seconds
  Import took 0.053387 seconds .

========================================================================
Received Import Request.
  Time since last request: 0.000251 seconds.
  path: Assets/Cached Data/SceneDependencyCache/abc286cc3fc1ec3ac8a9655f57145472.sceneWithBuildSettings
  artifactKey: Guid(abc286cc3fc1ec3ac8a9655f57145472) Importer(2089858483,52bed625d08a7023a15481c3fbd73797)
Start importing Assets/Cached Data/SceneDependencyCache/abc286cc3fc1ec3ac8a9655f57145472.sceneWithBuildSettings using Guid(abc286cc3fc1ec3ac8a9655f57145472) Importer(2089858483,52bed625d08a7023a15481c3fbd73797) Opening scene 'Assets/Scenes/Game/PassSubScene.unity additively'
Loaded scene 'Assets/Scenes/Game/PassSubScene.unity'
	Deserialize:            0.362 ms
	Integration:            0.222 ms
	Integration of assets:  0.004 ms
	Thread Wait Time:       19.518 ms
	Total Operation Time:   20.106 ms
Exception thrown during SubScene import: System.ArgumentException: Unknown Type:`Unity.Entities.LinkedEntityGroup` All ComponentType must be known at compile time. For generic components, each concrete type must be registered with [RegisterGenericComponentType].
  at Unity.Entities.TypeManager.ManagedException (System.Type type) [0x00023] in C:\Users\kdahi\OneDrive\Documents\Unity\TechDemo\TechDemoProject\Library\PackageCache\com.unity.entities@0.13.0-preview.24\Unity.Entities\Types\TypeManager.cs:595 
  at Unity.Entities.TypeManager.ManagedException[T] () [0x00001] in C:\Users\kdahi\OneDrive\Documents\Unity\TechDemo\TechDemoProject\Library\PackageCache\com.unity.entities@0.13.0-preview.24\Unity.Entities\Types\TypeManager.cs:576 
  at Unity.Entities.TypeManager.GetTypeIndex[T] () [0x00019] in C:\Users\kdahi\OneDrive\Documents\Unity\TechDemo\TechDemoProject\Library\PackageCache\com.unity.entities@0.13.0-preview.24\Unity.Entities\Types\TypeManager.cs:604 
  at Unity.Entities.EntityComponentStore.Create (Unity.Entities.EntityComponentStore* entities, System.UInt64 startChunkSequenceNumber, System.Int32 newCapacity) [0x000d3] in C:\Users\kdahi\OneDrive\Documents\Unity\TechDemo\TechDemoProject\Library\PackageCache\com.unity.entities@0.13.0-preview.24\Unity.Entities\EntityComponentStore.cs:439 
  at Unity.Entities.EntityDataAccess.Initialize (Unity.Entities.EntityDataAccess* self, Unity.Entities.World world) [0x00045] in C:\Users\kdahi\OneDrive\Documents\Unity\TechDemo\TechDemoProject\Library\PackageCache\com.unity.entities@0.13.0-preview.24\Unity.Entities\EntityDataAccess.cs:161 
  at Unity.Entities.EntityManager.Initialize (Unity.Entities.World world) [0x00097] in C:\Users\kdahi\OneDrive\Documents\Unity\TechDemo\TechDemoProject\Library\PackageCache\com.unity.entities@0.13.0-preview.24\Unity.Entities\EntityManager.cs:218 
  at Unity.Entities.World..ctor (System.String name, Unity.Entities.WorldFlags flags) [0x00088] in C:\Users\kdahi\OneDrive\Documents\Unity\TechDemo\TechDemoProject\Library\PackageCache\com.unity.entities@0.13.0-preview.24\Unity.Entities\World.cs:426 
  at Unity.Entities.World..ctor (System.String name) [0x00000] in C:\Users\kdahi\OneDrive\Documents\Unity\TechDemo\TechDemoProject\Library\PackageCache\com.unity.entities@0.13.0-preview.24\Unity.Entities\World.cs:408 
  at Unity.Scenes.Editor.EditorEntityScenes.ConvertAndWriteEntitySceneInternal (UnityEngine.SceneManagement.Scene scene, Unity.Entities.GameObjectConversionSettings settings, System.Collections.Generic.List`1[T] sectionRefObjs, Unity.Scenes.Editor.WriteEntitySceneSettings writeEntitySettings) [0x00023] in C:\Users\kdahi\OneDrive\Documents\Unity\TechDemo\TechDemoProject\Library\PackageCache\com.unity.entities@0.13.0-preview.24\Unity.Scenes.Editor\EditorEntityScenes.cs:168 
  at Unity.Scenes.Editor.EditorEntityScenes.ConvertAndWriteEntityScene (UnityEngine.SceneManagement.Scene scene, Unity.Entities.GameObjectConversionSettings settings, System.Collections.Generic.List`1[T] sectionRefObjs) [0x00001] in C:\Users\kdahi\OneDrive\Documents\Unity\TechDemo\TechDemoProject\Library\PackageCache\com.unity.entities@0.13.0-preview.24\Unity.Scenes.Editor\EditorEntityScenes.cs:163 
  at Unity.Scenes.Editor.SubSceneImporter.OnImportAsset (UnityEditor.AssetImporters.AssetImportContext ctx) [0x00143] in C:\Users\kdahi\OneDrive\Documents\Unity\TechDemo\TechDemoProject\Library\PackageCache\com.unity.entities@0.13.0-preview.24\Unity.Scenes.Editor\SubSceneImporter.cs:133 
UnityEngine.StackTraceUtility:ExtractStackTrace ()
UnityEngine.DebugLogHandler:LogFormat (UnityEngine.LogType,UnityEngine.Object,string,object[])
UnityEngine.Logger:Log (UnityEngine.LogType,object)
UnityEngine.Debug:Log (object)
Unity.Debug:Log (object) (at Library/PackageCache/com.unity.entities@0.13.0-preview.24/Unity.Entities/Stubs/Unity/Debug.cs:17)
Unity.Scenes.Editor.SubSceneImporter:OnImportAsset (UnityEditor.AssetImporters.AssetImportContext) (at Library/PackageCache/com.unity.entities@0.13.0-preview.24/Unity.Scenes.Editor/SubSceneImporter.cs:146)
UnityEditor.AssetImporters.ScriptedImporter:GenerateAssetData (UnityEditor.AssetImporters.AssetImportContext)

(Filename: Library/PackageCache/com.unity.entities@0.13.0-preview.24/Unity.Entities/Stubs/Unity/Debug.cs Line: 17)

 -> (artifact id: '41c3d5060c5a2a2e24366082511ad630') in 0.042654 seconds
  Import took 0.053483 seconds .

========================================================================
Received Import Request.
  Time since last request: 0.000196 seconds.
  path: Assets/Cached Data/SceneDependencyCache/0ba610035854fb0b624b1fcd791c3d9b.sceneWithBuildSettings
  artifactKey: Guid(0ba610035854fb0b624b1fcd791c3d9b) Importer(2089858483,52bed625d08a7023a15481c3fbd73797)
Start importing Assets/Cached Data/SceneDependencyCache/0ba610035854fb0b624b1fcd791c3d9b.sceneWithBuildSettings using Guid(0ba610035854fb0b624b1fcd791c3d9b) Importer(2089858483,52bed625d08a7023a15481c3fbd73797) Opening scene 'Assets/Scenes/Game/ShopSubScene.unity additively'
Loaded scene 'Assets/Scenes/Game/ShopSubScene.unity'
	Deserialize:            0.432 ms
	Integration:            0.216 ms
	Integration of assets:  0.004 ms
	Thread Wait Time:       19.258 ms
	Total Operation Time:   19.910 ms
Exception thrown during SubScene import: System.ArgumentException: Unknown Type:`Unity.Entities.LinkedEntityGroup` All ComponentType must be known at compile time. For generic components, each concrete type must be registered with [RegisterGenericComponentType].
  at Unity.Entities.TypeManager.ManagedException (System.Type type) [0x00023] in C:\Users\kdahi\OneDrive\Documents\Unity\TechDemo\TechDemoProject\Library\PackageCache\com.unity.entities@0.13.0-preview.24\Unity.Entities\Types\TypeManager.cs:595 
  at Unity.Entities.TypeManager.ManagedException[T] () [0x00001] in C:\Users\kdahi\OneDrive\Documents\Unity\TechDemo\TechDemoProject\Library\PackageCache\com.unity.entities@0.13.0-preview.24\Unity.Entities\Types\TypeManager.cs:576 
  at Unity.Entities.TypeManager.GetTypeIndex[T] () [0x00019] in C:\Users\kdahi\OneDrive\Documents\Unity\TechDemo\TechDemoProject\Library\PackageCache\com.unity.entities@0.13.0-preview.24\Unity.Entities\Types\TypeManager.cs:604 
  at Unity.Entities.EntityComponentStore.Create (Unity.Entities.EntityComponentStore* entities, System.UInt64 startChunkSequenceNumber, System.Int32 newCapacity) [0x000d3] in C:\Users\kdahi\OneDrive\Documents\Unity\TechDemo\TechDemoProject\Library\PackageCache\com.unity.entities@0.13.0-preview.24\Unity.Entities\EntityComponentStore.cs:439 
  at Unity.Entities.EntityDataAccess.Initialize (Unity.Entities.EntityDataAccess* self, Unity.Entities.World world) [0x00045] in C:\Users\kdahi\OneDrive\Documents\Unity\TechDemo\TechDemoProject\Library\PackageCache\com.unity.entities@0.13.0-preview.24\Unity.Entities\EntityDataAccess.cs:161 
  at Unity.Entities.EntityManager.Initialize (Unity.Entities.World world) [0x00097] in C:\Users\kdahi\OneDrive\Documents\Unity\TechDemo\TechDemoProject\Library\PackageCache\com.unity.entities@0.13.0-preview.24\Unity.Entities\EntityManager.cs:218 
  at Unity.Entities.World..ctor (System.String name, Unity.Entities.WorldFlags flags) [0x00088] in C:\Users\kdahi\OneDrive\Documents\Unity\TechDemo\TechDemoProject\Library\PackageCache\com.unity.entities@0.13.0-preview.24\Unity.Entities\World.cs:426 
  at Unity.Entities.World..ctor (System.String name) [0x00000] in C:\Users\kdahi\OneDrive\Documents\Unity\TechDemo\TechDemoProject\Library\PackageCache\com.unity.entities@0.13.0-preview.24\Unity.Entities\World.cs:408 
  at Unity.Scenes.Editor.EditorEntityScenes.ConvertAndWriteEntitySceneInternal (UnityEngine.SceneManagement.Scene scene, Unity.Entities.GameObjectConversionSettings settings, System.Collections.Generic.List`1[T] sectionRefObjs, Unity.Scenes.Editor.WriteEntitySceneSettings writeEntitySettings) [0x00023] in C:\Users\kdahi\OneDrive\Documents\Unity\TechDemo\TechDemoProject\Library\PackageCache\com.unity.entities@0.13.0-preview.24\Unity.Scenes.Editor\EditorEntityScenes.cs:168 
  at Unity.Scenes.Editor.EditorEntityScenes.ConvertAndWriteEntityScene (UnityEngine.SceneManagement.Scene scene, Unity.Entities.GameObjectConversionSettings settings, System.Collections.Generic.List`1[T] sectionRefObjs) [0x00001] in C:\Users\kdahi\OneDrive\Documents\Unity\TechDemo\TechDemoProject\Library\PackageCache\com.unity.entities@0.13.0-preview.24\Unity.Scenes.Editor\EditorEntityScenes.cs:163 
  at Unity.Scenes.Editor.SubSceneImporter.OnImportAsset (UnityEditor.AssetImporters.AssetImportContext ctx) [0x00143] in C:\Users\kdahi\OneDrive\Documents\Unity\TechDemo\TechDemoProject\Library\PackageCache\com.unity.entities@0.13.0-preview.24\Unity.Scenes.Editor\SubSceneImporter.cs:133 
UnityEngine.StackTraceUtility:ExtractStackTrace ()
UnityEngine.DebugLogHandler:LogFormat (UnityEngine.LogType,UnityEngine.Object,string,object[])
UnityEngine.Logger:Log (UnityEngine.LogType,object)
UnityEngine.Debug:Log (object)
Unity.Debug:Log (object) (at Library/PackageCache/com.unity.entities@0.13.0-preview.24/Unity.Entities/Stubs/Unity/Debug.cs:17)
Unity.Scenes.Editor.SubSceneImporter:OnImportAsset (UnityEditor.AssetImporters.AssetImportContext) (at Library/PackageCache/com.unity.entities@0.13.0-preview.24/Unity.Scenes.Editor/SubSceneImporter.cs:146)
UnityEditor.AssetImporters.ScriptedImporter:GenerateAssetData (UnityEditor.AssetImporters.AssetImportContext)

(Filename: Library/PackageCache/com.unity.entities@0.13.0-preview.24/Unity.Entities/Stubs/Unity/Debug.cs Line: 17)

 -> (artifact id: 'bb34f08693f272f4933e3cefff0cf189') in 0.042704 seconds
  Import took 0.121250 seconds .

========================================================================
Received Import Request.
  Time since last request: 0.000255 seconds.
  path: Assets/Cached Data/SceneDependencyCache/0b45bc00ff3f9a1065e9d6e5e13bdc70.sceneWithBuildSettings
  artifactKey: Guid(0b45bc00ff3f9a1065e9d6e5e13bdc70) Importer(2089858483,52bed625d08a7023a15481c3fbd73797)
Start importing Assets/Cached Data/SceneDependencyCache/0b45bc00ff3f9a1065e9d6e5e13bdc70.sceneWithBuildSettings using Guid(0b45bc00ff3f9a1065e9d6e5e13bdc70) Importer(2089858483,52bed625d08a7023a15481c3fbd73797) Opening scene 'Assets/Scenes/Game/EquipmentSubScene.unity additively'
Loaded scene 'Assets/Scenes/Game/EquipmentSubScene.unity'
	Deserialize:            0.383 ms
	Integration:            0.226 ms
	Integration of assets:  0.005 ms
	Thread Wait Time:       18.908 ms
	Total Operation Time:   19.521 ms
Exception thrown during SubScene import: System.ArgumentException: Unknown Type:`Unity.Entities.LinkedEntityGroup` All ComponentType must be known at compile time. For generic components, each concrete type must be registered with [RegisterGenericComponentType].
  at Unity.Entities.TypeManager.ManagedException (System.Type type) [0x00023] in C:\Users\kdahi\OneDrive\Documents\Unity\TechDemo\TechDemoProject\Library\PackageCache\com.unity.entities@0.13.0-preview.24\Unity.Entities\Types\TypeManager.cs:595 
  at Unity.Entities.TypeManager.ManagedException[T] () [0x00001] in C:\Users\kdahi\OneDrive\Documents\Unity\TechDemo\TechDemoProject\Library\PackageCache\com.unity.entities@0.13.0-preview.24\Unity.Entities\Types\TypeManager.cs:576 
  at Unity.Entities.TypeManager.GetTypeIndex[T] () [0x00019] in C:\Users\kdahi\OneDrive\Documents\Unity\TechDemo\TechDemoProject\Library\PackageCache\com.unity.entities@0.13.0-preview.24\Unity.Entities\Types\TypeManager.cs:604 
  at Unity.Entities.EntityComponentStore.Create (Unity.Entities.EntityComponentStore* entities, System.UInt64 startChunkSequenceNumber, System.Int32 newCapacity) [0x000d3] in C:\Users\kdahi\OneDrive\Documents\Unity\TechDemo\TechDemoProject\Library\PackageCache\com.unity.entities@0.13.0-preview.24\Unity.Entities\EntityComponentStore.cs:439 
  at Unity.Entities.EntityDataAccess.Initialize (Unity.Entities.EntityDataAccess* self, Unity.Entities.World world) [0x00045] in C:\Users\kdahi\OneDrive\Documents\Unity\TechDemo\TechDemoProject\Library\PackageCache\com.unity.entities@0.13.0-preview.24\Unity.Entities\EntityDataAccess.cs:161 
  at Unity.Entities.EntityManager.Initialize (Unity.Entities.World world) [0x00097] in C:\Users\kdahi\OneDrive\Documents\Unity\TechDemo\TechDemoProject\Library\PackageCache\com.unity.entities@0.13.0-preview.24\Unity.Entities\EntityManager.cs:218 
  at Unity.Entities.World..ctor (System.String name, Unity.Entities.WorldFlags flags) [0x00088] in C:\Users\kdahi\OneDrive\Documents\Unity\TechDemo\TechDemoProject\Library\PackageCache\com.unity.entities@0.13.0-preview.24\Unity.Entities\World.cs:426 
  at Unity.Entities.World..ctor (System.String name) [0x00000] in C:\Users\kdahi\OneDrive\Documents\Unity\TechDemo\TechDemoProject\Library\PackageCache\com.unity.entities@0.13.0-preview.24\Unity.Entities\World.cs:408 
  at Unity.Scenes.Editor.EditorEntityScenes.ConvertAndWriteEntitySceneInternal (UnityEngine.SceneManagement.Scene scene, Unity.Entities.GameObjectConversionSettings settings, System.Collections.Generic.List`1[T] sectionRefObjs, Unity.Scenes.Editor.WriteEntitySceneSettings writeEntitySettings) [0x00023] in C:\Users\kdahi\OneDrive\Documents\Unity\TechDemo\TechDemoProject\Library\PackageCache\com.unity.entities@0.13.0-preview.24\Unity.Scenes.Editor\EditorEntityScenes.cs:168 
  at Unity.Scenes.Editor.EditorEntityScenes.ConvertAndWriteEntityScene (UnityEngine.SceneManagement.Scene scene, Unity.Entities.GameObjectConversionSettings settings, System.Collections.Generic.List`1[T] sectionRefObjs) [0x00001] in C:\Users\kdahi\OneDrive\Documents\Unity\TechDemo\TechDemoProject\Library\PackageCache\com.unity.entities@0.13.0-preview.24\Unity.Scenes.Editor\EditorEntityScenes.cs:163 
  at Unity.Scenes.Editor.SubSceneImporter.OnImportAsset (UnityEditor.AssetImporters.AssetImportContext ctx) [0x00143] in C:\Users\kdahi\OneDrive\Documents\Unity\TechDemo\TechDemoProject\Library\PackageCache\com.unity.entities@0.13.0-preview.24\Unity.Scenes.Editor\SubSceneImporter.cs:133 
UnityEngine.StackTraceUtility:ExtractStackTrace ()
UnityEngine.DebugLogHandler:LogFormat (UnityEngine.LogType,UnityEngine.Object,string,object[])
UnityEngine.Logger:Log (UnityEngine.LogType,object)
UnityEngine.Debug:Log (object)
Unity.Debug:Log (object) (at Library/PackageCache/com.unity.entities@0.13.0-preview.24/Unity.Entities/Stubs/Unity/Debug.cs:17)
Unity.Scenes.Editor.SubSceneImporter:OnImportAsset (UnityEditor.AssetImporters.AssetImportContext) (at Library/PackageCache/com.unity.entities@0.13.0-preview.24/Unity.Scenes.Editor/SubSceneImporter.cs:146)
UnityEditor.AssetImporters.ScriptedImporter:GenerateAssetData (UnityEditor.AssetImporters.AssetImportContext)

(Filename: Library/PackageCache/com.unity.entities@0.13.0-preview.24/Unity.Entities/Stubs/Unity/Debug.cs Line: 17)

 -> (artifact id: 'c5f39b5641a8fff0a7208734e4b414f4') in 0.041601 seconds
  Import took 0.052742 seconds .

========================================================================
Received Import Request.
  Time since last request: 0.000204 seconds.
  path: Assets/Cached Data/SceneDependencyCache/abb776b535261fda2bbb6409e6842216.sceneWithBuildSettings
  artifactKey: Guid(abb776b535261fda2bbb6409e6842216) Importer(2089858483,52bed625d08a7023a15481c3fbd73797)
Start importing Assets/Cached Data/SceneDependencyCache/abb776b535261fda2bbb6409e6842216.sceneWithBuildSettings using Guid(abb776b535261fda2bbb6409e6842216) Importer(2089858483,52bed625d08a7023a15481c3fbd73797) Opening scene 'Assets/Scenes/Game/MissionSubScene.unity additively'
Loaded scene 'Assets/Scenes/Game/MissionSubScene.unity'
	Deserialize:            0.442 ms
	Integration:            0.266 ms
	Integration of assets:  0.004 ms
	Thread Wait Time:       18.839 ms
	Total Operation Time:   19.551 ms
Exception thrown during SubScene import: System.ArgumentException: Unknown Type:`Unity.Entities.LinkedEntityGroup` All ComponentType must be known at compile time. For generic components, each concrete type must be registered with [RegisterGenericComponentType].
  at Unity.Entities.TypeManager.ManagedException (System.Type type) [0x00023] in C:\Users\kdahi\OneDrive\Documents\Unity\TechDemo\TechDemoProject\Library\PackageCache\com.unity.entities@0.13.0-preview.24\Unity.Entities\Types\TypeManager.cs:595 
  at Unity.Entities.TypeManager.ManagedException[T] () [0x00001] in C:\Users\kdahi\OneDrive\Documents\Unity\TechDemo\TechDemoProject\Library\PackageCache\com.unity.entities@0.13.0-preview.24\Unity.Entities\Types\TypeManager.cs:576 
  at Unity.Entities.TypeManager.GetTypeIndex[T] () [0x00019] in C:\Users\kdahi\OneDrive\Documents\Unity\TechDemo\TechDemoProject\Library\PackageCache\com.unity.entities@0.13.0-preview.24\Unity.Entities\Types\TypeManager.cs:604 
  at Unity.Entities.EntityComponentStore.Create (Unity.Entities.EntityComponentStore* entities, System.UInt64 startChunkSequenceNumber, System.Int32 newCapacity) [0x000d3] in C:\Users\kdahi\OneDrive\Documents\Unity\TechDemo\TechDemoProject\Library\PackageCache\com.unity.entities@0.13.0-preview.24\Unity.Entities\EntityComponentStore.cs:439 
  at Unity.Entities.EntityDataAccess.Initialize (Unity.Entities.EntityDataAccess* self, Unity.Entities.World world) [0x00045] in C:\Users\kdahi\OneDrive\Documents\Unity\TechDemo\TechDemoProject\Library\PackageCache\com.unity.entities@0.13.0-preview.24\Unity.Entities\EntityDataAccess.cs:161 
  at Unity.Entities.EntityManager.Initialize (Unity.Entities.World world) [0x00097] in C:\Users\kdahi\OneDrive\Documents\Unity\TechDemo\TechDemoProject\Library\PackageCache\com.unity.entities@0.13.0-preview.24\Unity.Entities\EntityManager.cs:218 
  at Unity.Entities.World..ctor (System.String name, Unity.Entities.WorldFlags flags) [0x00088] in C:\Users\kdahi\OneDrive\Documents\Unity\TechDemo\TechDemoProject\Library\PackageCache\com.unity.entities@0.13.0-preview.24\Unity.Entities\World.cs:426 
  at Unity.Entities.World..ctor (System.String name) [0x00000] in C:\Users\kdahi\OneDrive\Documents\Unity\TechDemo\TechDemoProject\Library\PackageCache\com.unity.entities@0.13.0-preview.24\Unity.Entities\World.cs:408 
  at Unity.Scenes.Editor.EditorEntityScenes.ConvertAndWriteEntitySceneInternal (UnityEngine.SceneManagement.Scene scene, Unity.Entities.GameObjectConversionSettings settings, System.Collections.Generic.List`1[T] sectionRefObjs, Unity.Scenes.Editor.WriteEntitySceneSettings writeEntitySettings) [0x00023] in C:\Users\kdahi\OneDrive\Documents\Unity\TechDemo\TechDemoProject\Library\PackageCache\com.unity.entities@0.13.0-preview.24\Unity.Scenes.Editor\EditorEntityScenes.cs:168 
  at Unity.Scenes.Editor.EditorEntityScenes.ConvertAndWriteEntityScene (UnityEngine.SceneManagement.Scene scene, Unity.Entities.GameObjectConversionSettings settings, System.Collections.Generic.List`1[T] sectionRefObjs) [0x00001] in C:\Users\kdahi\OneDrive\Documents\Unity\TechDemo\TechDemoProject\Library\PackageCache\com.unity.entities@0.13.0-preview.24\Unity.Scenes.Editor\EditorEntityScenes.cs:163 
  at Unity.Scenes.Editor.SubSceneImporter.OnImportAsset (UnityEditor.AssetImporters.AssetImportContext ctx) [0x00143] in C:\Users\kdahi\OneDrive\Documents\Unity\TechDemo\TechDemoProject\Library\PackageCache\com.unity.entities@0.13.0-preview.24\Unity.Scenes.Editor\SubSceneImporter.cs:133 
UnityEngine.StackTraceUtility:ExtractStackTrace ()
UnityEngine.DebugLogHandler:LogFormat (UnityEngine.LogType,UnityEngine.Object,string,object[])
UnityEngine.Logger:Log (UnityEngine.LogType,object)
UnityEngine.Debug:Log (object)
Unity.Debug:Log (object) (at Library/PackageCache/com.unity.entities@0.13.0-preview.24/Unity.Entities/Stubs/Unity/Debug.cs:17)
Unity.Scenes.Editor.SubSceneImporter:OnImportAsset (UnityEditor.AssetImporters.AssetImportContext) (at Library/PackageCache/com.unity.entities@0.13.0-preview.24/Unity.Scenes.Editor/SubSceneImporter.cs:146)
UnityEditor.AssetImporters.ScriptedImporter:GenerateAssetData (UnityEditor.AssetImporters.AssetImportContext)

(Filename: Library/PackageCache/com.unity.entities@0.13.0-preview.24/Unity.Entities/Stubs/Unity/Debug.cs Line: 17)

 -> (artifact id: '4d7ac1e9cf9202645e8ceeae363a5416') in 0.041771 seconds
  Import took 0.052578 seconds .

========================================================================
Received Import Request.
  Time since last request: 0.000205 seconds.
  path: Assets/Cached Data/SceneDependencyCache/584023513f427b0b79ae61a7a1609760.sceneWithBuildSettings
  artifactKey: Guid(584023513f427b0b79ae61a7a1609760) Importer(2089858483,52bed625d08a7023a15481c3fbd73797)
Start importing Assets/Cached Data/SceneDependencyCache/584023513f427b0b79ae61a7a1609760.sceneWithBuildSettings using Guid(584023513f427b0b79ae61a7a1609760) Importer(2089858483,52bed625d08a7023a15481c3fbd73797) Diagnostics callstack to track who triggered the sub-import:
0x00007ff7f8ec68a2 (Unity) ImporterAssetResolver::ResolveAsset
0x00007ff7f8f2d812 (Unity) ResolveArtifactV2
0x00007ff7f8f250eb (Unity) MetaDataPathFromGUIDV2
0x00007ff7f8e9536e (Unity) AssetDatabase::MetaDataPathFromGUID
0x00007ff7f85e3099 (Unity) CollectAllDependencies
0x00007ff7f967f33e (Unity) AssetDatabaseBindings::GetDependencies
0x00007ff7f9554823 (Unity) AssetDatabase_CUSTOM_GetDependencies
0x00000202484ad2a7 (Mono JIT Code) (wrapper managed-to-native) UnityEditor.AssetDatabase:GetDependencies (string[],bool)
0x00000202484ad11b (Mono JIT Code) UnityEditor.AssetDatabase:GetDependencies (string,bool)
0x00000202484acf73 (Mono JIT Code) UnityEditor.AssetDatabase:GetDependencies (string)
0x00000202484a549b (Mono JIT Code) [SubSceneImporter.cs:112] Unity.Scenes.Editor.SubSceneImporter:OnImportAsset (UnityEditor.AssetImporters.AssetImportContext) 
0x00000202484a47c5 (Mono JIT Code) UnityEditor.AssetImporters.ScriptedImporter:GenerateAssetData (UnityEditor.AssetImporters.AssetImportContext)
0x00000202484a49a6 (Mono JIT Code) (wrapper runtime-invoke) <Module>:runtime_invoke_void__this___object (object,intptr,intptr,intptr)
0x00007ffc478ae0c0 (mono-2.0-bdwgc) [mini-runtime.c:2812] mono_jit_runtime_invoke 
0x00007ffc47832902 (mono-2.0-bdwgc) [object.c:2921] do_runtime_invoke 
0x00007ffc4783b95f (mono-2.0-bdwgc) [object.c:2968] mono_runtime_invoke 
0x00007ff7f7755d94 (Unity) scripting_method_invoke
0x00007ff7f774e585 (Unity) ScriptingInvocation::Invoke
0x00007ff7f90021a9 (Unity) ScriptedImporter::GenerateAssetData
0x00007ff7f8f886cf (Unity) ImportToObjects
0x00007ff7f8f87563 (Unity) AssetImportWorker::Import
0x00007ff7f8ee7c5a (Unity) <lambda_38cb8e830f13df306cf541a58f16cf03>::operator()
0x00007ff7f8fb20d2 (Unity) asio::detail::completion_handler<core::mutable_function<void __cdecl(void)> >::do_complete
0x00007ff7f8fb4230 (Unity) asio::detail::win_iocp_io_service::do_one
0x00007ff7f8fb79be (Unity) asio::io_service::run
0x00007ff7f8f2dd50 (Unity) RunAssetImportWorkerClientV2
0x00007ff7f8f2dda0 (Unity) RunAssetImporterV2
0x00007ff7f844d73b (Unity) Application::InitializeProject
0x00007ff7f8dc2be2 (Unity) WinMain
0x00007ff7fac08256 (Unity) __scrt_common_main_seh
0x00007ffd072f7c24 (KERNEL32) BaseThreadInitThunk
0x00007ffd0912d4d1 (ntdll) RtlUserThreadStart

Requesting import of Guid(6c219708ca2adef4dbc1cbe0e7890e2c) Importer(-1,00000000000000000000000000000000), Assets/UI/UIDocument/Game/SubSceneDocument/Shop_Document.uxml from editor
Resuming Guid(6c219708ca2adef4dbc1cbe0e7890e2c) Importer(-1,00000000000000000000000000000000) -> 20a71dc3cbf9bf1f633101da7cae0e3d 
Assertion failed on expression: 'state.state == kUpToDate'
UnityEngine.StackTraceUtility:ExtractStackTrace ()
UnityEditor.AssetDatabase:GetDependencies (string,bool)
UnityEditor.AssetDatabase:GetDependencies (string)
Unity.Scenes.Editor.SubSceneImporter:OnImportAsset (UnityEditor.AssetImporters.AssetImportContext) (at Library/PackageCache/com.unity.entities@0.13.0-preview.24/Unity.Scenes.Editor/SubSceneImporter.cs:112)
UnityEditor.AssetImporters.ScriptedImporter:GenerateAssetData (UnityEditor.AssetImporters.AssetImportContext)

[Library/PackageCache/com.unity.entities@0.13.0-preview.24/Unity.Scenes.Editor/SubSceneImporter.cs line 112]

Assertion failed on expression: 'state.artifactID == result'
UnityEngine.StackTraceUtility:ExtractStackTrace ()
UnityEditor.AssetDatabase:GetDependencies (string,bool)
UnityEditor.AssetDatabase:GetDependencies (string)
Unity.Scenes.Editor.SubSceneImporter:OnImportAsset (UnityEditor.AssetImporters.AssetImportContext) (at Library/PackageCache/com.unity.entities@0.13.0-preview.24/Unity.Scenes.Editor/SubSceneImporter.cs:112)
UnityEditor.AssetImporters.ScriptedImporter:GenerateAssetData (UnityEditor.AssetImporters.AssetImportContext)

[Library/PackageCache/com.unity.entities@0.13.0-preview.24/Unity.Scenes.Editor/SubSceneImporter.cs line 112]

Assertion failed on expression: 'ins.second || ins.first->second == artifactID || (ins.first->second == CircularDependencyArtifactID() && !artifactID.IsValid()) || GetPathFromAssetGuidV2(key.GetGUID()).ends_with(".cs")'
UnityEngine.StackTraceUtility:ExtractStackTrace ()
UnityEditor.AssetDatabase:GetDependencies (string,bool)
UnityEditor.AssetDatabase:GetDependencies (string)
Unity.Scenes.Editor.SubSceneImporter:OnImportAsset (UnityEditor.AssetImporters.AssetImportContext) (at Library/PackageCache/com.unity.entities@0.13.0-preview.24/Unity.Scenes.Editor/SubSceneImporter.cs:112)
UnityEditor.AssetImporters.ScriptedImporter:GenerateAssetData (UnityEditor.AssetImporters.AssetImportContext)

[Library/PackageCache/com.unity.entities@0.13.0-preview.24/Unity.Scenes.Editor/SubSceneImporter.cs line 112]

Opening scene 'Assets/Scenes/Game/BattleSubScene.unity additively'
Loaded scene 'Assets/Scenes/Game/BattleSubScene.unity'
	Deserialize:            0.382 ms
	Integration:            0.790 ms
	Integration of assets:  0.002 ms
	Thread Wait Time:       19.508 ms
	Total Operation Time:   20.682 ms
Exception thrown during SubScene import: System.ArgumentException: Unknown Type:`Unity.Entities.LinkedEntityGroup` All ComponentType must be known at compile time. For generic components, each concrete type must be registered with [RegisterGenericComponentType].
  at Unity.Entities.TypeManager.ManagedException (System.Type type) [0x00023] in C:\Users\kdahi\OneDrive\Documents\Unity\TechDemo\TechDemoProject\Library\PackageCache\com.unity.entities@0.13.0-preview.24\Unity.Entities\Types\TypeManager.cs:595 
  at Unity.Entities.TypeManager.ManagedException[T] () [0x00001] in C:\Users\kdahi\OneDrive\Documents\Unity\TechDemo\TechDemoProject\Library\PackageCache\com.unity.entities@0.13.0-preview.24\Unity.Entities\Types\TypeManager.cs:576 
  at Unity.Entities.TypeManager.GetTypeIndex[T] () [0x00019] in C:\Users\kdahi\OneDrive\Documents\Unity\TechDemo\TechDemoProject\Library\PackageCache\com.unity.entities@0.13.0-preview.24\Unity.Entities\Types\TypeManager.cs:604 
  at Unity.Entities.EntityComponentStore.Create (Unity.Entities.EntityComponentStore* entities, System.UInt64 startChunkSequenceNumber, System.Int32 newCapacity) [0x000d3] in C:\Users\kdahi\OneDrive\Documents\Unity\TechDemo\TechDemoProject\Library\PackageCache\com.unity.entities@0.13.0-preview.24\Unity.Entities\EntityComponentStore.cs:439 
  at Unity.Entities.EntityDataAccess.Initialize (Unity.Entities.EntityDataAccess* self, Unity.Entities.World world) [0x00045] in C:\Users\kdahi\OneDrive\Documents\Unity\TechDemo\TechDemoProject\Library\PackageCache\com.unity.entities@0.13.0-preview.24\Unity.Entities\EntityDataAccess.cs:161 
  at Unity.Entities.EntityManager.Initialize (Unity.Entities.World world) [0x00097] in C:\Users\kdahi\OneDrive\Documents\Unity\TechDemo\TechDemoProject\Library\PackageCache\com.unity.entities@0.13.0-preview.24\Unity.Entities\EntityManager.cs:218 
  at Unity.Entities.World..ctor (System.String name, Unity.Entities.WorldFlags flags) [0x00088] in C:\Users\kdahi\OneDrive\Documents\Unity\TechDemo\TechDemoProject\Library\PackageCache\com.unity.entities@0.13.0-preview.24\Unity.Entities\World.cs:426 
  at Unity.Entities.World..ctor (System.String name) [0x00000] in C:\Users\kdahi\OneDrive\Documents\Unity\TechDemo\TechDemoProject\Library\PackageCache\com.unity.entities@0.13.0-preview.24\Unity.Entities\World.cs:408 
  at Unity.Scenes.Editor.EditorEntityScenes.ConvertAndWriteEntitySceneInternal (UnityEngine.SceneManagement.Scene scene, Unity.Entities.GameObjectConversionSettings settings, System.Collections.Generic.List`1[T] sectionRefObjs, Unity.Scenes.Editor.WriteEntitySceneSettings writeEntitySettings) [0x00023] in C:\Users\kdahi\OneDrive\Documents\Unity\TechDemo\TechDemoProject\Library\PackageCache\com.unity.entities@0.13.0-preview.24\Unity.Scenes.Editor\EditorEntityScenes.cs:168 
  at Unity.Scenes.Editor.EditorEntityScenes.ConvertAndWriteEntityScene (UnityEngine.SceneManagement.Scene scene, Unity.Entities.GameObjectConversionSettings settings, System.Collections.Generic.List`1[T] sectionRefObjs) [0x00001] in C:\Users\kdahi\OneDrive\Documents\Unity\TechDemo\TechDemoProject\Library\PackageCache\com.unity.entities@0.13.0-preview.24\Unity.Scenes.Editor\EditorEntityScenes.cs:163 
  at Unity.Scenes.Editor.SubSceneImporter.OnImportAsset (UnityEditor.AssetImporters.AssetImportContext ctx) [0x00143] in C:\Users\kdahi\OneDrive\Documents\Unity\TechDemo\TechDemoProject\Library\PackageCache\com.unity.entities@0.13.0-preview.24\Unity.Scenes.Editor\SubSceneImporter.cs:133 
UnityEngine.StackTraceUtility:ExtractStackTrace ()
UnityEngine.DebugLogHandler:LogFormat (UnityEngine.LogType,UnityEngine.Object,string,object[])
UnityEngine.Logger:Log (UnityEngine.LogType,object)
UnityEngine.Debug:Log (object)
Unity.Debug:Log (object) (at Library/PackageCache/com.unity.entities@0.13.0-preview.24/Unity.Entities/Stubs/Unity/Debug.cs:17)
Unity.Scenes.Editor.SubSceneImporter:OnImportAsset (UnityEditor.AssetImporters.AssetImportContext) (at Library/PackageCache/com.unity.entities@0.13.0-preview.24/Unity.Scenes.Editor/SubSceneImporter.cs:146)
UnityEditor.AssetImporters.ScriptedImporter:GenerateAssetData (UnityEditor.AssetImporters.AssetImportContext)

(Filename: Library/PackageCache/com.unity.entities@0.13.0-preview.24/Unity.Entities/Stubs/Unity/Debug.cs Line: 17)

 -> (artifact id: 'db900c25aa855bb452074d20d70c8f89') in 1.844235 seconds
  Import took 1.855334 seconds .

========================================================================
Received Prepare
Registering precompiled user dll's ...
Registered in 0.015897 seconds.
ASSEMBLY OVERRIDE applied for Unity assembly UnityEngine.UIElementsModule.dll (override path Library/ScriptAssemblies/UnityEngine.UIElementsModule.dll)
ASSEMBLY OVERRIDE applied for Unity assembly UnityEditor.UIElementsModule.dll (override path Library/ScriptAssemblies/UnityEditor.UIElementsModule.dll)
Begin MonoManager ReloadAssembly
Symbol file LoadedFromMemory is not a mono symbol file
Error: Could not load signature of UnityEditor.UIElements.LiveReloadTrackerCreator:CreateVisualTreeAssetTrackerInstance due to: Could not resolve type with token 01000016 (from typeref, class/assembly UnityEngine.UIElements.ILiveReloadAssetTracker`1, UnityEngine.UIElementsModule, Version=1.0.0.0, Culture=neutral, PublicKeyToken=null) assembly:UnityEngine.UIElementsModule, Version=1.0.0.0, Culture=neutral, PublicKeyToken=null type:UnityEngine.UIElements.ILiveReloadAssetTracker`1 member:(null) signature:<none>

Error: Could not load signature of UnityEngine.UIElements.DynamicAtlasSettings:get_activeFilters due to: Could not resolve type with token 0100001a (from typeref, class/assembly UnityEngine.UIElements.DynamicAtlasFilters, UnityEngine.UIElementsModule, Version=1.0.0.0, Culture=neutral, PublicKeyToken=null) assembly:UnityEngine.UIElementsModule, Version=1.0.0.0, Culture=neutral, PublicKeyToken=null type:UnityEngine.UIElements.DynamicAtlasFilters member:(null) signature:<none>

The scripted importer 'UIElementsViewImporter' attempted to register file type '.uxml', which is handled by a native Unity importer. Registration rejected.
UnityEngine.StackTraceUtility:ExtractStackTrace ()
UnityEditor.AssetImporters.ScriptedImporter:RegisterScriptedImporters ()

[C:\buildslave\unity\build\Modules/AssetDatabase/Editor/Public/ImporterRegistry.cpp line 245]

The scripted importer 'StyleSheetImporter' attempted to register file type '.uss', which is handled by a native Unity importer. Registration rejected.
UnityEngine.StackTraceUtility:ExtractStackTrace ()
UnityEditor.AssetImporters.ScriptedImporter:RegisterScriptedImporters ()

[C:\buildslave\unity\build\Modules/AssetDatabase/Editor/Public/ImporterRegistry.cpp line 245]

The scripted importer 'ThemeStyleSheetImporter' attempted to register file type '.tss', which is handled by a native Unity importer. Registration rejected.
UnityEngine.StackTraceUtility:ExtractStackTrace ()
UnityEditor.AssetImporters.ScriptedImporter:RegisterScriptedImporters ()

[C:\buildslave\unity\build\Modules/AssetDatabase/Editor/Public/ImporterRegistry.cpp line 245]

Unloading broken assembly Library/ScriptAssemblies/Unity.UIElements.Text.dll, this assembly can cause crashes in the runtime

Unloading broken assembly Library/ScriptAssemblies/UnityEditor.UIElementsGameObjectsModule.dll, this assembly can cause crashes in the runtime

Unloading broken assembly Library/ScriptAssemblies/UnityEngine.UIElementsGameObjectsModule.dll, this assembly can cause crashes in the runtime

Native extension for Lumin target not found
Native extension for LinuxStandalone target not found
Native extension for WindowsStandalone target not found
Native extension for OSXStandalone target not found
Native extension for WebGL target not found
Refreshing native plugins compatible for Editor in 2.23 ms, found 4 plugins.
Preloading 0 native plugins for Editor in 0.00 ms.
ASSEMBLY OVERRIDE applied for Unity assembly UnityEngine.UIElementsModule.dll (override path Library/ScriptAssemblies/UnityEngine.UIElementsModule.dll)
ASSEMBLY OVERRIDE applied for Unity assembly UnityEditor.UIElementsModule.dll (override path Library/ScriptAssemblies/UnityEditor.UIElementsModule.dll)
System.Reflection.ReflectionTypeLoadException: Exception of type 'System.Reflection.ReflectionTypeLoadException' was thrown.
  at (wrapper managed-to-native) System.Reflection.Assembly.GetTypes(System.Reflection.Assembly,bool)
  at System.Reflection.Assembly.GetTypes () [0x00000] in <9577ac7a62ef43179789031239ba8798>:0 
  at Unity.Entities.TypeManager.InitializeAllComponentTypes () [0x00123] in C:\Users\kdahi\OneDrive\Documents\Unity\TechDemo\TechDemoProject\Library\PackageCache\com.unity.entities@0.13.0-preview.24\Unity.Entities\Types\TypeManager.cs:861 
  at Unity.Entities.TypeManager.Initialize () [0x0010d] in C:\Users\kdahi\OneDrive\Documents\Unity\TechDemo\TechDemoProject\Library\PackageCache\com.unity.entities@0.13.0-preview.24\Unity.Entities\Types\TypeManager.cs:464 
  at Unity.Entities.AttachToEntityClonerInjection.Initialize () [0x00001] in C:\Users\kdahi\OneDrive\Documents\Unity\TechDemo\TechDemoProject\Library\PackageCache\com.unity.entities@0.13.0-preview.24\Unity.Entities.Hybrid\Injection\CompanionGameObject.cs:27 
  at Unity.Entities.AttachToEntityClonerInjection..cctor () [0x00001] in C:\Users\kdahi\OneDrive\Documents\Unity\TechDemo\TechDemoProject\Library\PackageCache\com.unity.entities@0.13.0-preview.24\Unity.Entities.Hybrid\Injection\CompanionGameObject.cs:21 
UnityEngine.StackTraceUtility:ExtractStackTrace ()
UnityEngine.DebugLogHandler:LogFormat (UnityEngine.LogType,UnityEngine.Object,string,object[])
UnityEngine.Logger:Log (UnityEngine.LogType,object)
UnityEngine.Debug:LogError (object)
UnityEditor.EditorAssemblies:ProcessInitializeOnLoadAttributes (System.Type[])

Invoked RoslynAnalysisRunner static constructor.
RoslynAnalysisRunner will not be running.
RoslynAnalysisRunner has terminated.
TypeLoadException: Could not resolve type with token 01000016 (from typeref, class/assembly UnityEngine.UIElements.ILiveReloadAssetTracker`1, UnityEngine.UIElementsModule, Version=1.0.0.0, Culture=neutral, PublicKeyToken=null)
  at (wrapper managed-to-native) System.Reflection.MonoMethodInfo.get_method_info(intptr,System.Reflection.MonoMethodInfo&)
  at System.Reflection.MonoMethodInfo.GetMethodInfo (System.IntPtr handle) [0x00000] in <9577ac7a62ef43179789031239ba8798>:0 
  at System.Reflection.MonoMethod.GetPseudoCustomAttributes () [0x00002] in <9577ac7a62ef43179789031239ba8798>:0 
  at System.MonoCustomAttrs.GetPseudoCustomAttributes (System.Reflection.ICustomAttributeProvider obj, System.Type attributeType) [0x0000a] in <9577ac7a62ef43179789031239ba8798>:0 
  at System.MonoCustomAttrs.IsDefined (System.Reflection.ICustomAttributeProvider obj, System.Type attributeType, System.Boolean inherit) [0x00032] in <9577ac7a62ef43179789031239ba8798>:0 
  at System.Reflection.MonoMethod.IsDefined (System.Type attributeType, System.Boolean inherit) [0x00000] in <9577ac7a62ef43179789031239ba8798>:0 
  at Unity.SnapshotDebugger.ReadExtensions+<GetExtensionMethods>d__0.MoveNext () [0x000f6] in C:\Users\kdahi\OneDrive\Documents\Unity\TechDemo\TechDemoProject\Library\PackageCache\com.unity.kinematica@0.7.0-preview\Runtime\SnapshotDebugger\ReadExtensions.cs:34 
  at Unity.SnapshotDebugger.ReadExtensions.InitializeExtensionMethods () [0x00030] in C:\Users\kdahi\OneDrive\Documents\Unity\TechDemo\TechDemoProject\Library\PackageCache\com.unity.kinematica@0.7.0-preview\Runtime\SnapshotDebugger\ReadExtensions.cs:78 
  at Unity.SnapshotDebugger.Debugger.Initialize () [0x0000f] in C:\Users\kdahi\OneDrive\Documents\Unity\TechDemo\TechDemoProject\Library\PackageCache\com.unity.kinematica@0.7.0-preview\Runtime\SnapshotDebugger\Debugger.cs:218 
  at Unity.SnapshotDebugger.Debugger.OnLoadMethod () [0x00001] in C:\Users\kdahi\OneDrive\Documents\Unity\TechDemo\TechDemoProject\Library\PackageCache\com.unity.kinematica@0.7.0-preview\Runtime\SnapshotDebugger\Debugger.cs:343 

MissingFieldException: Field 'UnityEngine.UIElements.TextDelegates.ImportDefaultTextSettings' not found.


MissingFieldException: Field 'UnityEngine.UIElements.UIDocument.IsEditorPlaying' not found.


TypeLoadException: Could not resolve type with token 01000016 (from typeref, class/assembly UnityEngine.UIElements.ILiveReloadAssetTracker`1, UnityEngine.UIElementsModule, Version=1.0.0.0, Culture=neutral, PublicKeyToken=null)


UnityException: The MakeClientFunc has already been registered. Registration denied.
  at UnityEngine.UIElements.DragAndDropUtility.RegisterMakeClientFunc (System.Func`1[TResult] makeClient) [0x00017] in <3cdf672c21b849dea215f9c9aff21f77>:0 
  at UnityEditor.UIElements.EditorDragAndDrop.RegisterEditorClient () [0x0000a] in <e020ad89c1af43769f98694c4076cf19>:0 

ASSEMBLY OVERRIDE applied for Unity assembly UnityEngine.UIElementsModule.dll (override path Library/ScriptAssemblies/UnityEngine.UIElementsModule.dll)
ASSEMBLY OVERRIDE applied for Unity assembly UnityEditor.UIElementsModule.dll (override path Library/ScriptAssemblies/UnityEditor.UIElementsModule.dll)
Mono: successfully reloaded assembly
ArgumentException: An item with the same key has already been added. Key: UnityEditor.UIElements.EditorAtlasMonitorInjector
Parameter name: key
  at System.Collections.Generic.SortedList`2[TKey,TValue].Add (TKey key, TValue value) [0x00041] in <aa976c2104104b7ca9e1785715722c9d>:0 
  at UnityEditor.AssetPostprocessingInternal.GetTextureProcessorsHashString () [0x000a2] in <fac3a832ec4249a49c4da1051848dde5>:0 
UnityEngine.DebugLogHandler:Internal_LogException(Exception, Object)
UnityEngine.DebugLogHandler:LogException(Exception, Object)
UnityEngine.Logger:LogException(Exception, Object)
UnityEngine.Debug:LogException(Exception)
UnityEditor.AssetPostprocessingInternal:GetTextureProcessorsHashString()

- Completed reload, in  2.330 seconds
Platform modules already initialized, skipping
Shader 'Universal Render Pipeline/Particles/Lit': fallback shader 'Universal Render Pipeline/Particles/SimpleLit' not found
Refreshing native plugins compatible for Editor in 2.27 ms, found 4 plugins.
Preloading 0 native plugins for Editor in 0.00 ms.
Unloading 6850 Unused Serialized files (Serialized files now loaded: 0)
System memory in use before: 404.8 MB.
System memory in use after: 405.3 MB.

Unloading 63 unused Assets to reduce memory usage. Loaded Objects now: 7509.
Total: 5.725200 ms (FindLiveObjects: 0.817000 ms CreateObjectMapping: 0.581400 ms MarkObjects: 4.280600 ms  DeleteObjects: 0.044800 ms)

AssetImportWorkerClient::OnTransportError - code=2 error=End of file
