[11/17/2020 20:22:18]
[Information][11/17/2020 18:00:00]
ReInitialized Unitask after Initialization of ECS is complete
[11/17/2020 20:22:18]
[Information][11/17/2020 18:00:00]
Unitask Player loop is ready? True
[11/17/2020 20:22:18]
[Information][11/17/2020 18:00:00]
Initialized Unitask correctly for ECS
[11/17/2020 20:22:18]
[Information][11/17/2020 18:00:00]
(+) [Scene State] ENTERED state: MenuScene
[11/17/2020 20:22:28]
[Information][11/17/2020 18:00:00]
(-) [Scene State] EXITED state: MenuScene
[11/17/2020 20:22:28]
[Information][11/17/2020 18:00:00]
(+) [Scene State] ENTERED state: CreationScene
[11/17/2020 20:22:28]
[Information][11/17/2020 18:00:00]
(+) SpawnPos ENTERED state: Assassin
[11/17/2020 20:22:30]
[Information][11/17/2020 18:00:00]
Closing Logger and Disposing
