[12/06/2020 00:00:33]
[Information][12/05/2020 18:00:00]
Closing Logger and Disposing
[12/06/2020 00:00:53]
[Information][12/05/2020 18:00:00]
Closing Logger and Disposing
[12/06/2020 00:05:29]
[Information][12/05/2020 18:00:00]
Closing Logger and Disposing
[12/06/2020 00:07:05]
[Information][12/05/2020 18:00:00]
Closing Logger and Disposing
[12/06/2020 00:08:02]
[Information][12/05/2020 18:00:00]
Closing Logger and Disposing
[12/06/2020 00:09:01]
[Information][12/05/2020 18:00:00]
Closing Logger and Disposing
[12/06/2020 00:10:36]
[Information][12/05/2020 18:00:00]
Closing Logger and Disposing
[12/06/2020 00:11:35]
[Information][12/05/2020 18:00:00]
Closing Logger and Disposing
[12/06/2020 00:13:00]
[Information][12/05/2020 18:00:00]
Closing Logger and Disposing
[12/06/2020 00:16:11]
[Information][12/05/2020 18:00:00]
Closing Logger and Disposing
[12/06/2020 00:17:09]
[Information][12/05/2020 18:00:00]
Closing Logger and Disposing
[12/06/2020 00:18:21]
[Information][12/05/2020 18:00:00]
Closing Logger and Disposing
[12/06/2020 00:19:32]
[Information][12/05/2020 18:00:00]
Closing Logger and Disposing
[12/06/2020 11:45:53]
[Information][12/05/2020 18:00:00]
Closing Logger and Disposing
[12/06/2020 11:49:27]
[Information][12/05/2020 18:00:00]
Closing Logger and Disposing
[12/06/2020 11:51:08]
[Information][12/05/2020 18:00:00]
Closing Logger and Disposing
[12/06/2020 11:52:21]
[Information][12/05/2020 18:00:00]
Closing Logger and Disposing
[12/06/2020 11:53:26]
[Information][12/05/2020 18:00:00]
Closing Logger and Disposing
[12/06/2020 11:58:28]
[Information][12/05/2020 18:00:00]
Closing Logger and Disposing
[12/06/2020 12:08:22]
[Information][12/05/2020 18:00:00]
Closing Logger and Disposing
[12/06/2020 12:09:18]
[Information][12/05/2020 18:00:00]
Closing Logger and Disposing
[12/06/2020 12:10:35]
[Information][12/05/2020 18:00:00]
Closing Logger and Disposing
[12/06/2020 12:20:53]
[Information][12/05/2020 18:00:00]
Closing Logger and Disposing
[12/06/2020 12:24:57]
[Information][12/05/2020 18:00:00]
Closing Logger and Disposing
[12/06/2020 12:25:21]
[Information][12/05/2020 18:00:00]
Closing Logger and Disposing
[12/06/2020 12:28:52]
[Information][12/05/2020 18:00:00]
Closing Logger and Disposing
[12/06/2020 14:18:05]
[Information][12/05/2020 18:00:00]
Closing Logger and Disposing
[12/06/2020 14:18:57]
[Information][12/05/2020 18:00:00]
Closing Logger and Disposing
[12/06/2020 14:19:55]
[Information][12/05/2020 18:00:00]
Closing Logger and Disposing
[12/06/2020 14:33:35]
[Information][12/05/2020 18:00:00]
Closing Logger and Disposing
[12/06/2020 14:35:00]
[Information][12/05/2020 18:00:00]
Closing Logger and Disposing
[12/06/2020 14:35:37]
[Information][12/05/2020 18:00:00]
Closing Logger and Disposing
[12/06/2020 14:36:41]
[Information][12/05/2020 18:00:00]
Closing Logger and Disposing
[12/06/2020 14:55:52]
[Information][12/05/2020 18:00:00]
Closing Logger and Disposing
[12/06/2020 14:59:39]
[Information][12/05/2020 18:00:00]
Closing Logger and Disposing
[12/06/2020 15:02:31]
[Information][12/05/2020 18:00:00]
Closing Logger and Disposing
[12/06/2020 15:03:15]
[Information][12/05/2020 18:00:00]
Closing Logger and Disposing
[12/06/2020 15:04:34]
[Information][12/05/2020 18:00:00]
Closing Logger and Disposing
[12/06/2020 15:07:08]
[Information][12/05/2020 18:00:00]
Closing Logger and Disposing
[12/06/2020 19:23:18]
[Information][12/06/2020 18:00:00]
Closing Logger and Disposing
[12/06/2020 19:34:04]
[Information][12/06/2020 18:00:00]
Closing Logger and Disposing
[12/06/2020 19:36:26]
[Information][12/06/2020 18:00:00]
Closing Logger and Disposing
[12/06/2020 19:37:41]
[Information][12/06/2020 18:00:00]
Closing Logger and Disposing
[12/06/2020 19:40:07]
[Information][12/06/2020 18:00:00]
Closing Logger and Disposing
[12/06/2020 19:45:19]
[Information][12/06/2020 18:00:00]
Closing Logger and Disposing
[12/06/2020 19:50:51]
[Information][12/06/2020 18:00:00]
Closing Logger and Disposing
[12/06/2020 19:51:55]
[Information][12/06/2020 18:00:00]
Closing Logger and Disposing
[12/06/2020 19:52:25]
[Information][12/06/2020 18:00:00]
Closing Logger and Disposing
[12/06/2020 19:57:12]
[Information][12/06/2020 18:00:00]
Closing Logger and Disposing
[12/06/2020 20:00:59]
[Information][12/06/2020 18:00:00]
Closing Logger and Disposing
[12/06/2020 20:02:44]
[Information][12/06/2020 18:00:00]
Closing Logger and Disposing
[12/06/2020 20:13:33]
[Information][12/06/2020 18:00:00]
Closing Logger and Disposing
[12/06/2020 20:24:40]
[Information][12/06/2020 18:00:00]
Closing Logger and Disposing
[12/06/2020 20:25:15]
[Information][12/06/2020 18:00:00]
Closing Logger and Disposing
[12/06/2020 20:26:20]
[Information][12/06/2020 18:00:00]
Closing Logger and Disposing
[12/06/2020 20:29:04]
[Information][12/06/2020 18:00:00]
Closing Logger and Disposing
[12/06/2020 20:33:29]
[Error][12/06/2020 18:00:00]
Missing AudioClip on GameScene (UnityEngine.GameObject)
[12/06/2020 20:33:32]
[Information][12/06/2020 18:00:00]
Closing Logger and Disposing
[12/06/2020 20:35:41]
[Information][12/06/2020 18:00:00]
Closing Logger and Disposing
[12/06/2020 20:37:54]
[Information][12/06/2020 18:00:00]
Closing Logger and Disposing
[12/06/2020 20:42:26]
[Information][12/06/2020 18:00:00]
Closing Logger and Disposing
[12/06/2020 20:42:43]
[Information][12/06/2020 18:00:00]
Closing Logger and Disposing
[12/06/2020 20:45:33]
[Information][12/06/2020 18:00:00]
Closing Logger and Disposing
[12/06/2020 21:51:58]
[Information][12/06/2020 18:00:00]
Closing Logger and Disposing
[12/06/2020 21:52:30]
[Information][12/06/2020 18:00:00]
Closing Logger and Disposing
[12/06/2020 21:53:43]
[Information][12/06/2020 18:00:00]
Closing Logger and Disposing
[12/06/2020 21:54:27]
[Information][12/06/2020 18:00:00]
Closing Logger and Disposing
[12/06/2020 21:55:07]
[Information][12/06/2020 18:00:00]
Closing Logger and Disposing
[12/06/2020 21:55:40]
[Information][12/06/2020 18:00:00]
Closing Logger and Disposing
[12/06/2020 21:56:25]
[Information][12/06/2020 18:00:00]
Closing Logger and Disposing
[12/06/2020 22:29:27]
[Information][12/06/2020 18:00:00]
Closing Logger and Disposing
[12/06/2020 22:30:30]
[Information][12/06/2020 18:00:00]
Closing Logger and Disposing
[12/06/2020 22:31:14]
[Information][12/06/2020 18:00:00]
Closing Logger and Disposing
[12/06/2020 22:32:06]
[Information][12/06/2020 18:00:00]
Closing Logger and Disposing
[12/06/2020 22:33:08]
[Information][12/06/2020 18:00:00]
Closing Logger and Disposing
[12/06/2020 22:34:20]
[Information][12/06/2020 18:00:00]
Closing Logger and Disposing
[12/06/2020 22:35:47]
[Information][12/06/2020 18:00:00]
Closing Logger and Disposing
[12/06/2020 22:44:51]
[Information][12/06/2020 18:00:00]
Closing Logger and Disposing
[12/06/2020 23:08:56]
[Information][12/06/2020 18:00:00]
Closing Logger and Disposing
[12/06/2020 23:33:45]
[Information][12/06/2020 18:00:00]
Closing Logger and Disposing
