[03/10/2021 03:20:26]
[Information][03/09/2021 18:00:00]
ReInitialized Unitask after Initialization of ECS is complete
[03/10/2021 03:20:26]
[Information][03/09/2021 18:00:00]
Unitask Player loop is ready? True
[03/10/2021 03:20:26]
[Information][03/09/2021 18:00:00]
Initialized Unitask correctly for ECS
[03/10/2021 03:20:38]
[Information][03/09/2021 18:00:00]
Closing Logger and Disposing
[03/10/2021 03:34:31]
[Information][03/09/2021 18:00:00]
ReInitialized Unitask after Initialization of ECS is complete
[03/10/2021 03:34:31]
[Information][03/09/2021 18:00:00]
Unitask Player loop is ready? True
[03/10/2021 03:34:31]
[Information][03/09/2021 18:00:00]
Initialized Unitask correctly for ECS
[03/10/2021 03:34:52]
[Information][03/09/2021 18:00:00]
Closing Logger and Disposing
[03/10/2021 03:35:23]
[Information][03/09/2021 18:00:00]
ReInitialized Unitask after Initialization of ECS is complete
[03/10/2021 03:35:23]
[Information][03/09/2021 18:00:00]
Unitask Player loop is ready? True
[03/10/2021 03:35:23]
[Information][03/09/2021 18:00:00]
Initialized Unitask correctly for ECS
[03/10/2021 03:35:50]
[Information][03/09/2021 18:00:00]
Closing Logger and Disposing
[03/10/2021 03:41:04]
[Information][03/09/2021 18:00:00]
ReInitialized Unitask after Initialization of ECS is complete
[03/10/2021 03:41:04]
[Information][03/09/2021 18:00:00]
Unitask Player loop is ready? True
[03/10/2021 03:41:04]
[Information][03/09/2021 18:00:00]
Initialized Unitask correctly for ECS
[03/10/2021 03:41:41]
[Information][03/09/2021 18:00:00]
Closing Logger and Disposing
[03/10/2021 03:53:42]
[Information][03/09/2021 18:00:00]
ReInitialized Unitask after Initialization of ECS is complete
[03/10/2021 03:53:42]
[Information][03/09/2021 18:00:00]
Unitask Player loop is ready? True
[03/10/2021 03:53:42]
[Information][03/09/2021 18:00:00]
Initialized Unitask correctly for ECS
[03/10/2021 03:53:47]
[Information][03/09/2021 18:00:00]
Closing Logger and Disposing
[03/10/2021 04:01:11]
[Information][03/09/2021 18:00:00]
ReInitialized Unitask after Initialization of ECS is complete
[03/10/2021 04:01:11]
[Information][03/09/2021 18:00:00]
Unitask Player loop is ready? True
[03/10/2021 04:01:11]
[Information][03/09/2021 18:00:00]
Initialized Unitask correctly for ECS
[03/10/2021 04:02:01]
[Information][03/09/2021 18:00:00]
Closing Logger and Disposing
[03/10/2021 04:03:15]
[Information][03/09/2021 18:00:00]
ReInitialized Unitask after Initialization of ECS is complete
[03/10/2021 04:03:15]
[Information][03/09/2021 18:00:00]
Unitask Player loop is ready? True
[03/10/2021 04:03:15]
[Information][03/09/2021 18:00:00]
Initialized Unitask correctly for ECS
[03/10/2021 04:03:29]
[Information][03/09/2021 18:00:00]
Closing Logger and Disposing
[03/10/2021 04:03:50]
[Information][03/09/2021 18:00:00]
ReInitialized Unitask after Initialization of ECS is complete
[03/10/2021 04:03:50]
[Information][03/09/2021 18:00:00]
Unitask Player loop is ready? True
[03/10/2021 04:03:50]
[Information][03/09/2021 18:00:00]
Initialized Unitask correctly for ECS
[03/10/2021 04:04:16]
[Information][03/09/2021 18:00:00]
Closing Logger and Disposing
[03/10/2021 04:05:08]
[Information][03/09/2021 18:00:00]
ReInitialized Unitask after Initialization of ECS is complete
[03/10/2021 04:05:08]
[Information][03/09/2021 18:00:00]
Unitask Player loop is ready? True
[03/10/2021 04:05:08]
[Information][03/09/2021 18:00:00]
Initialized Unitask correctly for ECS
[03/10/2021 04:05:27]
[Information][03/09/2021 18:00:00]
Closing Logger and Disposing
[03/10/2021 04:06:08]
[Information][03/09/2021 18:00:00]
ReInitialized Unitask after Initialization of ECS is complete
[03/10/2021 04:06:08]
[Information][03/09/2021 18:00:00]
Unitask Player loop is ready? True
[03/10/2021 04:06:08]
[Information][03/09/2021 18:00:00]
Initialized Unitask correctly for ECS
[03/10/2021 04:06:30]
[Information][03/09/2021 18:00:00]
Closing Logger and Disposing
[03/10/2021 04:07:14]
[Information][03/09/2021 18:00:00]
ReInitialized Unitask after Initialization of ECS is complete
[03/10/2021 04:07:14]
[Information][03/09/2021 18:00:00]
Unitask Player loop is ready? True
[03/10/2021 04:07:14]
[Information][03/09/2021 18:00:00]
Initialized Unitask correctly for ECS
[03/10/2021 04:07:35]
[Information][03/09/2021 18:00:00]
Closing Logger and Disposing
[03/10/2021 04:26:20]
[Information][03/09/2021 18:00:00]
ReInitialized Unitask after Initialization of ECS is complete
[03/10/2021 04:26:20]
[Information][03/09/2021 18:00:00]
Unitask Player loop is ready? True
[03/10/2021 04:26:20]
[Information][03/09/2021 18:00:00]
Initialized Unitask correctly for ECS
[03/10/2021 04:27:25]
[Information][03/09/2021 18:00:00]
Closing Logger and Disposing
[03/10/2021 04:27:42]
[Information][03/09/2021 18:00:00]
ReInitialized Unitask after Initialization of ECS is complete
[03/10/2021 04:27:42]
[Information][03/09/2021 18:00:00]
Unitask Player loop is ready? True
[03/10/2021 04:27:42]
[Information][03/09/2021 18:00:00]
Initialized Unitask correctly for ECS
[03/10/2021 04:28:02]
[Information][03/09/2021 18:00:00]
Closing Logger and Disposing
[03/10/2021 04:28:52]
[Information][03/09/2021 18:00:00]
ReInitialized Unitask after Initialization of ECS is complete
[03/10/2021 04:28:52]
[Information][03/09/2021 18:00:00]
Unitask Player loop is ready? True
[03/10/2021 04:28:52]
[Information][03/09/2021 18:00:00]
Initialized Unitask correctly for ECS
[03/10/2021 04:29:02]
[Information][03/09/2021 18:00:00]
Closing Logger and Disposing
