[10/30/2020 08:27:20]
[Information][10/29/2020 19:00:00]
ReInitialized Unitask after Initialization of ECS is complete
[10/30/2020 08:27:20]
[Information][10/29/2020 19:00:00]
Unitask Player loop is ready? True
[10/30/2020 08:27:20]
[Information][10/29/2020 19:00:00]
Initialized Unitask correctly for ECS
[10/30/2020 08:28:05]
[Information][10/29/2020 19:00:00]
Closing Logger and Disposing
[10/30/2020 09:14:11]
[Information][10/29/2020 19:00:00]
ReInitialized Unitask after Initialization of ECS is complete
[10/30/2020 09:14:11]
[Information][10/29/2020 19:00:00]
Unitask Player loop is ready? True
[10/30/2020 09:14:11]
[Information][10/29/2020 19:00:00]
Initialized Unitask correctly for ECS
[10/30/2020 09:14:19]
[Information][10/29/2020 19:00:00]
Closing Logger and Disposing
[10/30/2020 09:17:36]
[Information][10/29/2020 19:00:00]
ReInitialized Unitask after Initialization of ECS is complete
[10/30/2020 09:17:36]
[Information][10/29/2020 19:00:00]
Unitask Player loop is ready? True
[10/30/2020 09:17:36]
[Information][10/29/2020 19:00:00]
Initialized Unitask correctly for ECS
[10/30/2020 09:17:45]
[Information][10/29/2020 19:00:00]
Closing Logger and Disposing
[10/30/2020 09:18:26]
[Information][10/29/2020 19:00:00]
ReInitialized Unitask after Initialization of ECS is complete
[10/30/2020 09:18:26]
[Information][10/29/2020 19:00:00]
Unitask Player loop is ready? True
[10/30/2020 09:18:26]
[Information][10/29/2020 19:00:00]
Initialized Unitask correctly for ECS
[10/30/2020 09:18:43]
[Information][10/29/2020 19:00:00]
Closing Logger and Disposing
[10/30/2020 09:22:52]
[Information][10/29/2020 19:00:00]
ReInitialized Unitask after Initialization of ECS is complete
[10/30/2020 09:22:52]
[Information][10/29/2020 19:00:00]
Unitask Player loop is ready? True
[10/30/2020 09:22:52]
[Information][10/29/2020 19:00:00]
Initialized Unitask correctly for ECS
[10/30/2020 09:23:02]
[Information][10/29/2020 19:00:00]
Closing Logger and Disposing
[10/30/2020 09:24:15]
[Information][10/29/2020 19:00:00]
ReInitialized Unitask after Initialization of ECS is complete
[10/30/2020 09:24:15]
[Information][10/29/2020 19:00:00]
Unitask Player loop is ready? True
[10/30/2020 09:24:15]
[Information][10/29/2020 19:00:00]
Initialized Unitask correctly for ECS
[10/30/2020 09:24:29]
[Information][10/29/2020 19:00:00]
Closing Logger and Disposing
[10/30/2020 09:25:37]
[Information][10/29/2020 19:00:00]
ReInitialized Unitask after Initialization of ECS is complete
[10/30/2020 09:25:37]
[Information][10/29/2020 19:00:00]
Unitask Player loop is ready? True
[10/30/2020 09:25:37]
[Information][10/29/2020 19:00:00]
Initialized Unitask correctly for ECS
[10/30/2020 09:26:00]
[Information][10/29/2020 19:00:00]
Closing Logger and Disposing
[10/30/2020 09:31:09]
[Information][10/29/2020 19:00:00]
ReInitialized Unitask after Initialization of ECS is complete
[10/30/2020 09:31:09]
[Information][10/29/2020 19:00:00]
Unitask Player loop is ready? True
[10/30/2020 09:31:09]
[Information][10/29/2020 19:00:00]
Initialized Unitask correctly for ECS
[10/30/2020 09:31:15]
[Information][10/29/2020 19:00:00]
Closing Logger and Disposing
[10/30/2020 09:32:15]
[Information][10/29/2020 19:00:00]
ReInitialized Unitask after Initialization of ECS is complete
[10/30/2020 09:32:15]
[Information][10/29/2020 19:00:00]
Unitask Player loop is ready? True
[10/30/2020 09:32:15]
[Information][10/29/2020 19:00:00]
Initialized Unitask correctly for ECS
[10/30/2020 09:32:24]
[Information][10/29/2020 19:00:00]
Closing Logger and Disposing
[10/30/2020 09:33:37]
[Information][10/29/2020 19:00:00]
Closing Logger and Disposing
[10/30/2020 09:37:52]
[Information][10/29/2020 19:00:00]
ReInitialized Unitask after Initialization of ECS is complete
[10/30/2020 09:37:52]
[Information][10/29/2020 19:00:00]
Unitask Player loop is ready? True
[10/30/2020 09:37:52]
[Information][10/29/2020 19:00:00]
Initialized Unitask correctly for ECS
[10/30/2020 09:41:03]
[Information][10/29/2020 19:00:00]
Closing Logger and Disposing
[10/30/2020 09:41:27]
[Information][10/29/2020 19:00:00]
ReInitialized Unitask after Initialization of ECS is complete
[10/30/2020 09:41:27]
[Information][10/29/2020 19:00:00]
Unitask Player loop is ready? True
[10/30/2020 09:41:27]
[Information][10/29/2020 19:00:00]
Initialized Unitask correctly for ECS
[10/30/2020 09:41:35]
[Information][10/29/2020 19:00:00]
Closing Logger and Disposing
[10/30/2020 09:42:47]
[Information][10/29/2020 19:00:00]
ReInitialized Unitask after Initialization of ECS is complete
[10/30/2020 09:42:47]
[Information][10/29/2020 19:00:00]
Unitask Player loop is ready? True
[10/30/2020 09:42:47]
[Information][10/29/2020 19:00:00]
Initialized Unitask correctly for ECS
[10/30/2020 09:42:48]
[Information][10/29/2020 19:00:00]
Closing Logger and Disposing
[10/30/2020 09:43:00]
[Information][10/29/2020 19:00:00]
ReInitialized Unitask after Initialization of ECS is complete
[10/30/2020 09:43:00]
[Information][10/29/2020 19:00:00]
Unitask Player loop is ready? True
[10/30/2020 09:43:00]
[Information][10/29/2020 19:00:00]
Initialized Unitask correctly for ECS
[10/30/2020 09:43:19]
[Information][10/29/2020 19:00:00]
Closing Logger and Disposing
[10/30/2020 09:45:46]
[Information][10/29/2020 19:00:00]
ReInitialized Unitask after Initialization of ECS is complete
[10/30/2020 09:45:46]
[Information][10/29/2020 19:00:00]
Unitask Player loop is ready? True
[10/30/2020 09:45:46]
[Information][10/29/2020 19:00:00]
Initialized Unitask correctly for ECS
[10/30/2020 09:45:57]
[Information][10/29/2020 19:00:00]
Closing Logger and Disposing
[10/30/2020 09:53:30]
[Information][10/29/2020 19:00:00]
ReInitialized Unitask after Initialization of ECS is complete
[10/30/2020 09:53:30]
[Information][10/29/2020 19:00:00]
Unitask Player loop is ready? True
[10/30/2020 09:53:30]
[Information][10/29/2020 19:00:00]
Initialized Unitask correctly for ECS
[10/30/2020 09:53:37]
[Information][10/29/2020 19:00:00]
Closing Logger and Disposing
[10/30/2020 09:55:59]
[Information][10/29/2020 19:00:00]
ReInitialized Unitask after Initialization of ECS is complete
[10/30/2020 09:55:59]
[Information][10/29/2020 19:00:00]
Unitask Player loop is ready? True
[10/30/2020 09:55:59]
[Information][10/29/2020 19:00:00]
Initialized Unitask correctly for ECS
[10/30/2020 09:56:16]
[Information][10/29/2020 19:00:00]
Closing Logger and Disposing
[10/30/2020 09:59:29]
[Information][10/29/2020 19:00:00]
ReInitialized Unitask after Initialization of ECS is complete
[10/30/2020 09:59:29]
[Information][10/29/2020 19:00:00]
Unitask Player loop is ready? True
[10/30/2020 09:59:29]
[Information][10/29/2020 19:00:00]
Initialized Unitask correctly for ECS
[10/30/2020 09:59:41]
[Information][10/29/2020 19:00:00]
Closing Logger and Disposing
[10/30/2020 10:01:59]
[Information][10/29/2020 19:00:00]
ReInitialized Unitask after Initialization of ECS is complete
[10/30/2020 10:01:59]
[Information][10/29/2020 19:00:00]
Unitask Player loop is ready? True
[10/30/2020 10:01:59]
[Information][10/29/2020 19:00:00]
Initialized Unitask correctly for ECS
[10/30/2020 10:02:12]
[Information][10/29/2020 19:00:00]
Closing Logger and Disposing
[10/30/2020 10:03:35]
[Information][10/29/2020 19:00:00]
ReInitialized Unitask after Initialization of ECS is complete
[10/30/2020 10:03:35]
[Information][10/29/2020 19:00:00]
Unitask Player loop is ready? True
[10/30/2020 10:03:35]
[Information][10/29/2020 19:00:00]
Initialized Unitask correctly for ECS
[10/30/2020 10:03:49]
[Information][10/29/2020 19:00:00]
Closing Logger and Disposing
[10/30/2020 10:04:44]
[Information][10/29/2020 19:00:00]
ReInitialized Unitask after Initialization of ECS is complete
[10/30/2020 10:04:44]
[Information][10/29/2020 19:00:00]
Unitask Player loop is ready? True
[10/30/2020 10:04:44]
[Information][10/29/2020 19:00:00]
Initialized Unitask correctly for ECS
[10/30/2020 10:04:58]
[Information][10/29/2020 19:00:00]
Closing Logger and Disposing
[10/30/2020 10:05:37]
[Information][10/29/2020 19:00:00]
ReInitialized Unitask after Initialization of ECS is complete
[10/30/2020 10:05:37]
[Information][10/29/2020 19:00:00]
Unitask Player loop is ready? True
[10/30/2020 10:05:37]
[Information][10/29/2020 19:00:00]
Initialized Unitask correctly for ECS
[10/30/2020 10:06:04]
[Information][10/29/2020 19:00:00]
Closing Logger and Disposing
[10/30/2020 10:06:55]
[Information][10/29/2020 19:00:00]
ReInitialized Unitask after Initialization of ECS is complete
[10/30/2020 10:06:55]
[Information][10/29/2020 19:00:00]
Unitask Player loop is ready? True
[10/30/2020 10:06:55]
[Information][10/29/2020 19:00:00]
Initialized Unitask correctly for ECS
[10/30/2020 10:07:31]
[Information][10/29/2020 19:00:00]
Closing Logger and Disposing
[10/30/2020 10:10:29]
[Information][10/29/2020 19:00:00]
ReInitialized Unitask after Initialization of ECS is complete
[10/30/2020 10:10:29]
[Information][10/29/2020 19:00:00]
Unitask Player loop is ready? True
[10/30/2020 10:10:29]
[Information][10/29/2020 19:00:00]
Initialized Unitask correctly for ECS
[10/30/2020 10:10:37]
[Information][10/29/2020 19:00:00]
Closing Logger and Disposing
[10/30/2020 10:12:52]
[Information][10/29/2020 19:00:00]
ReInitialized Unitask after Initialization of ECS is complete
[10/30/2020 10:12:52]
[Information][10/29/2020 19:00:00]
Unitask Player loop is ready? True
[10/30/2020 10:12:52]
[Information][10/29/2020 19:00:00]
Initialized Unitask correctly for ECS
[10/30/2020 10:13:01]
[Information][10/29/2020 19:00:00]
Closing Logger and Disposing
[10/30/2020 10:13:33]
[Information][10/29/2020 19:00:00]
ReInitialized Unitask after Initialization of ECS is complete
[10/30/2020 10:13:33]
[Information][10/29/2020 19:00:00]
Unitask Player loop is ready? True
[10/30/2020 10:13:33]
[Information][10/29/2020 19:00:00]
Initialized Unitask correctly for ECS
[10/30/2020 10:13:42]
[Information][10/29/2020 19:00:00]
Closing Logger and Disposing
[10/30/2020 10:15:34]
[Information][10/29/2020 19:00:00]
ReInitialized Unitask after Initialization of ECS is complete
[10/30/2020 10:15:34]
[Information][10/29/2020 19:00:00]
Unitask Player loop is ready? True
[10/30/2020 10:15:34]
[Information][10/29/2020 19:00:00]
Initialized Unitask correctly for ECS
[10/30/2020 10:15:41]
[Information][10/29/2020 19:00:00]
Closing Logger and Disposing
[10/30/2020 10:17:16]
[Information][10/29/2020 19:00:00]
ReInitialized Unitask after Initialization of ECS is complete
[10/30/2020 10:17:16]
[Information][10/29/2020 19:00:00]
Unitask Player loop is ready? True
[10/30/2020 10:17:16]
[Information][10/29/2020 19:00:00]
Initialized Unitask correctly for ECS
[10/30/2020 10:17:23]
[Information][10/29/2020 19:00:00]
Closing Logger and Disposing
[10/30/2020 10:20:53]
[Information][10/29/2020 19:00:00]
ReInitialized Unitask after Initialization of ECS is complete
[10/30/2020 10:20:53]
[Information][10/29/2020 19:00:00]
Unitask Player loop is ready? True
[10/30/2020 10:20:53]
[Information][10/29/2020 19:00:00]
Initialized Unitask correctly for ECS
[10/30/2020 10:21:09]
[Information][10/29/2020 19:00:00]
Closing Logger and Disposing
[10/30/2020 10:23:18]
[Information][10/29/2020 19:00:00]
ReInitialized Unitask after Initialization of ECS is complete
[10/30/2020 10:23:18]
[Information][10/29/2020 19:00:00]
Unitask Player loop is ready? True
[10/30/2020 10:23:18]
[Information][10/29/2020 19:00:00]
Initialized Unitask correctly for ECS
[10/30/2020 10:23:25]
[Information][10/29/2020 19:00:00]
Closing Logger and Disposing
[10/30/2020 10:33:11]
[Information][10/29/2020 19:00:00]
ReInitialized Unitask after Initialization of ECS is complete
[10/30/2020 10:33:11]
[Information][10/29/2020 19:00:00]
Unitask Player loop is ready? True
[10/30/2020 10:33:11]
[Information][10/29/2020 19:00:00]
Initialized Unitask correctly for ECS
[10/30/2020 10:33:30]
[Information][10/29/2020 19:00:00]
Closing Logger and Disposing
[10/30/2020 10:33:41]
[Information][10/29/2020 19:00:00]
ReInitialized Unitask after Initialization of ECS is complete
[10/30/2020 10:33:41]
[Information][10/29/2020 19:00:00]
Unitask Player loop is ready? True
[10/30/2020 10:33:41]
[Information][10/29/2020 19:00:00]
Initialized Unitask correctly for ECS
[10/30/2020 10:34:02]
[Information][10/29/2020 19:00:00]
Closing Logger and Disposing
[10/30/2020 10:35:45]
[Information][10/29/2020 19:00:00]
ReInitialized Unitask after Initialization of ECS is complete
[10/30/2020 10:35:45]
[Information][10/29/2020 19:00:00]
Unitask Player loop is ready? True
[10/30/2020 10:35:45]
[Information][10/29/2020 19:00:00]
Initialized Unitask correctly for ECS
[10/30/2020 10:36:03]
[Information][10/29/2020 19:00:00]
Closing Logger and Disposing
[10/30/2020 10:36:13]
[Information][10/29/2020 19:00:00]
ReInitialized Unitask after Initialization of ECS is complete
[10/30/2020 10:36:13]
[Information][10/29/2020 19:00:00]
Unitask Player loop is ready? True
[10/30/2020 10:36:13]
[Information][10/29/2020 19:00:00]
Initialized Unitask correctly for ECS
[10/30/2020 10:36:17]
[Information][10/29/2020 19:00:00]
Closing Logger and Disposing
[10/30/2020 10:36:37]
[Information][10/29/2020 19:00:00]
ReInitialized Unitask after Initialization of ECS is complete
[10/30/2020 10:36:37]
[Information][10/29/2020 19:00:00]
Unitask Player loop is ready? True
[10/30/2020 10:36:37]
[Information][10/29/2020 19:00:00]
Initialized Unitask correctly for ECS
[10/30/2020 10:36:59]
[Information][10/29/2020 19:00:00]
Closing Logger and Disposing
[10/30/2020 10:37:40]
[Information][10/29/2020 19:00:00]
ReInitialized Unitask after Initialization of ECS is complete
[10/30/2020 10:37:40]
[Information][10/29/2020 19:00:00]
Unitask Player loop is ready? True
[10/30/2020 10:37:40]
[Information][10/29/2020 19:00:00]
Initialized Unitask correctly for ECS
[10/30/2020 10:38:29]
[Information][10/29/2020 19:00:00]
Closing Logger and Disposing
[10/30/2020 10:38:49]
[Information][10/29/2020 19:00:00]
ReInitialized Unitask after Initialization of ECS is complete
[10/30/2020 10:38:49]
[Information][10/29/2020 19:00:00]
Unitask Player loop is ready? True
[10/30/2020 10:38:49]
[Information][10/29/2020 19:00:00]
Initialized Unitask correctly for ECS
[10/30/2020 10:39:20]
[Information][10/29/2020 19:00:00]
Closing Logger and Disposing
[10/30/2020 10:39:44]
[Information][10/29/2020 19:00:00]
ReInitialized Unitask after Initialization of ECS is complete
[10/30/2020 10:39:44]
[Information][10/29/2020 19:00:00]
Unitask Player loop is ready? True
[10/30/2020 10:39:44]
[Information][10/29/2020 19:00:00]
Initialized Unitask correctly for ECS
[10/30/2020 10:40:28]
[Information][10/29/2020 19:00:00]
Closing Logger and Disposing
[10/30/2020 10:40:49]
[Information][10/29/2020 19:00:00]
ReInitialized Unitask after Initialization of ECS is complete
[10/30/2020 10:40:49]
[Information][10/29/2020 19:00:00]
Unitask Player loop is ready? True
[10/30/2020 10:40:49]
[Information][10/29/2020 19:00:00]
Initialized Unitask correctly for ECS
[10/30/2020 10:41:12]
[Information][10/29/2020 19:00:00]
Closing Logger and Disposing
[10/30/2020 11:21:12]
[Information][10/29/2020 19:00:00]
ReInitialized Unitask after Initialization of ECS is complete
[10/30/2020 11:21:12]
[Information][10/29/2020 19:00:00]
Unitask Player loop is ready? True
[10/30/2020 11:21:12]
[Information][10/29/2020 19:00:00]
Initialized Unitask correctly for ECS
[10/30/2020 11:21:29]
[Information][10/29/2020 19:00:00]
Closing Logger and Disposing
[10/30/2020 11:22:04]
[Information][10/29/2020 19:00:00]
ReInitialized Unitask after Initialization of ECS is complete
[10/30/2020 11:22:04]
[Information][10/29/2020 19:00:00]
Unitask Player loop is ready? True
[10/30/2020 11:22:04]
[Information][10/29/2020 19:00:00]
Initialized Unitask correctly for ECS
[10/30/2020 11:22:23]
[Information][10/29/2020 19:00:00]
Closing Logger and Disposing
[10/30/2020 11:24:28]
[Information][10/29/2020 19:00:00]
ReInitialized Unitask after Initialization of ECS is complete
[10/30/2020 11:24:28]
[Information][10/29/2020 19:00:00]
Unitask Player loop is ready? True
[10/30/2020 11:24:28]
[Information][10/29/2020 19:00:00]
Initialized Unitask correctly for ECS
[10/30/2020 11:24:35]
[Information][10/29/2020 19:00:00]
Closing Logger and Disposing
[10/30/2020 11:25:52]
[Information][10/29/2020 19:00:00]
ReInitialized Unitask after Initialization of ECS is complete
[10/30/2020 11:25:52]
[Information][10/29/2020 19:00:00]
Unitask Player loop is ready? True
[10/30/2020 11:25:52]
[Information][10/29/2020 19:00:00]
Initialized Unitask correctly for ECS
[10/30/2020 11:26:04]
[Information][10/29/2020 19:00:00]
Closing Logger and Disposing
[10/30/2020 11:26:53]
[Information][10/29/2020 19:00:00]
ReInitialized Unitask after Initialization of ECS is complete
[10/30/2020 11:26:53]
[Information][10/29/2020 19:00:00]
Unitask Player loop is ready? True
[10/30/2020 11:26:53]
[Information][10/29/2020 19:00:00]
Initialized Unitask correctly for ECS
[10/30/2020 11:27:07]
[Information][10/29/2020 19:00:00]
Closing Logger and Disposing
[10/30/2020 11:29:12]
[Information][10/29/2020 19:00:00]
ReInitialized Unitask after Initialization of ECS is complete
[10/30/2020 11:29:12]
[Information][10/29/2020 19:00:00]
Unitask Player loop is ready? True
[10/30/2020 11:29:12]
[Information][10/29/2020 19:00:00]
Initialized Unitask correctly for ECS
[10/30/2020 11:29:24]
[Information][10/29/2020 19:00:00]
Closing Logger and Disposing
[10/30/2020 11:31:11]
[Information][10/29/2020 19:00:00]
ReInitialized Unitask after Initialization of ECS is complete
[10/30/2020 11:31:11]
[Information][10/29/2020 19:00:00]
Unitask Player loop is ready? True
[10/30/2020 11:31:11]
[Information][10/29/2020 19:00:00]
Initialized Unitask correctly for ECS
[10/30/2020 11:31:47]
[Information][10/29/2020 19:00:00]
Closing Logger and Disposing
[10/30/2020 12:46:32]
[Information][10/29/2020 19:00:00]
ReInitialized Unitask after Initialization of ECS is complete
[10/30/2020 12:46:32]
[Information][10/29/2020 19:00:00]
Unitask Player loop is ready? True
[10/30/2020 12:46:32]
[Information][10/29/2020 19:00:00]
Initialized Unitask correctly for ECS
[10/30/2020 12:47:50]
[Information][10/29/2020 19:00:00]
Closing Logger and Disposing
[10/30/2020 12:53:17]
[Information][10/29/2020 19:00:00]
ReInitialized Unitask after Initialization of ECS is complete
[10/30/2020 12:53:17]
[Information][10/29/2020 19:00:00]
Unitask Player loop is ready? True
[10/30/2020 12:53:17]
[Information][10/29/2020 19:00:00]
Initialized Unitask correctly for ECS
[10/30/2020 12:53:36]
[Information][10/29/2020 19:00:00]
Closing Logger and Disposing
[10/30/2020 13:06:14]
[Information][10/29/2020 19:00:00]
ReInitialized Unitask after Initialization of ECS is complete
[10/30/2020 13:06:14]
[Information][10/29/2020 19:00:00]
Unitask Player loop is ready? True
[10/30/2020 13:06:14]
[Information][10/29/2020 19:00:00]
Initialized Unitask correctly for ECS
[10/30/2020 13:06:18]
[Information][10/29/2020 19:00:00]
Closing Logger and Disposing
[10/30/2020 13:06:46]
[Information][10/29/2020 19:00:00]
ReInitialized Unitask after Initialization of ECS is complete
[10/30/2020 13:06:46]
[Information][10/29/2020 19:00:00]
Unitask Player loop is ready? True
[10/30/2020 13:06:46]
[Information][10/29/2020 19:00:00]
Initialized Unitask correctly for ECS
[10/30/2020 13:06:52]
[Information][10/29/2020 19:00:00]
Closing Logger and Disposing
[10/30/2020 13:07:08]
[Information][10/29/2020 19:00:00]
ReInitialized Unitask after Initialization of ECS is complete
[10/30/2020 13:07:08]
[Information][10/29/2020 19:00:00]
Unitask Player loop is ready? True
[10/30/2020 13:07:08]
[Information][10/29/2020 19:00:00]
Initialized Unitask correctly for ECS
[10/30/2020 13:07:30]
[Information][10/29/2020 19:00:00]
Closing Logger and Disposing
[10/30/2020 13:07:50]
[Information][10/29/2020 19:00:00]
ReInitialized Unitask after Initialization of ECS is complete
[10/30/2020 13:07:50]
[Information][10/29/2020 19:00:00]
Unitask Player loop is ready? True
[10/30/2020 13:07:50]
[Information][10/29/2020 19:00:00]
Initialized Unitask correctly for ECS
[10/30/2020 13:08:21]
[Information][10/29/2020 19:00:00]
Closing Logger and Disposing
[10/30/2020 13:19:19]
[Information][10/29/2020 19:00:00]
ReInitialized Unitask after Initialization of ECS is complete
[10/30/2020 13:19:19]
[Information][10/29/2020 19:00:00]
Unitask Player loop is ready? True
[10/30/2020 13:19:19]
[Information][10/29/2020 19:00:00]
Initialized Unitask correctly for ECS
[10/30/2020 13:19:37]
[Information][10/29/2020 19:00:00]
Closing Logger and Disposing
[10/30/2020 13:38:24]
[Information][10/29/2020 19:00:00]
ReInitialized Unitask after Initialization of ECS is complete
[10/30/2020 13:38:24]
[Information][10/29/2020 19:00:00]
Unitask Player loop is ready? True
[10/30/2020 13:38:24]
[Information][10/29/2020 19:00:00]
Initialized Unitask correctly for ECS
[10/30/2020 13:38:32]
[Information][10/29/2020 19:00:00]
Closing Logger and Disposing
[10/30/2020 13:39:09]
[Information][10/29/2020 19:00:00]
ReInitialized Unitask after Initialization of ECS is complete
[10/30/2020 13:39:09]
[Information][10/29/2020 19:00:00]
Unitask Player loop is ready? True
[10/30/2020 13:39:09]
[Information][10/29/2020 19:00:00]
Initialized Unitask correctly for ECS
[10/30/2020 13:39:17]
[Information][10/29/2020 19:00:00]
Closing Logger and Disposing
[10/30/2020 13:40:30]
[Information][10/29/2020 19:00:00]
ReInitialized Unitask after Initialization of ECS is complete
[10/30/2020 13:40:30]
[Information][10/29/2020 19:00:00]
Unitask Player loop is ready? True
[10/30/2020 13:40:30]
[Information][10/29/2020 19:00:00]
Initialized Unitask correctly for ECS
[10/30/2020 13:40:39]
[Information][10/29/2020 19:00:00]
Closing Logger and Disposing
[10/30/2020 13:41:07]
[Information][10/29/2020 19:00:00]
ReInitialized Unitask after Initialization of ECS is complete
[10/30/2020 13:41:07]
[Information][10/29/2020 19:00:00]
Unitask Player loop is ready? True
[10/30/2020 13:41:07]
[Information][10/29/2020 19:00:00]
Initialized Unitask correctly for ECS
[10/30/2020 13:41:14]
[Information][10/29/2020 19:00:00]
Closing Logger and Disposing
[10/30/2020 13:41:33]
[Information][10/29/2020 19:00:00]
ReInitialized Unitask after Initialization of ECS is complete
[10/30/2020 13:41:33]
[Information][10/29/2020 19:00:00]
Unitask Player loop is ready? True
[10/30/2020 13:41:33]
[Information][10/29/2020 19:00:00]
Initialized Unitask correctly for ECS
[10/30/2020 13:41:39]
[Information][10/29/2020 19:00:00]
Closing Logger and Disposing
[10/30/2020 13:42:26]
[Information][10/29/2020 19:00:00]
ReInitialized Unitask after Initialization of ECS is complete
[10/30/2020 13:42:26]
[Information][10/29/2020 19:00:00]
Unitask Player loop is ready? True
[10/30/2020 13:42:26]
[Information][10/29/2020 19:00:00]
Initialized Unitask correctly for ECS
[10/30/2020 13:42:35]
[Information][10/29/2020 19:00:00]
Closing Logger and Disposing
[10/30/2020 13:43:27]
[Information][10/29/2020 19:00:00]
ReInitialized Unitask after Initialization of ECS is complete
[10/30/2020 13:43:27]
[Information][10/29/2020 19:00:00]
Unitask Player loop is ready? True
[10/30/2020 13:43:27]
[Information][10/29/2020 19:00:00]
Initialized Unitask correctly for ECS
[10/30/2020 13:44:35]
[Information][10/29/2020 19:00:00]
Closing Logger and Disposing
[10/30/2020 13:45:17]
[Information][10/29/2020 19:00:00]
ReInitialized Unitask after Initialization of ECS is complete
[10/30/2020 13:45:17]
[Information][10/29/2020 19:00:00]
Unitask Player loop is ready? True
[10/30/2020 13:45:17]
[Information][10/29/2020 19:00:00]
Initialized Unitask correctly for ECS
[10/30/2020 13:48:09]
[Information][10/29/2020 19:00:00]
Closing Logger and Disposing
[10/30/2020 13:59:41]
[Information][10/29/2020 19:00:00]
ReInitialized Unitask after Initialization of ECS is complete
[10/30/2020 13:59:41]
[Information][10/29/2020 19:00:00]
Unitask Player loop is ready? True
[10/30/2020 13:59:41]
[Information][10/29/2020 19:00:00]
Initialized Unitask correctly for ECS
[10/30/2020 14:00:32]
[Information][10/29/2020 19:00:00]
Closing Logger and Disposing
[10/30/2020 14:18:57]
[Information][10/29/2020 19:00:00]
ReInitialized Unitask after Initialization of ECS is complete
[10/30/2020 14:18:57]
[Information][10/29/2020 19:00:00]
Unitask Player loop is ready? True
[10/30/2020 14:18:57]
[Information][10/29/2020 19:00:00]
Initialized Unitask correctly for ECS
[10/30/2020 14:20:26]
[Information][10/29/2020 19:00:00]
Closing Logger and Disposing
[10/30/2020 14:25:56]
[Information][10/29/2020 19:00:00]
ReInitialized Unitask after Initialization of ECS is complete
[10/30/2020 14:25:56]
[Information][10/29/2020 19:00:00]
Unitask Player loop is ready? True
[10/30/2020 14:25:56]
[Information][10/29/2020 19:00:00]
Initialized Unitask correctly for ECS
[10/30/2020 14:26:59]
[Information][10/29/2020 19:00:00]
Closing Logger and Disposing
[10/30/2020 14:27:21]
[Information][10/29/2020 19:00:00]
ReInitialized Unitask after Initialization of ECS is complete
[10/30/2020 14:27:21]
[Information][10/29/2020 19:00:00]
Unitask Player loop is ready? True
[10/30/2020 14:27:21]
[Information][10/29/2020 19:00:00]
Initialized Unitask correctly for ECS
[10/30/2020 14:27:30]
[Information][10/29/2020 19:00:00]
Closing Logger and Disposing
[10/30/2020 14:27:43]
[Information][10/29/2020 19:00:00]
ReInitialized Unitask after Initialization of ECS is complete
[10/30/2020 14:27:43]
[Information][10/29/2020 19:00:00]
Unitask Player loop is ready? True
[10/30/2020 14:27:43]
[Information][10/29/2020 19:00:00]
Initialized Unitask correctly for ECS
[10/30/2020 14:33:04]
[Information][10/29/2020 19:00:00]
Closing Logger and Disposing
[10/30/2020 14:33:20]
[Information][10/29/2020 19:00:00]
ReInitialized Unitask after Initialization of ECS is complete
[10/30/2020 14:33:20]
[Information][10/29/2020 19:00:00]
Unitask Player loop is ready? True
[10/30/2020 14:33:20]
[Information][10/29/2020 19:00:00]
Initialized Unitask correctly for ECS
[10/30/2020 14:36:51]
[Information][10/29/2020 19:00:00]
Closing Logger and Disposing
[10/30/2020 14:38:37]
[Information][10/29/2020 19:00:00]
ReInitialized Unitask after Initialization of ECS is complete
[10/30/2020 14:38:37]
[Information][10/29/2020 19:00:00]
Unitask Player loop is ready? True
[10/30/2020 14:38:37]
[Information][10/29/2020 19:00:00]
Initialized Unitask correctly for ECS
[10/30/2020 14:39:38]
[Information][10/29/2020 19:00:00]
Closing Logger and Disposing
[10/30/2020 14:40:26]
[Information][10/29/2020 19:00:00]
ReInitialized Unitask after Initialization of ECS is complete
[10/30/2020 14:40:26]
[Information][10/29/2020 19:00:00]
Unitask Player loop is ready? True
[10/30/2020 14:40:26]
[Information][10/29/2020 19:00:00]
Initialized Unitask correctly for ECS
[10/30/2020 14:40:47]
[Information][10/29/2020 19:00:00]
Closing Logger and Disposing
[10/30/2020 14:45:42]
[Information][10/29/2020 19:00:00]
ReInitialized Unitask after Initialization of ECS is complete
[10/30/2020 14:45:42]
[Information][10/29/2020 19:00:00]
Unitask Player loop is ready? True
[10/30/2020 14:45:42]
[Information][10/29/2020 19:00:00]
Initialized Unitask correctly for ECS
[10/30/2020 14:49:30]
[Information][10/29/2020 19:00:00]
Closing Logger and Disposing
[10/30/2020 14:57:45]
[Information][10/29/2020 19:00:00]
ReInitialized Unitask after Initialization of ECS is complete
[10/30/2020 14:57:45]
[Information][10/29/2020 19:00:00]
Unitask Player loop is ready? True
[10/30/2020 14:57:45]
[Information][10/29/2020 19:00:00]
Initialized Unitask correctly for ECS
[10/30/2020 15:04:58]
[Information][10/29/2020 19:00:00]
Closing Logger and Disposing
[10/30/2020 15:05:16]
[Information][10/29/2020 19:00:00]
ReInitialized Unitask after Initialization of ECS is complete
[10/30/2020 15:05:16]
[Information][10/29/2020 19:00:00]
Unitask Player loop is ready? True
[10/30/2020 15:05:16]
[Information][10/29/2020 19:00:00]
Initialized Unitask correctly for ECS
[10/30/2020 15:06:06]
[Information][10/29/2020 19:00:00]
Closing Logger and Disposing
[10/30/2020 15:06:21]
[Information][10/29/2020 19:00:00]
ReInitialized Unitask after Initialization of ECS is complete
[10/30/2020 15:06:22]
[Information][10/29/2020 19:00:00]
Unitask Player loop is ready? True
[10/30/2020 15:06:22]
[Information][10/29/2020 19:00:00]
Initialized Unitask correctly for ECS
[10/30/2020 15:07:16]
[Information][10/29/2020 19:00:00]
Closing Logger and Disposing
[10/30/2020 15:09:28]
[Information][10/29/2020 19:00:00]
ReInitialized Unitask after Initialization of ECS is complete
[10/30/2020 15:09:28]
[Information][10/29/2020 19:00:00]
Unitask Player loop is ready? True
[10/30/2020 15:09:28]
[Information][10/29/2020 19:00:00]
Initialized Unitask correctly for ECS
[10/30/2020 15:09:54]
[Information][10/29/2020 19:00:00]
Closing Logger and Disposing
[10/30/2020 15:10:23]
[Information][10/29/2020 19:00:00]
ReInitialized Unitask after Initialization of ECS is complete
[10/30/2020 15:10:23]
[Information][10/29/2020 19:00:00]
Unitask Player loop is ready? True
[10/30/2020 15:10:23]
[Information][10/29/2020 19:00:00]
Initialized Unitask correctly for ECS
[10/30/2020 15:11:15]
[Information][10/29/2020 19:00:00]
Closing Logger and Disposing
[10/30/2020 15:11:49]
[Information][10/29/2020 19:00:00]
ReInitialized Unitask after Initialization of ECS is complete
[10/30/2020 15:11:49]
[Information][10/29/2020 19:00:00]
Unitask Player loop is ready? True
[10/30/2020 15:11:49]
[Information][10/29/2020 19:00:00]
Initialized Unitask correctly for ECS
[10/30/2020 15:12:06]
[Information][10/29/2020 19:00:00]
Closing Logger and Disposing
[10/30/2020 15:12:29]
[Information][10/29/2020 19:00:00]
ReInitialized Unitask after Initialization of ECS is complete
[10/30/2020 15:12:29]
[Information][10/29/2020 19:00:00]
Unitask Player loop is ready? True
[10/30/2020 15:12:29]
[Information][10/29/2020 19:00:00]
Initialized Unitask correctly for ECS
[10/30/2020 15:12:43]
[Information][10/29/2020 19:00:00]
Closing Logger and Disposing
[10/30/2020 15:14:18]
[Information][10/29/2020 19:00:00]
ReInitialized Unitask after Initialization of ECS is complete
[10/30/2020 15:14:18]
[Information][10/29/2020 19:00:00]
Unitask Player loop is ready? True
[10/30/2020 15:14:18]
[Information][10/29/2020 19:00:00]
Initialized Unitask correctly for ECS
[10/30/2020 15:20:28]
[Information][10/29/2020 19:00:00]
Closing Logger and Disposing
[10/30/2020 15:20:41]
[Information][10/29/2020 19:00:00]
ReInitialized Unitask after Initialization of ECS is complete
[10/30/2020 15:20:41]
[Information][10/29/2020 19:00:00]
Unitask Player loop is ready? True
[10/30/2020 15:20:41]
[Information][10/29/2020 19:00:00]
Initialized Unitask correctly for ECS
[10/30/2020 15:20:48]
[Information][10/29/2020 19:00:00]
Closing Logger and Disposing
[10/30/2020 15:21:43]
[Information][10/29/2020 19:00:00]
ReInitialized Unitask after Initialization of ECS is complete
[10/30/2020 15:21:43]
[Information][10/29/2020 19:00:00]
Unitask Player loop is ready? True
[10/30/2020 15:21:43]
[Information][10/29/2020 19:00:00]
Initialized Unitask correctly for ECS
[10/30/2020 15:22:23]
[Information][10/29/2020 19:00:00]
Closing Logger and Disposing
[10/30/2020 15:25:18]
[Information][10/29/2020 19:00:00]
ReInitialized Unitask after Initialization of ECS is complete
[10/30/2020 15:25:18]
[Information][10/29/2020 19:00:00]
Unitask Player loop is ready? True
[10/30/2020 15:25:18]
[Information][10/29/2020 19:00:00]
Initialized Unitask correctly for ECS
[10/30/2020 15:25:30]
[Information][10/29/2020 19:00:00]
Closing Logger and Disposing
[10/30/2020 15:26:06]
[Information][10/29/2020 19:00:00]
ReInitialized Unitask after Initialization of ECS is complete
[10/30/2020 15:26:06]
[Information][10/29/2020 19:00:00]
Unitask Player loop is ready? True
[10/30/2020 15:26:06]
[Information][10/29/2020 19:00:00]
Initialized Unitask correctly for ECS
[10/30/2020 15:26:18]
[Information][10/29/2020 19:00:00]
Closing Logger and Disposing
[10/30/2020 15:26:42]
[Information][10/29/2020 19:00:00]
ReInitialized Unitask after Initialization of ECS is complete
[10/30/2020 15:26:42]
[Information][10/29/2020 19:00:00]
Unitask Player loop is ready? True
[10/30/2020 15:26:42]
[Information][10/29/2020 19:00:00]
Initialized Unitask correctly for ECS
[10/30/2020 15:27:22]
[Information][10/29/2020 19:00:00]
Closing Logger and Disposing
[10/30/2020 15:28:02]
[Information][10/29/2020 19:00:00]
ReInitialized Unitask after Initialization of ECS is complete
[10/30/2020 15:28:02]
[Information][10/29/2020 19:00:00]
Unitask Player loop is ready? True
[10/30/2020 15:28:02]
[Information][10/29/2020 19:00:00]
Initialized Unitask correctly for ECS
[10/30/2020 15:28:35]
[Information][10/29/2020 19:00:00]
Closing Logger and Disposing
[10/30/2020 15:29:25]
[Information][10/29/2020 19:00:00]
ReInitialized Unitask after Initialization of ECS is complete
[10/30/2020 15:29:25]
[Information][10/29/2020 19:00:00]
Unitask Player loop is ready? True
[10/30/2020 15:29:25]
[Information][10/29/2020 19:00:00]
Initialized Unitask correctly for ECS
[10/30/2020 15:29:34]
[Information][10/29/2020 19:00:00]
Closing Logger and Disposing
[10/30/2020 15:30:22]
[Information][10/29/2020 19:00:00]
ReInitialized Unitask after Initialization of ECS is complete
[10/30/2020 15:30:22]
[Information][10/29/2020 19:00:00]
Unitask Player loop is ready? True
[10/30/2020 15:30:22]
[Information][10/29/2020 19:00:00]
Initialized Unitask correctly for ECS
[10/30/2020 15:30:53]
[Information][10/29/2020 19:00:00]
Closing Logger and Disposing
[10/30/2020 15:31:19]
[Information][10/29/2020 19:00:00]
ReInitialized Unitask after Initialization of ECS is complete
[10/30/2020 15:31:19]
[Information][10/29/2020 19:00:00]
Unitask Player loop is ready? True
[10/30/2020 15:31:19]
[Information][10/29/2020 19:00:00]
Initialized Unitask correctly for ECS
[10/30/2020 15:31:56]
[Information][10/29/2020 19:00:00]
Closing Logger and Disposing
[10/30/2020 15:32:34]
[Information][10/29/2020 19:00:00]
ReInitialized Unitask after Initialization of ECS is complete
[10/30/2020 15:32:34]
[Information][10/29/2020 19:00:00]
Unitask Player loop is ready? True
[10/30/2020 15:32:34]
[Information][10/29/2020 19:00:00]
Initialized Unitask correctly for ECS
[10/30/2020 15:33:51]
[Information][10/29/2020 19:00:00]
Closing Logger and Disposing
[10/30/2020 16:53:02]
[Information][10/29/2020 19:00:00]
ReInitialized Unitask after Initialization of ECS is complete
[10/30/2020 16:53:02]
[Information][10/29/2020 19:00:00]
Unitask Player loop is ready? True
[10/30/2020 16:53:02]
[Information][10/29/2020 19:00:00]
Initialized Unitask correctly for ECS
[10/30/2020 16:53:32]
[Information][10/29/2020 19:00:00]
Closing Logger and Disposing
[10/30/2020 16:54:05]
[Information][10/29/2020 19:00:00]
ReInitialized Unitask after Initialization of ECS is complete
[10/30/2020 16:54:05]
[Information][10/29/2020 19:00:00]
Unitask Player loop is ready? True
[10/30/2020 16:54:05]
[Information][10/29/2020 19:00:00]
Initialized Unitask correctly for ECS
[10/30/2020 16:54:48]
[Information][10/29/2020 19:00:00]
Closing Logger and Disposing
[10/30/2020 16:55:29]
[Information][10/29/2020 19:00:00]
ReInitialized Unitask after Initialization of ECS is complete
[10/30/2020 16:55:29]
[Information][10/29/2020 19:00:00]
Unitask Player loop is ready? True
[10/30/2020 16:55:29]
[Information][10/29/2020 19:00:00]
Initialized Unitask correctly for ECS
[10/30/2020 16:56:37]
[Information][10/29/2020 19:00:00]
Closing Logger and Disposing
[10/30/2020 16:56:51]
[Information][10/29/2020 19:00:00]
ReInitialized Unitask after Initialization of ECS is complete
[10/30/2020 16:56:51]
[Information][10/29/2020 19:00:00]
Unitask Player loop is ready? True
[10/30/2020 16:56:51]
[Information][10/29/2020 19:00:00]
Initialized Unitask correctly for ECS
[10/30/2020 16:57:17]
[Information][10/29/2020 19:00:00]
Closing Logger and Disposing
[10/30/2020 16:59:00]
[Information][10/29/2020 19:00:00]
ReInitialized Unitask after Initialization of ECS is complete
[10/30/2020 16:59:00]
[Information][10/29/2020 19:00:00]
Unitask Player loop is ready? True
[10/30/2020 16:59:00]
[Information][10/29/2020 19:00:00]
Initialized Unitask correctly for ECS
[10/30/2020 16:59:16]
[Information][10/29/2020 19:00:00]
Closing Logger and Disposing
[10/30/2020 16:59:58]
[Information][10/29/2020 19:00:00]
ReInitialized Unitask after Initialization of ECS is complete
[10/30/2020 16:59:58]
[Information][10/29/2020 19:00:00]
Unitask Player loop is ready? True
[10/30/2020 16:59:58]
[Information][10/29/2020 19:00:00]
Initialized Unitask correctly for ECS
[10/30/2020 17:00:25]
[Information][10/29/2020 19:00:00]
Closing Logger and Disposing
[10/30/2020 17:01:30]
[Information][10/29/2020 19:00:00]
ReInitialized Unitask after Initialization of ECS is complete
[10/30/2020 17:01:30]
[Information][10/29/2020 19:00:00]
Unitask Player loop is ready? True
[10/30/2020 17:01:30]
[Information][10/29/2020 19:00:00]
Initialized Unitask correctly for ECS
[10/30/2020 17:01:50]
[Information][10/29/2020 19:00:00]
Closing Logger and Disposing
[10/30/2020 17:05:40]
[Information][10/29/2020 19:00:00]
ReInitialized Unitask after Initialization of ECS is complete
[10/30/2020 17:05:40]
[Information][10/29/2020 19:00:00]
Unitask Player loop is ready? True
[10/30/2020 17:05:40]
[Information][10/29/2020 19:00:00]
Initialized Unitask correctly for ECS
[10/30/2020 17:05:57]
[Information][10/29/2020 19:00:00]
Closing Logger and Disposing
[10/30/2020 17:14:36]
[Information][10/29/2020 19:00:00]
ReInitialized Unitask after Initialization of ECS is complete
[10/30/2020 17:14:36]
[Information][10/29/2020 19:00:00]
Unitask Player loop is ready? True
[10/30/2020 17:14:36]
[Information][10/29/2020 19:00:00]
Initialized Unitask correctly for ECS
[10/30/2020 17:14:54]
[Information][10/29/2020 19:00:00]
Closing Logger and Disposing
[10/30/2020 17:24:34]
[Information][10/29/2020 19:00:00]
ReInitialized Unitask after Initialization of ECS is complete
[10/30/2020 17:24:34]
[Information][10/29/2020 19:00:00]
Unitask Player loop is ready? True
[10/30/2020 17:24:34]
[Information][10/29/2020 19:00:00]
Initialized Unitask correctly for ECS
[10/30/2020 17:24:42]
[Information][10/29/2020 19:00:00]
Closing Logger and Disposing
[10/30/2020 17:26:27]
[Information][10/29/2020 19:00:00]
ReInitialized Unitask after Initialization of ECS is complete
[10/30/2020 17:26:28]
[Information][10/29/2020 19:00:00]
Unitask Player loop is ready? True
[10/30/2020 17:26:28]
[Information][10/29/2020 19:00:00]
Initialized Unitask correctly for ECS
[10/30/2020 17:26:35]
[Information][10/29/2020 19:00:00]
Closing Logger and Disposing
[10/30/2020 17:27:22]
[Information][10/29/2020 19:00:00]
ReInitialized Unitask after Initialization of ECS is complete
[10/30/2020 17:27:22]
[Information][10/29/2020 19:00:00]
Unitask Player loop is ready? True
[10/30/2020 17:27:22]
[Information][10/29/2020 19:00:00]
Initialized Unitask correctly for ECS
[10/30/2020 17:28:03]
[Information][10/29/2020 19:00:00]
Closing Logger and Disposing
[10/30/2020 17:28:16]
[Information][10/29/2020 19:00:00]
ReInitialized Unitask after Initialization of ECS is complete
[10/30/2020 17:28:17]
[Information][10/29/2020 19:00:00]
Unitask Player loop is ready? True
[10/30/2020 17:28:17]
[Information][10/29/2020 19:00:00]
Initialized Unitask correctly for ECS
[10/30/2020 17:28:30]
[Information][10/29/2020 19:00:00]
Closing Logger and Disposing
[10/30/2020 17:28:42]
[Information][10/29/2020 19:00:00]
ReInitialized Unitask after Initialization of ECS is complete
[10/30/2020 17:28:42]
[Information][10/29/2020 19:00:00]
Unitask Player loop is ready? True
[10/30/2020 17:28:42]
[Information][10/29/2020 19:00:00]
Initialized Unitask correctly for ECS
[10/30/2020 17:29:10]
[Information][10/29/2020 19:00:00]
Closing Logger and Disposing
[10/30/2020 17:35:54]
[Information][10/29/2020 19:00:00]
ReInitialized Unitask after Initialization of ECS is complete
[10/30/2020 17:35:54]
[Information][10/29/2020 19:00:00]
Unitask Player loop is ready? True
[10/30/2020 17:35:54]
[Information][10/29/2020 19:00:00]
Initialized Unitask correctly for ECS
[10/30/2020 17:36:04]
[Information][10/29/2020 19:00:00]
Closing Logger and Disposing
[10/30/2020 17:37:09]
[Information][10/29/2020 19:00:00]
ReInitialized Unitask after Initialization of ECS is complete
[10/30/2020 17:37:09]
[Information][10/29/2020 19:00:00]
Unitask Player loop is ready? True
[10/30/2020 17:37:09]
[Information][10/29/2020 19:00:00]
Initialized Unitask correctly for ECS
[10/30/2020 17:37:54]
[Information][10/29/2020 19:00:00]
Closing Logger and Disposing
[10/30/2020 17:38:16]
[Information][10/29/2020 19:00:00]
ReInitialized Unitask after Initialization of ECS is complete
[10/30/2020 17:38:16]
[Information][10/29/2020 19:00:00]
Unitask Player loop is ready? True
[10/30/2020 17:38:16]
[Information][10/29/2020 19:00:00]
Initialized Unitask correctly for ECS
[10/30/2020 17:38:40]
[Information][10/29/2020 19:00:00]
Closing Logger and Disposing
[10/30/2020 17:45:44]
[Information][10/29/2020 19:00:00]
ReInitialized Unitask after Initialization of ECS is complete
[10/30/2020 17:45:44]
[Information][10/29/2020 19:00:00]
Unitask Player loop is ready? True
[10/30/2020 17:45:44]
[Information][10/29/2020 19:00:00]
Initialized Unitask correctly for ECS
[10/30/2020 17:45:54]
[Information][10/29/2020 19:00:00]
Closing Logger and Disposing
[10/30/2020 18:03:36]
[Information][10/29/2020 19:00:00]
ReInitialized Unitask after Initialization of ECS is complete
[10/30/2020 18:03:36]
[Information][10/29/2020 19:00:00]
Unitask Player loop is ready? True
[10/30/2020 18:03:36]
[Information][10/29/2020 19:00:00]
Initialized Unitask correctly for ECS
[10/30/2020 18:05:13]
[Information][10/29/2020 19:00:00]
Closing Logger and Disposing
[10/30/2020 18:05:47]
[Information][10/29/2020 19:00:00]
ReInitialized Unitask after Initialization of ECS is complete
[10/30/2020 18:05:47]
[Information][10/29/2020 19:00:00]
Unitask Player loop is ready? True
[10/30/2020 18:05:47]
[Information][10/29/2020 19:00:00]
Initialized Unitask correctly for ECS
[10/30/2020 18:05:57]
[Information][10/29/2020 19:00:00]
Closing Logger and Disposing
[10/30/2020 18:35:23]
[Information][10/29/2020 19:00:00]
ReInitialized Unitask after Initialization of ECS is complete
[10/30/2020 18:35:23]
[Information][10/29/2020 19:00:00]
Unitask Player loop is ready? True
[10/30/2020 18:35:23]
[Information][10/29/2020 19:00:00]
Initialized Unitask correctly for ECS
[10/30/2020 18:35:43]
[Information][10/29/2020 19:00:00]
Closing Logger and Disposing
[10/30/2020 18:57:34]
[Information][10/29/2020 19:00:00]
ReInitialized Unitask after Initialization of ECS is complete
[10/30/2020 18:57:34]
[Information][10/29/2020 19:00:00]
Unitask Player loop is ready? True
[10/30/2020 18:57:34]
[Information][10/29/2020 19:00:00]
Initialized Unitask correctly for ECS
[10/30/2020 19:01:31]
[Information][10/30/2020 19:00:00]
Closing Logger and Disposing
[10/30/2020 19:02:57]
[Information][10/30/2020 19:00:00]
ReInitialized Unitask after Initialization of ECS is complete
[10/30/2020 19:02:57]
[Information][10/30/2020 19:00:00]
Unitask Player loop is ready? True
[10/30/2020 19:02:57]
[Information][10/30/2020 19:00:00]
Initialized Unitask correctly for ECS
[10/30/2020 19:03:08]
[Information][10/30/2020 19:00:00]
Closing Logger and Disposing
[10/30/2020 19:03:41]
[Information][10/30/2020 19:00:00]
ReInitialized Unitask after Initialization of ECS is complete
[10/30/2020 19:03:41]
[Information][10/30/2020 19:00:00]
Unitask Player loop is ready? True
[10/30/2020 19:03:41]
[Information][10/30/2020 19:00:00]
Initialized Unitask correctly for ECS
[10/30/2020 19:04:01]
[Information][10/30/2020 19:00:00]
Closing Logger and Disposing
[10/30/2020 19:14:48]
[Information][10/30/2020 19:00:00]
ReInitialized Unitask after Initialization of ECS is complete
[10/30/2020 19:14:48]
[Information][10/30/2020 19:00:00]
Unitask Player loop is ready? True
[10/30/2020 19:14:48]
[Information][10/30/2020 19:00:00]
Initialized Unitask correctly for ECS
[10/30/2020 19:15:53]
[Information][10/30/2020 19:00:00]
Closing Logger and Disposing
[10/30/2020 19:21:15]
[Information][10/30/2020 19:00:00]
ReInitialized Unitask after Initialization of ECS is complete
[10/30/2020 19:21:15]
[Information][10/30/2020 19:00:00]
Unitask Player loop is ready? True
[10/30/2020 19:21:15]
[Information][10/30/2020 19:00:00]
Initialized Unitask correctly for ECS
[10/30/2020 19:22:59]
[Information][10/30/2020 19:00:00]
Closing Logger and Disposing
[10/30/2020 19:30:32]
[Information][10/30/2020 19:00:00]
ReInitialized Unitask after Initialization of ECS is complete
[10/30/2020 19:30:32]
[Information][10/30/2020 19:00:00]
Unitask Player loop is ready? True
[10/30/2020 19:30:32]
[Information][10/30/2020 19:00:00]
Initialized Unitask correctly for ECS
[10/30/2020 19:30:38]
[Information][10/30/2020 19:00:00]
Closing Logger and Disposing
[10/30/2020 19:41:08]
[Information][10/30/2020 19:00:00]
ReInitialized Unitask after Initialization of ECS is complete
[10/30/2020 19:41:08]
[Information][10/30/2020 19:00:00]
Unitask Player loop is ready? True
[10/30/2020 19:41:08]
[Information][10/30/2020 19:00:00]
Initialized Unitask correctly for ECS
[10/30/2020 20:04:31]
[Information][10/30/2020 19:00:00]
Closing Logger and Disposing
[10/30/2020 20:04:50]
[Information][10/30/2020 19:00:00]
ReInitialized Unitask after Initialization of ECS is complete
[10/30/2020 20:04:50]
[Information][10/30/2020 19:00:00]
Unitask Player loop is ready? True
[10/30/2020 20:04:50]
[Information][10/30/2020 19:00:00]
Initialized Unitask correctly for ECS
[10/30/2020 20:09:10]
[Information][10/30/2020 19:00:00]
Closing Logger and Disposing
[10/30/2020 20:10:12]
[Information][10/30/2020 19:00:00]
ReInitialized Unitask after Initialization of ECS is complete
[10/30/2020 20:10:12]
[Information][10/30/2020 19:00:00]
Unitask Player loop is ready? True
[10/30/2020 20:10:12]
[Information][10/30/2020 19:00:00]
Initialized Unitask correctly for ECS
[10/30/2020 20:10:40]
[Information][10/30/2020 19:00:00]
Closing Logger and Disposing
[10/30/2020 20:11:08]
[Information][10/30/2020 19:00:00]
ReInitialized Unitask after Initialization of ECS is complete
[10/30/2020 20:11:08]
[Information][10/30/2020 19:00:00]
Unitask Player loop is ready? True
[10/30/2020 20:11:08]
[Information][10/30/2020 19:00:00]
Initialized Unitask correctly for ECS
[10/30/2020 20:17:45]
[Information][10/30/2020 19:00:00]
Closing Logger and Disposing
[10/30/2020 20:25:06]
[Information][10/30/2020 19:00:00]
ReInitialized Unitask after Initialization of ECS is complete
[10/30/2020 20:25:06]
[Information][10/30/2020 19:00:00]
Unitask Player loop is ready? True
[10/30/2020 20:25:06]
[Information][10/30/2020 19:00:00]
Initialized Unitask correctly for ECS
[10/30/2020 20:27:22]
[Information][10/30/2020 19:00:00]
Closing Logger and Disposing
[10/30/2020 20:32:50]
[Information][10/30/2020 19:00:00]
ReInitialized Unitask after Initialization of ECS is complete
[10/30/2020 20:32:50]
[Information][10/30/2020 19:00:00]
Unitask Player loop is ready? True
[10/30/2020 20:32:50]
[Information][10/30/2020 19:00:00]
Initialized Unitask correctly for ECS
[10/30/2020 20:33:24]
[Information][10/30/2020 19:00:00]
Closing Logger and Disposing
[10/30/2020 23:06:38]
[Information][10/30/2020 19:00:00]
ReInitialized Unitask after Initialization of ECS is complete
[10/30/2020 23:06:38]
[Information][10/30/2020 19:00:00]
Unitask Player loop is ready? True
[10/30/2020 23:06:38]
[Information][10/30/2020 19:00:00]
Initialized Unitask correctly for ECS
[10/30/2020 23:07:57]
[Information][10/30/2020 19:00:00]
Closing Logger and Disposing
[10/30/2020 23:55:08]
[Information][10/30/2020 19:00:00]
ReInitialized Unitask after Initialization of ECS is complete
[10/30/2020 23:55:08]
[Information][10/30/2020 19:00:00]
Unitask Player loop is ready? True
[10/30/2020 23:55:08]
[Information][10/30/2020 19:00:00]
Initialized Unitask correctly for ECS
[10/30/2020 23:55:26]
[Information][10/30/2020 19:00:00]
Closing Logger and Disposing
[10/30/2020 23:56:51]
[Information][10/30/2020 19:00:00]
ReInitialized Unitask after Initialization of ECS is complete
[10/30/2020 23:56:51]
[Information][10/30/2020 19:00:00]
Unitask Player loop is ready? True
[10/30/2020 23:56:51]
[Information][10/30/2020 19:00:00]
Initialized Unitask correctly for ECS
[10/30/2020 23:57:00]
[Information][10/30/2020 19:00:00]
Closing Logger and Disposing
[10/30/2020 23:57:53]
[Information][10/30/2020 19:00:00]
ReInitialized Unitask after Initialization of ECS is complete
[10/30/2020 23:57:53]
[Information][10/30/2020 19:00:00]
Unitask Player loop is ready? True
[10/30/2020 23:57:53]
[Information][10/30/2020 19:00:00]
Initialized Unitask correctly for ECS
[10/30/2020 23:58:20]
[Information][10/30/2020 19:00:00]
Closing Logger and Disposing
[10/30/2020 23:59:23]
[Information][10/30/2020 19:00:00]
ReInitialized Unitask after Initialization of ECS is complete
[10/30/2020 23:59:23]
[Information][10/30/2020 19:00:00]
Unitask Player loop is ready? True
[10/30/2020 23:59:23]
[Information][10/30/2020 19:00:00]
Initialized Unitask correctly for ECS
[10/30/2020 23:59:44]
[Information][10/30/2020 19:00:00]
Closing Logger and Disposing
