[11/11/2020 15:57:08]
[Information][11/10/2020 18:00:00]
ReInitialized Unitask after Initialization of ECS is complete
[11/11/2020 15:57:08]
[Information][11/10/2020 18:00:00]
Unitask Player loop is ready? True
[11/11/2020 15:57:08]
[Information][11/10/2020 18:00:00]
Initialized Unitask correctly for ECS
[11/11/2020 15:57:10]
[Information][11/10/2020 18:00:00]
(+) [Scene State] ENTERED state: MenuScene
[11/11/2020 17:47:19]
[Information][11/10/2020 18:00:00]
Closing Logger and Disposing
[11/11/2020 19:12:41]
[Information][11/11/2020 18:00:00]
ReInitialized Unitask after Initialization of ECS is complete
[11/11/2020 19:12:41]
[Information][11/11/2020 18:00:00]
Unitask Player loop is ready? True
[11/11/2020 19:12:41]
[Information][11/11/2020 18:00:00]
Initialized Unitask correctly for ECS
[11/11/2020 19:13:11]
[Information][11/11/2020 18:00:00]
Closing Logger and Disposing
