[03/08/2021 03:50:12]
[Information][03/07/2021 18:00:00]
ReInitialized Unitask after Initialization of ECS is complete
[03/08/2021 03:50:12]
[Information][03/07/2021 18:00:00]
Unitask Player loop is ready? True
[03/08/2021 03:50:12]
[Information][03/07/2021 18:00:00]
Initialized Unitask correctly for ECS
[03/08/2021 03:50:57]
[Information][03/07/2021 18:00:00]
Closing Logger and Disposing
[03/08/2021 04:25:00]
[Information][03/07/2021 18:00:00]
ReInitialized Unitask after Initialization of ECS is complete
[03/08/2021 04:25:00]
[Information][03/07/2021 18:00:00]
Unitask Player loop is ready? True
[03/08/2021 04:25:00]
[Information][03/07/2021 18:00:00]
Initialized Unitask correctly for ECS
[03/08/2021 04:25:07]
[Information][03/07/2021 18:00:00]
Closing Logger and Disposing
[03/08/2021 04:25:36]
[Information][03/07/2021 18:00:00]
ReInitialized Unitask after Initialization of ECS is complete
[03/08/2021 04:25:36]
[Information][03/07/2021 18:00:00]
Unitask Player loop is ready? True
[03/08/2021 04:25:36]
[Information][03/07/2021 18:00:00]
Initialized Unitask correctly for ECS
[03/08/2021 04:25:38]
[Information][03/07/2021 18:00:00]
Closing Logger and Disposing
[03/08/2021 04:25:52]
[Information][03/07/2021 18:00:00]
ReInitialized Unitask after Initialization of ECS is complete
[03/08/2021 04:25:52]
[Information][03/07/2021 18:00:00]
Unitask Player loop is ready? True
[03/08/2021 04:25:52]
[Information][03/07/2021 18:00:00]
Initialized Unitask correctly for ECS
[03/08/2021 04:25:59]
[Information][03/07/2021 18:00:00]
Closing Logger and Disposing
[03/08/2021 04:26:55]
[Information][03/07/2021 18:00:00]
ReInitialized Unitask after Initialization of ECS is complete
[03/08/2021 04:26:55]
[Information][03/07/2021 18:00:00]
Unitask Player loop is ready? True
[03/08/2021 04:26:55]
[Information][03/07/2021 18:00:00]
Initialized Unitask correctly for ECS
[03/08/2021 04:27:01]
[Information][03/07/2021 18:00:00]
Closing Logger and Disposing
[03/08/2021 04:27:56]
[Information][03/07/2021 18:00:00]
ReInitialized Unitask after Initialization of ECS is complete
[03/08/2021 04:27:56]
[Information][03/07/2021 18:00:00]
Unitask Player loop is ready? True
[03/08/2021 04:27:56]
[Information][03/07/2021 18:00:00]
Initialized Unitask correctly for ECS
[03/08/2021 04:28:06]
[Information][03/07/2021 18:00:00]
Closing Logger and Disposing
[03/08/2021 04:28:29]
[Information][03/07/2021 18:00:00]
ReInitialized Unitask after Initialization of ECS is complete
[03/08/2021 04:28:29]
[Information][03/07/2021 18:00:00]
Unitask Player loop is ready? True
[03/08/2021 04:28:29]
[Information][03/07/2021 18:00:00]
Initialized Unitask correctly for ECS
[03/08/2021 04:28:56]
[Information][03/07/2021 18:00:00]
Closing Logger and Disposing
[03/08/2021 04:31:57]
[Information][03/07/2021 18:00:00]
ReInitialized Unitask after Initialization of ECS is complete
[03/08/2021 04:31:57]
[Information][03/07/2021 18:00:00]
Unitask Player loop is ready? True
[03/08/2021 04:31:57]
[Information][03/07/2021 18:00:00]
Initialized Unitask correctly for ECS
[03/08/2021 04:32:19]
[Information][03/07/2021 18:00:00]
Closing Logger and Disposing
[03/08/2021 04:32:53]
[Information][03/07/2021 18:00:00]
ReInitialized Unitask after Initialization of ECS is complete
[03/08/2021 04:32:53]
[Information][03/07/2021 18:00:00]
Unitask Player loop is ready? True
[03/08/2021 04:32:53]
[Information][03/07/2021 18:00:00]
Initialized Unitask correctly for ECS
[03/08/2021 04:33:54]
[Information][03/07/2021 18:00:00]
Closing Logger and Disposing
[03/08/2021 04:34:25]
[Information][03/07/2021 18:00:00]
ReInitialized Unitask after Initialization of ECS is complete
[03/08/2021 04:34:25]
[Information][03/07/2021 18:00:00]
Unitask Player loop is ready? True
[03/08/2021 04:34:25]
[Information][03/07/2021 18:00:00]
Initialized Unitask correctly for ECS
[03/08/2021 04:35:02]
[Information][03/07/2021 18:00:00]
Closing Logger and Disposing
[03/08/2021 04:36:11]
[Information][03/07/2021 18:00:00]
ReInitialized Unitask after Initialization of ECS is complete
[03/08/2021 04:36:11]
[Information][03/07/2021 18:00:00]
Unitask Player loop is ready? True
[03/08/2021 04:36:11]
[Information][03/07/2021 18:00:00]
Initialized Unitask correctly for ECS
[03/08/2021 04:36:39]
[Information][03/07/2021 18:00:00]
Closing Logger and Disposing
[03/08/2021 04:40:52]
[Information][03/07/2021 18:00:00]
ReInitialized Unitask after Initialization of ECS is complete
[03/08/2021 04:40:52]
[Information][03/07/2021 18:00:00]
Unitask Player loop is ready? True
[03/08/2021 04:40:52]
[Information][03/07/2021 18:00:00]
Initialized Unitask correctly for ECS
[03/08/2021 04:41:23]
[Information][03/07/2021 18:00:00]
Closing Logger and Disposing
[03/08/2021 04:41:37]
[Information][03/07/2021 18:00:00]
ReInitialized Unitask after Initialization of ECS is complete
[03/08/2021 04:41:37]
[Information][03/07/2021 18:00:00]
Unitask Player loop is ready? True
[03/08/2021 04:41:37]
[Information][03/07/2021 18:00:00]
Initialized Unitask correctly for ECS
[03/08/2021 04:41:44]
[Information][03/07/2021 18:00:00]
Closing Logger and Disposing
[03/08/2021 04:43:04]
[Information][03/07/2021 18:00:00]
ReInitialized Unitask after Initialization of ECS is complete
[03/08/2021 04:43:04]
[Information][03/07/2021 18:00:00]
Unitask Player loop is ready? True
[03/08/2021 04:43:04]
[Information][03/07/2021 18:00:00]
Initialized Unitask correctly for ECS
[03/08/2021 04:43:14]
[Information][03/07/2021 18:00:00]
Closing Logger and Disposing
[03/08/2021 05:08:32]
[Information][03/07/2021 18:00:00]
ReInitialized Unitask after Initialization of ECS is complete
[03/08/2021 05:08:32]
[Information][03/07/2021 18:00:00]
Unitask Player loop is ready? True
[03/08/2021 05:08:32]
[Information][03/07/2021 18:00:00]
Initialized Unitask correctly for ECS
[03/08/2021 05:08:47]
[Information][03/07/2021 18:00:00]
Closing Logger and Disposing
[03/08/2021 05:09:01]
[Information][03/07/2021 18:00:00]
ReInitialized Unitask after Initialization of ECS is complete
[03/08/2021 05:09:01]
[Information][03/07/2021 18:00:00]
Unitask Player loop is ready? True
[03/08/2021 05:09:01]
[Information][03/07/2021 18:00:00]
Initialized Unitask correctly for ECS
[03/08/2021 05:09:17]
[Information][03/07/2021 18:00:00]
Closing Logger and Disposing
[03/08/2021 05:10:26]
[Information][03/07/2021 18:00:00]
ReInitialized Unitask after Initialization of ECS is complete
[03/08/2021 05:10:26]
[Information][03/07/2021 18:00:00]
Unitask Player loop is ready? True
[03/08/2021 05:10:26]
[Information][03/07/2021 18:00:00]
Initialized Unitask correctly for ECS
[03/08/2021 05:11:16]
[Information][03/07/2021 18:00:00]
Closing Logger and Disposing
[03/08/2021 05:43:54]
[Information][03/07/2021 18:00:00]
ReInitialized Unitask after Initialization of ECS is complete
[03/08/2021 05:43:54]
[Information][03/07/2021 18:00:00]
Unitask Player loop is ready? True
[03/08/2021 05:43:54]
[Information][03/07/2021 18:00:00]
Initialized Unitask correctly for ECS
[03/08/2021 05:44:02]
[Information][03/07/2021 18:00:00]
Closing Logger and Disposing
[03/08/2021 05:54:37]
[Information][03/07/2021 18:00:00]
ReInitialized Unitask after Initialization of ECS is complete
[03/08/2021 05:54:37]
[Information][03/07/2021 18:00:00]
Unitask Player loop is ready? True
[03/08/2021 05:54:37]
[Information][03/07/2021 18:00:00]
Initialized Unitask correctly for ECS
[03/08/2021 05:55:44]
[Information][03/07/2021 18:00:00]
Closing Logger and Disposing
[03/08/2021 05:57:34]
[Information][03/07/2021 18:00:00]
ReInitialized Unitask after Initialization of ECS is complete
[03/08/2021 05:57:34]
[Information][03/07/2021 18:00:00]
Unitask Player loop is ready? True
[03/08/2021 05:57:34]
[Information][03/07/2021 18:00:00]
Initialized Unitask correctly for ECS
[03/08/2021 05:58:02]
[Information][03/07/2021 18:00:00]
Closing Logger and Disposing
[03/08/2021 05:59:41]
[Information][03/07/2021 18:00:00]
ReInitialized Unitask after Initialization of ECS is complete
[03/08/2021 05:59:41]
[Information][03/07/2021 18:00:00]
Unitask Player loop is ready? True
[03/08/2021 05:59:41]
[Information][03/07/2021 18:00:00]
Initialized Unitask correctly for ECS
[03/08/2021 06:21:04]
[Information][03/07/2021 18:00:00]
Closing Logger and Disposing
[03/08/2021 06:44:59]
[Information][03/07/2021 18:00:00]
ReInitialized Unitask after Initialization of ECS is complete
[03/08/2021 06:44:59]
[Information][03/07/2021 18:00:00]
Unitask Player loop is ready? True
[03/08/2021 06:44:59]
[Information][03/07/2021 18:00:00]
Initialized Unitask correctly for ECS
[03/08/2021 06:45:07]
[Information][03/07/2021 18:00:00]
Closing Logger and Disposing
[03/08/2021 10:11:43]
[Information][03/07/2021 18:00:00]
ReInitialized Unitask after Initialization of ECS is complete
[03/08/2021 10:11:43]
[Information][03/07/2021 18:00:00]
Unitask Player loop is ready? True
[03/08/2021 10:11:43]
[Information][03/07/2021 18:00:00]
Initialized Unitask correctly for ECS
[03/08/2021 10:11:45]
[Critical][03/07/2021 18:00:00]
Database file hasn't been created yet for : unit-data located in Assets/Resources
[03/08/2021 10:11:45]
[Critical][03/07/2021 18:00:00]
Database file hasn't been created yet for : unit-data located in Assets/Resources
[03/08/2021 10:11:46]
[Critical][03/07/2021 18:00:00]
Database file hasn't been created yet for : unit-data located in Assets/Resources
[03/08/2021 10:11:46]
[Critical][03/07/2021 18:00:00]
Database file hasn't been created yet for : unit-data located in Assets/Resources
[03/08/2021 10:11:46]
[Critical][03/07/2021 18:00:00]
Database file hasn't been created yet for : unit-data located in Assets/Resources
[03/08/2021 10:11:46]
[Critical][03/07/2021 18:00:00]
Database file hasn't been created yet for : unit-data located in Assets/Resources
[03/08/2021 10:11:51]
[Information][03/07/2021 18:00:00]
Closing Logger and Disposing
[03/08/2021 10:15:04]
[Information][03/07/2021 18:00:00]
ReInitialized Unitask after Initialization of ECS is complete
[03/08/2021 10:15:04]
[Information][03/07/2021 18:00:00]
Unitask Player loop is ready? True
[03/08/2021 10:15:04]
[Information][03/07/2021 18:00:00]
Initialized Unitask correctly for ECS
[03/08/2021 10:15:20]
[Information][03/07/2021 18:00:00]
Closing Logger and Disposing
[03/08/2021 10:16:20]
[Information][03/07/2021 18:00:00]
ReInitialized Unitask after Initialization of ECS is complete
[03/08/2021 10:16:20]
[Information][03/07/2021 18:00:00]
Unitask Player loop is ready? True
[03/08/2021 10:16:20]
[Information][03/07/2021 18:00:00]
Initialized Unitask correctly for ECS
[03/08/2021 10:16:40]
[Information][03/07/2021 18:00:00]
Closing Logger and Disposing
[03/08/2021 10:17:29]
[Information][03/07/2021 18:00:00]
ReInitialized Unitask after Initialization of ECS is complete
[03/08/2021 10:17:29]
[Information][03/07/2021 18:00:00]
Unitask Player loop is ready? True
[03/08/2021 10:17:29]
[Information][03/07/2021 18:00:00]
Initialized Unitask correctly for ECS
[03/08/2021 10:17:49]
[Information][03/07/2021 18:00:00]
Closing Logger and Disposing
[03/08/2021 10:55:27]
[Information][03/07/2021 18:00:00]
ReInitialized Unitask after Initialization of ECS is complete
[03/08/2021 10:55:27]
[Information][03/07/2021 18:00:00]
Unitask Player loop is ready? True
[03/08/2021 10:55:27]
[Information][03/07/2021 18:00:00]
Initialized Unitask correctly for ECS
[03/08/2021 10:55:43]
[Information][03/07/2021 18:00:00]
Closing Logger and Disposing
[03/08/2021 10:57:49]
[Information][03/07/2021 18:00:00]
ReInitialized Unitask after Initialization of ECS is complete
[03/08/2021 10:57:49]
[Information][03/07/2021 18:00:00]
Unitask Player loop is ready? True
[03/08/2021 10:57:49]
[Information][03/07/2021 18:00:00]
Initialized Unitask correctly for ECS
[03/08/2021 10:58:02]
[Information][03/07/2021 18:00:00]
Closing Logger and Disposing
[03/08/2021 11:04:47]
[Information][03/07/2021 18:00:00]
ReInitialized Unitask after Initialization of ECS is complete
[03/08/2021 11:04:47]
[Information][03/07/2021 18:00:00]
Unitask Player loop is ready? True
[03/08/2021 11:04:47]
[Information][03/07/2021 18:00:00]
Initialized Unitask correctly for ECS
[03/08/2021 11:05:18]
[Information][03/07/2021 18:00:00]
Closing Logger and Disposing
[03/08/2021 11:06:20]
[Information][03/07/2021 18:00:00]
ReInitialized Unitask after Initialization of ECS is complete
[03/08/2021 11:06:20]
[Information][03/07/2021 18:00:00]
Unitask Player loop is ready? True
[03/08/2021 11:06:20]
[Information][03/07/2021 18:00:00]
Initialized Unitask correctly for ECS
[03/08/2021 11:06:33]
[Information][03/07/2021 18:00:00]
Closing Logger and Disposing
[03/08/2021 11:07:08]
[Information][03/07/2021 18:00:00]
ReInitialized Unitask after Initialization of ECS is complete
[03/08/2021 11:07:08]
[Information][03/07/2021 18:00:00]
Unitask Player loop is ready? True
[03/08/2021 11:07:08]
[Information][03/07/2021 18:00:00]
Initialized Unitask correctly for ECS
[03/08/2021 11:07:36]
[Information][03/07/2021 18:00:00]
Closing Logger and Disposing
[03/08/2021 11:09:43]
[Information][03/07/2021 18:00:00]
ReInitialized Unitask after Initialization of ECS is complete
[03/08/2021 11:09:43]
[Information][03/07/2021 18:00:00]
Unitask Player loop is ready? True
[03/08/2021 11:09:43]
[Information][03/07/2021 18:00:00]
Initialized Unitask correctly for ECS
[03/08/2021 11:10:03]
[Information][03/07/2021 18:00:00]
Closing Logger and Disposing
[03/08/2021 11:11:05]
[Information][03/07/2021 18:00:00]
ReInitialized Unitask after Initialization of ECS is complete
[03/08/2021 11:11:05]
[Information][03/07/2021 18:00:00]
Unitask Player loop is ready? True
[03/08/2021 11:11:05]
[Information][03/07/2021 18:00:00]
Initialized Unitask correctly for ECS
[03/08/2021 11:11:31]
[Information][03/07/2021 18:00:00]
Closing Logger and Disposing
[03/08/2021 11:22:07]
[Information][03/07/2021 18:00:00]
ReInitialized Unitask after Initialization of ECS is complete
[03/08/2021 11:22:07]
[Information][03/07/2021 18:00:00]
Unitask Player loop is ready? True
[03/08/2021 11:22:07]
[Information][03/07/2021 18:00:00]
Initialized Unitask correctly for ECS
[03/08/2021 11:23:08]
[Information][03/07/2021 18:00:00]
Closing Logger and Disposing
[03/08/2021 11:28:45]
[Information][03/07/2021 18:00:00]
ReInitialized Unitask after Initialization of ECS is complete
[03/08/2021 11:28:45]
[Information][03/07/2021 18:00:00]
Unitask Player loop is ready? True
[03/08/2021 11:28:45]
[Information][03/07/2021 18:00:00]
Initialized Unitask correctly for ECS
[03/08/2021 11:28:57]
[Information][03/07/2021 18:00:00]
Closing Logger and Disposing
[03/08/2021 11:33:18]
[Information][03/07/2021 18:00:00]
ReInitialized Unitask after Initialization of ECS is complete
[03/08/2021 11:33:18]
[Information][03/07/2021 18:00:00]
Unitask Player loop is ready? True
[03/08/2021 11:33:18]
[Information][03/07/2021 18:00:00]
Initialized Unitask correctly for ECS
[03/08/2021 11:34:20]
[Information][03/07/2021 18:00:00]
Closing Logger and Disposing
[03/08/2021 11:38:52]
[Information][03/07/2021 18:00:00]
ReInitialized Unitask after Initialization of ECS is complete
[03/08/2021 11:38:52]
[Information][03/07/2021 18:00:00]
Unitask Player loop is ready? True
[03/08/2021 11:38:52]
[Information][03/07/2021 18:00:00]
Initialized Unitask correctly for ECS
[03/08/2021 11:39:16]
[Information][03/07/2021 18:00:00]
Closing Logger and Disposing
