[11/07/2020 00:05:55]
[Information][11/06/2020 18:00:00]
ReInitialized Unitask after Initialization of ECS is complete
[11/07/2020 00:05:55]
[Information][11/06/2020 18:00:00]
Unitask Player loop is ready? True
[11/07/2020 00:05:55]
[Information][11/06/2020 18:00:00]
Initialized Unitask correctly for ECS
[11/07/2020 00:05:57]
[Information][11/06/2020 18:00:00]
(+) SpawnPos ENTERED state: Assassin
[11/07/2020 00:12:02]
[Information][11/06/2020 18:00:00]
Closing Logger and Disposing
[11/07/2020 00:12:24]
[Information][11/06/2020 18:00:00]
ReInitialized Unitask after Initialization of ECS is complete
[11/07/2020 00:12:24]
[Information][11/06/2020 18:00:00]
Unitask Player loop is ready? True
[11/07/2020 00:12:24]
[Information][11/06/2020 18:00:00]
Initialized Unitask correctly for ECS
[11/07/2020 00:12:27]
[Information][11/06/2020 18:00:00]
(+) SpawnPos ENTERED state: Assassin
[11/07/2020 00:13:20]
[Information][11/06/2020 18:00:00]
Closing Logger and Disposing
[11/07/2020 00:13:41]
[Information][11/06/2020 18:00:00]
ReInitialized Unitask after Initialization of ECS is complete
[11/07/2020 00:13:41]
[Information][11/06/2020 18:00:00]
Unitask Player loop is ready? True
[11/07/2020 00:13:41]
[Information][11/06/2020 18:00:00]
Initialized Unitask correctly for ECS
[11/07/2020 00:13:44]
[Information][11/06/2020 18:00:00]
(+) SpawnPos ENTERED state: Assassin
[11/07/2020 00:13:47]
[Information][11/06/2020 18:00:00]
(-) SpawnPos EXITED state: Assassin
[11/07/2020 00:13:47]
[Information][11/06/2020 18:00:00]
(+) SpawnPos ENTERED state: Necromancer
[11/07/2020 00:14:01]
[Information][11/06/2020 18:00:00]
Closing Logger and Disposing
[11/07/2020 00:45:17]
[Information][11/06/2020 18:00:00]
ReInitialized Unitask after Initialization of ECS is complete
[11/07/2020 00:45:17]
[Information][11/06/2020 18:00:00]
Unitask Player loop is ready? True
[11/07/2020 00:45:17]
[Information][11/06/2020 18:00:00]
Initialized Unitask correctly for ECS
[11/07/2020 00:45:20]
[Information][11/06/2020 18:00:00]
(+) SpawnPos ENTERED state: Assassin
[11/07/2020 00:45:46]
[Information][11/06/2020 18:00:00]
Closing Logger and Disposing
[11/07/2020 00:49:14]
[Information][11/06/2020 18:00:00]
ReInitialized Unitask after Initialization of ECS is complete
[11/07/2020 00:49:14]
[Information][11/06/2020 18:00:00]
Unitask Player loop is ready? True
[11/07/2020 00:49:14]
[Information][11/06/2020 18:00:00]
Initialized Unitask correctly for ECS
[11/07/2020 00:49:17]
[Information][11/06/2020 18:00:00]
(+) SpawnPos ENTERED state: Assassin
[11/07/2020 00:49:23]
[Information][11/06/2020 18:00:00]
Closing Logger and Disposing
[11/07/2020 00:51:36]
[Information][11/06/2020 18:00:00]
ReInitialized Unitask after Initialization of ECS is complete
[11/07/2020 00:51:36]
[Information][11/06/2020 18:00:00]
Unitask Player loop is ready? True
[11/07/2020 00:51:36]
[Information][11/06/2020 18:00:00]
Initialized Unitask correctly for ECS
[11/07/2020 00:51:38]
[Information][11/06/2020 18:00:00]
(+) SpawnPos ENTERED state: Assassin
[11/07/2020 00:51:54]
[Information][11/06/2020 18:00:00]
Closing Logger and Disposing
[11/07/2020 00:52:49]
[Information][11/06/2020 18:00:00]
ReInitialized Unitask after Initialization of ECS is complete
[11/07/2020 00:52:49]
[Information][11/06/2020 18:00:00]
Unitask Player loop is ready? True
[11/07/2020 00:52:49]
[Information][11/06/2020 18:00:00]
Initialized Unitask correctly for ECS
[11/07/2020 00:52:52]
[Information][11/06/2020 18:00:00]
(+) SpawnPos ENTERED state: Assassin
[11/07/2020 00:52:58]
[Information][11/06/2020 18:00:00]
Closing Logger and Disposing
[11/07/2020 00:53:37]
[Information][11/06/2020 18:00:00]
ReInitialized Unitask after Initialization of ECS is complete
[11/07/2020 00:53:37]
[Information][11/06/2020 18:00:00]
Unitask Player loop is ready? True
[11/07/2020 00:53:37]
[Information][11/06/2020 18:00:00]
Initialized Unitask correctly for ECS
[11/07/2020 00:53:40]
[Information][11/06/2020 18:00:00]
(+) SpawnPos ENTERED state: Assassin
[11/07/2020 00:54:23]
[Information][11/06/2020 18:00:00]
Closing Logger and Disposing
[11/07/2020 01:04:02]
[Information][11/06/2020 18:00:00]
ReInitialized Unitask after Initialization of ECS is complete
[11/07/2020 01:04:02]
[Information][11/06/2020 18:00:00]
Unitask Player loop is ready? True
[11/07/2020 01:04:02]
[Information][11/06/2020 18:00:00]
Initialized Unitask correctly for ECS
[11/07/2020 01:04:05]
[Information][11/06/2020 18:00:00]
(+) SpawnPos ENTERED state: Assassin
[11/07/2020 01:04:34]
[Information][11/06/2020 18:00:00]
Closing Logger and Disposing
[11/07/2020 01:05:33]
[Information][11/06/2020 18:00:00]
ReInitialized Unitask after Initialization of ECS is complete
[11/07/2020 01:05:33]
[Information][11/06/2020 18:00:00]
Unitask Player loop is ready? True
[11/07/2020 01:05:33]
[Information][11/06/2020 18:00:00]
Initialized Unitask correctly for ECS
[11/07/2020 01:05:36]
[Information][11/06/2020 18:00:00]
(+) SpawnPos ENTERED state: Assassin
[11/07/2020 01:05:54]
[Information][11/06/2020 18:00:00]
Closing Logger and Disposing
[11/07/2020 01:09:05]
[Information][11/06/2020 18:00:00]
ReInitialized Unitask after Initialization of ECS is complete
[11/07/2020 01:09:05]
[Information][11/06/2020 18:00:00]
Unitask Player loop is ready? True
[11/07/2020 01:09:05]
[Information][11/06/2020 18:00:00]
Initialized Unitask correctly for ECS
[11/07/2020 01:09:08]
[Information][11/06/2020 18:00:00]
(+) SpawnPos ENTERED state: Assassin
[11/07/2020 01:09:21]
[Information][11/06/2020 18:00:00]
Closing Logger and Disposing
[11/07/2020 01:10:36]
[Information][11/06/2020 18:00:00]
ReInitialized Unitask after Initialization of ECS is complete
[11/07/2020 01:10:36]
[Information][11/06/2020 18:00:00]
Unitask Player loop is ready? True
[11/07/2020 01:10:36]
[Information][11/06/2020 18:00:00]
Initialized Unitask correctly for ECS
[11/07/2020 01:10:39]
[Information][11/06/2020 18:00:00]
(+) SpawnPos ENTERED state: Assassin
[11/07/2020 01:10:54]
[Information][11/06/2020 18:00:00]
Closing Logger and Disposing
[11/07/2020 01:11:55]
[Information][11/06/2020 18:00:00]
ReInitialized Unitask after Initialization of ECS is complete
[11/07/2020 01:11:55]
[Information][11/06/2020 18:00:00]
Unitask Player loop is ready? True
[11/07/2020 01:11:55]
[Information][11/06/2020 18:00:00]
Initialized Unitask correctly for ECS
[11/07/2020 01:11:58]
[Information][11/06/2020 18:00:00]
(+) SpawnPos ENTERED state: Assassin
[11/07/2020 01:12:31]
[Information][11/06/2020 18:00:00]
Closing Logger and Disposing
