[11/08/2020 15:05:46]
[Information][11/07/2020 18:00:00]
ReInitialized Unitask after Initialization of ECS is complete
[11/08/2020 15:05:46]
[Information][11/07/2020 18:00:00]
Unitask Player loop is ready? True
[11/08/2020 15:05:46]
[Information][11/07/2020 18:00:00]
Initialized Unitask correctly for ECS
[11/08/2020 15:05:52]
[Information][11/07/2020 18:00:00]
(+) [Scene State] ENTERED state: MenuScene
[11/08/2020 15:05:58]
[Information][11/07/2020 18:00:00]
Closing Logger and Disposing
[11/08/2020 15:23:35]
[Information][11/07/2020 18:00:00]
ReInitialized Unitask after Initialization of ECS is complete
[11/08/2020 15:23:35]
[Information][11/07/2020 18:00:00]
Unitask Player loop is ready? True
[11/08/2020 15:23:35]
[Information][11/07/2020 18:00:00]
Initialized Unitask correctly for ECS
[11/08/2020 15:23:41]
[Information][11/07/2020 18:00:00]
(+) [Scene State] ENTERED state: MenuScene
[11/08/2020 15:23:45]
[Error][11/07/2020 18:00:00]
Failed to initialize Character Asset
[11/08/2020 15:23:50]
[Information][11/07/2020 18:00:00]
Closing Logger and Disposing
[11/08/2020 15:24:26]
[Information][11/07/2020 18:00:00]
ReInitialized Unitask after Initialization of ECS is complete
[11/08/2020 15:24:26]
[Information][11/07/2020 18:00:00]
Unitask Player loop is ready? True
[11/08/2020 15:24:26]
[Information][11/07/2020 18:00:00]
Initialized Unitask correctly for ECS
[11/08/2020 15:24:32]
[Information][11/07/2020 18:00:00]
(+) [Scene State] ENTERED state: MenuScene
[11/08/2020 15:27:22]
[Information][11/07/2020 18:00:00]
Closing Logger and Disposing
[11/08/2020 15:28:48]
[Information][11/07/2020 18:00:00]
ReInitialized Unitask after Initialization of ECS is complete
[11/08/2020 15:28:48]
[Information][11/07/2020 18:00:00]
Unitask Player loop is ready? True
[11/08/2020 15:28:48]
[Information][11/07/2020 18:00:00]
Initialized Unitask correctly for ECS
[11/08/2020 15:28:54]
[Information][11/07/2020 18:00:00]
(+) [Scene State] ENTERED state: MenuScene
[11/08/2020 15:29:01]
[Information][11/07/2020 18:00:00]
Closing Logger and Disposing
[11/08/2020 15:30:51]
[Information][11/07/2020 18:00:00]
ReInitialized Unitask after Initialization of ECS is complete
[11/08/2020 15:30:51]
[Information][11/07/2020 18:00:00]
Unitask Player loop is ready? True
[11/08/2020 15:30:51]
[Information][11/07/2020 18:00:00]
Initialized Unitask correctly for ECS
[11/08/2020 15:30:57]
[Information][11/07/2020 18:00:00]
(+) [Scene State] ENTERED state: MenuScene
[11/08/2020 15:31:04]
[Information][11/07/2020 18:00:00]
Closing Logger and Disposing
[11/08/2020 15:55:25]
[Information][11/07/2020 18:00:00]
ReInitialized Unitask after Initialization of ECS is complete
[11/08/2020 15:55:25]
[Information][11/07/2020 18:00:00]
Unitask Player loop is ready? True
[11/08/2020 15:55:25]
[Information][11/07/2020 18:00:00]
Initialized Unitask correctly for ECS
[11/08/2020 15:55:31]
[Information][11/07/2020 18:00:00]
(+) [Scene State] ENTERED state: MenuScene
[11/08/2020 15:55:36]
[Information][11/07/2020 18:00:00]
Closing Logger and Disposing
[11/08/2020 16:05:14]
[Information][11/07/2020 18:00:00]
ReInitialized Unitask after Initialization of ECS is complete
[11/08/2020 16:05:14]
[Information][11/07/2020 18:00:00]
Unitask Player loop is ready? True
[11/08/2020 16:05:14]
[Information][11/07/2020 18:00:00]
Initialized Unitask correctly for ECS
[11/08/2020 16:05:21]
[Information][11/07/2020 18:00:00]
(+) [Scene State] ENTERED state: MenuScene
[11/08/2020 16:05:29]
[Information][11/07/2020 18:00:00]
Closing Logger and Disposing
[11/08/2020 16:14:25]
[Information][11/07/2020 18:00:00]
ReInitialized Unitask after Initialization of ECS is complete
[11/08/2020 16:14:25]
[Information][11/07/2020 18:00:00]
Unitask Player loop is ready? True
[11/08/2020 16:14:25]
[Information][11/07/2020 18:00:00]
Initialized Unitask correctly for ECS
[11/08/2020 16:14:31]
[Information][11/07/2020 18:00:00]
(+) [Scene State] ENTERED state: MenuScene
[11/08/2020 16:14:39]
[Information][11/07/2020 18:00:00]
Closing Logger and Disposing
[11/08/2020 16:16:39]
[Information][11/07/2020 18:00:00]
ReInitialized Unitask after Initialization of ECS is complete
[11/08/2020 16:16:39]
[Information][11/07/2020 18:00:00]
Unitask Player loop is ready? True
[11/08/2020 16:16:39]
[Information][11/07/2020 18:00:00]
Initialized Unitask correctly for ECS
[11/08/2020 16:16:45]
[Information][11/07/2020 18:00:00]
(+) [Scene State] ENTERED state: MenuScene
[11/08/2020 16:17:14]
[Information][11/07/2020 18:00:00]
Closing Logger and Disposing
[11/08/2020 16:22:46]
[Information][11/07/2020 18:00:00]
ReInitialized Unitask after Initialization of ECS is complete
[11/08/2020 16:22:46]
[Information][11/07/2020 18:00:00]
Unitask Player loop is ready? True
[11/08/2020 16:22:46]
[Information][11/07/2020 18:00:00]
Initialized Unitask correctly for ECS
[11/08/2020 16:22:54]
[Information][11/07/2020 18:00:00]
(+) [Scene State] ENTERED state: MenuScene
[11/08/2020 16:24:30]
[Information][11/07/2020 18:00:00]
Closing Logger and Disposing
[11/08/2020 16:25:31]
[Information][11/07/2020 18:00:00]
ReInitialized Unitask after Initialization of ECS is complete
[11/08/2020 16:25:31]
[Information][11/07/2020 18:00:00]
Unitask Player loop is ready? True
[11/08/2020 16:25:31]
[Information][11/07/2020 18:00:00]
Initialized Unitask correctly for ECS
[11/08/2020 16:25:38]
[Information][11/07/2020 18:00:00]
(+) [Scene State] ENTERED state: MenuScene
[11/08/2020 16:25:51]
[Information][11/07/2020 18:00:00]
Closing Logger and Disposing
[11/08/2020 16:30:52]
[Information][11/07/2020 18:00:00]
ReInitialized Unitask after Initialization of ECS is complete
[11/08/2020 16:30:52]
[Information][11/07/2020 18:00:00]
Unitask Player loop is ready? True
[11/08/2020 16:30:52]
[Information][11/07/2020 18:00:00]
Initialized Unitask correctly for ECS
[11/08/2020 16:31:00]
[Information][11/07/2020 18:00:00]
(+) [Scene State] ENTERED state: MenuScene
[11/08/2020 16:31:09]
[Information][11/07/2020 18:00:00]
Closing Logger and Disposing
[11/08/2020 16:31:59]
[Information][11/07/2020 18:00:00]
ReInitialized Unitask after Initialization of ECS is complete
[11/08/2020 16:31:59]
[Information][11/07/2020 18:00:00]
Unitask Player loop is ready? True
[11/08/2020 16:31:59]
[Information][11/07/2020 18:00:00]
Initialized Unitask correctly for ECS
[11/08/2020 16:32:07]
[Information][11/07/2020 18:00:00]
(+) [Scene State] ENTERED state: MenuScene
[11/08/2020 16:32:21]
[Information][11/07/2020 18:00:00]
Closing Logger and Disposing
[11/08/2020 16:33:40]
[Information][11/07/2020 18:00:00]
ReInitialized Unitask after Initialization of ECS is complete
[11/08/2020 16:33:40]
[Information][11/07/2020 18:00:00]
Unitask Player loop is ready? True
[11/08/2020 16:33:40]
[Information][11/07/2020 18:00:00]
Initialized Unitask correctly for ECS
[11/08/2020 16:33:47]
[Information][11/07/2020 18:00:00]
(+) [Scene State] ENTERED state: MenuScene
[11/08/2020 16:33:56]
[Information][11/07/2020 18:00:00]
Closing Logger and Disposing
[11/08/2020 16:36:02]
[Information][11/07/2020 18:00:00]
ReInitialized Unitask after Initialization of ECS is complete
[11/08/2020 16:36:02]
[Information][11/07/2020 18:00:00]
Unitask Player loop is ready? True
[11/08/2020 16:36:02]
[Information][11/07/2020 18:00:00]
Initialized Unitask correctly for ECS
[11/08/2020 16:36:10]
[Information][11/07/2020 18:00:00]
(+) [Scene State] ENTERED state: MenuScene
[11/08/2020 16:37:29]
[Information][11/07/2020 18:00:00]
Closing Logger and Disposing
[11/08/2020 16:39:54]
[Information][11/07/2020 18:00:00]
ReInitialized Unitask after Initialization of ECS is complete
[11/08/2020 16:39:54]
[Information][11/07/2020 18:00:00]
Unitask Player loop is ready? True
[11/08/2020 16:39:54]
[Information][11/07/2020 18:00:00]
Initialized Unitask correctly for ECS
[11/08/2020 16:40:01]
[Information][11/07/2020 18:00:00]
(+) [Scene State] ENTERED state: MenuScene
[11/08/2020 16:48:09]
[Information][11/07/2020 18:00:00]
Closing Logger and Disposing
[11/08/2020 16:48:43]
[Information][11/07/2020 18:00:00]
ReInitialized Unitask after Initialization of ECS is complete
[11/08/2020 16:48:43]
[Information][11/07/2020 18:00:00]
Unitask Player loop is ready? True
[11/08/2020 16:48:43]
[Information][11/07/2020 18:00:00]
Initialized Unitask correctly for ECS
[11/08/2020 16:48:50]
[Information][11/07/2020 18:00:00]
(+) [Scene State] ENTERED state: MenuScene
[11/08/2020 16:49:24]
[Information][11/07/2020 18:00:00]
Closing Logger and Disposing
[11/08/2020 16:49:57]
[Information][11/07/2020 18:00:00]
ReInitialized Unitask after Initialization of ECS is complete
[11/08/2020 16:49:57]
[Information][11/07/2020 18:00:00]
Unitask Player loop is ready? True
[11/08/2020 16:49:57]
[Information][11/07/2020 18:00:00]
Initialized Unitask correctly for ECS
[11/08/2020 16:50:05]
[Information][11/07/2020 18:00:00]
(+) [Scene State] ENTERED state: MenuScene
[11/08/2020 16:50:44]
[Information][11/07/2020 18:00:00]
Closing Logger and Disposing
[11/08/2020 16:54:26]
[Information][11/07/2020 18:00:00]
ReInitialized Unitask after Initialization of ECS is complete
[11/08/2020 16:54:26]
[Information][11/07/2020 18:00:00]
Unitask Player loop is ready? True
[11/08/2020 16:54:26]
[Information][11/07/2020 18:00:00]
Initialized Unitask correctly for ECS
[11/08/2020 16:54:27]
[Information][11/07/2020 18:00:00]
(+) [Scene State] ENTERED state: MenuScene
[11/08/2020 16:54:46]
[Information][11/07/2020 18:00:00]
Closing Logger and Disposing
[11/08/2020 16:55:30]
[Information][11/07/2020 18:00:00]
ReInitialized Unitask after Initialization of ECS is complete
[11/08/2020 16:55:30]
[Information][11/07/2020 18:00:00]
Unitask Player loop is ready? True
[11/08/2020 16:55:30]
[Information][11/07/2020 18:00:00]
Initialized Unitask correctly for ECS
[11/08/2020 16:55:30]
[Information][11/07/2020 18:00:00]
(+) [Scene State] ENTERED state: MenuScene
[11/08/2020 16:55:36]
[Information][11/07/2020 18:00:00]
Closing Logger and Disposing
[11/08/2020 16:56:01]
[Information][11/07/2020 18:00:00]
ReInitialized Unitask after Initialization of ECS is complete
[11/08/2020 16:56:01]
[Information][11/07/2020 18:00:00]
Unitask Player loop is ready? True
[11/08/2020 16:56:01]
[Information][11/07/2020 18:00:00]
Initialized Unitask correctly for ECS
[11/08/2020 16:56:02]
[Information][11/07/2020 18:00:00]
(+) [Scene State] ENTERED state: MenuScene
[11/08/2020 16:56:05]
[Information][11/07/2020 18:00:00]
Closing Logger and Disposing
[11/08/2020 16:57:08]
[Information][11/07/2020 18:00:00]
ReInitialized Unitask after Initialization of ECS is complete
[11/08/2020 16:57:08]
[Information][11/07/2020 18:00:00]
Unitask Player loop is ready? True
[11/08/2020 16:57:08]
[Information][11/07/2020 18:00:00]
Initialized Unitask correctly for ECS
[11/08/2020 16:57:09]
[Information][11/07/2020 18:00:00]
(+) [Scene State] ENTERED state: MenuScene
[11/08/2020 16:57:23]
[Information][11/07/2020 18:00:00]
Closing Logger and Disposing
[11/08/2020 16:58:01]
[Information][11/07/2020 18:00:00]
ReInitialized Unitask after Initialization of ECS is complete
[11/08/2020 16:58:01]
[Information][11/07/2020 18:00:00]
Unitask Player loop is ready? True
[11/08/2020 16:58:01]
[Information][11/07/2020 18:00:00]
Initialized Unitask correctly for ECS
[11/08/2020 16:58:01]
[Information][11/07/2020 18:00:00]
(+) [Scene State] ENTERED state: MenuScene
[11/08/2020 18:21:03]
[Information][11/08/2020 18:00:00]
Closing Logger and Disposing
[11/08/2020 20:02:35]
[Information][11/08/2020 18:00:00]
ReInitialized Unitask after Initialization of ECS is complete
[11/08/2020 20:02:35]
[Information][11/08/2020 18:00:00]
Unitask Player loop is ready? True
[11/08/2020 20:02:35]
[Information][11/08/2020 18:00:00]
Initialized Unitask correctly for ECS
[11/08/2020 20:02:36]
[Information][11/08/2020 18:00:00]
(+) [Scene State] ENTERED state: MenuScene
[11/08/2020 20:02:42]
[Information][11/08/2020 18:00:00]
Closing Logger and Disposing
[11/08/2020 20:03:35]
[Information][11/08/2020 18:00:00]
ReInitialized Unitask after Initialization of ECS is complete
[11/08/2020 20:03:35]
[Information][11/08/2020 18:00:00]
Unitask Player loop is ready? True
[11/08/2020 20:03:35]
[Information][11/08/2020 18:00:00]
Initialized Unitask correctly for ECS
[11/08/2020 20:03:35]
[Information][11/08/2020 18:00:00]
(+) [Scene State] ENTERED state: MenuScene
[11/08/2020 20:06:28]
[Information][11/08/2020 18:00:00]
Closing Logger and Disposing
[11/08/2020 20:06:52]
[Information][11/08/2020 18:00:00]
ReInitialized Unitask after Initialization of ECS is complete
[11/08/2020 20:06:52]
[Information][11/08/2020 18:00:00]
Unitask Player loop is ready? True
[11/08/2020 20:06:52]
[Information][11/08/2020 18:00:00]
Initialized Unitask correctly for ECS
[11/08/2020 20:06:53]
[Information][11/08/2020 18:00:00]
(+) [Scene State] ENTERED state: MenuScene
[11/08/2020 20:08:09]
[Information][11/08/2020 18:00:00]
Closing Logger and Disposing
[11/08/2020 20:08:31]
[Information][11/08/2020 18:00:00]
ReInitialized Unitask after Initialization of ECS is complete
[11/08/2020 20:08:31]
[Information][11/08/2020 18:00:00]
Unitask Player loop is ready? True
[11/08/2020 20:08:31]
[Information][11/08/2020 18:00:00]
Initialized Unitask correctly for ECS
[11/08/2020 20:08:31]
[Information][11/08/2020 18:00:00]
(+) [Scene State] ENTERED state: MenuScene
[11/08/2020 20:08:39]
[Information][11/08/2020 18:00:00]
Closing Logger and Disposing
[11/08/2020 20:10:23]
[Information][11/08/2020 18:00:00]
ReInitialized Unitask after Initialization of ECS is complete
[11/08/2020 20:10:23]
[Information][11/08/2020 18:00:00]
Unitask Player loop is ready? True
[11/08/2020 20:10:23]
[Information][11/08/2020 18:00:00]
Initialized Unitask correctly for ECS
[11/08/2020 20:10:24]
[Information][11/08/2020 18:00:00]
(+) [Scene State] ENTERED state: MenuScene
[11/08/2020 20:10:27]
[Information][11/08/2020 18:00:00]
Closing Logger and Disposing
[11/08/2020 20:27:10]
[Information][11/08/2020 18:00:00]
ReInitialized Unitask after Initialization of ECS is complete
[11/08/2020 20:27:10]
[Information][11/08/2020 18:00:00]
Unitask Player loop is ready? True
[11/08/2020 20:27:10]
[Information][11/08/2020 18:00:00]
Initialized Unitask correctly for ECS
[11/08/2020 20:27:10]
[Information][11/08/2020 18:00:00]
(+) [Scene State] ENTERED state: MenuScene
[11/08/2020 20:27:16]
[Information][11/08/2020 18:00:00]
Closing Logger and Disposing
[11/08/2020 20:28:10]
[Information][11/08/2020 18:00:00]
ReInitialized Unitask after Initialization of ECS is complete
[11/08/2020 20:28:10]
[Information][11/08/2020 18:00:00]
Unitask Player loop is ready? True
[11/08/2020 20:28:10]
[Information][11/08/2020 18:00:00]
Initialized Unitask correctly for ECS
[11/08/2020 20:28:10]
[Information][11/08/2020 18:00:00]
(+) [Scene State] ENTERED state: MenuScene
[11/08/2020 20:28:16]
[Information][11/08/2020 18:00:00]
Closing Logger and Disposing
[11/08/2020 20:31:12]
[Information][11/08/2020 18:00:00]
ReInitialized Unitask after Initialization of ECS is complete
[11/08/2020 20:31:12]
[Information][11/08/2020 18:00:00]
Unitask Player loop is ready? True
[11/08/2020 20:31:12]
[Information][11/08/2020 18:00:00]
Initialized Unitask correctly for ECS
[11/08/2020 20:31:13]
[Information][11/08/2020 18:00:00]
(+) [Scene State] ENTERED state: MenuScene
[11/08/2020 20:31:18]
[Information][11/08/2020 18:00:00]
Closing Logger and Disposing
[11/08/2020 20:31:28]
[Information][11/08/2020 18:00:00]
ReInitialized Unitask after Initialization of ECS is complete
[11/08/2020 20:31:28]
[Information][11/08/2020 18:00:00]
Unitask Player loop is ready? True
[11/08/2020 20:31:28]
[Information][11/08/2020 18:00:00]
Initialized Unitask correctly for ECS
[11/08/2020 20:31:28]
[Information][11/08/2020 18:00:00]
(+) [Scene State] ENTERED state: MenuScene
[11/08/2020 20:31:33]
[Information][11/08/2020 18:00:00]
Closing Logger and Disposing
[11/08/2020 20:32:01]
[Information][11/08/2020 18:00:00]
ReInitialized Unitask after Initialization of ECS is complete
[11/08/2020 20:32:01]
[Information][11/08/2020 18:00:00]
Unitask Player loop is ready? True
[11/08/2020 20:32:01]
[Information][11/08/2020 18:00:00]
Initialized Unitask correctly for ECS
[11/08/2020 20:32:01]
[Information][11/08/2020 18:00:00]
(+) [Scene State] ENTERED state: MenuScene
[11/08/2020 20:34:23]
[Information][11/08/2020 18:00:00]
Closing Logger and Disposing
[11/08/2020 20:35:37]
[Information][11/08/2020 18:00:00]
ReInitialized Unitask after Initialization of ECS is complete
[11/08/2020 20:35:37]
[Information][11/08/2020 18:00:00]
Unitask Player loop is ready? True
[11/08/2020 20:35:37]
[Information][11/08/2020 18:00:00]
Initialized Unitask correctly for ECS
[11/08/2020 20:35:38]
[Information][11/08/2020 18:00:00]
(+) [Scene State] ENTERED state: MenuScene
[11/08/2020 20:35:42]
[Information][11/08/2020 18:00:00]
Closing Logger and Disposing
[11/08/2020 20:36:20]
[Information][11/08/2020 18:00:00]
ReInitialized Unitask after Initialization of ECS is complete
[11/08/2020 20:36:20]
[Information][11/08/2020 18:00:00]
Unitask Player loop is ready? True
[11/08/2020 20:36:20]
[Information][11/08/2020 18:00:00]
Initialized Unitask correctly for ECS
[11/08/2020 20:36:20]
[Information][11/08/2020 18:00:00]
(+) [Scene State] ENTERED state: MenuScene
[11/08/2020 20:36:26]
[Information][11/08/2020 18:00:00]
Closing Logger and Disposing
[11/08/2020 20:38:47]
[Information][11/08/2020 18:00:00]
ReInitialized Unitask after Initialization of ECS is complete
[11/08/2020 20:38:47]
[Information][11/08/2020 18:00:00]
Unitask Player loop is ready? True
[11/08/2020 20:38:47]
[Information][11/08/2020 18:00:00]
Initialized Unitask correctly for ECS
[11/08/2020 20:38:47]
[Information][11/08/2020 18:00:00]
(+) [Scene State] ENTERED state: MenuScene
[11/08/2020 20:39:04]
[Information][11/08/2020 18:00:00]
Closing Logger and Disposing
[11/08/2020 20:42:01]
[Information][11/08/2020 18:00:00]
ReInitialized Unitask after Initialization of ECS is complete
[11/08/2020 20:42:01]
[Information][11/08/2020 18:00:00]
Unitask Player loop is ready? True
[11/08/2020 20:42:01]
[Information][11/08/2020 18:00:00]
Initialized Unitask correctly for ECS
[11/08/2020 20:42:01]
[Information][11/08/2020 18:00:00]
(+) [Scene State] ENTERED state: MenuScene
[11/08/2020 20:42:08]
[Information][11/08/2020 18:00:00]
Closing Logger and Disposing
[11/08/2020 20:43:18]
[Information][11/08/2020 18:00:00]
ReInitialized Unitask after Initialization of ECS is complete
[11/08/2020 20:43:18]
[Information][11/08/2020 18:00:00]
Unitask Player loop is ready? True
[11/08/2020 20:43:18]
[Information][11/08/2020 18:00:00]
Initialized Unitask correctly for ECS
[11/08/2020 20:43:18]
[Information][11/08/2020 18:00:00]
(+) [Scene State] ENTERED state: MenuScene
[11/08/2020 20:43:28]
[Information][11/08/2020 18:00:00]
Closing Logger and Disposing
[11/08/2020 20:44:45]
[Information][11/08/2020 18:00:00]
ReInitialized Unitask after Initialization of ECS is complete
[11/08/2020 20:44:45]
[Information][11/08/2020 18:00:00]
Unitask Player loop is ready? True
[11/08/2020 20:44:45]
[Information][11/08/2020 18:00:00]
Initialized Unitask correctly for ECS
[11/08/2020 20:44:46]
[Information][11/08/2020 18:00:00]
(+) [Scene State] ENTERED state: MenuScene
[11/08/2020 20:44:55]
[Information][11/08/2020 18:00:00]
Closing Logger and Disposing
[11/08/2020 20:46:47]
[Information][11/08/2020 18:00:00]
ReInitialized Unitask after Initialization of ECS is complete
[11/08/2020 20:46:47]
[Information][11/08/2020 18:00:00]
Unitask Player loop is ready? True
[11/08/2020 20:46:47]
[Information][11/08/2020 18:00:00]
Initialized Unitask correctly for ECS
[11/08/2020 20:46:47]
[Information][11/08/2020 18:00:00]
(+) [Scene State] ENTERED state: MenuScene
[11/08/2020 20:46:53]
[Information][11/08/2020 18:00:00]
Closing Logger and Disposing
[11/08/2020 20:48:39]
[Information][11/08/2020 18:00:00]
ReInitialized Unitask after Initialization of ECS is complete
[11/08/2020 20:48:39]
[Information][11/08/2020 18:00:00]
Unitask Player loop is ready? True
[11/08/2020 20:48:39]
[Information][11/08/2020 18:00:00]
Initialized Unitask correctly for ECS
[11/08/2020 20:48:40]
[Information][11/08/2020 18:00:00]
(+) [Scene State] ENTERED state: MenuScene
[11/08/2020 20:48:45]
[Information][11/08/2020 18:00:00]
Closing Logger and Disposing
[11/08/2020 20:48:56]
[Information][11/08/2020 18:00:00]
ReInitialized Unitask after Initialization of ECS is complete
[11/08/2020 20:48:56]
[Information][11/08/2020 18:00:00]
Unitask Player loop is ready? True
[11/08/2020 20:48:56]
[Information][11/08/2020 18:00:00]
Initialized Unitask correctly for ECS
[11/08/2020 20:48:57]
[Information][11/08/2020 18:00:00]
(+) [Scene State] ENTERED state: MenuScene
[11/08/2020 20:49:30]
[Information][11/08/2020 18:00:00]
Closing Logger and Disposing
[11/08/2020 20:50:48]
[Information][11/08/2020 18:00:00]
ReInitialized Unitask after Initialization of ECS is complete
[11/08/2020 20:50:48]
[Information][11/08/2020 18:00:00]
Unitask Player loop is ready? True
[11/08/2020 20:50:48]
[Information][11/08/2020 18:00:00]
Initialized Unitask correctly for ECS
[11/08/2020 20:50:48]
[Information][11/08/2020 18:00:00]
(+) [Scene State] ENTERED state: MenuScene
[11/08/2020 20:50:54]
[Information][11/08/2020 18:00:00]
Closing Logger and Disposing
[11/08/2020 20:51:35]
[Information][11/08/2020 18:00:00]
ReInitialized Unitask after Initialization of ECS is complete
[11/08/2020 20:51:35]
[Information][11/08/2020 18:00:00]
Unitask Player loop is ready? True
[11/08/2020 20:51:35]
[Information][11/08/2020 18:00:00]
Initialized Unitask correctly for ECS
[11/08/2020 20:51:35]
[Information][11/08/2020 18:00:00]
(+) [Scene State] ENTERED state: MenuScene
[11/08/2020 20:51:43]
[Information][11/08/2020 18:00:00]
Closing Logger and Disposing
[11/08/2020 20:57:34]
[Information][11/08/2020 18:00:00]
ReInitialized Unitask after Initialization of ECS is complete
[11/08/2020 20:57:34]
[Information][11/08/2020 18:00:00]
Unitask Player loop is ready? True
[11/08/2020 20:57:34]
[Information][11/08/2020 18:00:00]
Initialized Unitask correctly for ECS
[11/08/2020 20:57:34]
[Information][11/08/2020 18:00:00]
(+) [Scene State] ENTERED state: MenuScene
[11/08/2020 20:57:44]
[Information][11/08/2020 18:00:00]
Closing Logger and Disposing
[11/08/2020 20:57:59]
[Information][11/08/2020 18:00:00]
ReInitialized Unitask after Initialization of ECS is complete
[11/08/2020 20:57:59]
[Information][11/08/2020 18:00:00]
Unitask Player loop is ready? True
[11/08/2020 20:57:59]
[Information][11/08/2020 18:00:00]
Initialized Unitask correctly for ECS
[11/08/2020 20:58:00]
[Information][11/08/2020 18:00:00]
(+) [Scene State] ENTERED state: MenuScene
[11/08/2020 20:58:17]
[Information][11/08/2020 18:00:00]
Closing Logger and Disposing
[11/08/2020 21:06:58]
[Information][11/08/2020 18:00:00]
ReInitialized Unitask after Initialization of ECS is complete
[11/08/2020 21:06:59]
[Information][11/08/2020 18:00:00]
Unitask Player loop is ready? True
[11/08/2020 21:06:59]
[Information][11/08/2020 18:00:00]
Initialized Unitask correctly for ECS
[11/08/2020 21:06:59]
[Information][11/08/2020 18:00:00]
(+) [Scene State] ENTERED state: MenuScene
[11/08/2020 21:07:18]
[Information][11/08/2020 18:00:00]
Closing Logger and Disposing
[11/08/2020 21:07:28]
[Information][11/08/2020 18:00:00]
ReInitialized Unitask after Initialization of ECS is complete
[11/08/2020 21:07:28]
[Information][11/08/2020 18:00:00]
Unitask Player loop is ready? True
[11/08/2020 21:07:28]
[Information][11/08/2020 18:00:00]
Initialized Unitask correctly for ECS
[11/08/2020 21:07:28]
[Information][11/08/2020 18:00:00]
(+) [Scene State] ENTERED state: MenuScene
[11/08/2020 21:07:46]
[Information][11/08/2020 18:00:00]
Closing Logger and Disposing
[11/08/2020 21:09:00]
[Information][11/08/2020 18:00:00]
ReInitialized Unitask after Initialization of ECS is complete
[11/08/2020 21:09:00]
[Information][11/08/2020 18:00:00]
Unitask Player loop is ready? True
[11/08/2020 21:09:00]
[Information][11/08/2020 18:00:00]
Initialized Unitask correctly for ECS
[11/08/2020 21:09:01]
[Information][11/08/2020 18:00:00]
(+) [Scene State] ENTERED state: MenuScene
[11/08/2020 21:09:10]
[Information][11/08/2020 18:00:00]
Closing Logger and Disposing
[11/08/2020 21:09:44]
[Information][11/08/2020 18:00:00]
ReInitialized Unitask after Initialization of ECS is complete
[11/08/2020 21:09:44]
[Information][11/08/2020 18:00:00]
Unitask Player loop is ready? True
[11/08/2020 21:09:44]
[Information][11/08/2020 18:00:00]
Initialized Unitask correctly for ECS
[11/08/2020 21:09:45]
[Information][11/08/2020 18:00:00]
(+) [Scene State] ENTERED state: MenuScene
[11/08/2020 21:09:46]
[Error][11/08/2020 18:00:00]
Failed to initialize Character Asset
[11/08/2020 21:09:48]
[Information][11/08/2020 18:00:00]
Closing Logger and Disposing
[11/08/2020 21:10:51]
[Information][11/08/2020 18:00:00]
ReInitialized Unitask after Initialization of ECS is complete
[11/08/2020 21:10:51]
[Information][11/08/2020 18:00:00]
Unitask Player loop is ready? True
[11/08/2020 21:10:51]
[Information][11/08/2020 18:00:00]
Initialized Unitask correctly for ECS
[11/08/2020 21:10:51]
[Information][11/08/2020 18:00:00]
(+) [Scene State] ENTERED state: MenuScene
[11/08/2020 21:11:05]
[Information][11/08/2020 18:00:00]
Closing Logger and Disposing
[11/08/2020 21:12:53]
[Information][11/08/2020 18:00:00]
ReInitialized Unitask after Initialization of ECS is complete
[11/08/2020 21:12:53]
[Information][11/08/2020 18:00:00]
Unitask Player loop is ready? True
[11/08/2020 21:12:53]
[Information][11/08/2020 18:00:00]
Initialized Unitask correctly for ECS
[11/08/2020 21:12:54]
[Information][11/08/2020 18:00:00]
(+) [Scene State] ENTERED state: MenuScene
[11/08/2020 21:13:08]
[Information][11/08/2020 18:00:00]
Closing Logger and Disposing
[11/08/2020 21:13:41]
[Information][11/08/2020 18:00:00]
ReInitialized Unitask after Initialization of ECS is complete
[11/08/2020 21:13:41]
[Information][11/08/2020 18:00:00]
Unitask Player loop is ready? True
[11/08/2020 21:13:41]
[Information][11/08/2020 18:00:00]
Initialized Unitask correctly for ECS
[11/08/2020 21:13:42]
[Information][11/08/2020 18:00:00]
(+) [Scene State] ENTERED state: MenuScene
[11/08/2020 21:13:52]
[Information][11/08/2020 18:00:00]
Closing Logger and Disposing
[11/08/2020 21:14:04]
[Information][11/08/2020 18:00:00]
ReInitialized Unitask after Initialization of ECS is complete
[11/08/2020 21:14:04]
[Information][11/08/2020 18:00:00]
Unitask Player loop is ready? True
[11/08/2020 21:14:04]
[Information][11/08/2020 18:00:00]
Initialized Unitask correctly for ECS
[11/08/2020 21:14:04]
[Information][11/08/2020 18:00:00]
(+) [Scene State] ENTERED state: MenuScene
[11/08/2020 21:14:14]
[Information][11/08/2020 18:00:00]
Closing Logger and Disposing
[11/08/2020 21:14:35]
[Information][11/08/2020 18:00:00]
ReInitialized Unitask after Initialization of ECS is complete
[11/08/2020 21:14:35]
[Information][11/08/2020 18:00:00]
Unitask Player loop is ready? True
[11/08/2020 21:14:35]
[Information][11/08/2020 18:00:00]
Initialized Unitask correctly for ECS
[11/08/2020 21:14:36]
[Information][11/08/2020 18:00:00]
(+) [Scene State] ENTERED state: MenuScene
[11/08/2020 21:14:41]
[Information][11/08/2020 18:00:00]
Closing Logger and Disposing
[11/08/2020 21:15:01]
[Information][11/08/2020 18:00:00]
ReInitialized Unitask after Initialization of ECS is complete
[11/08/2020 21:15:01]
[Information][11/08/2020 18:00:00]
Unitask Player loop is ready? True
[11/08/2020 21:15:01]
[Information][11/08/2020 18:00:00]
Initialized Unitask correctly for ECS
[11/08/2020 21:15:02]
[Information][11/08/2020 18:00:00]
(+) [Scene State] ENTERED state: MenuScene
[11/08/2020 21:15:12]
[Information][11/08/2020 18:00:00]
Closing Logger and Disposing
[11/08/2020 21:16:03]
[Information][11/08/2020 18:00:00]
ReInitialized Unitask after Initialization of ECS is complete
[11/08/2020 21:16:03]
[Information][11/08/2020 18:00:00]
Unitask Player loop is ready? True
[11/08/2020 21:16:03]
[Information][11/08/2020 18:00:00]
Initialized Unitask correctly for ECS
[11/08/2020 21:16:03]
[Information][11/08/2020 18:00:00]
(+) [Scene State] ENTERED state: MenuScene
[11/08/2020 21:16:09]
[Information][11/08/2020 18:00:00]
Closing Logger and Disposing
[11/08/2020 21:17:14]
[Information][11/08/2020 18:00:00]
ReInitialized Unitask after Initialization of ECS is complete
[11/08/2020 21:17:14]
[Information][11/08/2020 18:00:00]
Unitask Player loop is ready? True
[11/08/2020 21:17:14]
[Information][11/08/2020 18:00:00]
Initialized Unitask correctly for ECS
[11/08/2020 21:17:15]
[Information][11/08/2020 18:00:00]
(+) [Scene State] ENTERED state: MenuScene
[11/08/2020 21:17:19]
[Information][11/08/2020 18:00:00]
(-) [Scene State] EXITED state: MenuScene
[11/08/2020 21:17:19]
[Information][11/08/2020 18:00:00]
(+) [Scene State] ENTERED state: CreationScene
[11/08/2020 21:17:19]
[Information][11/08/2020 18:00:00]
(+) SpawnPos ENTERED state: Assassin
[11/08/2020 21:17:20]
[Information][11/08/2020 18:00:00]
Closing Logger and Disposing
[11/08/2020 21:17:36]
[Information][11/08/2020 18:00:00]
ReInitialized Unitask after Initialization of ECS is complete
[11/08/2020 21:17:36]
[Information][11/08/2020 18:00:00]
Unitask Player loop is ready? True
[11/08/2020 21:17:36]
[Information][11/08/2020 18:00:00]
Initialized Unitask correctly for ECS
[11/08/2020 21:17:36]
[Information][11/08/2020 18:00:00]
(+) [Scene State] ENTERED state: MenuScene
[11/08/2020 21:17:42]
[Information][11/08/2020 18:00:00]
Closing Logger and Disposing
[11/08/2020 21:17:59]
[Information][11/08/2020 18:00:00]
ReInitialized Unitask after Initialization of ECS is complete
[11/08/2020 21:17:59]
[Information][11/08/2020 18:00:00]
Unitask Player loop is ready? True
[11/08/2020 21:17:59]
[Information][11/08/2020 18:00:00]
Initialized Unitask correctly for ECS
[11/08/2020 21:17:59]
[Information][11/08/2020 18:00:00]
(+) [Scene State] ENTERED state: MenuScene
[11/08/2020 21:18:07]
[Information][11/08/2020 18:00:00]
Closing Logger and Disposing
[11/08/2020 21:18:23]
[Information][11/08/2020 18:00:00]
ReInitialized Unitask after Initialization of ECS is complete
[11/08/2020 21:18:23]
[Information][11/08/2020 18:00:00]
Unitask Player loop is ready? True
[11/08/2020 21:18:23]
[Information][11/08/2020 18:00:00]
Initialized Unitask correctly for ECS
[11/08/2020 21:18:23]
[Information][11/08/2020 18:00:00]
(+) [Scene State] ENTERED state: MenuScene
[11/08/2020 21:18:37]
[Information][11/08/2020 18:00:00]
Closing Logger and Disposing
[11/08/2020 21:20:02]
[Information][11/08/2020 18:00:00]
ReInitialized Unitask after Initialization of ECS is complete
[11/08/2020 21:20:02]
[Information][11/08/2020 18:00:00]
Unitask Player loop is ready? True
[11/08/2020 21:20:02]
[Information][11/08/2020 18:00:00]
Initialized Unitask correctly for ECS
[11/08/2020 21:20:02]
[Information][11/08/2020 18:00:00]
(+) [Scene State] ENTERED state: MenuScene
[11/08/2020 21:20:09]
[Information][11/08/2020 18:00:00]
Closing Logger and Disposing
[11/08/2020 21:23:51]
[Information][11/08/2020 18:00:00]
ReInitialized Unitask after Initialization of ECS is complete
[11/08/2020 21:23:51]
[Information][11/08/2020 18:00:00]
Unitask Player loop is ready? True
[11/08/2020 21:23:51]
[Information][11/08/2020 18:00:00]
Initialized Unitask correctly for ECS
[11/08/2020 21:23:51]
[Information][11/08/2020 18:00:00]
(+) [Scene State] ENTERED state: MenuScene
[11/08/2020 21:24:25]
[Information][11/08/2020 18:00:00]
Closing Logger and Disposing
[11/08/2020 21:25:01]
[Information][11/08/2020 18:00:00]
ReInitialized Unitask after Initialization of ECS is complete
[11/08/2020 21:25:01]
[Information][11/08/2020 18:00:00]
Unitask Player loop is ready? True
[11/08/2020 21:25:01]
[Information][11/08/2020 18:00:00]
Initialized Unitask correctly for ECS
[11/08/2020 21:25:02]
[Information][11/08/2020 18:00:00]
(+) [Scene State] ENTERED state: MenuScene
[11/08/2020 21:25:07]
[Information][11/08/2020 18:00:00]
Closing Logger and Disposing
[11/08/2020 21:26:00]
[Information][11/08/2020 18:00:00]
ReInitialized Unitask after Initialization of ECS is complete
[11/08/2020 21:26:00]
[Information][11/08/2020 18:00:00]
Unitask Player loop is ready? True
[11/08/2020 21:26:00]
[Information][11/08/2020 18:00:00]
Initialized Unitask correctly for ECS
[11/08/2020 21:26:00]
[Information][11/08/2020 18:00:00]
(+) [Scene State] ENTERED state: MenuScene
[11/08/2020 21:26:04]
[Information][11/08/2020 18:00:00]
Closing Logger and Disposing
[11/08/2020 21:26:57]
[Information][11/08/2020 18:00:00]
ReInitialized Unitask after Initialization of ECS is complete
[11/08/2020 21:26:57]
[Information][11/08/2020 18:00:00]
Unitask Player loop is ready? True
[11/08/2020 21:26:57]
[Information][11/08/2020 18:00:00]
Initialized Unitask correctly for ECS
[11/08/2020 21:26:57]
[Information][11/08/2020 18:00:00]
(+) [Scene State] ENTERED state: MenuScene
[11/08/2020 21:26:58]
[Information][11/08/2020 18:00:00]
Closing Logger and Disposing
[11/08/2020 21:27:06]
[Information][11/08/2020 18:00:00]
ReInitialized Unitask after Initialization of ECS is complete
[11/08/2020 21:27:06]
[Information][11/08/2020 18:00:00]
Unitask Player loop is ready? True
[11/08/2020 21:27:06]
[Information][11/08/2020 18:00:00]
Initialized Unitask correctly for ECS
[11/08/2020 21:27:07]
[Information][11/08/2020 18:00:00]
(+) [Scene State] ENTERED state: MenuScene
[11/08/2020 21:27:18]
[Information][11/08/2020 18:00:00]
Closing Logger and Disposing
[11/08/2020 21:28:08]
[Information][11/08/2020 18:00:00]
ReInitialized Unitask after Initialization of ECS is complete
[11/08/2020 21:28:08]
[Information][11/08/2020 18:00:00]
Unitask Player loop is ready? True
[11/08/2020 21:28:08]
[Information][11/08/2020 18:00:00]
Initialized Unitask correctly for ECS
[11/08/2020 21:28:08]
[Information][11/08/2020 18:00:00]
(+) [Scene State] ENTERED state: MenuScene
[11/08/2020 21:28:13]
[Information][11/08/2020 18:00:00]
Closing Logger and Disposing
[11/08/2020 21:28:53]
[Information][11/08/2020 18:00:00]
ReInitialized Unitask after Initialization of ECS is complete
[11/08/2020 21:28:53]
[Information][11/08/2020 18:00:00]
Unitask Player loop is ready? True
[11/08/2020 21:28:53]
[Information][11/08/2020 18:00:00]
Initialized Unitask correctly for ECS
[11/08/2020 21:28:53]
[Information][11/08/2020 18:00:00]
(+) [Scene State] ENTERED state: MenuScene
[11/08/2020 21:28:59]
[Information][11/08/2020 18:00:00]
Closing Logger and Disposing
[11/08/2020 21:29:09]
[Information][11/08/2020 18:00:00]
ReInitialized Unitask after Initialization of ECS is complete
[11/08/2020 21:29:09]
[Information][11/08/2020 18:00:00]
Unitask Player loop is ready? True
[11/08/2020 21:29:09]
[Information][11/08/2020 18:00:00]
Initialized Unitask correctly for ECS
[11/08/2020 21:29:09]
[Information][11/08/2020 18:00:00]
(+) [Scene State] ENTERED state: MenuScene
[11/08/2020 21:29:16]
[Information][11/08/2020 18:00:00]
Closing Logger and Disposing
[11/08/2020 21:36:37]
[Information][11/08/2020 18:00:00]
ReInitialized Unitask after Initialization of ECS is complete
[11/08/2020 21:36:37]
[Information][11/08/2020 18:00:00]
Unitask Player loop is ready? True
[11/08/2020 21:36:37]
[Information][11/08/2020 18:00:00]
Initialized Unitask correctly for ECS
[11/08/2020 21:36:37]
[Information][11/08/2020 18:00:00]
(+) [Scene State] ENTERED state: MenuScene
[11/08/2020 21:36:58]
[Information][11/08/2020 18:00:00]
(-) [Scene State] EXITED state: MenuScene
[11/08/2020 21:36:58]
[Information][11/08/2020 18:00:00]
(+) [Scene State] ENTERED state: CreationScene
[11/08/2020 21:36:58]
[Information][11/08/2020 18:00:00]
(+) SpawnPos ENTERED state: Assassin
[11/08/2020 21:36:59]
[Information][11/08/2020 18:00:00]
Closing Logger and Disposing
[11/08/2020 21:38:13]
[Information][11/08/2020 18:00:00]
ReInitialized Unitask after Initialization of ECS is complete
[11/08/2020 21:38:13]
[Information][11/08/2020 18:00:00]
Unitask Player loop is ready? True
[11/08/2020 21:38:13]
[Information][11/08/2020 18:00:00]
Initialized Unitask correctly for ECS
[11/08/2020 21:38:13]
[Information][11/08/2020 18:00:00]
(+) [Scene State] ENTERED state: MenuScene
[11/08/2020 21:38:20]
[Information][11/08/2020 18:00:00]
Closing Logger and Disposing
[11/08/2020 21:38:41]
[Information][11/08/2020 18:00:00]
ReInitialized Unitask after Initialization of ECS is complete
[11/08/2020 21:38:41]
[Information][11/08/2020 18:00:00]
Unitask Player loop is ready? True
[11/08/2020 21:38:41]
[Information][11/08/2020 18:00:00]
Initialized Unitask correctly for ECS
[11/08/2020 21:38:41]
[Information][11/08/2020 18:00:00]
(+) [Scene State] ENTERED state: MenuScene
[11/08/2020 21:38:51]
[Information][11/08/2020 18:00:00]
Closing Logger and Disposing
[11/08/2020 21:39:32]
[Information][11/08/2020 18:00:00]
ReInitialized Unitask after Initialization of ECS is complete
[11/08/2020 21:39:32]
[Information][11/08/2020 18:00:00]
Unitask Player loop is ready? True
[11/08/2020 21:39:32]
[Information][11/08/2020 18:00:00]
Initialized Unitask correctly for ECS
[11/08/2020 21:39:32]
[Information][11/08/2020 18:00:00]
(+) [Scene State] ENTERED state: MenuScene
[11/08/2020 21:39:41]
[Information][11/08/2020 18:00:00]
Closing Logger and Disposing
[11/08/2020 21:40:48]
[Information][11/08/2020 18:00:00]
ReInitialized Unitask after Initialization of ECS is complete
[11/08/2020 21:40:48]
[Information][11/08/2020 18:00:00]
Unitask Player loop is ready? True
[11/08/2020 21:40:48]
[Information][11/08/2020 18:00:00]
Initialized Unitask correctly for ECS
[11/08/2020 21:40:48]
[Information][11/08/2020 18:00:00]
(+) [Scene State] ENTERED state: MenuScene
[11/08/2020 21:40:56]
[Information][11/08/2020 18:00:00]
Closing Logger and Disposing
[11/08/2020 21:41:10]
[Information][11/08/2020 18:00:00]
ReInitialized Unitask after Initialization of ECS is complete
[11/08/2020 21:41:10]
[Information][11/08/2020 18:00:00]
Unitask Player loop is ready? True
[11/08/2020 21:41:10]
[Information][11/08/2020 18:00:00]
Initialized Unitask correctly for ECS
[11/08/2020 21:41:10]
[Information][11/08/2020 18:00:00]
(+) [Scene State] ENTERED state: MenuScene
[11/08/2020 21:41:13]
[Information][11/08/2020 18:00:00]
(-) [Scene State] EXITED state: MenuScene
[11/08/2020 21:41:13]
[Information][11/08/2020 18:00:00]
(+) [Scene State] ENTERED state: CreationScene
[11/08/2020 21:41:14]
[Information][11/08/2020 18:00:00]
(+) SpawnPos ENTERED state: Assassin
[11/08/2020 21:41:14]
[Information][11/08/2020 18:00:00]
Closing Logger and Disposing
[11/08/2020 21:41:28]
[Information][11/08/2020 18:00:00]
ReInitialized Unitask after Initialization of ECS is complete
[11/08/2020 21:41:28]
[Information][11/08/2020 18:00:00]
Unitask Player loop is ready? True
[11/08/2020 21:41:28]
[Information][11/08/2020 18:00:00]
Initialized Unitask correctly for ECS
[11/08/2020 21:41:28]
[Information][11/08/2020 18:00:00]
(+) [Scene State] ENTERED state: MenuScene
[11/08/2020 21:41:37]
[Information][11/08/2020 18:00:00]
Closing Logger and Disposing
[11/08/2020 21:41:49]
[Information][11/08/2020 18:00:00]
ReInitialized Unitask after Initialization of ECS is complete
[11/08/2020 21:41:49]
[Information][11/08/2020 18:00:00]
Unitask Player loop is ready? True
[11/08/2020 21:41:49]
[Information][11/08/2020 18:00:00]
Initialized Unitask correctly for ECS
[11/08/2020 21:41:49]
[Information][11/08/2020 18:00:00]
(+) [Scene State] ENTERED state: MenuScene
[11/08/2020 21:41:58]
[Information][11/08/2020 18:00:00]
Closing Logger and Disposing
[11/08/2020 21:42:35]
[Information][11/08/2020 18:00:00]
ReInitialized Unitask after Initialization of ECS is complete
[11/08/2020 21:42:35]
[Information][11/08/2020 18:00:00]
Unitask Player loop is ready? True
[11/08/2020 21:42:35]
[Information][11/08/2020 18:00:00]
Initialized Unitask correctly for ECS
[11/08/2020 21:42:35]
[Information][11/08/2020 18:00:00]
(+) [Scene State] ENTERED state: MenuScene
[11/08/2020 21:42:42]
[Information][11/08/2020 18:00:00]
Closing Logger and Disposing
[11/08/2020 21:43:00]
[Information][11/08/2020 18:00:00]
ReInitialized Unitask after Initialization of ECS is complete
[11/08/2020 21:43:00]
[Information][11/08/2020 18:00:00]
Unitask Player loop is ready? True
[11/08/2020 21:43:00]
[Information][11/08/2020 18:00:00]
Initialized Unitask correctly for ECS
[11/08/2020 21:43:00]
[Information][11/08/2020 18:00:00]
(+) [Scene State] ENTERED state: MenuScene
[11/08/2020 21:43:09]
[Information][11/08/2020 18:00:00]
(-) [Scene State] EXITED state: MenuScene
[11/08/2020 21:43:09]
[Information][11/08/2020 18:00:00]
(+) [Scene State] ENTERED state: CreationScene
[11/08/2020 21:43:09]
[Information][11/08/2020 18:00:00]
(+) SpawnPos ENTERED state: Assassin
[11/08/2020 21:43:09]
[Information][11/08/2020 18:00:00]
Closing Logger and Disposing
[11/08/2020 21:45:50]
[Information][11/08/2020 18:00:00]
ReInitialized Unitask after Initialization of ECS is complete
[11/08/2020 21:45:50]
[Information][11/08/2020 18:00:00]
Unitask Player loop is ready? True
[11/08/2020 21:45:50]
[Information][11/08/2020 18:00:00]
Initialized Unitask correctly for ECS
[11/08/2020 21:45:50]
[Information][11/08/2020 18:00:00]
(+) [Scene State] ENTERED state: MenuScene
[11/08/2020 21:47:57]
[Information][11/08/2020 18:00:00]
Closing Logger and Disposing
[11/08/2020 21:49:39]
[Information][11/08/2020 18:00:00]
ReInitialized Unitask after Initialization of ECS is complete
[11/08/2020 21:49:39]
[Information][11/08/2020 18:00:00]
Unitask Player loop is ready? True
[11/08/2020 21:49:39]
[Information][11/08/2020 18:00:00]
Initialized Unitask correctly for ECS
[11/08/2020 21:49:39]
[Information][11/08/2020 18:00:00]
(+) [Scene State] ENTERED state: MenuScene
[11/08/2020 21:49:56]
[Information][11/08/2020 18:00:00]
Closing Logger and Disposing
[11/08/2020 21:53:46]
[Information][11/08/2020 18:00:00]
ReInitialized Unitask after Initialization of ECS is complete
[11/08/2020 21:53:46]
[Information][11/08/2020 18:00:00]
Unitask Player loop is ready? True
[11/08/2020 21:53:46]
[Information][11/08/2020 18:00:00]
Initialized Unitask correctly for ECS
[11/08/2020 21:53:46]
[Information][11/08/2020 18:00:00]
(+) [Scene State] ENTERED state: MenuScene
[11/08/2020 21:56:03]
[Information][11/08/2020 18:00:00]
Closing Logger and Disposing
[11/08/2020 21:57:12]
[Information][11/08/2020 18:00:00]
ReInitialized Unitask after Initialization of ECS is complete
[11/08/2020 21:57:12]
[Information][11/08/2020 18:00:00]
Unitask Player loop is ready? True
[11/08/2020 21:57:12]
[Information][11/08/2020 18:00:00]
Initialized Unitask correctly for ECS
[11/08/2020 21:57:12]
[Information][11/08/2020 18:00:00]
(+) [Scene State] ENTERED state: MenuScene
[11/08/2020 21:57:27]
[Information][11/08/2020 18:00:00]
Closing Logger and Disposing
[11/08/2020 21:57:56]
[Information][11/08/2020 18:00:00]
ReInitialized Unitask after Initialization of ECS is complete
[11/08/2020 21:57:56]
[Information][11/08/2020 18:00:00]
Unitask Player loop is ready? True
[11/08/2020 21:57:56]
[Information][11/08/2020 18:00:00]
Initialized Unitask correctly for ECS
[11/08/2020 21:57:56]
[Information][11/08/2020 18:00:00]
(+) [Scene State] ENTERED state: MenuScene
[11/08/2020 21:58:44]
[Information][11/08/2020 18:00:00]
Closing Logger and Disposing
[11/08/2020 21:58:54]
[Information][11/08/2020 18:00:00]
ReInitialized Unitask after Initialization of ECS is complete
[11/08/2020 21:58:54]
[Information][11/08/2020 18:00:00]
Unitask Player loop is ready? True
[11/08/2020 21:58:54]
[Information][11/08/2020 18:00:00]
Initialized Unitask correctly for ECS
[11/08/2020 21:58:54]
[Information][11/08/2020 18:00:00]
(+) [Scene State] ENTERED state: MenuScene
[11/08/2020 21:59:40]
[Information][11/08/2020 18:00:00]
Closing Logger and Disposing
[11/08/2020 21:59:48]
[Information][11/08/2020 18:00:00]
ReInitialized Unitask after Initialization of ECS is complete
[11/08/2020 21:59:48]
[Information][11/08/2020 18:00:00]
Unitask Player loop is ready? True
[11/08/2020 21:59:48]
[Information][11/08/2020 18:00:00]
Initialized Unitask correctly for ECS
[11/08/2020 21:59:49]
[Information][11/08/2020 18:00:00]
(+) [Scene State] ENTERED state: MenuScene
[11/08/2020 22:00:04]
[Information][11/08/2020 18:00:00]
Closing Logger and Disposing
[11/08/2020 22:00:13]
[Information][11/08/2020 18:00:00]
ReInitialized Unitask after Initialization of ECS is complete
[11/08/2020 22:00:13]
[Information][11/08/2020 18:00:00]
Unitask Player loop is ready? True
[11/08/2020 22:00:13]
[Information][11/08/2020 18:00:00]
Initialized Unitask correctly for ECS
[11/08/2020 22:00:13]
[Information][11/08/2020 18:00:00]
(+) [Scene State] ENTERED state: MenuScene
[11/08/2020 22:00:32]
[Information][11/08/2020 18:00:00]
Closing Logger and Disposing
[11/08/2020 22:00:41]
[Information][11/08/2020 18:00:00]
ReInitialized Unitask after Initialization of ECS is complete
[11/08/2020 22:00:41]
[Information][11/08/2020 18:00:00]
Unitask Player loop is ready? True
[11/08/2020 22:00:41]
[Information][11/08/2020 18:00:00]
Initialized Unitask correctly for ECS
[11/08/2020 22:00:41]
[Information][11/08/2020 18:00:00]
(+) [Scene State] ENTERED state: MenuScene
[11/08/2020 22:00:57]
[Information][11/08/2020 18:00:00]
Closing Logger and Disposing
[11/08/2020 22:11:10]
[Information][11/08/2020 18:00:00]
ReInitialized Unitask after Initialization of ECS is complete
[11/08/2020 22:11:10]
[Information][11/08/2020 18:00:00]
Unitask Player loop is ready? True
[11/08/2020 22:11:10]
[Information][11/08/2020 18:00:00]
Initialized Unitask correctly for ECS
[11/08/2020 22:11:10]
[Information][11/08/2020 18:00:00]
(+) [Scene State] ENTERED state: MenuScene
[11/08/2020 22:11:30]
[Information][11/08/2020 18:00:00]
Closing Logger and Disposing
[11/08/2020 22:12:25]
[Information][11/08/2020 18:00:00]
ReInitialized Unitask after Initialization of ECS is complete
[11/08/2020 22:12:25]
[Information][11/08/2020 18:00:00]
Unitask Player loop is ready? True
[11/08/2020 22:12:25]
[Information][11/08/2020 18:00:00]
Initialized Unitask correctly for ECS
[11/08/2020 22:12:25]
[Information][11/08/2020 18:00:00]
(+) [Scene State] ENTERED state: MenuScene
[11/08/2020 22:12:48]
[Information][11/08/2020 18:00:00]
Closing Logger and Disposing
[11/08/2020 22:13:27]
[Information][11/08/2020 18:00:00]
ReInitialized Unitask after Initialization of ECS is complete
[11/08/2020 22:13:27]
[Information][11/08/2020 18:00:00]
Unitask Player loop is ready? True
[11/08/2020 22:13:27]
[Information][11/08/2020 18:00:00]
Initialized Unitask correctly for ECS
[11/08/2020 22:13:27]
[Information][11/08/2020 18:00:00]
(+) [Scene State] ENTERED state: MenuScene
[11/08/2020 22:13:37]
[Information][11/08/2020 18:00:00]
Closing Logger and Disposing
[11/08/2020 22:14:11]
[Information][11/08/2020 18:00:00]
ReInitialized Unitask after Initialization of ECS is complete
[11/08/2020 22:14:11]
[Information][11/08/2020 18:00:00]
Unitask Player loop is ready? True
[11/08/2020 22:14:11]
[Information][11/08/2020 18:00:00]
Initialized Unitask correctly for ECS
[11/08/2020 22:14:11]
[Information][11/08/2020 18:00:00]
(+) [Scene State] ENTERED state: MenuScene
[11/08/2020 22:14:24]
[Information][11/08/2020 18:00:00]
Closing Logger and Disposing
[11/08/2020 22:15:20]
[Information][11/08/2020 18:00:00]
ReInitialized Unitask after Initialization of ECS is complete
[11/08/2020 22:15:20]
[Information][11/08/2020 18:00:00]
Unitask Player loop is ready? True
[11/08/2020 22:15:20]
[Information][11/08/2020 18:00:00]
Initialized Unitask correctly for ECS
[11/08/2020 22:15:21]
[Information][11/08/2020 18:00:00]
(+) [Scene State] ENTERED state: MenuScene
[11/08/2020 22:15:50]
[Information][11/08/2020 18:00:00]
Closing Logger and Disposing
[11/08/2020 22:28:09]
[Information][11/08/2020 18:00:00]
ReInitialized Unitask after Initialization of ECS is complete
[11/08/2020 22:28:09]
[Information][11/08/2020 18:00:00]
Unitask Player loop is ready? True
[11/08/2020 22:28:09]
[Information][11/08/2020 18:00:00]
Initialized Unitask correctly for ECS
[11/08/2020 22:28:09]
[Information][11/08/2020 18:00:00]
(+) [Scene State] ENTERED state: MenuScene
[11/08/2020 22:28:10]
[Information][11/08/2020 18:00:00]
Closing Logger and Disposing
[11/08/2020 22:28:20]
[Information][11/08/2020 18:00:00]
ReInitialized Unitask after Initialization of ECS is complete
[11/08/2020 22:28:20]
[Information][11/08/2020 18:00:00]
Unitask Player loop is ready? True
[11/08/2020 22:28:20]
[Information][11/08/2020 18:00:00]
Initialized Unitask correctly for ECS
[11/08/2020 22:28:20]
[Information][11/08/2020 18:00:00]
(+) [Scene State] ENTERED state: MenuScene
[11/08/2020 22:29:07]
[Information][11/08/2020 18:00:00]
Closing Logger and Disposing
[11/08/2020 22:29:48]
[Information][11/08/2020 18:00:00]
ReInitialized Unitask after Initialization of ECS is complete
[11/08/2020 22:29:48]
[Information][11/08/2020 18:00:00]
Unitask Player loop is ready? True
[11/08/2020 22:29:48]
[Information][11/08/2020 18:00:00]
Initialized Unitask correctly for ECS
[11/08/2020 22:29:48]
[Information][11/08/2020 18:00:00]
(+) [Scene State] ENTERED state: MenuScene
[11/08/2020 22:30:02]
[Information][11/08/2020 18:00:00]
Closing Logger and Disposing
[11/08/2020 22:31:29]
[Information][11/08/2020 18:00:00]
ReInitialized Unitask after Initialization of ECS is complete
[11/08/2020 22:31:29]
[Information][11/08/2020 18:00:00]
Unitask Player loop is ready? True
[11/08/2020 22:31:29]
[Information][11/08/2020 18:00:00]
Initialized Unitask correctly for ECS
[11/08/2020 22:31:30]
[Information][11/08/2020 18:00:00]
(+) [Scene State] ENTERED state: MenuScene
[11/08/2020 22:31:41]
[Information][11/08/2020 18:00:00]
(-) [Scene State] EXITED state: MenuScene
[11/08/2020 22:31:41]
[Information][11/08/2020 18:00:00]
(+) [Scene State] ENTERED state: CreationScene
[11/08/2020 22:31:41]
[Information][11/08/2020 18:00:00]
(+) SpawnPos ENTERED state: Assassin
[11/08/2020 22:31:42]
[Information][11/08/2020 18:00:00]
Closing Logger and Disposing
