[11/01/2020 00:22:22]
[Information][10/31/2020 19:00:00]
ReInitialized Unitask after Initialization of ECS is complete
[11/01/2020 00:22:22]
[Information][10/31/2020 19:00:00]
Unitask Player loop is ready? True
[11/01/2020 00:22:22]
[Information][10/31/2020 19:00:00]
Initialized Unitask correctly for ECS
[11/01/2020 00:22:27]
[Information][10/31/2020 19:00:00]
Closing Logger and Disposing
[11/01/2020 00:23:19]
[Information][10/31/2020 19:00:00]
ReInitialized Unitask after Initialization of ECS is complete
[11/01/2020 00:23:19]
[Information][10/31/2020 19:00:00]
Unitask Player loop is ready? True
[11/01/2020 00:23:19]
[Information][10/31/2020 19:00:00]
Initialized Unitask correctly for ECS
[11/01/2020 00:23:23]
[Information][10/31/2020 19:00:00]
Closing Logger and Disposing
[11/01/2020 00:24:03]
[Information][10/31/2020 19:00:00]
ReInitialized Unitask after Initialization of ECS is complete
[11/01/2020 00:24:03]
[Information][10/31/2020 19:00:00]
Unitask Player loop is ready? True
[11/01/2020 00:24:03]
[Information][10/31/2020 19:00:00]
Initialized Unitask correctly for ECS
[11/01/2020 00:24:07]
[Information][10/31/2020 19:00:00]
Closing Logger and Disposing
[11/01/2020 00:26:58]
[Information][10/31/2020 19:00:00]
ReInitialized Unitask after Initialization of ECS is complete
[11/01/2020 00:26:58]
[Information][10/31/2020 19:00:00]
Unitask Player loop is ready? True
[11/01/2020 00:26:58]
[Information][10/31/2020 19:00:00]
Initialized Unitask correctly for ECS
[11/01/2020 00:27:03]
[Information][10/31/2020 19:00:00]
Closing Logger and Disposing
