[11/02/2020 00:25:12]
[Information][11/01/2020 18:00:00]
ReInitialized Unitask after Initialization of ECS is complete
[11/02/2020 00:25:12]
[Information][11/01/2020 18:00:00]
Unitask Player loop is ready? True
[11/02/2020 00:25:12]
[Information][11/01/2020 18:00:00]
Initialized Unitask correctly for ECS
[11/02/2020 00:28:18]
[Information][11/01/2020 18:00:00]
Closing Logger and Disposing
[11/02/2020 00:28:28]
[Information][11/01/2020 18:00:00]
ReInitialized Unitask after Initialization of ECS is complete
[11/02/2020 00:28:28]
[Information][11/01/2020 18:00:00]
Unitask Player loop is ready? True
[11/02/2020 00:28:28]
[Information][11/01/2020 18:00:00]
Initialized Unitask correctly for ECS
[11/02/2020 00:30:56]
[Information][11/01/2020 18:00:00]
Closing Logger and Disposing
[11/02/2020 00:33:21]
[Information][11/01/2020 18:00:00]
ReInitialized Unitask after Initialization of ECS is complete
[11/02/2020 00:33:21]
[Information][11/01/2020 18:00:00]
Unitask Player loop is ready? True
[11/02/2020 00:33:21]
[Information][11/01/2020 18:00:00]
Initialized Unitask correctly for ECS
[11/02/2020 00:33:38]
[Information][11/01/2020 18:00:00]
Closing Logger and Disposing
