[10/28/2020 11:27:42]
[Information][10/27/2020 19:00:00]
ReInitialized Unitask after Initialization of ECS is complete
[10/28/2020 11:27:42]
[Information][10/27/2020 19:00:00]
Unitask Player loop is ready? True
[10/28/2020 11:27:42]
[Information][10/27/2020 19:00:00]
Initialized Unitask correctly for ECS
[10/28/2020 11:27:44]
[Information][10/27/2020 19:00:00]
Closing Logger and Disposing
[10/28/2020 11:33:56]
[Information][10/27/2020 19:00:00]
ReInitialized Unitask after Initialization of ECS is complete
[10/28/2020 11:33:56]
[Information][10/27/2020 19:00:00]
Unitask Player loop is ready? True
[10/28/2020 11:33:56]
[Information][10/27/2020 19:00:00]
Initialized Unitask correctly for ECS
[10/28/2020 11:34:00]
[Information][10/27/2020 19:00:00]
Closing Logger and Disposing
[10/28/2020 11:35:03]
[Information][10/27/2020 19:00:00]
ReInitialized Unitask after Initialization of ECS is complete
[10/28/2020 11:35:03]
[Information][10/27/2020 19:00:00]
Unitask Player loop is ready? True
[10/28/2020 11:35:03]
[Information][10/27/2020 19:00:00]
Initialized Unitask correctly for ECS
[10/28/2020 11:35:20]
[Information][10/27/2020 19:00:00]
Closing Logger and Disposing
[10/28/2020 11:35:56]
[Information][10/27/2020 19:00:00]
ReInitialized Unitask after Initialization of ECS is complete
[10/28/2020 11:35:56]
[Information][10/27/2020 19:00:00]
Unitask Player loop is ready? True
[10/28/2020 11:35:56]
[Information][10/27/2020 19:00:00]
Initialized Unitask correctly for ECS
[10/28/2020 11:35:59]
[Information][10/27/2020 19:00:00]
Closing Logger and Disposing
[10/28/2020 11:37:23]
[Information][10/27/2020 19:00:00]
ReInitialized Unitask after Initialization of ECS is complete
[10/28/2020 11:37:23]
[Information][10/27/2020 19:00:00]
Unitask Player loop is ready? True
[10/28/2020 11:37:23]
[Information][10/27/2020 19:00:00]
Initialized Unitask correctly for ECS
[10/28/2020 11:37:29]
[Information][10/27/2020 19:00:00]
Closing Logger and Disposing
[10/28/2020 11:38:11]
[Information][10/27/2020 19:00:00]
ReInitialized Unitask after Initialization of ECS is complete
[10/28/2020 11:38:11]
[Information][10/27/2020 19:00:00]
Unitask Player loop is ready? True
[10/28/2020 11:38:11]
[Information][10/27/2020 19:00:00]
Initialized Unitask correctly for ECS
[10/28/2020 11:38:24]
[Information][10/27/2020 19:00:00]
Closing Logger and Disposing
