[11/29/2020 10:34:34]
[Information][11/28/2020 18:00:00]
ReInitialized Unitask after Initialization of ECS is complete
[11/29/2020 10:34:34]
[Information][11/28/2020 18:00:00]
Unitask Player loop is ready? True
[11/29/2020 10:34:34]
[Information][11/28/2020 18:00:00]
Initialized Unitask correctly for ECS
[11/29/2020 10:34:34]
[Information][11/28/2020 18:00:00]
False
[11/29/2020 10:34:34]
[Information][11/28/2020 18:00:00]
(+) [Scene State] ENTERED state: MenuScene
[11/29/2020 10:34:34]
[Information][11/28/2020 18:00:00]
True
[11/29/2020 10:35:02]
[Information][11/28/2020 18:00:00]
Closing Logger and Disposing
[11/29/2020 10:35:59]
[Information][11/28/2020 18:00:00]
ReInitialized Unitask after Initialization of ECS is complete
[11/29/2020 10:35:59]
[Information][11/28/2020 18:00:00]
Unitask Player loop is ready? True
[11/29/2020 10:35:59]
[Information][11/28/2020 18:00:00]
Initialized Unitask correctly for ECS
[11/29/2020 10:35:59]
[Information][11/28/2020 18:00:00]
True
[11/29/2020 10:36:00]
[Information][11/28/2020 18:00:00]
(+) [Scene State] ENTERED state: MenuScene
[11/29/2020 10:36:26]
[Information][11/28/2020 18:00:00]
(-) [Scene State] EXITED state: MenuScene
[11/29/2020 10:36:26]
[Information][11/28/2020 18:00:00]
(+) [Scene State] ENTERED state: CreationScene
[11/29/2020 10:36:26]
[Information][11/28/2020 18:00:00]
(+) SpawnPos ENTERED state: Assassin
[11/29/2020 10:36:32]
[Information][11/28/2020 18:00:00]
Closing Logger and Disposing
[11/29/2020 10:36:51]
[Information][11/28/2020 18:00:00]
ReInitialized Unitask after Initialization of ECS is complete
[11/29/2020 10:36:51]
[Information][11/28/2020 18:00:00]
Unitask Player loop is ready? True
[11/29/2020 10:36:51]
[Information][11/28/2020 18:00:00]
Initialized Unitask correctly for ECS
[11/29/2020 10:36:51]
[Information][11/28/2020 18:00:00]
True
[11/29/2020 10:36:52]
[Information][11/28/2020 18:00:00]
(+) [Scene State] ENTERED state: MenuScene
[11/29/2020 10:37:17]
[Information][11/28/2020 18:00:00]
(-) [Scene State] EXITED state: MenuScene
[11/29/2020 10:37:17]
[Information][11/28/2020 18:00:00]
(+) [Scene State] ENTERED state: CreationScene
[11/29/2020 10:37:17]
[Information][11/28/2020 18:00:00]
(+) SpawnPos ENTERED state: Assassin
[11/29/2020 10:37:21]
[Information][11/28/2020 18:00:00]
Closing Logger and Disposing
[11/29/2020 12:33:13]
[Information][11/28/2020 18:00:00]
ReInitialized Unitask after Initialization of ECS is complete
[11/29/2020 12:33:13]
[Information][11/28/2020 18:00:00]
Unitask Player loop is ready? True
[11/29/2020 12:33:13]
[Information][11/28/2020 18:00:00]
Initialized Unitask correctly for ECS
[11/29/2020 12:33:14]
[Error][11/28/2020 18:00:00]
Failed to initialize Character Asset
[11/29/2020 12:33:23]
[Information][11/28/2020 18:00:00]
Closing Logger and Disposing
[11/29/2020 12:34:33]
[Information][11/28/2020 18:00:00]
ReInitialized Unitask after Initialization of ECS is complete
[11/29/2020 12:34:33]
[Information][11/28/2020 18:00:00]
Unitask Player loop is ready? True
[11/29/2020 12:34:33]
[Information][11/28/2020 18:00:00]
Initialized Unitask correctly for ECS
[11/29/2020 12:34:33]
[Error][11/28/2020 18:00:00]
Failed to initialize Character Asset
[11/29/2020 12:34:43]
[Information][11/28/2020 18:00:00]
Closing Logger and Disposing
[11/29/2020 12:36:53]
[Information][11/28/2020 18:00:00]
ReInitialized Unitask after Initialization of ECS is complete
[11/29/2020 12:36:54]
[Information][11/28/2020 18:00:00]
Unitask Player loop is ready? True
[11/29/2020 12:36:54]
[Information][11/28/2020 18:00:00]
Initialized Unitask correctly for ECS
[11/29/2020 12:36:54]
[Error][11/28/2020 18:00:00]
Failed to initialize Character Asset
[11/29/2020 12:36:58]
[Information][11/28/2020 18:00:00]
Closing Logger and Disposing
[11/29/2020 12:37:28]
[Information][11/28/2020 18:00:00]
ReInitialized Unitask after Initialization of ECS is complete
[11/29/2020 12:37:28]
[Information][11/28/2020 18:00:00]
Unitask Player loop is ready? True
[11/29/2020 12:37:28]
[Information][11/28/2020 18:00:00]
Initialized Unitask correctly for ECS
[11/29/2020 12:37:40]
[Information][11/28/2020 18:00:00]
Closing Logger and Disposing
[11/29/2020 12:38:46]
[Information][11/28/2020 18:00:00]
ReInitialized Unitask after Initialization of ECS is complete
[11/29/2020 12:38:46]
[Information][11/28/2020 18:00:00]
Unitask Player loop is ready? True
[11/29/2020 12:38:46]
[Information][11/28/2020 18:00:00]
Initialized Unitask correctly for ECS
[11/29/2020 12:38:53]
[Information][11/28/2020 18:00:00]
Closing Logger and Disposing
[11/29/2020 12:40:28]
[Information][11/28/2020 18:00:00]
ReInitialized Unitask after Initialization of ECS is complete
[11/29/2020 12:40:28]
[Information][11/28/2020 18:00:00]
Unitask Player loop is ready? True
[11/29/2020 12:40:28]
[Information][11/28/2020 18:00:00]
Initialized Unitask correctly for ECS
[11/29/2020 12:40:34]
[Information][11/28/2020 18:00:00]
Closing Logger and Disposing
[11/29/2020 12:43:09]
[Information][11/28/2020 18:00:00]
ReInitialized Unitask after Initialization of ECS is complete
[11/29/2020 12:43:09]
[Information][11/28/2020 18:00:00]
Unitask Player loop is ready? True
[11/29/2020 12:43:09]
[Information][11/28/2020 18:00:00]
Initialized Unitask correctly for ECS
[11/29/2020 12:43:17]
[Information][11/28/2020 18:00:00]
Closing Logger and Disposing
[11/29/2020 16:44:16]
[Information][11/28/2020 18:00:00]
ReInitialized Unitask after Initialization of ECS is complete
[11/29/2020 16:44:16]
[Information][11/28/2020 18:00:00]
Unitask Player loop is ready? True
[11/29/2020 16:44:16]
[Information][11/28/2020 18:00:00]
Initialized Unitask correctly for ECS
[11/29/2020 16:44:25]
[Information][11/28/2020 18:00:00]
Closing Logger and Disposing
[11/29/2020 17:14:37]
[Information][11/28/2020 18:00:00]
ReInitialized Unitask after Initialization of ECS is complete
[11/29/2020 17:14:37]
[Information][11/28/2020 18:00:00]
Unitask Player loop is ready? True
[11/29/2020 17:14:37]
[Information][11/28/2020 18:00:00]
Initialized Unitask correctly for ECS
[11/29/2020 17:14:51]
[Information][11/28/2020 18:00:00]
Closing Logger and Disposing
[11/29/2020 17:18:58]
[Information][11/28/2020 18:00:00]
ReInitialized Unitask after Initialization of ECS is complete
[11/29/2020 17:18:58]
[Information][11/28/2020 18:00:00]
Unitask Player loop is ready? True
[11/29/2020 17:18:58]
[Information][11/28/2020 18:00:00]
Initialized Unitask correctly for ECS
[11/29/2020 17:19:10]
[Information][11/28/2020 18:00:00]
Closing Logger and Disposing
[11/29/2020 17:27:57]
[Information][11/28/2020 18:00:00]
ReInitialized Unitask after Initialization of ECS is complete
[11/29/2020 17:27:57]
[Information][11/28/2020 18:00:00]
Unitask Player loop is ready? True
[11/29/2020 17:27:57]
[Information][11/28/2020 18:00:00]
Initialized Unitask correctly for ECS
[11/29/2020 17:28:12]
[Information][11/28/2020 18:00:00]
Closing Logger and Disposing
[11/29/2020 17:38:17]
[Information][11/28/2020 18:00:00]
ReInitialized Unitask after Initialization of ECS is complete
[11/29/2020 17:38:17]
[Information][11/28/2020 18:00:00]
Unitask Player loop is ready? True
[11/29/2020 17:38:17]
[Information][11/28/2020 18:00:00]
Initialized Unitask correctly for ECS
[11/29/2020 17:38:25]
[Information][11/28/2020 18:00:00]
Closing Logger and Disposing
[11/29/2020 17:51:53]
[Information][11/28/2020 18:00:00]
ReInitialized Unitask after Initialization of ECS is complete
[11/29/2020 17:51:53]
[Information][11/28/2020 18:00:00]
Unitask Player loop is ready? True
[11/29/2020 17:51:53]
[Information][11/28/2020 18:00:00]
Initialized Unitask correctly for ECS
[11/29/2020 17:51:53]
[Information][11/28/2020 18:00:00]
(+) SpawnPos ENTERED state: Assassin
[11/29/2020 17:52:06]
[Information][11/28/2020 18:00:00]
Closing Logger and Disposing
[11/29/2020 17:52:20]
[Information][11/28/2020 18:00:00]
ReInitialized Unitask after Initialization of ECS is complete
[11/29/2020 17:52:20]
[Information][11/28/2020 18:00:00]
Unitask Player loop is ready? True
[11/29/2020 17:52:20]
[Information][11/28/2020 18:00:00]
Initialized Unitask correctly for ECS
[11/29/2020 17:52:40]
[Error][11/28/2020 18:00:00]
Name or Label Empty Exception: Label or name passed in is equal to string.empty ("")
[11/29/2020 17:52:40]
[Information][11/28/2020 18:00:00]
(+) [Scene State] ENTERED state: MenuScene
[11/29/2020 17:52:40]
[Error][11/28/2020 18:00:00]
Missing AudioClip on MenuScene (UnityEngine.GameObject)
[11/29/2020 17:52:47]
[Information][11/28/2020 18:00:00]
Closing Logger and Disposing
[11/29/2020 17:53:32]
[Information][11/28/2020 18:00:00]
ReInitialized Unitask after Initialization of ECS is complete
[11/29/2020 17:53:32]
[Information][11/28/2020 18:00:00]
Unitask Player loop is ready? True
[11/29/2020 17:53:32]
[Information][11/28/2020 18:00:00]
Initialized Unitask correctly for ECS
[11/29/2020 17:53:33]
[Information][11/28/2020 18:00:00]
(+) [Scene State] ENTERED state: MenuScene
[11/29/2020 17:53:44]
[Error][11/28/2020 18:00:00]
Name or Label Empty Exception: Label or name passed in is equal to string.empty ("")
[11/29/2020 17:53:44]
[Information][11/28/2020 18:00:00]
(-) [Scene State] EXITED state: MenuScene
[11/29/2020 17:53:44]
[Information][11/28/2020 18:00:00]
(+) [Scene State] ENTERED state: CreationScene
[11/29/2020 17:53:50]
[Information][11/28/2020 18:00:00]
Closing Logger and Disposing
[11/29/2020 17:54:21]
[Information][11/28/2020 18:00:00]
ReInitialized Unitask after Initialization of ECS is complete
[11/29/2020 17:54:21]
[Information][11/28/2020 18:00:00]
Unitask Player loop is ready? True
[11/29/2020 17:54:21]
[Information][11/28/2020 18:00:00]
Initialized Unitask correctly for ECS
[11/29/2020 17:54:22]
[Information][11/28/2020 18:00:00]
(+) [Scene State] ENTERED state: MenuScene
[11/29/2020 17:54:35]
[Error][11/28/2020 18:00:00]
Name or Label Empty Exception: Label or name passed in is equal to string.empty ("")
[11/29/2020 17:54:35]
[Information][11/28/2020 18:00:00]
(-) [Scene State] EXITED state: MenuScene
[11/29/2020 17:54:35]
[Information][11/28/2020 18:00:00]
(+) [Scene State] ENTERED state: CreationScene
[11/29/2020 17:54:37]
[Information][11/28/2020 18:00:00]
Closing Logger and Disposing
[11/29/2020 17:56:24]
[Information][11/28/2020 18:00:00]
ReInitialized Unitask after Initialization of ECS is complete
[11/29/2020 17:56:24]
[Information][11/28/2020 18:00:00]
Unitask Player loop is ready? True
[11/29/2020 17:56:24]
[Information][11/28/2020 18:00:00]
Initialized Unitask correctly for ECS
[11/29/2020 17:56:25]
[Information][11/28/2020 18:00:00]
(+) [Scene State] ENTERED state: MenuScene
[11/29/2020 17:56:37]
[Information][11/28/2020 18:00:00]
(-) [Scene State] EXITED state: MenuScene
[11/29/2020 17:56:37]
[Information][11/28/2020 18:00:00]
(+) [Scene State] ENTERED state: CreationScene
[11/29/2020 17:56:37]
[Information][11/28/2020 18:00:00]
(-) [Scene State] EXITED state: CreationScene
[11/29/2020 17:56:37]
[Information][11/28/2020 18:00:00]
(+) [Scene State] ENTERED state: MenuScene
[11/29/2020 17:56:37]
[Information][11/28/2020 18:00:00]
(+) SpawnPos ENTERED state: Assassin
[11/29/2020 17:56:50]
[Information][11/28/2020 18:00:00]
Closing Logger and Disposing
[11/29/2020 17:57:06]
[Information][11/28/2020 18:00:00]
ReInitialized Unitask after Initialization of ECS is complete
[11/29/2020 17:57:06]
[Information][11/28/2020 18:00:00]
Unitask Player loop is ready? True
[11/29/2020 17:57:06]
[Information][11/28/2020 18:00:00]
Initialized Unitask correctly for ECS
[11/29/2020 17:57:07]
[Information][11/28/2020 18:00:00]
(+) [Scene State] ENTERED state: MenuScene
[11/29/2020 17:57:20]
[Information][11/28/2020 18:00:00]
(-) [Scene State] EXITED state: MenuScene
[11/29/2020 17:57:20]
[Information][11/28/2020 18:00:00]
(+) [Scene State] ENTERED state: CreationScene
[11/29/2020 17:57:20]
[Information][11/28/2020 18:00:00]
(+) SpawnPos ENTERED state: Assassin
[11/29/2020 17:57:23]
[Information][11/28/2020 18:00:00]
Index is greater than the amount of states in the StateMachine "SpawnPos" please verify the index you are trying to change to.
[11/29/2020 17:57:23]
[Information][11/28/2020 18:00:00]
Index is greater than the amount of states in the StateMachine "SpawnPos" please verify the index you are trying to change to.
[11/29/2020 17:57:23]
[Information][11/28/2020 18:00:00]
Index is greater than the amount of states in the StateMachine "SpawnPos" please verify the index you are trying to change to.
[11/29/2020 17:57:23]
[Information][11/28/2020 18:00:00]
Index is greater than the amount of states in the StateMachine "SpawnPos" please verify the index you are trying to change to.
[11/29/2020 17:57:23]
[Information][11/28/2020 18:00:00]
Index is greater than the amount of states in the StateMachine "SpawnPos" please verify the index you are trying to change to.
[11/29/2020 17:57:23]
[Information][11/28/2020 18:00:00]
Index is greater than the amount of states in the StateMachine "SpawnPos" please verify the index you are trying to change to.
[11/29/2020 17:57:24]
[Information][11/28/2020 18:00:00]
(-) SpawnPos EXITED state: Assassin
[11/29/2020 17:57:24]
[Information][11/28/2020 18:00:00]
(+) SpawnPos ENTERED state: Necromancer
[11/29/2020 17:57:24]
[Information][11/28/2020 18:00:00]
State change ignored. State machine "SpawnPos" already in "Necromancer" state.
[11/29/2020 17:57:24]
[Information][11/28/2020 18:00:00]
State change ignored. State machine "SpawnPos" already in "Necromancer" state.
[11/29/2020 17:57:24]
[Information][11/28/2020 18:00:00]
State change ignored. State machine "SpawnPos" already in "Necromancer" state.
[11/29/2020 17:57:24]
[Information][11/28/2020 18:00:00]
State change ignored. State machine "SpawnPos" already in "Necromancer" state.
[11/29/2020 17:57:24]
[Information][11/28/2020 18:00:00]
State change ignored. State machine "SpawnPos" already in "Necromancer" state.
[11/29/2020 17:57:27]
[Information][11/28/2020 18:00:00]
Index is greater than the amount of states in the StateMachine "SpawnPos" please verify the index you are trying to change to.
[11/29/2020 17:57:27]
[Information][11/28/2020 18:00:00]
Index is greater than the amount of states in the StateMachine "SpawnPos" please verify the index you are trying to change to.
[11/29/2020 17:57:27]
[Information][11/28/2020 18:00:00]
Index is greater than the amount of states in the StateMachine "SpawnPos" please verify the index you are trying to change to.
[11/29/2020 17:57:27]
[Information][11/28/2020 18:00:00]
Index is greater than the amount of states in the StateMachine "SpawnPos" please verify the index you are trying to change to.
[11/29/2020 17:57:27]
[Information][11/28/2020 18:00:00]
Index is greater than the amount of states in the StateMachine "SpawnPos" please verify the index you are trying to change to.
[11/29/2020 17:57:27]
[Information][11/28/2020 18:00:00]
Index is greater than the amount of states in the StateMachine "SpawnPos" please verify the index you are trying to change to.
[11/29/2020 17:57:28]
[Information][11/28/2020 18:00:00]
(-) SpawnPos EXITED state: Necromancer
[11/29/2020 17:57:28]
[Information][11/28/2020 18:00:00]
(+) SpawnPos ENTERED state: Assassin
[11/29/2020 17:57:28]
[Information][11/28/2020 18:00:00]
State change ignored. State machine "SpawnPos" already in "Assassin" state.
[11/29/2020 17:57:28]
[Information][11/28/2020 18:00:00]
State change ignored. State machine "SpawnPos" already in "Assassin" state.
[11/29/2020 17:57:28]
[Information][11/28/2020 18:00:00]
State change ignored. State machine "SpawnPos" already in "Assassin" state.
[11/29/2020 17:57:28]
[Information][11/28/2020 18:00:00]
State change ignored. State machine "SpawnPos" already in "Assassin" state.
[11/29/2020 17:57:28]
[Information][11/28/2020 18:00:00]
State change ignored. State machine "SpawnPos" already in "Assassin" state.
[11/29/2020 17:57:28]
[Information][11/28/2020 18:00:00]
(-) SpawnPos EXITED state: Assassin
[11/29/2020 17:57:28]
[Information][11/28/2020 18:00:00]
(+) SpawnPos ENTERED state: Necromancer
[11/29/2020 17:57:28]
[Information][11/28/2020 18:00:00]
State change ignored. State machine "SpawnPos" already in "Necromancer" state.
[11/29/2020 17:57:28]
[Information][11/28/2020 18:00:00]
State change ignored. State machine "SpawnPos" already in "Necromancer" state.
[11/29/2020 17:57:28]
[Information][11/28/2020 18:00:00]
State change ignored. State machine "SpawnPos" already in "Necromancer" state.
[11/29/2020 17:57:28]
[Information][11/28/2020 18:00:00]
State change ignored. State machine "SpawnPos" already in "Necromancer" state.
[11/29/2020 17:57:28]
[Information][11/28/2020 18:00:00]
State change ignored. State machine "SpawnPos" already in "Necromancer" state.
[11/29/2020 17:57:29]
[Information][11/28/2020 18:00:00]
Index is greater than the amount of states in the StateMachine "SpawnPos" please verify the index you are trying to change to.
[11/29/2020 17:57:29]
[Information][11/28/2020 18:00:00]
Index is greater than the amount of states in the StateMachine "SpawnPos" please verify the index you are trying to change to.
[11/29/2020 17:57:29]
[Information][11/28/2020 18:00:00]
Index is greater than the amount of states in the StateMachine "SpawnPos" please verify the index you are trying to change to.
[11/29/2020 17:57:29]
[Information][11/28/2020 18:00:00]
Index is greater than the amount of states in the StateMachine "SpawnPos" please verify the index you are trying to change to.
[11/29/2020 17:57:29]
[Information][11/28/2020 18:00:00]
Index is greater than the amount of states in the StateMachine "SpawnPos" please verify the index you are trying to change to.
[11/29/2020 17:57:29]
[Information][11/28/2020 18:00:00]
Index is greater than the amount of states in the StateMachine "SpawnPos" please verify the index you are trying to change to.
[11/29/2020 17:57:31]
[Information][11/28/2020 18:00:00]
Closing Logger and Disposing
[11/29/2020 18:03:30]
[Information][11/29/2020 18:00:00]
ReInitialized Unitask after Initialization of ECS is complete
[11/29/2020 18:03:30]
[Information][11/29/2020 18:00:00]
Unitask Player loop is ready? True
[11/29/2020 18:03:30]
[Information][11/29/2020 18:00:00]
Initialized Unitask correctly for ECS
[11/29/2020 18:03:31]
[Information][11/29/2020 18:00:00]
(+) [Scene State] ENTERED state: MenuScene
[11/29/2020 18:03:45]
[Information][11/29/2020 18:00:00]
(-) [Scene State] EXITED state: MenuScene
[11/29/2020 18:03:45]
[Information][11/29/2020 18:00:00]
(+) [Scene State] ENTERED state: CreationScene
[11/29/2020 18:03:45]
[Information][11/29/2020 18:00:00]
(+) SpawnPos ENTERED state: Assassin
[11/29/2020 18:03:46]
[Information][11/29/2020 18:00:00]
(-) SpawnPos EXITED state: Assassin
[11/29/2020 18:03:46]
[Information][11/29/2020 18:00:00]
(+) SpawnPos ENTERED state: Oracle
[11/29/2020 18:03:46]
[Information][11/29/2020 18:00:00]
State change ignored. State machine "SpawnPos" already in "Oracle" state.
[11/29/2020 18:03:46]
[Information][11/29/2020 18:00:00]
State change ignored. State machine "SpawnPos" already in "Oracle" state.
[11/29/2020 18:03:46]
[Information][11/29/2020 18:00:00]
State change ignored. State machine "SpawnPos" already in "Oracle" state.
[11/29/2020 18:03:46]
[Information][11/29/2020 18:00:00]
State change ignored. State machine "SpawnPos" already in "Oracle" state.
[11/29/2020 18:03:46]
[Information][11/29/2020 18:00:00]
State change ignored. State machine "SpawnPos" already in "Oracle" state.
[11/29/2020 18:03:47]
[Information][11/29/2020 18:00:00]
(-) SpawnPos EXITED state: Oracle
[11/29/2020 18:03:47]
[Information][11/29/2020 18:00:00]
(+) SpawnPos ENTERED state: Necromancer
[11/29/2020 18:03:47]
[Information][11/29/2020 18:00:00]
State change ignored. State machine "SpawnPos" already in "Necromancer" state.
[11/29/2020 18:03:47]
[Information][11/29/2020 18:00:00]
State change ignored. State machine "SpawnPos" already in "Necromancer" state.
[11/29/2020 18:03:47]
[Information][11/29/2020 18:00:00]
State change ignored. State machine "SpawnPos" already in "Necromancer" state.
[11/29/2020 18:03:47]
[Information][11/29/2020 18:00:00]
State change ignored. State machine "SpawnPos" already in "Necromancer" state.
[11/29/2020 18:03:47]
[Information][11/29/2020 18:00:00]
State change ignored. State machine "SpawnPos" already in "Necromancer" state.
[11/29/2020 18:03:48]
[Information][11/29/2020 18:00:00]
(-) SpawnPos EXITED state: Necromancer
[11/29/2020 18:03:48]
[Information][11/29/2020 18:00:00]
(+) SpawnPos ENTERED state: Assassin
[11/29/2020 18:03:48]
[Information][11/29/2020 18:00:00]
State change ignored. State machine "SpawnPos" already in "Assassin" state.
[11/29/2020 18:03:48]
[Information][11/29/2020 18:00:00]
State change ignored. State machine "SpawnPos" already in "Assassin" state.
[11/29/2020 18:03:48]
[Information][11/29/2020 18:00:00]
State change ignored. State machine "SpawnPos" already in "Assassin" state.
[11/29/2020 18:03:48]
[Information][11/29/2020 18:00:00]
State change ignored. State machine "SpawnPos" already in "Assassin" state.
[11/29/2020 18:03:48]
[Information][11/29/2020 18:00:00]
State change ignored. State machine "SpawnPos" already in "Assassin" state.
[11/29/2020 18:03:49]
[Information][11/29/2020 18:00:00]
(-) SpawnPos EXITED state: Assassin
[11/29/2020 18:03:49]
[Information][11/29/2020 18:00:00]
(+) SpawnPos ENTERED state: Necromancer
[11/29/2020 18:03:49]
[Information][11/29/2020 18:00:00]
State change ignored. State machine "SpawnPos" already in "Necromancer" state.
[11/29/2020 18:03:49]
[Information][11/29/2020 18:00:00]
State change ignored. State machine "SpawnPos" already in "Necromancer" state.
[11/29/2020 18:03:49]
[Information][11/29/2020 18:00:00]
State change ignored. State machine "SpawnPos" already in "Necromancer" state.
[11/29/2020 18:03:49]
[Information][11/29/2020 18:00:00]
State change ignored. State machine "SpawnPos" already in "Necromancer" state.
[11/29/2020 18:03:49]
[Information][11/29/2020 18:00:00]
State change ignored. State machine "SpawnPos" already in "Necromancer" state.
[11/29/2020 18:03:49]
[Information][11/29/2020 18:00:00]
(-) SpawnPos EXITED state: Necromancer
[11/29/2020 18:03:49]
[Information][11/29/2020 18:00:00]
(+) SpawnPos ENTERED state: Oracle
[11/29/2020 18:03:49]
[Information][11/29/2020 18:00:00]
State change ignored. State machine "SpawnPos" already in "Oracle" state.
[11/29/2020 18:03:49]
[Information][11/29/2020 18:00:00]
State change ignored. State machine "SpawnPos" already in "Oracle" state.
[11/29/2020 18:03:49]
[Information][11/29/2020 18:00:00]
State change ignored. State machine "SpawnPos" already in "Oracle" state.
[11/29/2020 18:03:49]
[Information][11/29/2020 18:00:00]
State change ignored. State machine "SpawnPos" already in "Oracle" state.
[11/29/2020 18:03:49]
[Information][11/29/2020 18:00:00]
State change ignored. State machine "SpawnPos" already in "Oracle" state.
[11/29/2020 18:03:51]
[Information][11/29/2020 18:00:00]
Closing Logger and Disposing
[11/29/2020 18:12:15]
[Information][11/29/2020 18:00:00]
ReInitialized Unitask after Initialization of ECS is complete
[11/29/2020 18:12:15]
[Information][11/29/2020 18:00:00]
Unitask Player loop is ready? True
[11/29/2020 18:12:15]
[Information][11/29/2020 18:00:00]
Initialized Unitask correctly for ECS
[11/29/2020 18:12:16]
[Information][11/29/2020 18:00:00]
(+) [Scene State] ENTERED state: MenuScene
[11/29/2020 18:12:29]
[Information][11/29/2020 18:00:00]
(-) [Scene State] EXITED state: MenuScene
[11/29/2020 18:12:29]
[Information][11/29/2020 18:00:00]
(+) [Scene State] ENTERED state: CreationScene
[11/29/2020 18:12:29]
[Information][11/29/2020 18:00:00]
(+) SpawnPos ENTERED state: Assassin
[11/29/2020 18:12:33]
[Information][11/29/2020 18:00:00]
State change ignored. State machine "SpawnPos" already in "Assassin" state.
[11/29/2020 18:12:33]
[Information][11/29/2020 18:00:00]
State change ignored. State machine "SpawnPos" already in "Assassin" state.
[11/29/2020 18:12:33]
[Information][11/29/2020 18:00:00]
State change ignored. State machine "SpawnPos" already in "Assassin" state.
[11/29/2020 18:12:33]
[Information][11/29/2020 18:00:00]
State change ignored. State machine "SpawnPos" already in "Assassin" state.
[11/29/2020 18:12:33]
[Information][11/29/2020 18:00:00]
State change ignored. State machine "SpawnPos" already in "Assassin" state.
[11/29/2020 18:12:33]
[Information][11/29/2020 18:00:00]
State change ignored. State machine "SpawnPos" already in "Assassin" state.
[11/29/2020 18:12:41]
[Information][11/29/2020 18:00:00]
(-) SpawnPos EXITED state: Assassin
[11/29/2020 18:12:41]
[Information][11/29/2020 18:00:00]
(+) SpawnPos ENTERED state: Necromancer
[11/29/2020 18:12:41]
[Information][11/29/2020 18:00:00]
State change ignored. State machine "SpawnPos" already in "Necromancer" state.
[11/29/2020 18:12:41]
[Information][11/29/2020 18:00:00]
State change ignored. State machine "SpawnPos" already in "Necromancer" state.
[11/29/2020 18:12:41]
[Information][11/29/2020 18:00:00]
State change ignored. State machine "SpawnPos" already in "Necromancer" state.
[11/29/2020 18:12:41]
[Information][11/29/2020 18:00:00]
State change ignored. State machine "SpawnPos" already in "Necromancer" state.
[11/29/2020 18:12:41]
[Information][11/29/2020 18:00:00]
State change ignored. State machine "SpawnPos" already in "Necromancer" state.
[11/29/2020 18:12:48]
[Information][11/29/2020 18:00:00]
(-) SpawnPos EXITED state: Necromancer
[11/29/2020 18:12:48]
[Information][11/29/2020 18:00:00]
(+) SpawnPos ENTERED state: Oracle
[11/29/2020 18:12:48]
[Information][11/29/2020 18:00:00]
State change ignored. State machine "SpawnPos" already in "Oracle" state.
[11/29/2020 18:12:48]
[Information][11/29/2020 18:00:00]
State change ignored. State machine "SpawnPos" already in "Oracle" state.
[11/29/2020 18:12:48]
[Information][11/29/2020 18:00:00]
State change ignored. State machine "SpawnPos" already in "Oracle" state.
[11/29/2020 18:12:48]
[Information][11/29/2020 18:00:00]
State change ignored. State machine "SpawnPos" already in "Oracle" state.
[11/29/2020 18:12:48]
[Information][11/29/2020 18:00:00]
State change ignored. State machine "SpawnPos" already in "Oracle" state.
[11/29/2020 18:12:56]
[Information][11/29/2020 18:00:00]
(-) SpawnPos EXITED state: Oracle
[11/29/2020 18:12:56]
[Information][11/29/2020 18:00:00]
(+) SpawnPos ENTERED state: Assassin
[11/29/2020 18:12:56]
[Information][11/29/2020 18:00:00]
State change ignored. State machine "SpawnPos" already in "Assassin" state.
[11/29/2020 18:12:56]
[Information][11/29/2020 18:00:00]
State change ignored. State machine "SpawnPos" already in "Assassin" state.
[11/29/2020 18:12:56]
[Information][11/29/2020 18:00:00]
State change ignored. State machine "SpawnPos" already in "Assassin" state.
[11/29/2020 18:12:56]
[Information][11/29/2020 18:00:00]
State change ignored. State machine "SpawnPos" already in "Assassin" state.
[11/29/2020 18:12:56]
[Information][11/29/2020 18:00:00]
State change ignored. State machine "SpawnPos" already in "Assassin" state.
[11/29/2020 18:12:56]
[Information][11/29/2020 18:00:00]
(-) SpawnPos EXITED state: Assassin
[11/29/2020 18:12:56]
[Information][11/29/2020 18:00:00]
(+) SpawnPos ENTERED state: Necromancer
[11/29/2020 18:12:56]
[Information][11/29/2020 18:00:00]
State change ignored. State machine "SpawnPos" already in "Necromancer" state.
[11/29/2020 18:12:56]
[Information][11/29/2020 18:00:00]
State change ignored. State machine "SpawnPos" already in "Necromancer" state.
[11/29/2020 18:12:56]
[Information][11/29/2020 18:00:00]
State change ignored. State machine "SpawnPos" already in "Necromancer" state.
[11/29/2020 18:12:56]
[Information][11/29/2020 18:00:00]
State change ignored. State machine "SpawnPos" already in "Necromancer" state.
[11/29/2020 18:12:56]
[Information][11/29/2020 18:00:00]
State change ignored. State machine "SpawnPos" already in "Necromancer" state.
[11/29/2020 18:13:01]
[Information][11/29/2020 18:00:00]
(-) SpawnPos EXITED state: Necromancer
[11/29/2020 18:13:01]
[Information][11/29/2020 18:00:00]
(+) SpawnPos ENTERED state: Oracle
[11/29/2020 18:13:01]
[Information][11/29/2020 18:00:00]
State change ignored. State machine "SpawnPos" already in "Oracle" state.
[11/29/2020 18:13:01]
[Information][11/29/2020 18:00:00]
State change ignored. State machine "SpawnPos" already in "Oracle" state.
[11/29/2020 18:13:01]
[Information][11/29/2020 18:00:00]
State change ignored. State machine "SpawnPos" already in "Oracle" state.
[11/29/2020 18:13:01]
[Information][11/29/2020 18:00:00]
State change ignored. State machine "SpawnPos" already in "Oracle" state.
[11/29/2020 18:13:01]
[Information][11/29/2020 18:00:00]
State change ignored. State machine "SpawnPos" already in "Oracle" state.
[11/29/2020 18:13:05]
[Information][11/29/2020 18:00:00]
Closing Logger and Disposing
[11/29/2020 18:30:19]
[Information][11/29/2020 18:00:00]
ReInitialized Unitask after Initialization of ECS is complete
[11/29/2020 18:30:19]
[Information][11/29/2020 18:00:00]
Unitask Player loop is ready? True
[11/29/2020 18:30:19]
[Information][11/29/2020 18:00:00]
Initialized Unitask correctly for ECS
[11/29/2020 18:30:20]
[Information][11/29/2020 18:00:00]
(+) [Scene State] ENTERED state: MenuScene
[11/29/2020 18:30:31]
[Information][11/29/2020 18:00:00]
(-) [Scene State] EXITED state: MenuScene
[11/29/2020 18:30:31]
[Information][11/29/2020 18:00:00]
(+) [Scene State] ENTERED state: CreationScene
[11/29/2020 18:30:31]
[Information][11/29/2020 18:00:00]
(+) SpawnPos ENTERED state: Assassin
[11/29/2020 18:30:32]
[Information][11/29/2020 18:00:00]
(-) SpawnPos EXITED state: Assassin
[11/29/2020 18:30:32]
[Information][11/29/2020 18:00:00]
(+) SpawnPos ENTERED state: Oracle
[11/29/2020 18:30:32]
[Information][11/29/2020 18:00:00]
State change ignored. State machine "SpawnPos" already in "Oracle" state.
[11/29/2020 18:30:32]
[Information][11/29/2020 18:00:00]
State change ignored. State machine "SpawnPos" already in "Oracle" state.
[11/29/2020 18:30:32]
[Information][11/29/2020 18:00:00]
State change ignored. State machine "SpawnPos" already in "Oracle" state.
[11/29/2020 18:30:32]
[Information][11/29/2020 18:00:00]
State change ignored. State machine "SpawnPos" already in "Oracle" state.
[11/29/2020 18:30:32]
[Information][11/29/2020 18:00:00]
State change ignored. State machine "SpawnPos" already in "Oracle" state.
[11/29/2020 18:30:51]
[Information][11/29/2020 18:00:00]
(-) SpawnPos EXITED state: Oracle
[11/29/2020 18:30:51]
[Information][11/29/2020 18:00:00]
(+) SpawnPos ENTERED state: Necromancer
[11/29/2020 18:30:51]
[Information][11/29/2020 18:00:00]
State change ignored. State machine "SpawnPos" already in "Necromancer" state.
[11/29/2020 18:30:51]
[Information][11/29/2020 18:00:00]
State change ignored. State machine "SpawnPos" already in "Necromancer" state.
[11/29/2020 18:30:51]
[Information][11/29/2020 18:00:00]
State change ignored. State machine "SpawnPos" already in "Necromancer" state.
[11/29/2020 18:30:51]
[Information][11/29/2020 18:00:00]
State change ignored. State machine "SpawnPos" already in "Necromancer" state.
[11/29/2020 18:30:51]
[Information][11/29/2020 18:00:00]
State change ignored. State machine "SpawnPos" already in "Necromancer" state.
[11/29/2020 18:30:57]
[Information][11/29/2020 18:00:00]
(-) SpawnPos EXITED state: Necromancer
[11/29/2020 18:30:57]
[Information][11/29/2020 18:00:00]
(+) SpawnPos ENTERED state: Assassin
[11/29/2020 18:30:57]
[Information][11/29/2020 18:00:00]
State change ignored. State machine "SpawnPos" already in "Assassin" state.
[11/29/2020 18:30:57]
[Information][11/29/2020 18:00:00]
State change ignored. State machine "SpawnPos" already in "Assassin" state.
[11/29/2020 18:30:57]
[Information][11/29/2020 18:00:00]
State change ignored. State machine "SpawnPos" already in "Assassin" state.
[11/29/2020 18:30:57]
[Information][11/29/2020 18:00:00]
State change ignored. State machine "SpawnPos" already in "Assassin" state.
[11/29/2020 18:30:57]
[Information][11/29/2020 18:00:00]
State change ignored. State machine "SpawnPos" already in "Assassin" state.
[11/29/2020 18:30:57]
[Information][11/29/2020 18:00:00]
State change ignored. State machine "SpawnPos" already in "Assassin" state.
[11/29/2020 18:30:57]
[Information][11/29/2020 18:00:00]
State change ignored. State machine "SpawnPos" already in "Assassin" state.
[11/29/2020 18:30:57]
[Information][11/29/2020 18:00:00]
State change ignored. State machine "SpawnPos" already in "Assassin" state.
[11/29/2020 18:30:57]
[Information][11/29/2020 18:00:00]
State change ignored. State machine "SpawnPos" already in "Assassin" state.
[11/29/2020 18:30:57]
[Information][11/29/2020 18:00:00]
State change ignored. State machine "SpawnPos" already in "Assassin" state.
[11/29/2020 18:30:57]
[Information][11/29/2020 18:00:00]
State change ignored. State machine "SpawnPos" already in "Assassin" state.
[11/29/2020 18:31:02]
[Information][11/29/2020 18:00:00]
(-) SpawnPos EXITED state: Assassin
[11/29/2020 18:31:02]
[Information][11/29/2020 18:00:00]
(+) SpawnPos ENTERED state: Oracle
[11/29/2020 18:31:02]
[Information][11/29/2020 18:00:00]
State change ignored. State machine "SpawnPos" already in "Oracle" state.
[11/29/2020 18:31:02]
[Information][11/29/2020 18:00:00]
State change ignored. State machine "SpawnPos" already in "Oracle" state.
[11/29/2020 18:31:02]
[Information][11/29/2020 18:00:00]
State change ignored. State machine "SpawnPos" already in "Oracle" state.
[11/29/2020 18:31:02]
[Information][11/29/2020 18:00:00]
State change ignored. State machine "SpawnPos" already in "Oracle" state.
[11/29/2020 18:31:02]
[Information][11/29/2020 18:00:00]
State change ignored. State machine "SpawnPos" already in "Oracle" state.
[11/29/2020 18:31:06]
[Information][11/29/2020 18:00:00]
(-) SpawnPos EXITED state: Oracle
[11/29/2020 18:31:06]
[Information][11/29/2020 18:00:00]
(+) SpawnPos ENTERED state: Necromancer
[11/29/2020 18:31:06]
[Information][11/29/2020 18:00:00]
State change ignored. State machine "SpawnPos" already in "Necromancer" state.
[11/29/2020 18:31:06]
[Information][11/29/2020 18:00:00]
State change ignored. State machine "SpawnPos" already in "Necromancer" state.
[11/29/2020 18:31:06]
[Information][11/29/2020 18:00:00]
State change ignored. State machine "SpawnPos" already in "Necromancer" state.
[11/29/2020 18:31:06]
[Information][11/29/2020 18:00:00]
State change ignored. State machine "SpawnPos" already in "Necromancer" state.
[11/29/2020 18:31:06]
[Information][11/29/2020 18:00:00]
State change ignored. State machine "SpawnPos" already in "Necromancer" state.
[11/29/2020 18:31:06]
[Information][11/29/2020 18:00:00]
State change ignored. State machine "SpawnPos" already in "Necromancer" state.
[11/29/2020 18:31:06]
[Information][11/29/2020 18:00:00]
State change ignored. State machine "SpawnPos" already in "Necromancer" state.
[11/29/2020 18:31:06]
[Information][11/29/2020 18:00:00]
State change ignored. State machine "SpawnPos" already in "Necromancer" state.
[11/29/2020 18:31:06]
[Information][11/29/2020 18:00:00]
State change ignored. State machine "SpawnPos" already in "Necromancer" state.
[11/29/2020 18:31:06]
[Information][11/29/2020 18:00:00]
State change ignored. State machine "SpawnPos" already in "Necromancer" state.
[11/29/2020 18:31:06]
[Information][11/29/2020 18:00:00]
State change ignored. State machine "SpawnPos" already in "Necromancer" state.
[11/29/2020 18:31:10]
[Information][11/29/2020 18:00:00]
(-) SpawnPos EXITED state: Necromancer
[11/29/2020 18:31:10]
[Information][11/29/2020 18:00:00]
(+) SpawnPos ENTERED state: Oracle
[11/29/2020 18:31:10]
[Information][11/29/2020 18:00:00]
State change ignored. State machine "SpawnPos" already in "Oracle" state.
[11/29/2020 18:31:10]
[Information][11/29/2020 18:00:00]
State change ignored. State machine "SpawnPos" already in "Oracle" state.
[11/29/2020 18:31:10]
[Information][11/29/2020 18:00:00]
State change ignored. State machine "SpawnPos" already in "Oracle" state.
[11/29/2020 18:31:10]
[Information][11/29/2020 18:00:00]
State change ignored. State machine "SpawnPos" already in "Oracle" state.
[11/29/2020 18:31:10]
[Information][11/29/2020 18:00:00]
State change ignored. State machine "SpawnPos" already in "Oracle" state.
[11/29/2020 18:31:34]
[Information][11/29/2020 18:00:00]
(-) SpawnPos EXITED state: Oracle
[11/29/2020 18:31:34]
[Information][11/29/2020 18:00:00]
(+) SpawnPos ENTERED state: Necromancer
[11/29/2020 18:31:34]
[Information][11/29/2020 18:00:00]
State change ignored. State machine "SpawnPos" already in "Necromancer" state.
[11/29/2020 18:31:34]
[Information][11/29/2020 18:00:00]
State change ignored. State machine "SpawnPos" already in "Necromancer" state.
[11/29/2020 18:31:34]
[Information][11/29/2020 18:00:00]
State change ignored. State machine "SpawnPos" already in "Necromancer" state.
[11/29/2020 18:31:34]
[Information][11/29/2020 18:00:00]
State change ignored. State machine "SpawnPos" already in "Necromancer" state.
[11/29/2020 18:31:34]
[Information][11/29/2020 18:00:00]
State change ignored. State machine "SpawnPos" already in "Necromancer" state.
[11/29/2020 18:31:34]
[Information][11/29/2020 18:00:00]
(-) SpawnPos EXITED state: Necromancer
[11/29/2020 18:31:34]
[Information][11/29/2020 18:00:00]
(+) SpawnPos ENTERED state: Assassin
[11/29/2020 18:31:34]
[Information][11/29/2020 18:00:00]
State change ignored. State machine "SpawnPos" already in "Assassin" state.
[11/29/2020 18:31:34]
[Information][11/29/2020 18:00:00]
State change ignored. State machine "SpawnPos" already in "Assassin" state.
[11/29/2020 18:31:34]
[Information][11/29/2020 18:00:00]
State change ignored. State machine "SpawnPos" already in "Assassin" state.
[11/29/2020 18:31:34]
[Information][11/29/2020 18:00:00]
State change ignored. State machine "SpawnPos" already in "Assassin" state.
[11/29/2020 18:31:34]
[Information][11/29/2020 18:00:00]
State change ignored. State machine "SpawnPos" already in "Assassin" state.
[11/29/2020 18:31:35]
[Information][11/29/2020 18:00:00]
(-) SpawnPos EXITED state: Assassin
[11/29/2020 18:31:35]
[Information][11/29/2020 18:00:00]
(+) SpawnPos ENTERED state: Oracle
[11/29/2020 18:31:35]
[Information][11/29/2020 18:00:00]
State change ignored. State machine "SpawnPos" already in "Oracle" state.
[11/29/2020 18:31:35]
[Information][11/29/2020 18:00:00]
State change ignored. State machine "SpawnPos" already in "Oracle" state.
[11/29/2020 18:31:35]
[Information][11/29/2020 18:00:00]
State change ignored. State machine "SpawnPos" already in "Oracle" state.
[11/29/2020 18:31:35]
[Information][11/29/2020 18:00:00]
State change ignored. State machine "SpawnPos" already in "Oracle" state.
[11/29/2020 18:31:35]
[Information][11/29/2020 18:00:00]
State change ignored. State machine "SpawnPos" already in "Oracle" state.
[11/29/2020 18:31:35]
[Information][11/29/2020 18:00:00]
(-) SpawnPos EXITED state: Oracle
[11/29/2020 18:31:35]
[Information][11/29/2020 18:00:00]
(+) SpawnPos ENTERED state: Necromancer
[11/29/2020 18:31:35]
[Information][11/29/2020 18:00:00]
State change ignored. State machine "SpawnPos" already in "Necromancer" state.
[11/29/2020 18:31:35]
[Information][11/29/2020 18:00:00]
State change ignored. State machine "SpawnPos" already in "Necromancer" state.
[11/29/2020 18:31:35]
[Information][11/29/2020 18:00:00]
State change ignored. State machine "SpawnPos" already in "Necromancer" state.
[11/29/2020 18:31:35]
[Information][11/29/2020 18:00:00]
State change ignored. State machine "SpawnPos" already in "Necromancer" state.
[11/29/2020 18:31:35]
[Information][11/29/2020 18:00:00]
State change ignored. State machine "SpawnPos" already in "Necromancer" state.
[11/29/2020 18:31:36]
[Information][11/29/2020 18:00:00]
(-) SpawnPos EXITED state: Necromancer
[11/29/2020 18:31:36]
[Information][11/29/2020 18:00:00]
(+) SpawnPos ENTERED state: Assassin
[11/29/2020 18:31:36]
[Information][11/29/2020 18:00:00]
State change ignored. State machine "SpawnPos" already in "Assassin" state.
[11/29/2020 18:31:36]
[Information][11/29/2020 18:00:00]
State change ignored. State machine "SpawnPos" already in "Assassin" state.
[11/29/2020 18:31:36]
[Information][11/29/2020 18:00:00]
State change ignored. State machine "SpawnPos" already in "Assassin" state.
[11/29/2020 18:31:36]
[Information][11/29/2020 18:00:00]
State change ignored. State machine "SpawnPos" already in "Assassin" state.
[11/29/2020 18:31:36]
[Information][11/29/2020 18:00:00]
State change ignored. State machine "SpawnPos" already in "Assassin" state.
[11/29/2020 18:31:36]
[Information][11/29/2020 18:00:00]
State change ignored. State machine "SpawnPos" already in "Assassin" state.
[11/29/2020 18:31:36]
[Information][11/29/2020 18:00:00]
State change ignored. State machine "SpawnPos" already in "Assassin" state.
[11/29/2020 18:31:36]
[Information][11/29/2020 18:00:00]
State change ignored. State machine "SpawnPos" already in "Assassin" state.
[11/29/2020 18:31:36]
[Information][11/29/2020 18:00:00]
State change ignored. State machine "SpawnPos" already in "Assassin" state.
[11/29/2020 18:31:36]
[Information][11/29/2020 18:00:00]
State change ignored. State machine "SpawnPos" already in "Assassin" state.
[11/29/2020 18:31:36]
[Information][11/29/2020 18:00:00]
State change ignored. State machine "SpawnPos" already in "Assassin" state.
[11/29/2020 18:31:37]
[Information][11/29/2020 18:00:00]
(-) SpawnPos EXITED state: Assassin
[11/29/2020 18:31:37]
[Information][11/29/2020 18:00:00]
(+) SpawnPos ENTERED state: Necromancer
[11/29/2020 18:31:37]
[Information][11/29/2020 18:00:00]
State change ignored. State machine "SpawnPos" already in "Necromancer" state.
[11/29/2020 18:31:37]
[Information][11/29/2020 18:00:00]
State change ignored. State machine "SpawnPos" already in "Necromancer" state.
[11/29/2020 18:31:37]
[Information][11/29/2020 18:00:00]
State change ignored. State machine "SpawnPos" already in "Necromancer" state.
[11/29/2020 18:31:37]
[Information][11/29/2020 18:00:00]
State change ignored. State machine "SpawnPos" already in "Necromancer" state.
[11/29/2020 18:31:37]
[Information][11/29/2020 18:00:00]
State change ignored. State machine "SpawnPos" already in "Necromancer" state.
[11/29/2020 18:31:37]
[Information][11/29/2020 18:00:00]
(-) SpawnPos EXITED state: Necromancer
[11/29/2020 18:31:37]
[Information][11/29/2020 18:00:00]
(+) SpawnPos ENTERED state: Oracle
[11/29/2020 18:31:37]
[Information][11/29/2020 18:00:00]
State change ignored. State machine "SpawnPos" already in "Oracle" state.
[11/29/2020 18:31:37]
[Information][11/29/2020 18:00:00]
State change ignored. State machine "SpawnPos" already in "Oracle" state.
[11/29/2020 18:31:37]
[Information][11/29/2020 18:00:00]
State change ignored. State machine "SpawnPos" already in "Oracle" state.
[11/29/2020 18:31:37]
[Information][11/29/2020 18:00:00]
State change ignored. State machine "SpawnPos" already in "Oracle" state.
[11/29/2020 18:31:37]
[Information][11/29/2020 18:00:00]
State change ignored. State machine "SpawnPos" already in "Oracle" state.
[11/29/2020 18:31:37]
[Information][11/29/2020 18:00:00]
State change ignored. State machine "SpawnPos" already in "Oracle" state.
[11/29/2020 18:31:37]
[Information][11/29/2020 18:00:00]
State change ignored. State machine "SpawnPos" already in "Oracle" state.
[11/29/2020 18:31:37]
[Information][11/29/2020 18:00:00]
State change ignored. State machine "SpawnPos" already in "Oracle" state.
[11/29/2020 18:31:37]
[Information][11/29/2020 18:00:00]
State change ignored. State machine "SpawnPos" already in "Oracle" state.
[11/29/2020 18:31:37]
[Information][11/29/2020 18:00:00]
State change ignored. State machine "SpawnPos" already in "Oracle" state.
[11/29/2020 18:31:37]
[Information][11/29/2020 18:00:00]
State change ignored. State machine "SpawnPos" already in "Oracle" state.
[11/29/2020 18:31:43]
[Information][11/29/2020 18:00:00]
Closing Logger and Disposing
[11/29/2020 18:31:53]
[Information][11/29/2020 18:00:00]
ReInitialized Unitask after Initialization of ECS is complete
[11/29/2020 18:31:53]
[Information][11/29/2020 18:00:00]
Unitask Player loop is ready? True
[11/29/2020 18:31:53]
[Information][11/29/2020 18:00:00]
Initialized Unitask correctly for ECS
[11/29/2020 18:31:54]
[Information][11/29/2020 18:00:00]
(+) [Scene State] ENTERED state: MenuScene
[11/29/2020 18:32:06]
[Information][11/29/2020 18:00:00]
(-) [Scene State] EXITED state: MenuScene
[11/29/2020 18:32:06]
[Information][11/29/2020 18:00:00]
(+) [Scene State] ENTERED state: CreationScene
[11/29/2020 18:32:06]
[Information][11/29/2020 18:00:00]
(+) SpawnPos ENTERED state: Assassin
[11/29/2020 18:32:08]
[Information][11/29/2020 18:00:00]
(-) SpawnPos EXITED state: Assassin
[11/29/2020 18:32:08]
[Information][11/29/2020 18:00:00]
(+) SpawnPos ENTERED state: Oracle
[11/29/2020 18:32:08]
[Information][11/29/2020 18:00:00]
State change ignored. State machine "SpawnPos" already in "Oracle" state.
[11/29/2020 18:32:08]
[Information][11/29/2020 18:00:00]
State change ignored. State machine "SpawnPos" already in "Oracle" state.
[11/29/2020 18:32:08]
[Information][11/29/2020 18:00:00]
State change ignored. State machine "SpawnPos" already in "Oracle" state.
[11/29/2020 18:32:08]
[Information][11/29/2020 18:00:00]
State change ignored. State machine "SpawnPos" already in "Oracle" state.
[11/29/2020 18:32:08]
[Information][11/29/2020 18:00:00]
State change ignored. State machine "SpawnPos" already in "Oracle" state.
[11/29/2020 18:32:08]
[Information][11/29/2020 18:00:00]
(-) SpawnPos EXITED state: Oracle
[11/29/2020 18:32:08]
[Information][11/29/2020 18:00:00]
(+) SpawnPos ENTERED state: Necromancer
[11/29/2020 18:32:08]
[Information][11/29/2020 18:00:00]
State change ignored. State machine "SpawnPos" already in "Necromancer" state.
[11/29/2020 18:32:08]
[Information][11/29/2020 18:00:00]
State change ignored. State machine "SpawnPos" already in "Necromancer" state.
[11/29/2020 18:32:08]
[Information][11/29/2020 18:00:00]
State change ignored. State machine "SpawnPos" already in "Necromancer" state.
[11/29/2020 18:32:08]
[Information][11/29/2020 18:00:00]
State change ignored. State machine "SpawnPos" already in "Necromancer" state.
[11/29/2020 18:32:08]
[Information][11/29/2020 18:00:00]
State change ignored. State machine "SpawnPos" already in "Necromancer" state.
[11/29/2020 18:32:15]
[Information][11/29/2020 18:00:00]
Closing Logger and Disposing
[11/29/2020 18:32:32]
[Information][11/29/2020 18:00:00]
ReInitialized Unitask after Initialization of ECS is complete
[11/29/2020 18:32:32]
[Information][11/29/2020 18:00:00]
Unitask Player loop is ready? True
[11/29/2020 18:32:32]
[Information][11/29/2020 18:00:00]
Initialized Unitask correctly for ECS
[11/29/2020 18:32:33]
[Information][11/29/2020 18:00:00]
(+) [Scene State] ENTERED state: MenuScene
[11/29/2020 18:32:44]
[Information][11/29/2020 18:00:00]
(-) [Scene State] EXITED state: MenuScene
[11/29/2020 18:32:44]
[Information][11/29/2020 18:00:00]
(+) [Scene State] ENTERED state: CreationScene
[11/29/2020 18:32:45]
[Information][11/29/2020 18:00:00]
(+) SpawnPos ENTERED state: Assassin
[11/29/2020 18:32:46]
[Information][11/29/2020 18:00:00]
(-) SpawnPos EXITED state: Assassin
[11/29/2020 18:32:46]
[Information][11/29/2020 18:00:00]
(+) SpawnPos ENTERED state: Necromancer
[11/29/2020 18:32:46]
[Information][11/29/2020 18:00:00]
State change ignored. State machine "SpawnPos" already in "Necromancer" state.
[11/29/2020 18:32:46]
[Information][11/29/2020 18:00:00]
State change ignored. State machine "SpawnPos" already in "Necromancer" state.
[11/29/2020 18:32:46]
[Information][11/29/2020 18:00:00]
State change ignored. State machine "SpawnPos" already in "Necromancer" state.
[11/29/2020 18:32:46]
[Information][11/29/2020 18:00:00]
State change ignored. State machine "SpawnPos" already in "Necromancer" state.
[11/29/2020 18:32:46]
[Information][11/29/2020 18:00:00]
State change ignored. State machine "SpawnPos" already in "Necromancer" state.
[11/29/2020 18:32:52]
[Information][11/29/2020 18:00:00]
(-) SpawnPos EXITED state: Necromancer
[11/29/2020 18:32:52]
[Information][11/29/2020 18:00:00]
(+) SpawnPos ENTERED state: Oracle
[11/29/2020 18:32:52]
[Information][11/29/2020 18:00:00]
State change ignored. State machine "SpawnPos" already in "Oracle" state.
[11/29/2020 18:32:52]
[Information][11/29/2020 18:00:00]
State change ignored. State machine "SpawnPos" already in "Oracle" state.
[11/29/2020 18:32:52]
[Information][11/29/2020 18:00:00]
State change ignored. State machine "SpawnPos" already in "Oracle" state.
[11/29/2020 18:32:52]
[Information][11/29/2020 18:00:00]
State change ignored. State machine "SpawnPos" already in "Oracle" state.
[11/29/2020 18:32:52]
[Information][11/29/2020 18:00:00]
State change ignored. State machine "SpawnPos" already in "Oracle" state.
[11/29/2020 18:32:59]
[Information][11/29/2020 18:00:00]
Closing Logger and Disposing
[11/29/2020 18:47:04]
[Information][11/29/2020 18:00:00]
ReInitialized Unitask after Initialization of ECS is complete
[11/29/2020 18:47:04]
[Information][11/29/2020 18:00:00]
Unitask Player loop is ready? True
[11/29/2020 18:47:04]
[Information][11/29/2020 18:00:00]
Initialized Unitask correctly for ECS
[11/29/2020 18:47:05]
[Information][11/29/2020 18:00:00]
(+) [Scene State] ENTERED state: MenuScene
[11/29/2020 18:47:11]
[Information][11/29/2020 18:00:00]
Closing Logger and Disposing
[11/29/2020 18:50:47]
[Information][11/29/2020 18:00:00]
(+) [Scene State] ENTERED state: MenuScene
[11/29/2020 18:50:55]
[Information][11/29/2020 18:00:00]
Closing Logger and Disposing
[11/29/2020 18:51:52]
[Information][11/29/2020 18:00:00]
(+) [Scene State] ENTERED state: MenuScene
[11/29/2020 18:51:59]
[Information][11/29/2020 18:00:00]
Closing Logger and Disposing
[11/29/2020 18:52:17]
[Information][11/29/2020 18:00:00]
(+) [Scene State] ENTERED state: MenuScene
[11/29/2020 18:52:21]
[Information][11/29/2020 18:00:00]
Closing Logger and Disposing
[11/29/2020 18:52:48]
[Information][11/29/2020 18:00:00]
(+) [Scene State] ENTERED state: MenuScene
[11/29/2020 18:52:55]
[Information][11/29/2020 18:00:00]
Closing Logger and Disposing
[11/29/2020 18:53:08]
[Information][11/29/2020 18:00:00]
(+) [Scene State] ENTERED state: MenuScene
[11/29/2020 18:53:12]
[Information][11/29/2020 18:00:00]
Closing Logger and Disposing
[11/29/2020 18:54:46]
[Information][11/29/2020 18:00:00]
(+) [Scene State] ENTERED state: MenuScene
[11/29/2020 18:54:52]
[Information][11/29/2020 18:00:00]
Closing Logger and Disposing
[11/29/2020 18:55:58]
[Information][11/29/2020 18:00:00]
(+) [Scene State] ENTERED state: MenuScene
[11/29/2020 18:56:03]
[Information][11/29/2020 18:00:00]
Closing Logger and Disposing
[11/29/2020 19:14:05]
[Information][11/29/2020 18:00:00]
(+) [Scene State] ENTERED state: MenuScene
[11/29/2020 19:14:12]
[Information][11/29/2020 18:00:00]
Closing Logger and Disposing
[11/29/2020 19:23:09]
[Information][11/29/2020 18:00:00]
(+) [Scene State] ENTERED state: MenuScene
[11/29/2020 19:23:16]
[Information][11/29/2020 18:00:00]
Closing Logger and Disposing
[11/29/2020 19:47:09]
[Information][11/29/2020 18:00:00]
(+) [Scene State] ENTERED state: MenuScene
[11/29/2020 19:47:17]
[Information][11/29/2020 18:00:00]
Closing Logger and Disposing
[11/29/2020 20:03:31]
[Information][11/29/2020 18:00:00]
(+) [Scene State] ENTERED state: MenuScene
[11/29/2020 20:03:38]
[Information][11/29/2020 18:00:00]
Closing Logger and Disposing
[11/29/2020 20:04:17]
[Information][11/29/2020 18:00:00]
(+) [Scene State] ENTERED state: MenuScene
[11/29/2020 20:04:26]
[Information][11/29/2020 18:00:00]
Closing Logger and Disposing
[11/29/2020 20:08:55]
[Information][11/29/2020 18:00:00]
(+) [Scene State] ENTERED state: MenuScene
[11/29/2020 20:09:08]
[Information][11/29/2020 18:00:00]
Closing Logger and Disposing
[11/29/2020 20:54:47]
[Information][11/29/2020 18:00:00]
(+) [Scene State] ENTERED state: MenuScene
[11/29/2020 20:55:05]
[Information][11/29/2020 18:00:00]
Closing Logger and Disposing
[11/29/2020 20:56:08]
[Information][11/29/2020 18:00:00]
(+) [Scene State] ENTERED state: MenuScene
[11/29/2020 20:56:21]
[Information][11/29/2020 18:00:00]
Closing Logger and Disposing
[11/29/2020 20:57:50]
[Information][11/29/2020 18:00:00]
(+) [Scene State] ENTERED state: MenuScene
[11/29/2020 20:58:06]
[Information][11/29/2020 18:00:00]
Closing Logger and Disposing
[11/29/2020 21:16:39]
[Information][11/29/2020 18:00:00]
(+) [Scene State] ENTERED state: MenuScene
[11/29/2020 21:16:55]
[Information][11/29/2020 18:00:00]
(-) [Scene State] EXITED state: MenuScene
[11/29/2020 21:16:55]
[Information][11/29/2020 18:00:00]
(+) [Scene State] ENTERED state: CreationScene
[11/29/2020 21:16:55]
[Information][11/29/2020 18:00:00]
(+) SpawnPos ENTERED state: Assassin
[11/29/2020 21:16:58]
[Information][11/29/2020 18:00:00]
Closing Logger and Disposing
[11/29/2020 21:18:02]
[Information][11/29/2020 18:00:00]
(+) [Scene State] ENTERED state: MenuScene
[11/29/2020 21:18:20]
[Information][11/29/2020 18:00:00]
Closing Logger and Disposing
[11/29/2020 21:19:42]
[Information][11/29/2020 18:00:00]
(+) [Scene State] ENTERED state: MenuScene
[11/29/2020 21:19:48]
[Information][11/29/2020 18:00:00]
(-) [Scene State] EXITED state: MenuScene
[11/29/2020 21:19:48]
[Information][11/29/2020 18:00:00]
(+) [Scene State] ENTERED state: CreationScene
[11/29/2020 21:19:48]
[Information][11/29/2020 18:00:00]
(+) SpawnPos ENTERED state: Assassin
[11/29/2020 21:19:50]
[Information][11/29/2020 18:00:00]
Closing Logger and Disposing
[11/29/2020 21:21:11]
[Information][11/29/2020 18:00:00]
(+) [Scene State] ENTERED state: MenuScene
[11/29/2020 21:21:18]
[Information][11/29/2020 18:00:00]
(-) [Scene State] EXITED state: MenuScene
[11/29/2020 21:21:18]
[Information][11/29/2020 18:00:00]
(+) [Scene State] ENTERED state: CreationScene
[11/29/2020 21:21:18]
[Information][11/29/2020 18:00:00]
(+) SpawnPos ENTERED state: Assassin
[11/29/2020 21:21:22]
[Information][11/29/2020 18:00:00]
Closing Logger and Disposing
[11/29/2020 21:21:57]
[Information][11/29/2020 18:00:00]
(+) [Scene State] ENTERED state: MenuScene
[11/29/2020 21:22:25]
[Information][11/29/2020 18:00:00]
Closing Logger and Disposing
[11/29/2020 21:23:40]
[Information][11/29/2020 18:00:00]
(+) [Scene State] ENTERED state: MenuScene
[11/29/2020 21:23:57]
[Information][11/29/2020 18:00:00]
Closing Logger and Disposing
[11/29/2020 21:25:33]
[Information][11/29/2020 18:00:00]
(+) [Scene State] ENTERED state: MenuScene
[11/29/2020 21:26:06]
[Information][11/29/2020 18:00:00]
Closing Logger and Disposing
[11/29/2020 21:28:45]
[Information][11/29/2020 18:00:00]
(+) [Scene State] ENTERED state: MenuScene
[11/29/2020 21:28:59]
[Information][11/29/2020 18:00:00]
Closing Logger and Disposing
[11/29/2020 21:34:54]
[Information][11/29/2020 18:00:00]
(+) [Scene State] ENTERED state: MenuScene
[11/29/2020 21:35:10]
[Information][11/29/2020 18:00:00]
(-) [Scene State] EXITED state: MenuScene
[11/29/2020 21:35:10]
[Information][11/29/2020 18:00:00]
(+) [Scene State] ENTERED state: CreationScene
[11/29/2020 21:35:11]
[Information][11/29/2020 18:00:00]
(+) SpawnPos ENTERED state: Assassin
[11/29/2020 21:35:14]
[Information][11/29/2020 18:00:00]
Closing Logger and Disposing
[11/29/2020 21:47:17]
[Information][11/29/2020 18:00:00]
(+) [Scene State] ENTERED state: MenuScene
[11/29/2020 21:47:27]
[Information][11/29/2020 18:00:00]
(-) [Scene State] EXITED state: MenuScene
[11/29/2020 21:47:27]
[Information][11/29/2020 18:00:00]
(+) [Scene State] ENTERED state: CreationScene
[11/29/2020 21:47:27]
[Information][11/29/2020 18:00:00]
(+) SpawnPos ENTERED state: Assassin
[11/29/2020 21:47:29]
[Information][11/29/2020 18:00:00]
Closing Logger and Disposing
[11/29/2020 21:49:39]
[Information][11/29/2020 18:00:00]
(+) [Scene State] ENTERED state: MenuScene
[11/29/2020 21:49:51]
[Information][11/29/2020 18:00:00]
(-) [Scene State] EXITED state: MenuScene
[11/29/2020 21:49:51]
[Information][11/29/2020 18:00:00]
(+) [Scene State] ENTERED state: CreationScene
[11/29/2020 21:49:52]
[Information][11/29/2020 18:00:00]
(+) SpawnPos ENTERED state: Assassin
[11/29/2020 21:50:05]
[Information][11/29/2020 18:00:00]
Closing Logger and Disposing
[11/29/2020 22:05:24]
[Information][11/29/2020 18:00:00]
(+) [Scene State] ENTERED state: MenuScene
[11/29/2020 22:05:34]
[Information][11/29/2020 18:00:00]
Closing Logger and Disposing
[11/29/2020 22:05:51]
[Information][11/29/2020 18:00:00]
(+) [Scene State] ENTERED state: MenuScene
[11/29/2020 22:06:04]
[Information][11/29/2020 18:00:00]
(-) [Scene State] EXITED state: MenuScene
[11/29/2020 22:06:04]
[Information][11/29/2020 18:00:00]
(+) [Scene State] ENTERED state: CreationScene
[11/29/2020 22:06:04]
[Information][11/29/2020 18:00:00]
(+) SpawnPos ENTERED state: Assassin
[11/29/2020 22:06:05]
[Information][11/29/2020 18:00:00]
Closing Logger and Disposing
[11/29/2020 22:08:18]
[Information][11/29/2020 18:00:00]
(+) [Scene State] ENTERED state: MenuScene
[11/29/2020 22:08:40]
[Information][11/29/2020 18:00:00]
(-) [Scene State] EXITED state: MenuScene
[11/29/2020 22:08:40]
[Information][11/29/2020 18:00:00]
(+) [Scene State] ENTERED state: CreationScene
[11/29/2020 22:08:40]
[Information][11/29/2020 18:00:00]
(+) SpawnPos ENTERED state: Assassin
[11/29/2020 22:08:46]
[Information][11/29/2020 18:00:00]
(-) SpawnPos EXITED state: Assassin
[11/29/2020 22:08:46]
[Information][11/29/2020 18:00:00]
(+) SpawnPos ENTERED state: Oracle
[11/29/2020 22:08:46]
[Information][11/29/2020 18:00:00]
State change ignored. State machine "SpawnPos" already in "Oracle" state.
[11/29/2020 22:08:46]
[Information][11/29/2020 18:00:00]
State change ignored. State machine "SpawnPos" already in "Oracle" state.
[11/29/2020 22:08:47]
[Information][11/29/2020 18:00:00]
(-) SpawnPos EXITED state: Oracle
[11/29/2020 22:08:47]
[Information][11/29/2020 18:00:00]
(+) SpawnPos ENTERED state: Necromancer
[11/29/2020 22:08:47]
[Information][11/29/2020 18:00:00]
State change ignored. State machine "SpawnPos" already in "Necromancer" state.
[11/29/2020 22:08:47]
[Information][11/29/2020 18:00:00]
State change ignored. State machine "SpawnPos" already in "Necromancer" state.
[11/29/2020 22:08:49]
[Information][11/29/2020 18:00:00]
(-) SpawnPos EXITED state: Necromancer
[11/29/2020 22:08:49]
[Information][11/29/2020 18:00:00]
(+) SpawnPos ENTERED state: Assassin
[11/29/2020 22:08:49]
[Information][11/29/2020 18:00:00]
State change ignored. State machine "SpawnPos" already in "Assassin" state.
[11/29/2020 22:08:49]
[Information][11/29/2020 18:00:00]
State change ignored. State machine "SpawnPos" already in "Assassin" state.
[11/29/2020 22:08:50]
[Information][11/29/2020 18:00:00]
(-) SpawnPos EXITED state: Assassin
[11/29/2020 22:08:50]
[Information][11/29/2020 18:00:00]
(+) SpawnPos ENTERED state: Necromancer
[11/29/2020 22:08:50]
[Information][11/29/2020 18:00:00]
State change ignored. State machine "SpawnPos" already in "Necromancer" state.
[11/29/2020 22:08:50]
[Information][11/29/2020 18:00:00]
State change ignored. State machine "SpawnPos" already in "Necromancer" state.
[11/29/2020 22:09:02]
[Information][11/29/2020 18:00:00]
(-) SpawnPos EXITED state: Necromancer
[11/29/2020 22:09:02]
[Information][11/29/2020 18:00:00]
(+) SpawnPos ENTERED state: Oracle
[11/29/2020 22:09:02]
[Information][11/29/2020 18:00:00]
State change ignored. State machine "SpawnPos" already in "Oracle" state.
[11/29/2020 22:09:02]
[Information][11/29/2020 18:00:00]
State change ignored. State machine "SpawnPos" already in "Oracle" state.
[11/29/2020 22:09:03]
[Information][11/29/2020 18:00:00]
(-) SpawnPos EXITED state: Oracle
[11/29/2020 22:09:03]
[Information][11/29/2020 18:00:00]
(+) SpawnPos ENTERED state: Necromancer
[11/29/2020 22:09:03]
[Information][11/29/2020 18:00:00]
State change ignored. State machine "SpawnPos" already in "Necromancer" state.
[11/29/2020 22:09:03]
[Information][11/29/2020 18:00:00]
State change ignored. State machine "SpawnPos" already in "Necromancer" state.
[11/29/2020 22:09:04]
[Information][11/29/2020 18:00:00]
(-) SpawnPos EXITED state: Necromancer
[11/29/2020 22:09:04]
[Information][11/29/2020 18:00:00]
(+) SpawnPos ENTERED state: Assassin
[11/29/2020 22:09:04]
[Information][11/29/2020 18:00:00]
State change ignored. State machine "SpawnPos" already in "Assassin" state.
[11/29/2020 22:09:04]
[Information][11/29/2020 18:00:00]
State change ignored. State machine "SpawnPos" already in "Assassin" state.
[11/29/2020 22:09:06]
[Information][11/29/2020 18:00:00]
Closing Logger and Disposing
