[11/21/2020 23:09:28]
[Information][11/21/2020 18:00:00]
ReInitialized Unitask after Initialization of ECS is complete
[11/21/2020 23:09:28]
[Information][11/21/2020 18:00:00]
Unitask Player loop is ready? True
[11/21/2020 23:09:28]
[Information][11/21/2020 18:00:00]
Initialized Unitask correctly for ECS
[11/21/2020 23:09:28]
[Information][11/21/2020 18:00:00]
False
[11/21/2020 23:09:29]
[Information][11/21/2020 18:00:00]
(+) [Scene State] ENTERED state: MenuScene
[11/21/2020 23:09:29]
[Information][11/21/2020 18:00:00]
True
[11/21/2020 23:10:29]
[Information][11/21/2020 18:00:00]
(-) [Scene State] EXITED state: MenuScene
[11/21/2020 23:10:29]
[Information][11/21/2020 18:00:00]
(+) [Scene State] ENTERED state: CreationScene
[11/21/2020 23:10:30]
[Information][11/21/2020 18:00:00]
(+) SpawnPos ENTERED state: Assassin
[11/21/2020 23:10:30]
[Information][11/21/2020 18:00:00]
Closing Logger and Disposing
