[12/01/2020 11:34:47]
[Error][11/30/2020 18:00:00]
Failed to Get Loading_Document Visual Element script and Element from the UI Document
[12/01/2020 11:35:05]
[Information][11/30/2020 18:00:00]
Closing Logger and Disposing
[12/01/2020 16:27:29]
[Error][11/30/2020 18:00:00]
Failed to Get Loading_Document Visual Element script and Element from the UI Document
[12/01/2020 16:27:53]
[Information][11/30/2020 18:00:00]
Closing Logger and Disposing
[12/01/2020 19:23:02]
[Error][12/01/2020 18:00:00]
Failed to Get Loading_Document Visual Element script and Element from the UI Document
[12/01/2020 19:24:27]
[Information][12/01/2020 18:00:00]
Closing Logger and Disposing
[12/01/2020 21:26:31]
[Information][12/01/2020 18:00:00]
Closing Logger and Disposing
[12/01/2020 22:47:49]
[Information][12/01/2020 18:00:00]
Closing Logger and Disposing
[12/01/2020 22:52:23]
[Information][12/01/2020 18:00:00]
Closing Logger and Disposing
[12/01/2020 22:56:00]
[Information][12/01/2020 18:00:00]
Closing Logger and Disposing
[12/01/2020 22:58:35]
[Information][12/01/2020 18:00:00]
Closing Logger and Disposing
[12/01/2020 23:03:35]
[Information][12/01/2020 18:00:00]
Closing Logger and Disposing
[12/01/2020 23:05:00]
[Information][12/01/2020 18:00:00]
Closing Logger and Disposing
[12/01/2020 23:07:26]
[Information][12/01/2020 18:00:00]
Closing Logger and Disposing
[12/01/2020 23:08:12]
[Information][12/01/2020 18:00:00]
Closing Logger and Disposing
[12/01/2020 23:30:20]
[Information][12/01/2020 18:00:00]
Closing Logger and Disposing
