[11/18/2020 15:04:56]
[Information][11/17/2020 18:00:00]
ReInitialized Unitask after Initialization of ECS is complete
[11/18/2020 15:04:56]
[Information][11/17/2020 18:00:00]
Unitask Player loop is ready? True
[11/18/2020 15:04:56]
[Information][11/17/2020 18:00:00]
Initialized Unitask correctly for ECS
[11/18/2020 15:04:58]
[Information][11/17/2020 18:00:00]
(+) [Scene State] ENTERED state: MenuScene
[11/18/2020 15:05:10]
[Information][11/17/2020 18:00:00]
Closing Logger and Disposing
[11/18/2020 15:17:41]
[Information][11/17/2020 18:00:00]
ReInitialized Unitask after Initialization of ECS is complete
[11/18/2020 15:17:41]
[Information][11/17/2020 18:00:00]
Unitask Player loop is ready? True
[11/18/2020 15:17:41]
[Information][11/17/2020 18:00:00]
Initialized Unitask correctly for ECS
[11/18/2020 15:17:43]
[Information][11/17/2020 18:00:00]
(+) [Scene State] ENTERED state: MenuScene
[11/18/2020 15:18:07]
[Information][11/17/2020 18:00:00]
Closing Logger and Disposing
[11/18/2020 15:20:49]
[Information][11/17/2020 18:00:00]
ReInitialized Unitask after Initialization of ECS is complete
[11/18/2020 15:20:49]
[Information][11/17/2020 18:00:00]
Unitask Player loop is ready? True
[11/18/2020 15:20:49]
[Information][11/17/2020 18:00:00]
Initialized Unitask correctly for ECS
[11/18/2020 15:20:51]
[Information][11/17/2020 18:00:00]
(+) [Scene State] ENTERED state: MenuScene
[11/18/2020 15:21:23]
[Information][11/17/2020 18:00:00]
Closing Logger and Disposing
[11/18/2020 15:21:49]
[Information][11/17/2020 18:00:00]
ReInitialized Unitask after Initialization of ECS is complete
[11/18/2020 15:21:49]
[Information][11/17/2020 18:00:00]
Unitask Player loop is ready? True
[11/18/2020 15:21:49]
[Information][11/17/2020 18:00:00]
Initialized Unitask correctly for ECS
[11/18/2020 15:21:50]
[Information][11/17/2020 18:00:00]
(+) [Scene State] ENTERED state: MenuScene
[11/18/2020 15:21:55]
[Information][11/17/2020 18:00:00]
Closing Logger and Disposing
[11/18/2020 15:38:28]
[Information][11/17/2020 18:00:00]
ReInitialized Unitask after Initialization of ECS is complete
[11/18/2020 15:38:28]
[Information][11/17/2020 18:00:00]
Unitask Player loop is ready? True
[11/18/2020 15:38:28]
[Information][11/17/2020 18:00:00]
Initialized Unitask correctly for ECS
[11/18/2020 15:38:30]
[Information][11/17/2020 18:00:00]
(+) [Scene State] ENTERED state: MenuScene
[11/18/2020 15:38:34]
[Information][11/17/2020 18:00:00]
Closing Logger and Disposing
[11/18/2020 15:39:37]
[Information][11/17/2020 18:00:00]
ReInitialized Unitask after Initialization of ECS is complete
[11/18/2020 15:39:37]
[Information][11/17/2020 18:00:00]
Unitask Player loop is ready? True
[11/18/2020 15:39:37]
[Information][11/17/2020 18:00:00]
Initialized Unitask correctly for ECS
[11/18/2020 15:39:39]
[Information][11/17/2020 18:00:00]
(+) [Scene State] ENTERED state: MenuScene
[11/18/2020 15:39:43]
[Information][11/17/2020 18:00:00]
Closing Logger and Disposing
[11/18/2020 15:53:54]
[Information][11/17/2020 18:00:00]
ReInitialized Unitask after Initialization of ECS is complete
[11/18/2020 15:53:54]
[Information][11/17/2020 18:00:00]
Unitask Player loop is ready? True
[11/18/2020 15:53:54]
[Information][11/17/2020 18:00:00]
Initialized Unitask correctly for ECS
[11/18/2020 15:53:56]
[Information][11/17/2020 18:00:00]
(+) [Scene State] ENTERED state: MenuScene
[11/18/2020 15:55:14]
[Information][11/17/2020 18:00:00]
Closing Logger and Disposing
[11/18/2020 15:55:46]
[Information][11/17/2020 18:00:00]
ReInitialized Unitask after Initialization of ECS is complete
[11/18/2020 15:55:46]
[Information][11/17/2020 18:00:00]
Unitask Player loop is ready? True
[11/18/2020 15:55:46]
[Information][11/17/2020 18:00:00]
Initialized Unitask correctly for ECS
[11/18/2020 15:55:48]
[Information][11/17/2020 18:00:00]
(+) [Scene State] ENTERED state: MenuScene
[11/18/2020 16:18:44]
[Information][11/17/2020 18:00:00]
Closing Logger and Disposing
[11/18/2020 16:19:08]
[Information][11/17/2020 18:00:00]
ReInitialized Unitask after Initialization of ECS is complete
[11/18/2020 16:19:08]
[Information][11/17/2020 18:00:00]
Unitask Player loop is ready? True
[11/18/2020 16:19:08]
[Information][11/17/2020 18:00:00]
Initialized Unitask correctly for ECS
[11/18/2020 16:19:10]
[Information][11/17/2020 18:00:00]
(+) [Scene State] ENTERED state: MenuScene
[11/18/2020 16:19:18]
[Information][11/17/2020 18:00:00]
Closing Logger and Disposing
[11/18/2020 16:20:32]
[Information][11/17/2020 18:00:00]
ReInitialized Unitask after Initialization of ECS is complete
[11/18/2020 16:20:32]
[Information][11/17/2020 18:00:00]
Unitask Player loop is ready? True
[11/18/2020 16:20:32]
[Information][11/17/2020 18:00:00]
Initialized Unitask correctly for ECS
[11/18/2020 16:20:34]
[Information][11/17/2020 18:00:00]
(+) [Scene State] ENTERED state: MenuScene
[11/18/2020 16:20:41]
[Information][11/17/2020 18:00:00]
Closing Logger and Disposing
[11/18/2020 16:24:17]
[Information][11/17/2020 18:00:00]
ReInitialized Unitask after Initialization of ECS is complete
[11/18/2020 16:24:17]
[Information][11/17/2020 18:00:00]
Unitask Player loop is ready? True
[11/18/2020 16:24:17]
[Information][11/17/2020 18:00:00]
Initialized Unitask correctly for ECS
[11/18/2020 16:24:19]
[Information][11/17/2020 18:00:00]
(+) [Scene State] ENTERED state: MenuScene
[11/18/2020 16:24:35]
[Information][11/17/2020 18:00:00]
Closing Logger and Disposing
[11/18/2020 16:28:49]
[Information][11/17/2020 18:00:00]
ReInitialized Unitask after Initialization of ECS is complete
[11/18/2020 16:28:49]
[Information][11/17/2020 18:00:00]
Unitask Player loop is ready? True
[11/18/2020 16:28:49]
[Information][11/17/2020 18:00:00]
Initialized Unitask correctly for ECS
[11/18/2020 16:28:51]
[Information][11/17/2020 18:00:00]
(+) [Scene State] ENTERED state: MenuScene
[11/18/2020 16:30:51]
[Information][11/17/2020 18:00:00]
Closing Logger and Disposing
[11/18/2020 16:31:14]
[Information][11/17/2020 18:00:00]
ReInitialized Unitask after Initialization of ECS is complete
[11/18/2020 16:31:14]
[Information][11/17/2020 18:00:00]
Unitask Player loop is ready? True
[11/18/2020 16:31:14]
[Information][11/17/2020 18:00:00]
Initialized Unitask correctly for ECS
[11/18/2020 16:31:17]
[Information][11/17/2020 18:00:00]
(+) [Scene State] ENTERED state: MenuScene
[11/18/2020 16:31:59]
[Information][11/17/2020 18:00:00]
Closing Logger and Disposing
[11/18/2020 16:32:22]
[Information][11/17/2020 18:00:00]
ReInitialized Unitask after Initialization of ECS is complete
[11/18/2020 16:32:22]
[Information][11/17/2020 18:00:00]
Unitask Player loop is ready? True
[11/18/2020 16:32:22]
[Information][11/17/2020 18:00:00]
Initialized Unitask correctly for ECS
[11/18/2020 16:32:24]
[Information][11/17/2020 18:00:00]
(+) [Scene State] ENTERED state: MenuScene
[11/18/2020 16:33:17]
[Information][11/17/2020 18:00:00]
Closing Logger and Disposing
[11/18/2020 16:33:40]
[Information][11/17/2020 18:00:00]
ReInitialized Unitask after Initialization of ECS is complete
[11/18/2020 16:33:40]
[Information][11/17/2020 18:00:00]
Unitask Player loop is ready? True
[11/18/2020 16:33:40]
[Information][11/17/2020 18:00:00]
Initialized Unitask correctly for ECS
[11/18/2020 16:33:43]
[Information][11/17/2020 18:00:00]
(+) [Scene State] ENTERED state: MenuScene
[11/18/2020 16:34:50]
[Information][11/17/2020 18:00:00]
Closing Logger and Disposing
[11/18/2020 16:35:15]
[Information][11/17/2020 18:00:00]
ReInitialized Unitask after Initialization of ECS is complete
[11/18/2020 16:35:15]
[Information][11/17/2020 18:00:00]
Unitask Player loop is ready? True
[11/18/2020 16:35:15]
[Information][11/17/2020 18:00:00]
Initialized Unitask correctly for ECS
[11/18/2020 16:35:17]
[Information][11/17/2020 18:00:00]
(+) [Scene State] ENTERED state: MenuScene
[11/18/2020 16:36:05]
[Information][11/17/2020 18:00:00]
Closing Logger and Disposing
[11/18/2020 16:36:43]
[Information][11/17/2020 18:00:00]
ReInitialized Unitask after Initialization of ECS is complete
[11/18/2020 16:36:43]
[Information][11/17/2020 18:00:00]
Unitask Player loop is ready? True
[11/18/2020 16:36:43]
[Information][11/17/2020 18:00:00]
Initialized Unitask correctly for ECS
[11/18/2020 16:36:45]
[Information][11/17/2020 18:00:00]
(+) [Scene State] ENTERED state: MenuScene
[11/18/2020 16:36:49]
[Information][11/17/2020 18:00:00]
Closing Logger and Disposing
[11/18/2020 16:39:01]
[Information][11/17/2020 18:00:00]
ReInitialized Unitask after Initialization of ECS is complete
[11/18/2020 16:39:01]
[Information][11/17/2020 18:00:00]
Unitask Player loop is ready? True
[11/18/2020 16:39:01]
[Information][11/17/2020 18:00:00]
Initialized Unitask correctly for ECS
[11/18/2020 16:39:03]
[Information][11/17/2020 18:00:00]
(+) [Scene State] ENTERED state: MenuScene
[11/18/2020 16:39:24]
[Information][11/17/2020 18:00:00]
Closing Logger and Disposing
[11/18/2020 16:39:36]
[Information][11/17/2020 18:00:00]
ReInitialized Unitask after Initialization of ECS is complete
[11/18/2020 16:39:36]
[Information][11/17/2020 18:00:00]
Unitask Player loop is ready? True
[11/18/2020 16:39:36]
[Information][11/17/2020 18:00:00]
Initialized Unitask correctly for ECS
[11/18/2020 16:39:38]
[Information][11/17/2020 18:00:00]
(+) [Scene State] ENTERED state: MenuScene
[11/18/2020 16:39:42]
[Information][11/17/2020 18:00:00]
Closing Logger and Disposing
[11/18/2020 16:41:14]
[Information][11/17/2020 18:00:00]
ReInitialized Unitask after Initialization of ECS is complete
[11/18/2020 16:41:14]
[Information][11/17/2020 18:00:00]
Unitask Player loop is ready? True
[11/18/2020 16:41:14]
[Information][11/17/2020 18:00:00]
Initialized Unitask correctly for ECS
[11/18/2020 16:41:16]
[Information][11/17/2020 18:00:00]
(+) [Scene State] ENTERED state: MenuScene
[11/18/2020 16:41:22]
[Information][11/17/2020 18:00:00]
Closing Logger and Disposing
[11/18/2020 16:42:00]
[Information][11/17/2020 18:00:00]
ReInitialized Unitask after Initialization of ECS is complete
[11/18/2020 16:42:00]
[Information][11/17/2020 18:00:00]
Unitask Player loop is ready? True
[11/18/2020 16:42:00]
[Information][11/17/2020 18:00:00]
Initialized Unitask correctly for ECS
[11/18/2020 16:42:02]
[Information][11/17/2020 18:00:00]
(+) [Scene State] ENTERED state: MenuScene
[11/18/2020 16:42:07]
[Information][11/17/2020 18:00:00]
Closing Logger and Disposing
[11/18/2020 16:43:22]
[Information][11/17/2020 18:00:00]
ReInitialized Unitask after Initialization of ECS is complete
[11/18/2020 16:43:22]
[Information][11/17/2020 18:00:00]
Unitask Player loop is ready? True
[11/18/2020 16:43:22]
[Information][11/17/2020 18:00:00]
Initialized Unitask correctly for ECS
[11/18/2020 16:43:25]
[Information][11/17/2020 18:00:00]
(+) [Scene State] ENTERED state: MenuScene
[11/18/2020 16:43:32]
[Information][11/17/2020 18:00:00]
Closing Logger and Disposing
[11/18/2020 16:48:16]
[Information][11/17/2020 18:00:00]
ReInitialized Unitask after Initialization of ECS is complete
[11/18/2020 16:48:16]
[Information][11/17/2020 18:00:00]
Unitask Player loop is ready? True
[11/18/2020 16:48:16]
[Information][11/17/2020 18:00:00]
Initialized Unitask correctly for ECS
[11/18/2020 16:48:19]
[Information][11/17/2020 18:00:00]
(+) [Scene State] ENTERED state: MenuScene
[11/18/2020 16:48:21]
[Information][11/17/2020 18:00:00]
Closing Logger and Disposing
[11/18/2020 16:49:07]
[Information][11/17/2020 18:00:00]
ReInitialized Unitask after Initialization of ECS is complete
[11/18/2020 16:49:07]
[Information][11/17/2020 18:00:00]
Unitask Player loop is ready? True
[11/18/2020 16:49:07]
[Information][11/17/2020 18:00:00]
Initialized Unitask correctly for ECS
[11/18/2020 16:49:10]
[Information][11/17/2020 18:00:00]
(+) [Scene State] ENTERED state: MenuScene
[11/18/2020 16:49:15]
[Information][11/17/2020 18:00:00]
Closing Logger and Disposing
[11/18/2020 16:50:22]
[Information][11/17/2020 18:00:00]
ReInitialized Unitask after Initialization of ECS is complete
[11/18/2020 16:50:22]
[Information][11/17/2020 18:00:00]
Unitask Player loop is ready? True
[11/18/2020 16:50:22]
[Information][11/17/2020 18:00:00]
Initialized Unitask correctly for ECS
[11/18/2020 16:50:24]
[Information][11/17/2020 18:00:00]
(+) [Scene State] ENTERED state: MenuScene
[11/18/2020 16:50:27]
[Information][11/17/2020 18:00:00]
Closing Logger and Disposing
[11/18/2020 16:56:00]
[Information][11/17/2020 18:00:00]
ReInitialized Unitask after Initialization of ECS is complete
[11/18/2020 16:56:00]
[Information][11/17/2020 18:00:00]
Unitask Player loop is ready? True
[11/18/2020 16:56:00]
[Information][11/17/2020 18:00:00]
Initialized Unitask correctly for ECS
[11/18/2020 16:56:03]
[Information][11/17/2020 18:00:00]
(+) [Scene State] ENTERED state: MenuScene
[11/18/2020 16:56:06]
[Information][11/17/2020 18:00:00]
Closing Logger and Disposing
[11/18/2020 16:57:34]
[Information][11/17/2020 18:00:00]
ReInitialized Unitask after Initialization of ECS is complete
[11/18/2020 16:57:34]
[Information][11/17/2020 18:00:00]
Unitask Player loop is ready? True
[11/18/2020 16:57:34]
[Information][11/17/2020 18:00:00]
Initialized Unitask correctly for ECS
[11/18/2020 16:57:37]
[Information][11/17/2020 18:00:00]
(+) [Scene State] ENTERED state: MenuScene
[11/18/2020 16:57:40]
[Information][11/17/2020 18:00:00]
Closing Logger and Disposing
[11/18/2020 16:58:27]
[Information][11/17/2020 18:00:00]
ReInitialized Unitask after Initialization of ECS is complete
[11/18/2020 16:58:27]
[Information][11/17/2020 18:00:00]
Unitask Player loop is ready? True
[11/18/2020 16:58:27]
[Information][11/17/2020 18:00:00]
Initialized Unitask correctly for ECS
[11/18/2020 16:58:29]
[Information][11/17/2020 18:00:00]
(+) [Scene State] ENTERED state: MenuScene
[11/18/2020 16:58:34]
[Information][11/17/2020 18:00:00]
Closing Logger and Disposing
[11/18/2020 17:05:21]
[Information][11/17/2020 18:00:00]
ReInitialized Unitask after Initialization of ECS is complete
[11/18/2020 17:05:21]
[Information][11/17/2020 18:00:00]
Unitask Player loop is ready? True
[11/18/2020 17:05:21]
[Information][11/17/2020 18:00:00]
Initialized Unitask correctly for ECS
[11/18/2020 17:05:24]
[Information][11/17/2020 18:00:00]
(+) [Scene State] ENTERED state: MenuScene
[11/18/2020 17:05:27]
[Information][11/17/2020 18:00:00]
Closing Logger and Disposing
[11/18/2020 17:07:12]
[Information][11/17/2020 18:00:00]
ReInitialized Unitask after Initialization of ECS is complete
[11/18/2020 17:07:12]
[Information][11/17/2020 18:00:00]
Unitask Player loop is ready? True
[11/18/2020 17:07:12]
[Information][11/17/2020 18:00:00]
Initialized Unitask correctly for ECS
[11/18/2020 17:07:14]
[Information][11/17/2020 18:00:00]
(+) [Scene State] ENTERED state: MenuScene
[11/18/2020 17:07:18]
[Information][11/17/2020 18:00:00]
Closing Logger and Disposing
[11/18/2020 17:12:45]
[Information][11/17/2020 18:00:00]
ReInitialized Unitask after Initialization of ECS is complete
[11/18/2020 17:12:45]
[Information][11/17/2020 18:00:00]
Unitask Player loop is ready? True
[11/18/2020 17:12:45]
[Information][11/17/2020 18:00:00]
Initialized Unitask correctly for ECS
[11/18/2020 17:12:48]
[Information][11/17/2020 18:00:00]
(+) [Scene State] ENTERED state: MenuScene
[11/18/2020 17:12:55]
[Information][11/17/2020 18:00:00]
Closing Logger and Disposing
[11/18/2020 17:14:43]
[Information][11/17/2020 18:00:00]
ReInitialized Unitask after Initialization of ECS is complete
[11/18/2020 17:14:43]
[Information][11/17/2020 18:00:00]
Unitask Player loop is ready? True
[11/18/2020 17:14:43]
[Information][11/17/2020 18:00:00]
Initialized Unitask correctly for ECS
[11/18/2020 17:14:45]
[Information][11/17/2020 18:00:00]
(+) [Scene State] ENTERED state: MenuScene
[11/18/2020 17:14:50]
[Information][11/17/2020 18:00:00]
Closing Logger and Disposing
[11/18/2020 20:44:55]
[Information][11/18/2020 18:00:00]
ReInitialized Unitask after Initialization of ECS is complete
[11/18/2020 20:44:55]
[Information][11/18/2020 18:00:00]
Unitask Player loop is ready? True
[11/18/2020 20:44:55]
[Information][11/18/2020 18:00:00]
Initialized Unitask correctly for ECS
[11/18/2020 20:44:59]
[Information][11/18/2020 18:00:00]
(+) [Scene State] ENTERED state: MenuScene
[11/18/2020 20:45:07]
[Information][11/18/2020 18:00:00]
Closing Logger and Disposing
[11/18/2020 20:50:32]
[Information][11/18/2020 18:00:00]
ReInitialized Unitask after Initialization of ECS is complete
[11/18/2020 20:50:32]
[Information][11/18/2020 18:00:00]
Unitask Player loop is ready? True
[11/18/2020 20:50:32]
[Information][11/18/2020 18:00:00]
Initialized Unitask correctly for ECS
[11/18/2020 20:50:35]
[Information][11/18/2020 18:00:00]
(+) [Scene State] ENTERED state: MenuScene
[11/18/2020 20:50:40]
[Information][11/18/2020 18:00:00]
Closing Logger and Disposing
[11/18/2020 20:54:48]
[Information][11/18/2020 18:00:00]
ReInitialized Unitask after Initialization of ECS is complete
[11/18/2020 20:54:48]
[Information][11/18/2020 18:00:00]
Unitask Player loop is ready? True
[11/18/2020 20:54:48]
[Information][11/18/2020 18:00:00]
Initialized Unitask correctly for ECS
[11/18/2020 20:54:51]
[Information][11/18/2020 18:00:00]
(+) [Scene State] ENTERED state: MenuScene
[11/18/2020 20:54:58]
[Information][11/18/2020 18:00:00]
Closing Logger and Disposing
[11/18/2020 21:05:56]
[Information][11/18/2020 18:00:00]
ReInitialized Unitask after Initialization of ECS is complete
[11/18/2020 21:05:56]
[Information][11/18/2020 18:00:00]
Unitask Player loop is ready? True
[11/18/2020 21:05:56]
[Information][11/18/2020 18:00:00]
Initialized Unitask correctly for ECS
[11/18/2020 21:06:00]
[Information][11/18/2020 18:00:00]
(+) [Scene State] ENTERED state: MenuScene
[11/18/2020 21:06:03]
[Information][11/18/2020 18:00:00]
Closing Logger and Disposing
[11/18/2020 21:07:05]
[Information][11/18/2020 18:00:00]
ReInitialized Unitask after Initialization of ECS is complete
[11/18/2020 21:07:05]
[Information][11/18/2020 18:00:00]
Unitask Player loop is ready? True
[11/18/2020 21:07:05]
[Information][11/18/2020 18:00:00]
Initialized Unitask correctly for ECS
[11/18/2020 21:07:09]
[Information][11/18/2020 18:00:00]
(+) [Scene State] ENTERED state: MenuScene
[11/18/2020 21:07:13]
[Information][11/18/2020 18:00:00]
Closing Logger and Disposing
[11/18/2020 21:09:13]
[Information][11/18/2020 18:00:00]
ReInitialized Unitask after Initialization of ECS is complete
[11/18/2020 21:09:13]
[Information][11/18/2020 18:00:00]
Unitask Player loop is ready? True
[11/18/2020 21:09:13]
[Information][11/18/2020 18:00:00]
Initialized Unitask correctly for ECS
[11/18/2020 21:09:16]
[Information][11/18/2020 18:00:00]
(+) [Scene State] ENTERED state: MenuScene
[11/18/2020 21:09:23]
[Information][11/18/2020 18:00:00]
Closing Logger and Disposing
[11/18/2020 21:43:08]
[Information][11/18/2020 18:00:00]
ReInitialized Unitask after Initialization of ECS is complete
[11/18/2020 21:43:08]
[Information][11/18/2020 18:00:00]
Unitask Player loop is ready? True
[11/18/2020 21:43:08]
[Information][11/18/2020 18:00:00]
Initialized Unitask correctly for ECS
[11/18/2020 21:43:12]
[Information][11/18/2020 18:00:00]
(+) [Scene State] ENTERED state: MenuScene
[11/18/2020 21:43:29]
[Information][11/18/2020 18:00:00]
Closing Logger and Disposing
[11/18/2020 21:48:46]
[Information][11/18/2020 18:00:00]
ReInitialized Unitask after Initialization of ECS is complete
[11/18/2020 21:48:46]
[Information][11/18/2020 18:00:00]
Unitask Player loop is ready? True
[11/18/2020 21:48:46]
[Information][11/18/2020 18:00:00]
Initialized Unitask correctly for ECS
[11/18/2020 21:48:50]
[Information][11/18/2020 18:00:00]
(+) [Scene State] ENTERED state: MenuScene
[11/18/2020 21:48:56]
[Information][11/18/2020 18:00:00]
Closing Logger and Disposing
[11/18/2020 21:59:37]
[Information][11/18/2020 18:00:00]
ReInitialized Unitask after Initialization of ECS is complete
[11/18/2020 21:59:37]
[Information][11/18/2020 18:00:00]
Unitask Player loop is ready? True
[11/18/2020 21:59:37]
[Information][11/18/2020 18:00:00]
Initialized Unitask correctly for ECS
[11/18/2020 21:59:41]
[Information][11/18/2020 18:00:00]
(+) [Scene State] ENTERED state: MenuScene
[11/18/2020 21:59:44]
[Information][11/18/2020 18:00:00]
Closing Logger and Disposing
[11/18/2020 22:00:09]
[Information][11/18/2020 18:00:00]
ReInitialized Unitask after Initialization of ECS is complete
[11/18/2020 22:00:09]
[Information][11/18/2020 18:00:00]
Unitask Player loop is ready? True
[11/18/2020 22:00:09]
[Information][11/18/2020 18:00:00]
Initialized Unitask correctly for ECS
[11/18/2020 22:00:13]
[Information][11/18/2020 18:00:00]
(+) [Scene State] ENTERED state: MenuScene
[11/18/2020 22:00:18]
[Information][11/18/2020 18:00:00]
Closing Logger and Disposing
[11/18/2020 22:13:13]
[Information][11/18/2020 18:00:00]
ReInitialized Unitask after Initialization of ECS is complete
[11/18/2020 22:13:13]
[Information][11/18/2020 18:00:00]
Unitask Player loop is ready? True
[11/18/2020 22:13:13]
[Information][11/18/2020 18:00:00]
Initialized Unitask correctly for ECS
[11/18/2020 22:13:15]
[Information][11/18/2020 18:00:00]
(+) [Scene State] ENTERED state: MenuScene
[11/18/2020 22:13:28]
[Information][11/18/2020 18:00:00]
Closing Logger and Disposing
[11/18/2020 22:14:13]
[Information][11/18/2020 18:00:00]
ReInitialized Unitask after Initialization of ECS is complete
[11/18/2020 22:14:13]
[Information][11/18/2020 18:00:00]
Unitask Player loop is ready? True
[11/18/2020 22:14:13]
[Information][11/18/2020 18:00:00]
Initialized Unitask correctly for ECS
[11/18/2020 22:14:18]
[Information][11/18/2020 18:00:00]
(+) [Scene State] ENTERED state: MenuScene
[11/18/2020 22:15:12]
[Information][11/18/2020 18:00:00]
Closing Logger and Disposing
[11/18/2020 22:19:14]
[Information][11/18/2020 18:00:00]
ReInitialized Unitask after Initialization of ECS is complete
[11/18/2020 22:19:14]
[Information][11/18/2020 18:00:00]
Unitask Player loop is ready? True
[11/18/2020 22:19:14]
[Information][11/18/2020 18:00:00]
Initialized Unitask correctly for ECS
[11/18/2020 22:19:18]
[Information][11/18/2020 18:00:00]
(+) [Scene State] ENTERED state: MenuScene
[11/18/2020 22:20:09]
[Information][11/18/2020 18:00:00]
Closing Logger and Disposing
[11/18/2020 22:22:41]
[Information][11/18/2020 18:00:00]
ReInitialized Unitask after Initialization of ECS is complete
[11/18/2020 22:22:41]
[Information][11/18/2020 18:00:00]
Unitask Player loop is ready? True
[11/18/2020 22:22:41]
[Information][11/18/2020 18:00:00]
Initialized Unitask correctly for ECS
[11/18/2020 22:22:46]
[Information][11/18/2020 18:00:00]
(+) [Scene State] ENTERED state: MenuScene
[11/18/2020 22:23:25]
[Information][11/18/2020 18:00:00]
Closing Logger and Disposing
[11/18/2020 22:24:06]
[Information][11/18/2020 18:00:00]
ReInitialized Unitask after Initialization of ECS is complete
[11/18/2020 22:24:06]
[Information][11/18/2020 18:00:00]
Unitask Player loop is ready? True
[11/18/2020 22:24:06]
[Information][11/18/2020 18:00:00]
Initialized Unitask correctly for ECS
[11/18/2020 22:24:10]
[Information][11/18/2020 18:00:00]
(+) [Scene State] ENTERED state: MenuScene
[11/18/2020 22:24:25]
[Information][11/18/2020 18:00:00]
Closing Logger and Disposing
[11/18/2020 22:31:27]
[Information][11/18/2020 18:00:00]
ReInitialized Unitask after Initialization of ECS is complete
[11/18/2020 22:31:27]
[Information][11/18/2020 18:00:00]
Unitask Player loop is ready? True
[11/18/2020 22:31:27]
[Information][11/18/2020 18:00:00]
Initialized Unitask correctly for ECS
[11/18/2020 22:31:31]
[Information][11/18/2020 18:00:00]
(+) [Scene State] ENTERED state: MenuScene
[11/18/2020 22:31:54]
[Information][11/18/2020 18:00:00]
Closing Logger and Disposing
[11/18/2020 22:33:15]
[Information][11/18/2020 18:00:00]
ReInitialized Unitask after Initialization of ECS is complete
[11/18/2020 22:33:15]
[Information][11/18/2020 18:00:00]
Unitask Player loop is ready? True
[11/18/2020 22:33:15]
[Information][11/18/2020 18:00:00]
Initialized Unitask correctly for ECS
[11/18/2020 22:33:20]
[Information][11/18/2020 18:00:00]
(+) [Scene State] ENTERED state: MenuScene
[11/18/2020 22:33:24]
[Information][11/18/2020 18:00:00]
Closing Logger and Disposing
[11/18/2020 22:39:08]
[Information][11/18/2020 18:00:00]
ReInitialized Unitask after Initialization of ECS is complete
[11/18/2020 22:39:08]
[Information][11/18/2020 18:00:00]
Unitask Player loop is ready? True
[11/18/2020 22:39:08]
[Information][11/18/2020 18:00:00]
Initialized Unitask correctly for ECS
[11/18/2020 22:39:14]
[Information][11/18/2020 18:00:00]
(+) [Scene State] ENTERED state: MenuScene
[11/18/2020 22:39:18]
[Information][11/18/2020 18:00:00]
Closing Logger and Disposing
[11/18/2020 22:51:11]
[Information][11/18/2020 18:00:00]
ReInitialized Unitask after Initialization of ECS is complete
[11/18/2020 22:51:11]
[Information][11/18/2020 18:00:00]
Unitask Player loop is ready? True
[11/18/2020 22:51:11]
[Information][11/18/2020 18:00:00]
Initialized Unitask correctly for ECS
[11/18/2020 22:51:17]
[Information][11/18/2020 18:00:00]
(+) [Scene State] ENTERED state: MenuScene
[11/18/2020 22:51:25]
[Information][11/18/2020 18:00:00]
Closing Logger and Disposing
[11/18/2020 22:52:09]
[Information][11/18/2020 18:00:00]
ReInitialized Unitask after Initialization of ECS is complete
[11/18/2020 22:52:09]
[Information][11/18/2020 18:00:00]
Unitask Player loop is ready? True
[11/18/2020 22:52:09]
[Information][11/18/2020 18:00:00]
Initialized Unitask correctly for ECS
[11/18/2020 22:52:15]
[Information][11/18/2020 18:00:00]
(+) [Scene State] ENTERED state: MenuScene
[11/18/2020 22:52:35]
[Information][11/18/2020 18:00:00]
Closing Logger and Disposing
[11/18/2020 22:53:32]
[Information][11/18/2020 18:00:00]
ReInitialized Unitask after Initialization of ECS is complete
[11/18/2020 22:53:32]
[Information][11/18/2020 18:00:00]
Unitask Player loop is ready? True
[11/18/2020 22:53:32]
[Information][11/18/2020 18:00:00]
Initialized Unitask correctly for ECS
[11/18/2020 22:53:37]
[Information][11/18/2020 18:00:00]
(+) [Scene State] ENTERED state: MenuScene
[11/18/2020 22:53:39]
[Information][11/18/2020 18:00:00]
Closing Logger and Disposing
[11/18/2020 23:01:44]
[Information][11/18/2020 18:00:00]
ReInitialized Unitask after Initialization of ECS is complete
[11/18/2020 23:01:44]
[Information][11/18/2020 18:00:00]
Unitask Player loop is ready? True
[11/18/2020 23:01:44]
[Information][11/18/2020 18:00:00]
Initialized Unitask correctly for ECS
[11/18/2020 23:01:49]
[Information][11/18/2020 18:00:00]
(+) [Scene State] ENTERED state: MenuScene
[11/18/2020 23:02:01]
[Information][11/18/2020 18:00:00]
Closing Logger and Disposing
[11/18/2020 23:03:22]
[Information][11/18/2020 18:00:00]
ReInitialized Unitask after Initialization of ECS is complete
[11/18/2020 23:03:22]
[Information][11/18/2020 18:00:00]
Unitask Player loop is ready? True
[11/18/2020 23:03:22]
[Information][11/18/2020 18:00:00]
Initialized Unitask correctly for ECS
[11/18/2020 23:03:23]
[Information][11/18/2020 18:00:00]
True
[11/18/2020 23:03:28]
[Information][11/18/2020 18:00:00]
(+) [Scene State] ENTERED state: MenuScene
[11/18/2020 23:03:47]
[Information][11/18/2020 18:00:00]
False
[11/18/2020 23:04:03]
[Information][11/18/2020 18:00:00]
True
[11/18/2020 23:04:05]
[Information][11/18/2020 18:00:00]
Closing Logger and Disposing
