[12/02/2020 00:29:44]
[Information][12/01/2020 18:00:00]
Closing Logger and Disposing
[12/02/2020 00:32:04]
[Information][12/01/2020 18:00:00]
Closing Logger and Disposing
[12/02/2020 00:32:20]
[Information][12/01/2020 18:00:00]
Closing Logger and Disposing
[12/02/2020 00:34:17]
[Information][12/01/2020 18:00:00]
Closing Logger and Disposing
[12/02/2020 08:13:46]
[Information][12/01/2020 18:00:00]
Closing Logger and Disposing
[12/02/2020 08:14:13]
[Information][12/01/2020 18:00:00]
Closing Logger and Disposing
[12/02/2020 09:12:30]
[Error][12/01/2020 18:00:00]
Failed to Get Loading_Document Visual Element script and Element from the UI Document
[12/02/2020 09:12:56]
[Information][12/01/2020 18:00:00]
Closing Logger and Disposing
[12/02/2020 09:13:57]
[Information][12/01/2020 18:00:00]
Closing Logger and Disposing
[12/02/2020 09:17:47]
[Information][12/01/2020 18:00:00]
Closing Logger and Disposing
[12/02/2020 09:18:08]
[Information][12/01/2020 18:00:00]
Closing Logger and Disposing
[12/02/2020 09:18:25]
[Information][12/01/2020 18:00:00]
Closing Logger and Disposing
[12/02/2020 09:21:30]
[Information][12/01/2020 18:00:00]
Closing Logger and Disposing
[12/02/2020 09:54:11]
[Information][12/01/2020 18:00:00]
Closing Logger and Disposing
[12/02/2020 09:55:19]
[Information][12/01/2020 18:00:00]
Closing Logger and Disposing
[12/02/2020 09:56:47]
[Information][12/01/2020 18:00:00]
Closing Logger and Disposing
[12/02/2020 10:01:05]
[Information][12/01/2020 18:00:00]
Closing Logger and Disposing
[12/02/2020 10:02:05]
[Information][12/01/2020 18:00:00]
Closing Logger and Disposing
[12/02/2020 10:02:21]
[Information][12/01/2020 18:00:00]
Closing Logger and Disposing
[12/02/2020 10:02:45]
[Information][12/01/2020 18:00:00]
Closing Logger and Disposing
[12/02/2020 10:04:10]
[Information][12/01/2020 18:00:00]
Closing Logger and Disposing
[12/02/2020 10:23:49]
[Information][12/01/2020 18:00:00]
Closing Logger and Disposing
[12/02/2020 10:33:47]
[Information][12/01/2020 18:00:00]
Closing Logger and Disposing
[12/02/2020 10:36:18]
[Information][12/01/2020 18:00:00]
Closing Logger and Disposing
[12/02/2020 10:44:26]
[Information][12/01/2020 18:00:00]
Closing Logger and Disposing
[12/02/2020 10:45:14]
[Information][12/01/2020 18:00:00]
Closing Logger and Disposing
[12/02/2020 10:46:28]
[Information][12/01/2020 18:00:00]
Closing Logger and Disposing
[12/02/2020 10:47:10]
[Information][12/01/2020 18:00:00]
Closing Logger and Disposing
[12/02/2020 10:47:43]
[Information][12/01/2020 18:00:00]
Closing Logger and Disposing
[12/02/2020 12:36:50]
[Information][12/01/2020 18:00:00]
Closing Logger and Disposing
[12/02/2020 12:44:28]
[Information][12/01/2020 18:00:00]
Closing Logger and Disposing
[12/02/2020 12:46:30]
[Information][12/01/2020 18:00:00]
Closing Logger and Disposing
[12/02/2020 12:51:19]
[Information][12/01/2020 18:00:00]
Closing Logger and Disposing
[12/02/2020 12:51:58]
[Information][12/01/2020 18:00:00]
Closing Logger and Disposing
[12/02/2020 12:52:45]
[Information][12/01/2020 18:00:00]
Closing Logger and Disposing
[12/02/2020 12:54:11]
[Information][12/01/2020 18:00:00]
Closing Logger and Disposing
[12/02/2020 12:56:15]
[Information][12/01/2020 18:00:00]
Closing Logger and Disposing
[12/02/2020 12:56:56]
[Information][12/01/2020 18:00:00]
Closing Logger and Disposing
[12/02/2020 12:57:18]
[Information][12/01/2020 18:00:00]
Closing Logger and Disposing
[12/02/2020 12:58:03]
[Information][12/01/2020 18:00:00]
Closing Logger and Disposing
[12/02/2020 13:03:40]
[Information][12/01/2020 18:00:00]
Closing Logger and Disposing
[12/02/2020 13:11:37]
[Information][12/01/2020 18:00:00]
Closing Logger and Disposing
[12/02/2020 13:22:39]
[Information][12/01/2020 18:00:00]
Closing Logger and Disposing
[12/02/2020 13:23:35]
[Information][12/01/2020 18:00:00]
Closing Logger and Disposing
[12/02/2020 13:24:23]
[Information][12/01/2020 18:00:00]
Closing Logger and Disposing
[12/02/2020 13:25:25]
[Information][12/01/2020 18:00:00]
Closing Logger and Disposing
[12/02/2020 13:38:49]
[Information][12/01/2020 18:00:00]
Closing Logger and Disposing
[12/02/2020 13:45:33]
[Information][12/01/2020 18:00:00]
Closing Logger and Disposing
[12/02/2020 13:57:36]
[Information][12/01/2020 18:00:00]
Closing Logger and Disposing
[12/02/2020 13:58:34]
[Information][12/01/2020 18:00:00]
Closing Logger and Disposing
[12/02/2020 14:09:06]
[Information][12/01/2020 18:00:00]
Closing Logger and Disposing
[12/02/2020 14:09:58]
[Information][12/01/2020 18:00:00]
Closing Logger and Disposing
[12/02/2020 14:11:29]
[Information][12/01/2020 18:00:00]
Closing Logger and Disposing
[12/02/2020 15:38:13]
[Information][12/01/2020 18:00:00]
Closing Logger and Disposing
[12/02/2020 15:46:01]
[Information][12/01/2020 18:00:00]
Closing Logger and Disposing
[12/02/2020 15:46:37]
[Information][12/01/2020 18:00:00]
Closing Logger and Disposing
[12/02/2020 15:47:56]
[Information][12/01/2020 18:00:00]
Closing Logger and Disposing
[12/02/2020 15:48:37]
[Information][12/01/2020 18:00:00]
Closing Logger and Disposing
[12/02/2020 15:49:49]
[Information][12/01/2020 18:00:00]
Closing Logger and Disposing
[12/02/2020 15:52:17]
[Information][12/01/2020 18:00:00]
Closing Logger and Disposing
[12/02/2020 15:53:52]
[Information][12/01/2020 18:00:00]
Closing Logger and Disposing
[12/02/2020 15:58:56]
[Information][12/01/2020 18:00:00]
Closing Logger and Disposing
[12/02/2020 16:01:41]
[Information][12/01/2020 18:00:00]
Closing Logger and Disposing
[12/02/2020 18:39:06]
[Information][12/02/2020 18:00:00]
Closing Logger and Disposing
[12/02/2020 19:35:50]
[Information][12/02/2020 18:00:00]
Closing Logger and Disposing
[12/02/2020 19:46:47]
[Information][12/02/2020 18:00:00]
Closing Logger and Disposing
[12/02/2020 19:47:50]
[Information][12/02/2020 18:00:00]
Closing Logger and Disposing
[12/02/2020 19:48:19]
[Information][12/02/2020 18:00:00]
Closing Logger and Disposing
[12/02/2020 19:51:29]
[Information][12/02/2020 18:00:00]
Closing Logger and Disposing
[12/02/2020 19:52:18]
[Information][12/02/2020 18:00:00]
Closing Logger and Disposing
[12/02/2020 19:55:10]
[Information][12/02/2020 18:00:00]
Closing Logger and Disposing
[12/02/2020 19:56:27]
[Information][12/02/2020 18:00:00]
Closing Logger and Disposing
[12/02/2020 19:59:38]
[Information][12/02/2020 18:00:00]
Closing Logger and Disposing
[12/02/2020 20:00:11]
[Information][12/02/2020 18:00:00]
Closing Logger and Disposing
[12/02/2020 20:05:38]
[Information][12/02/2020 18:00:00]
Closing Logger and Disposing
[12/02/2020 20:07:45]
[Information][12/02/2020 18:00:00]
Closing Logger and Disposing
[12/02/2020 20:24:04]
[Information][12/02/2020 18:00:00]
Closing Logger and Disposing
[12/02/2020 20:24:44]
[Information][12/02/2020 18:00:00]
Closing Logger and Disposing
[12/02/2020 20:26:30]
[Information][12/02/2020 18:00:00]
Closing Logger and Disposing
[12/02/2020 20:28:17]
[Information][12/02/2020 18:00:00]
Closing Logger and Disposing
[12/02/2020 20:29:55]
[Information][12/02/2020 18:00:00]
Closing Logger and Disposing
[12/02/2020 20:30:25]
[Information][12/02/2020 18:00:00]
Closing Logger and Disposing
[12/02/2020 20:30:47]
[Information][12/02/2020 18:00:00]
Closing Logger and Disposing
[12/02/2020 20:31:36]
[Information][12/02/2020 18:00:00]
Closing Logger and Disposing
[12/02/2020 20:31:59]
[Information][12/02/2020 18:00:00]
Closing Logger and Disposing
[12/02/2020 20:32:16]
[Information][12/02/2020 18:00:00]
Closing Logger and Disposing
[12/02/2020 20:32:42]
[Information][12/02/2020 18:00:00]
Closing Logger and Disposing
[12/02/2020 20:36:47]
[Information][12/02/2020 18:00:00]
Closing Logger and Disposing
[12/02/2020 20:37:55]
[Information][12/02/2020 18:00:00]
Closing Logger and Disposing
