[11/09/2020 14:50:40]
[Information][11/08/2020 18:00:00]
ReInitialized Unitask after Initialization of ECS is complete
[11/09/2020 14:50:40]
[Information][11/08/2020 18:00:00]
Unitask Player loop is ready? True
[11/09/2020 14:50:40]
[Information][11/08/2020 18:00:00]
Initialized Unitask correctly for ECS
[11/09/2020 14:50:40]
[Information][11/08/2020 18:00:00]
(+) [Scene State] ENTERED state: MenuScene
[11/09/2020 14:51:03]
[Information][11/08/2020 18:00:00]
Closing Logger and Disposing
[11/09/2020 15:30:39]
[Information][11/08/2020 18:00:00]
ReInitialized Unitask after Initialization of ECS is complete
[11/09/2020 15:30:39]
[Information][11/08/2020 18:00:00]
Unitask Player loop is ready? True
[11/09/2020 15:30:39]
[Information][11/08/2020 18:00:00]
Initialized Unitask correctly for ECS
[11/09/2020 15:30:39]
[Information][11/08/2020 18:00:00]
(+) [Scene State] ENTERED state: MenuScene
[11/09/2020 15:30:56]
[Information][11/08/2020 18:00:00]
Closing Logger and Disposing
[11/09/2020 15:45:48]
[Information][11/08/2020 18:00:00]
ReInitialized Unitask after Initialization of ECS is complete
[11/09/2020 15:45:48]
[Information][11/08/2020 18:00:00]
Unitask Player loop is ready? True
[11/09/2020 15:45:48]
[Information][11/08/2020 18:00:00]
Initialized Unitask correctly for ECS
[11/09/2020 15:45:49]
[Information][11/08/2020 18:00:00]
(+) [Scene State] ENTERED state: MenuScene
[11/09/2020 15:46:06]
[Information][11/08/2020 18:00:00]
Closing Logger and Disposing
[11/09/2020 16:13:44]
[Information][11/08/2020 18:00:00]
ReInitialized Unitask after Initialization of ECS is complete
[11/09/2020 16:13:44]
[Information][11/08/2020 18:00:00]
Unitask Player loop is ready? True
[11/09/2020 16:13:44]
[Information][11/08/2020 18:00:00]
Initialized Unitask correctly for ECS
[11/09/2020 16:13:44]
[Information][11/08/2020 18:00:00]
(+) [Scene State] ENTERED state: MenuScene
[11/09/2020 16:13:54]
[Information][11/08/2020 18:00:00]
Closing Logger and Disposing
[11/09/2020 16:14:26]
[Information][11/08/2020 18:00:00]
ReInitialized Unitask after Initialization of ECS is complete
[11/09/2020 16:14:26]
[Information][11/08/2020 18:00:00]
Unitask Player loop is ready? True
[11/09/2020 16:14:26]
[Information][11/08/2020 18:00:00]
Initialized Unitask correctly for ECS
[11/09/2020 16:14:27]
[Information][11/08/2020 18:00:00]
(+) [Scene State] ENTERED state: MenuScene
[11/09/2020 16:14:28]
[Information][11/08/2020 18:00:00]
Closing Logger and Disposing
[11/09/2020 16:16:22]
[Information][11/08/2020 18:00:00]
ReInitialized Unitask after Initialization of ECS is complete
[11/09/2020 16:16:22]
[Information][11/08/2020 18:00:00]
Unitask Player loop is ready? True
[11/09/2020 16:16:22]
[Information][11/08/2020 18:00:00]
Initialized Unitask correctly for ECS
[11/09/2020 16:16:23]
[Information][11/08/2020 18:00:00]
(+) [Scene State] ENTERED state: MenuScene
[11/09/2020 16:16:26]
[Information][11/08/2020 18:00:00]
Closing Logger and Disposing
[11/09/2020 16:17:19]
[Information][11/08/2020 18:00:00]
ReInitialized Unitask after Initialization of ECS is complete
[11/09/2020 16:17:19]
[Information][11/08/2020 18:00:00]
Unitask Player loop is ready? True
[11/09/2020 16:17:19]
[Information][11/08/2020 18:00:00]
Initialized Unitask correctly for ECS
[11/09/2020 16:17:19]
[Information][11/08/2020 18:00:00]
(+) [Scene State] ENTERED state: MenuScene
[11/09/2020 16:17:36]
[Information][11/08/2020 18:00:00]
Closing Logger and Disposing
[11/09/2020 16:18:19]
[Information][11/08/2020 18:00:00]
ReInitialized Unitask after Initialization of ECS is complete
[11/09/2020 16:18:20]
[Information][11/08/2020 18:00:00]
Unitask Player loop is ready? True
[11/09/2020 16:18:20]
[Information][11/08/2020 18:00:00]
Initialized Unitask correctly for ECS
[11/09/2020 16:18:20]
[Information][11/08/2020 18:00:00]
(+) [Scene State] ENTERED state: MenuScene
[11/09/2020 16:18:29]
[Information][11/08/2020 18:00:00]
Closing Logger and Disposing
[11/09/2020 16:19:01]
[Information][11/08/2020 18:00:00]
ReInitialized Unitask after Initialization of ECS is complete
[11/09/2020 16:19:01]
[Information][11/08/2020 18:00:00]
Unitask Player loop is ready? True
[11/09/2020 16:19:01]
[Information][11/08/2020 18:00:00]
Initialized Unitask correctly for ECS
[11/09/2020 16:19:02]
[Information][11/08/2020 18:00:00]
(+) [Scene State] ENTERED state: MenuScene
[11/09/2020 16:19:07]
[Information][11/08/2020 18:00:00]
Closing Logger and Disposing
[11/09/2020 16:21:12]
[Information][11/08/2020 18:00:00]
ReInitialized Unitask after Initialization of ECS is complete
[11/09/2020 16:21:13]
[Information][11/08/2020 18:00:00]
Unitask Player loop is ready? True
[11/09/2020 16:21:13]
[Information][11/08/2020 18:00:00]
Initialized Unitask correctly for ECS
[11/09/2020 16:21:13]
[Information][11/08/2020 18:00:00]
(+) [Scene State] ENTERED state: MenuScene
[11/09/2020 16:21:19]
[Information][11/08/2020 18:00:00]
Closing Logger and Disposing
[11/09/2020 16:27:40]
[Information][11/08/2020 18:00:00]
ReInitialized Unitask after Initialization of ECS is complete
[11/09/2020 16:27:40]
[Information][11/08/2020 18:00:00]
Unitask Player loop is ready? True
[11/09/2020 16:27:40]
[Information][11/08/2020 18:00:00]
Initialized Unitask correctly for ECS
[11/09/2020 16:27:41]
[Information][11/08/2020 18:00:00]
(+) [Scene State] ENTERED state: MenuScene
[11/09/2020 16:28:04]
[Information][11/08/2020 18:00:00]
Closing Logger and Disposing
[11/09/2020 16:29:50]
[Information][11/08/2020 18:00:00]
ReInitialized Unitask after Initialization of ECS is complete
[11/09/2020 16:29:50]
[Information][11/08/2020 18:00:00]
Unitask Player loop is ready? True
[11/09/2020 16:29:50]
[Information][11/08/2020 18:00:00]
Initialized Unitask correctly for ECS
[11/09/2020 16:29:50]
[Information][11/08/2020 18:00:00]
(+) [Scene State] ENTERED state: MenuScene
[11/09/2020 16:29:55]
[Information][11/08/2020 18:00:00]
Closing Logger and Disposing
[11/09/2020 16:31:06]
[Information][11/08/2020 18:00:00]
ReInitialized Unitask after Initialization of ECS is complete
[11/09/2020 16:31:06]
[Information][11/08/2020 18:00:00]
Unitask Player loop is ready? True
[11/09/2020 16:31:06]
[Information][11/08/2020 18:00:00]
Initialized Unitask correctly for ECS
[11/09/2020 16:31:06]
[Information][11/08/2020 18:00:00]
(+) [Scene State] ENTERED state: MenuScene
[11/09/2020 16:31:10]
[Information][11/08/2020 18:00:00]
Closing Logger and Disposing
[11/09/2020 16:53:23]
[Information][11/08/2020 18:00:00]
ReInitialized Unitask after Initialization of ECS is complete
[11/09/2020 16:53:23]
[Information][11/08/2020 18:00:00]
Unitask Player loop is ready? True
[11/09/2020 16:53:23]
[Information][11/08/2020 18:00:00]
Initialized Unitask correctly for ECS
[11/09/2020 16:53:24]
[Information][11/08/2020 18:00:00]
(+) [Scene State] ENTERED state: MenuScene
[11/09/2020 16:53:42]
[Information][11/08/2020 18:00:00]
Closing Logger and Disposing
[11/09/2020 16:54:33]
[Information][11/08/2020 18:00:00]
ReInitialized Unitask after Initialization of ECS is complete
[11/09/2020 16:54:33]
[Information][11/08/2020 18:00:00]
Unitask Player loop is ready? True
[11/09/2020 16:54:33]
[Information][11/08/2020 18:00:00]
Initialized Unitask correctly for ECS
[11/09/2020 16:54:33]
[Information][11/08/2020 18:00:00]
(+) [Scene State] ENTERED state: MenuScene
[11/09/2020 16:54:37]
[Information][11/08/2020 18:00:00]
Closing Logger and Disposing
[11/09/2020 16:55:08]
[Information][11/08/2020 18:00:00]
ReInitialized Unitask after Initialization of ECS is complete
[11/09/2020 16:55:08]
[Information][11/08/2020 18:00:00]
Unitask Player loop is ready? True
[11/09/2020 16:55:08]
[Information][11/08/2020 18:00:00]
Initialized Unitask correctly for ECS
[11/09/2020 16:55:09]
[Information][11/08/2020 18:00:00]
(+) [Scene State] ENTERED state: MenuScene
[11/09/2020 16:55:32]
[Information][11/08/2020 18:00:00]
Closing Logger and Disposing
[11/09/2020 16:56:09]
[Information][11/08/2020 18:00:00]
ReInitialized Unitask after Initialization of ECS is complete
[11/09/2020 16:56:09]
[Information][11/08/2020 18:00:00]
Unitask Player loop is ready? True
[11/09/2020 16:56:09]
[Information][11/08/2020 18:00:00]
Initialized Unitask correctly for ECS
[11/09/2020 16:56:10]
[Information][11/08/2020 18:00:00]
(+) [Scene State] ENTERED state: MenuScene
[11/09/2020 16:56:58]
[Information][11/08/2020 18:00:00]
Closing Logger and Disposing
[11/09/2020 16:57:23]
[Information][11/08/2020 18:00:00]
ReInitialized Unitask after Initialization of ECS is complete
[11/09/2020 16:57:23]
[Information][11/08/2020 18:00:00]
Unitask Player loop is ready? True
[11/09/2020 16:57:23]
[Information][11/08/2020 18:00:00]
Initialized Unitask correctly for ECS
[11/09/2020 16:57:24]
[Information][11/08/2020 18:00:00]
(+) [Scene State] ENTERED state: MenuScene
[11/09/2020 16:57:50]
[Information][11/08/2020 18:00:00]
Closing Logger and Disposing
[11/09/2020 16:58:37]
[Information][11/08/2020 18:00:00]
ReInitialized Unitask after Initialization of ECS is complete
[11/09/2020 16:58:37]
[Information][11/08/2020 18:00:00]
Unitask Player loop is ready? True
[11/09/2020 16:58:37]
[Information][11/08/2020 18:00:00]
Initialized Unitask correctly for ECS
[11/09/2020 16:58:38]
[Information][11/08/2020 18:00:00]
(+) [Scene State] ENTERED state: MenuScene
[11/09/2020 16:58:51]
[Information][11/08/2020 18:00:00]
Closing Logger and Disposing
[11/09/2020 17:06:20]
[Information][11/08/2020 18:00:00]
ReInitialized Unitask after Initialization of ECS is complete
[11/09/2020 17:06:20]
[Information][11/08/2020 18:00:00]
Unitask Player loop is ready? True
[11/09/2020 17:06:20]
[Information][11/08/2020 18:00:00]
Initialized Unitask correctly for ECS
[11/09/2020 17:06:20]
[Information][11/08/2020 18:00:00]
(+) [Scene State] ENTERED state: MenuScene
[11/09/2020 17:06:32]
[Information][11/08/2020 18:00:00]
Closing Logger and Disposing
[11/09/2020 17:10:18]
[Information][11/08/2020 18:00:00]
ReInitialized Unitask after Initialization of ECS is complete
[11/09/2020 17:10:18]
[Information][11/08/2020 18:00:00]
Unitask Player loop is ready? True
[11/09/2020 17:10:18]
[Information][11/08/2020 18:00:00]
Initialized Unitask correctly for ECS
[11/09/2020 17:10:18]
[Information][11/08/2020 18:00:00]
(+) [Scene State] ENTERED state: MenuScene
[11/09/2020 17:10:32]
[Information][11/08/2020 18:00:00]
Closing Logger and Disposing
[11/09/2020 17:12:33]
[Information][11/08/2020 18:00:00]
ReInitialized Unitask after Initialization of ECS is complete
[11/09/2020 17:12:34]
[Information][11/08/2020 18:00:00]
Unitask Player loop is ready? True
[11/09/2020 17:12:34]
[Information][11/08/2020 18:00:00]
Initialized Unitask correctly for ECS
[11/09/2020 17:12:34]
[Information][11/08/2020 18:00:00]
(+) [Scene State] ENTERED state: MenuScene
[11/09/2020 17:12:42]
[Information][11/08/2020 18:00:00]
Closing Logger and Disposing
[11/09/2020 17:18:03]
[Information][11/08/2020 18:00:00]
ReInitialized Unitask after Initialization of ECS is complete
[11/09/2020 17:18:03]
[Information][11/08/2020 18:00:00]
Unitask Player loop is ready? True
[11/09/2020 17:18:03]
[Information][11/08/2020 18:00:00]
Initialized Unitask correctly for ECS
[11/09/2020 17:18:03]
[Information][11/08/2020 18:00:00]
(+) [Scene State] ENTERED state: MenuScene
[11/09/2020 17:18:56]
[Information][11/08/2020 18:00:00]
Closing Logger and Disposing
[11/09/2020 17:22:05]
[Information][11/08/2020 18:00:00]
ReInitialized Unitask after Initialization of ECS is complete
[11/09/2020 17:22:05]
[Information][11/08/2020 18:00:00]
Unitask Player loop is ready? True
[11/09/2020 17:22:05]
[Information][11/08/2020 18:00:00]
Initialized Unitask correctly for ECS
[11/09/2020 17:22:05]
[Information][11/08/2020 18:00:00]
(+) [Scene State] ENTERED state: MenuScene
[11/09/2020 17:22:32]
[Information][11/08/2020 18:00:00]
Closing Logger and Disposing
[11/09/2020 17:23:00]
[Information][11/08/2020 18:00:00]
ReInitialized Unitask after Initialization of ECS is complete
[11/09/2020 17:23:00]
[Information][11/08/2020 18:00:00]
Unitask Player loop is ready? True
[11/09/2020 17:23:00]
[Information][11/08/2020 18:00:00]
Initialized Unitask correctly for ECS
[11/09/2020 17:23:00]
[Information][11/08/2020 18:00:00]
(+) [Scene State] ENTERED state: MenuScene
[11/09/2020 17:23:02]
[Information][11/08/2020 18:00:00]
Closing Logger and Disposing
[11/09/2020 17:23:33]
[Information][11/08/2020 18:00:00]
ReInitialized Unitask after Initialization of ECS is complete
[11/09/2020 17:23:33]
[Information][11/08/2020 18:00:00]
Unitask Player loop is ready? True
[11/09/2020 17:23:33]
[Information][11/08/2020 18:00:00]
Initialized Unitask correctly for ECS
[11/09/2020 17:23:33]
[Information][11/08/2020 18:00:00]
(+) [Scene State] ENTERED state: MenuScene
[11/09/2020 17:23:52]
[Information][11/08/2020 18:00:00]
Closing Logger and Disposing
[11/09/2020 17:24:03]
[Information][11/08/2020 18:00:00]
ReInitialized Unitask after Initialization of ECS is complete
[11/09/2020 17:24:03]
[Information][11/08/2020 18:00:00]
Unitask Player loop is ready? True
[11/09/2020 17:24:03]
[Information][11/08/2020 18:00:00]
Initialized Unitask correctly for ECS
[11/09/2020 17:24:03]
[Information][11/08/2020 18:00:00]
(+) [Scene State] ENTERED state: MenuScene
[11/09/2020 17:24:04]
[Information][11/08/2020 18:00:00]
Closing Logger and Disposing
[11/09/2020 17:24:16]
[Information][11/08/2020 18:00:00]
ReInitialized Unitask after Initialization of ECS is complete
[11/09/2020 17:24:16]
[Information][11/08/2020 18:00:00]
Unitask Player loop is ready? True
[11/09/2020 17:24:16]
[Information][11/08/2020 18:00:00]
Initialized Unitask correctly for ECS
[11/09/2020 17:24:17]
[Information][11/08/2020 18:00:00]
(+) [Scene State] ENTERED state: MenuScene
[11/09/2020 17:24:18]
[Error][11/08/2020 18:00:00]
Failed to initialize Character Asset
[11/09/2020 17:24:28]
[Information][11/08/2020 18:00:00]
Closing Logger and Disposing
[11/09/2020 17:26:40]
[Information][11/08/2020 18:00:00]
ReInitialized Unitask after Initialization of ECS is complete
[11/09/2020 17:26:40]
[Information][11/08/2020 18:00:00]
Unitask Player loop is ready? True
[11/09/2020 17:26:40]
[Information][11/08/2020 18:00:00]
Initialized Unitask correctly for ECS
[11/09/2020 17:26:40]
[Information][11/08/2020 18:00:00]
(+) [Scene State] ENTERED state: MenuScene
[11/09/2020 17:27:30]
[Information][11/08/2020 18:00:00]
Closing Logger and Disposing
[11/09/2020 17:27:48]
[Information][11/08/2020 18:00:00]
ReInitialized Unitask after Initialization of ECS is complete
[11/09/2020 17:27:48]
[Information][11/08/2020 18:00:00]
Unitask Player loop is ready? True
[11/09/2020 17:27:48]
[Information][11/08/2020 18:00:00]
Initialized Unitask correctly for ECS
[11/09/2020 17:27:48]
[Information][11/08/2020 18:00:00]
(+) [Scene State] ENTERED state: MenuScene
[11/09/2020 17:28:25]
[Information][11/08/2020 18:00:00]
Closing Logger and Disposing
[11/09/2020 17:28:41]
[Information][11/08/2020 18:00:00]
ReInitialized Unitask after Initialization of ECS is complete
[11/09/2020 17:28:41]
[Information][11/08/2020 18:00:00]
Unitask Player loop is ready? True
[11/09/2020 17:28:41]
[Information][11/08/2020 18:00:00]
Initialized Unitask correctly for ECS
[11/09/2020 17:28:42]
[Information][11/08/2020 18:00:00]
(+) [Scene State] ENTERED state: MenuScene
[11/09/2020 17:28:59]
[Information][11/08/2020 18:00:00]
Closing Logger and Disposing
[11/09/2020 17:29:15]
[Information][11/08/2020 18:00:00]
ReInitialized Unitask after Initialization of ECS is complete
[11/09/2020 17:29:15]
[Information][11/08/2020 18:00:00]
Unitask Player loop is ready? True
[11/09/2020 17:29:15]
[Information][11/08/2020 18:00:00]
Initialized Unitask correctly for ECS
[11/09/2020 17:29:15]
[Information][11/08/2020 18:00:00]
(+) [Scene State] ENTERED state: MenuScene
[11/09/2020 17:30:11]
[Information][11/08/2020 18:00:00]
Closing Logger and Disposing
[11/09/2020 17:30:34]
[Information][11/08/2020 18:00:00]
ReInitialized Unitask after Initialization of ECS is complete
[11/09/2020 17:30:34]
[Information][11/08/2020 18:00:00]
Unitask Player loop is ready? True
[11/09/2020 17:30:34]
[Information][11/08/2020 18:00:00]
Initialized Unitask correctly for ECS
[11/09/2020 17:30:35]
[Information][11/08/2020 18:00:00]
(+) [Scene State] ENTERED state: MenuScene
[11/09/2020 17:31:15]
[Information][11/08/2020 18:00:00]
Closing Logger and Disposing
[11/09/2020 17:32:07]
[Information][11/08/2020 18:00:00]
ReInitialized Unitask after Initialization of ECS is complete
[11/09/2020 17:32:07]
[Information][11/08/2020 18:00:00]
Unitask Player loop is ready? True
[11/09/2020 17:32:07]
[Information][11/08/2020 18:00:00]
Initialized Unitask correctly for ECS
[11/09/2020 17:32:07]
[Information][11/08/2020 18:00:00]
(+) [Scene State] ENTERED state: MenuScene
[11/09/2020 17:32:27]
[Information][11/08/2020 18:00:00]
Closing Logger and Disposing
[11/09/2020 17:34:21]
[Information][11/08/2020 18:00:00]
ReInitialized Unitask after Initialization of ECS is complete
[11/09/2020 17:34:21]
[Information][11/08/2020 18:00:00]
Unitask Player loop is ready? True
[11/09/2020 17:34:21]
[Information][11/08/2020 18:00:00]
Initialized Unitask correctly for ECS
[11/09/2020 17:34:22]
[Information][11/08/2020 18:00:00]
(+) [Scene State] ENTERED state: MenuScene
[11/09/2020 17:34:44]
[Information][11/08/2020 18:00:00]
Closing Logger and Disposing
[11/09/2020 17:35:30]
[Information][11/08/2020 18:00:00]
ReInitialized Unitask after Initialization of ECS is complete
[11/09/2020 17:35:30]
[Information][11/08/2020 18:00:00]
Unitask Player loop is ready? True
[11/09/2020 17:35:30]
[Information][11/08/2020 18:00:00]
Initialized Unitask correctly for ECS
[11/09/2020 17:35:30]
[Information][11/08/2020 18:00:00]
(+) [Scene State] ENTERED state: MenuScene
[11/09/2020 17:35:56]
[Information][11/08/2020 18:00:00]
Closing Logger and Disposing
[11/09/2020 17:36:22]
[Information][11/08/2020 18:00:00]
ReInitialized Unitask after Initialization of ECS is complete
[11/09/2020 17:36:22]
[Information][11/08/2020 18:00:00]
Unitask Player loop is ready? True
[11/09/2020 17:36:22]
[Information][11/08/2020 18:00:00]
Initialized Unitask correctly for ECS
[11/09/2020 17:36:22]
[Information][11/08/2020 18:00:00]
(+) [Scene State] ENTERED state: MenuScene
[11/09/2020 17:36:45]
[Information][11/08/2020 18:00:00]
Closing Logger and Disposing
[11/09/2020 17:38:02]
[Information][11/08/2020 18:00:00]
ReInitialized Unitask after Initialization of ECS is complete
[11/09/2020 17:38:02]
[Information][11/08/2020 18:00:00]
Unitask Player loop is ready? True
[11/09/2020 17:38:02]
[Information][11/08/2020 18:00:00]
Initialized Unitask correctly for ECS
[11/09/2020 17:38:02]
[Information][11/08/2020 18:00:00]
(+) [Scene State] ENTERED state: MenuScene
[11/09/2020 17:38:21]
[Information][11/08/2020 18:00:00]
Closing Logger and Disposing
[11/09/2020 17:38:49]
[Information][11/08/2020 18:00:00]
ReInitialized Unitask after Initialization of ECS is complete
[11/09/2020 17:38:49]
[Information][11/08/2020 18:00:00]
Unitask Player loop is ready? True
[11/09/2020 17:38:49]
[Information][11/08/2020 18:00:00]
Initialized Unitask correctly for ECS
[11/09/2020 17:38:49]
[Information][11/08/2020 18:00:00]
(+) [Scene State] ENTERED state: MenuScene
[11/09/2020 17:38:59]
[Information][11/08/2020 18:00:00]
Closing Logger and Disposing
[11/09/2020 17:39:42]
[Information][11/08/2020 18:00:00]
ReInitialized Unitask after Initialization of ECS is complete
[11/09/2020 17:39:42]
[Information][11/08/2020 18:00:00]
Unitask Player loop is ready? True
[11/09/2020 17:39:42]
[Information][11/08/2020 18:00:00]
Initialized Unitask correctly for ECS
[11/09/2020 17:39:42]
[Information][11/08/2020 18:00:00]
(+) [Scene State] ENTERED state: MenuScene
[11/09/2020 17:40:03]
[Information][11/08/2020 18:00:00]
Closing Logger and Disposing
[11/09/2020 17:42:19]
[Information][11/08/2020 18:00:00]
ReInitialized Unitask after Initialization of ECS is complete
[11/09/2020 17:42:19]
[Information][11/08/2020 18:00:00]
Unitask Player loop is ready? True
[11/09/2020 17:42:19]
[Information][11/08/2020 18:00:00]
Initialized Unitask correctly for ECS
[11/09/2020 17:42:19]
[Information][11/08/2020 18:00:00]
(+) [Scene State] ENTERED state: MenuScene
[11/09/2020 17:42:43]
[Information][11/08/2020 18:00:00]
Closing Logger and Disposing
[11/09/2020 17:43:43]
[Information][11/08/2020 18:00:00]
ReInitialized Unitask after Initialization of ECS is complete
[11/09/2020 17:43:43]
[Information][11/08/2020 18:00:00]
Unitask Player loop is ready? True
[11/09/2020 17:43:43]
[Information][11/08/2020 18:00:00]
Initialized Unitask correctly for ECS
[11/09/2020 17:43:43]
[Information][11/08/2020 18:00:00]
(+) [Scene State] ENTERED state: MenuScene
[11/09/2020 17:44:01]
[Information][11/08/2020 18:00:00]
Closing Logger and Disposing
[11/09/2020 17:47:04]
[Information][11/08/2020 18:00:00]
ReInitialized Unitask after Initialization of ECS is complete
[11/09/2020 17:47:04]
[Information][11/08/2020 18:00:00]
Unitask Player loop is ready? True
[11/09/2020 17:47:04]
[Information][11/08/2020 18:00:00]
Initialized Unitask correctly for ECS
[11/09/2020 17:47:04]
[Information][11/08/2020 18:00:00]
(+) [Scene State] ENTERED state: MenuScene
[11/09/2020 17:47:27]
[Information][11/08/2020 18:00:00]
Closing Logger and Disposing
[11/09/2020 18:00:14]
[Information][11/09/2020 18:00:00]
ReInitialized Unitask after Initialization of ECS is complete
[11/09/2020 18:00:14]
[Information][11/09/2020 18:00:00]
Unitask Player loop is ready? True
[11/09/2020 18:00:14]
[Information][11/09/2020 18:00:00]
Initialized Unitask correctly for ECS
[11/09/2020 18:00:14]
[Information][11/09/2020 18:00:00]
(+) [Scene State] ENTERED state: MenuScene
[11/09/2020 18:00:22]
[Information][11/09/2020 18:00:00]
Closing Logger and Disposing
[11/09/2020 18:00:56]
[Information][11/09/2020 18:00:00]
ReInitialized Unitask after Initialization of ECS is complete
[11/09/2020 18:00:56]
[Information][11/09/2020 18:00:00]
Unitask Player loop is ready? True
[11/09/2020 18:00:56]
[Information][11/09/2020 18:00:00]
Initialized Unitask correctly for ECS
[11/09/2020 18:00:57]
[Information][11/09/2020 18:00:00]
(+) [Scene State] ENTERED state: MenuScene
[11/09/2020 18:01:03]
[Information][11/09/2020 18:00:00]
Closing Logger and Disposing
[11/09/2020 18:01:45]
[Information][11/09/2020 18:00:00]
ReInitialized Unitask after Initialization of ECS is complete
[11/09/2020 18:01:45]
[Information][11/09/2020 18:00:00]
Unitask Player loop is ready? True
[11/09/2020 18:01:45]
[Information][11/09/2020 18:00:00]
Initialized Unitask correctly for ECS
[11/09/2020 18:01:45]
[Information][11/09/2020 18:00:00]
(+) [Scene State] ENTERED state: MenuScene
[11/09/2020 18:01:54]
[Information][11/09/2020 18:00:00]
Closing Logger and Disposing
[11/09/2020 18:02:14]
[Information][11/09/2020 18:00:00]
ReInitialized Unitask after Initialization of ECS is complete
[11/09/2020 18:02:15]
[Information][11/09/2020 18:00:00]
Unitask Player loop is ready? True
[11/09/2020 18:02:15]
[Information][11/09/2020 18:00:00]
Initialized Unitask correctly for ECS
[11/09/2020 18:02:15]
[Information][11/09/2020 18:00:00]
(+) [Scene State] ENTERED state: MenuScene
[11/09/2020 18:02:24]
[Information][11/09/2020 18:00:00]
Closing Logger and Disposing
[11/09/2020 18:02:34]
[Information][11/09/2020 18:00:00]
ReInitialized Unitask after Initialization of ECS is complete
[11/09/2020 18:02:34]
[Information][11/09/2020 18:00:00]
Unitask Player loop is ready? True
[11/09/2020 18:02:34]
[Information][11/09/2020 18:00:00]
Initialized Unitask correctly for ECS
[11/09/2020 18:02:34]
[Information][11/09/2020 18:00:00]
(+) [Scene State] ENTERED state: MenuScene
[11/09/2020 18:02:49]
[Information][11/09/2020 18:00:00]
Closing Logger and Disposing
[11/09/2020 18:03:04]
[Information][11/09/2020 18:00:00]
ReInitialized Unitask after Initialization of ECS is complete
[11/09/2020 18:03:04]
[Information][11/09/2020 18:00:00]
Unitask Player loop is ready? True
[11/09/2020 18:03:04]
[Information][11/09/2020 18:00:00]
Initialized Unitask correctly for ECS
[11/09/2020 18:03:04]
[Information][11/09/2020 18:00:00]
(+) [Scene State] ENTERED state: MenuScene
[11/09/2020 18:03:15]
[Information][11/09/2020 18:00:00]
Closing Logger and Disposing
[11/09/2020 18:03:37]
[Information][11/09/2020 18:00:00]
ReInitialized Unitask after Initialization of ECS is complete
[11/09/2020 18:03:37]
[Information][11/09/2020 18:00:00]
Unitask Player loop is ready? True
[11/09/2020 18:03:37]
[Information][11/09/2020 18:00:00]
Initialized Unitask correctly for ECS
[11/09/2020 18:03:38]
[Information][11/09/2020 18:00:00]
(+) [Scene State] ENTERED state: MenuScene
[11/09/2020 18:03:55]
[Information][11/09/2020 18:00:00]
Closing Logger and Disposing
[11/09/2020 18:04:57]
[Information][11/09/2020 18:00:00]
ReInitialized Unitask after Initialization of ECS is complete
[11/09/2020 18:04:57]
[Information][11/09/2020 18:00:00]
Unitask Player loop is ready? True
[11/09/2020 18:04:57]
[Information][11/09/2020 18:00:00]
Initialized Unitask correctly for ECS
[11/09/2020 18:04:57]
[Information][11/09/2020 18:00:00]
(+) [Scene State] ENTERED state: MenuScene
[11/09/2020 18:05:34]
[Information][11/09/2020 18:00:00]
Closing Logger and Disposing
[11/09/2020 18:07:24]
[Information][11/09/2020 18:00:00]
ReInitialized Unitask after Initialization of ECS is complete
[11/09/2020 18:07:24]
[Information][11/09/2020 18:00:00]
Unitask Player loop is ready? True
[11/09/2020 18:07:24]
[Information][11/09/2020 18:00:00]
Initialized Unitask correctly for ECS
[11/09/2020 18:07:25]
[Information][11/09/2020 18:00:00]
(+) [Scene State] ENTERED state: MenuScene
[11/09/2020 18:07:38]
[Information][11/09/2020 18:00:00]
Closing Logger and Disposing
[11/09/2020 18:08:44]
[Information][11/09/2020 18:00:00]
ReInitialized Unitask after Initialization of ECS is complete
[11/09/2020 18:08:44]
[Information][11/09/2020 18:00:00]
Unitask Player loop is ready? True
[11/09/2020 18:08:44]
[Information][11/09/2020 18:00:00]
Initialized Unitask correctly for ECS
[11/09/2020 18:08:44]
[Information][11/09/2020 18:00:00]
(+) [Scene State] ENTERED state: MenuScene
[11/09/2020 18:08:54]
[Information][11/09/2020 18:00:00]
Closing Logger and Disposing
[11/09/2020 18:11:50]
[Information][11/09/2020 18:00:00]
ReInitialized Unitask after Initialization of ECS is complete
[11/09/2020 18:11:50]
[Information][11/09/2020 18:00:00]
Unitask Player loop is ready? True
[11/09/2020 18:11:50]
[Information][11/09/2020 18:00:00]
Initialized Unitask correctly for ECS
[11/09/2020 18:11:51]
[Information][11/09/2020 18:00:00]
(+) [Scene State] ENTERED state: MenuScene
[11/09/2020 18:13:18]
[Information][11/09/2020 18:00:00]
Closing Logger and Disposing
[11/09/2020 18:13:44]
[Information][11/09/2020 18:00:00]
ReInitialized Unitask after Initialization of ECS is complete
[11/09/2020 18:13:44]
[Information][11/09/2020 18:00:00]
Unitask Player loop is ready? True
[11/09/2020 18:13:44]
[Information][11/09/2020 18:00:00]
Initialized Unitask correctly for ECS
[11/09/2020 18:13:44]
[Information][11/09/2020 18:00:00]
(+) [Scene State] ENTERED state: MenuScene
[11/09/2020 18:13:58]
[Information][11/09/2020 18:00:00]
Closing Logger and Disposing
[11/09/2020 18:14:27]
[Information][11/09/2020 18:00:00]
ReInitialized Unitask after Initialization of ECS is complete
[11/09/2020 18:14:27]
[Information][11/09/2020 18:00:00]
Unitask Player loop is ready? True
[11/09/2020 18:14:27]
[Information][11/09/2020 18:00:00]
Initialized Unitask correctly for ECS
[11/09/2020 18:14:27]
[Information][11/09/2020 18:00:00]
(+) [Scene State] ENTERED state: MenuScene
[11/09/2020 18:14:35]
[Information][11/09/2020 18:00:00]
Closing Logger and Disposing
[11/09/2020 18:14:43]
[Information][11/09/2020 18:00:00]
ReInitialized Unitask after Initialization of ECS is complete
[11/09/2020 18:14:43]
[Information][11/09/2020 18:00:00]
Unitask Player loop is ready? True
[11/09/2020 18:14:43]
[Information][11/09/2020 18:00:00]
Initialized Unitask correctly for ECS
[11/09/2020 18:14:44]
[Information][11/09/2020 18:00:00]
(+) [Scene State] ENTERED state: MenuScene
[11/09/2020 18:14:52]
[Information][11/09/2020 18:00:00]
Closing Logger and Disposing
[11/09/2020 18:15:01]
[Information][11/09/2020 18:00:00]
ReInitialized Unitask after Initialization of ECS is complete
[11/09/2020 18:15:01]
[Information][11/09/2020 18:00:00]
Unitask Player loop is ready? True
[11/09/2020 18:15:01]
[Information][11/09/2020 18:00:00]
Initialized Unitask correctly for ECS
[11/09/2020 18:15:02]
[Information][11/09/2020 18:00:00]
(+) [Scene State] ENTERED state: MenuScene
[11/09/2020 18:15:09]
[Information][11/09/2020 18:00:00]
Closing Logger and Disposing
[11/09/2020 18:16:09]
[Information][11/09/2020 18:00:00]
ReInitialized Unitask after Initialization of ECS is complete
[11/09/2020 18:16:09]
[Information][11/09/2020 18:00:00]
Unitask Player loop is ready? True
[11/09/2020 18:16:09]
[Information][11/09/2020 18:00:00]
Initialized Unitask correctly for ECS
[11/09/2020 18:16:09]
[Information][11/09/2020 18:00:00]
(+) [Scene State] ENTERED state: MenuScene
[11/09/2020 18:16:24]
[Information][11/09/2020 18:00:00]
Closing Logger and Disposing
[11/09/2020 18:17:09]
[Information][11/09/2020 18:00:00]
ReInitialized Unitask after Initialization of ECS is complete
[11/09/2020 18:17:09]
[Information][11/09/2020 18:00:00]
Unitask Player loop is ready? True
[11/09/2020 18:17:09]
[Information][11/09/2020 18:00:00]
Initialized Unitask correctly for ECS
[11/09/2020 18:17:09]
[Information][11/09/2020 18:00:00]
(+) [Scene State] ENTERED state: MenuScene
[11/09/2020 18:17:23]
[Information][11/09/2020 18:00:00]
Closing Logger and Disposing
[11/09/2020 18:17:32]
[Information][11/09/2020 18:00:00]
ReInitialized Unitask after Initialization of ECS is complete
[11/09/2020 18:17:32]
[Information][11/09/2020 18:00:00]
Unitask Player loop is ready? True
[11/09/2020 18:17:32]
[Information][11/09/2020 18:00:00]
Initialized Unitask correctly for ECS
[11/09/2020 18:17:32]
[Information][11/09/2020 18:00:00]
(+) [Scene State] ENTERED state: MenuScene
[11/09/2020 18:17:54]
[Information][11/09/2020 18:00:00]
Closing Logger and Disposing
[11/09/2020 18:18:28]
[Information][11/09/2020 18:00:00]
ReInitialized Unitask after Initialization of ECS is complete
[11/09/2020 18:18:28]
[Information][11/09/2020 18:00:00]
Unitask Player loop is ready? True
[11/09/2020 18:18:28]
[Information][11/09/2020 18:00:00]
Initialized Unitask correctly for ECS
[11/09/2020 18:18:28]
[Information][11/09/2020 18:00:00]
(+) [Scene State] ENTERED state: MenuScene
[11/09/2020 18:18:40]
[Information][11/09/2020 18:00:00]
Closing Logger and Disposing
[11/09/2020 18:20:20]
[Information][11/09/2020 18:00:00]
ReInitialized Unitask after Initialization of ECS is complete
[11/09/2020 18:20:20]
[Information][11/09/2020 18:00:00]
Unitask Player loop is ready? True
[11/09/2020 18:20:20]
[Information][11/09/2020 18:00:00]
Initialized Unitask correctly for ECS
[11/09/2020 18:20:20]
[Information][11/09/2020 18:00:00]
(+) [Scene State] ENTERED state: MenuScene
[11/09/2020 18:20:45]
[Information][11/09/2020 18:00:00]
Closing Logger and Disposing
[11/09/2020 18:20:55]
[Information][11/09/2020 18:00:00]
ReInitialized Unitask after Initialization of ECS is complete
[11/09/2020 18:20:55]
[Information][11/09/2020 18:00:00]
Unitask Player loop is ready? True
[11/09/2020 18:20:55]
[Information][11/09/2020 18:00:00]
Initialized Unitask correctly for ECS
[11/09/2020 18:20:55]
[Information][11/09/2020 18:00:00]
(+) [Scene State] ENTERED state: MenuScene
[11/09/2020 18:21:43]
[Information][11/09/2020 18:00:00]
Closing Logger and Disposing
[11/09/2020 18:25:34]
[Information][11/09/2020 18:00:00]
ReInitialized Unitask after Initialization of ECS is complete
[11/09/2020 18:25:34]
[Information][11/09/2020 18:00:00]
Unitask Player loop is ready? True
[11/09/2020 18:25:34]
[Information][11/09/2020 18:00:00]
Initialized Unitask correctly for ECS
[11/09/2020 18:25:34]
[Information][11/09/2020 18:00:00]
(+) [Scene State] ENTERED state: MenuScene
[11/09/2020 18:27:41]
[Information][11/09/2020 18:00:00]
Closing Logger and Disposing
[11/09/2020 18:28:01]
[Information][11/09/2020 18:00:00]
ReInitialized Unitask after Initialization of ECS is complete
[11/09/2020 18:28:01]
[Information][11/09/2020 18:00:00]
Unitask Player loop is ready? True
[11/09/2020 18:28:01]
[Information][11/09/2020 18:00:00]
Initialized Unitask correctly for ECS
[11/09/2020 18:28:02]
[Information][11/09/2020 18:00:00]
(+) [Scene State] ENTERED state: MenuScene
[11/09/2020 18:28:27]
[Information][11/09/2020 18:00:00]
Closing Logger and Disposing
[11/09/2020 18:28:53]
[Information][11/09/2020 18:00:00]
ReInitialized Unitask after Initialization of ECS is complete
[11/09/2020 18:28:53]
[Information][11/09/2020 18:00:00]
Unitask Player loop is ready? True
[11/09/2020 18:28:53]
[Information][11/09/2020 18:00:00]
Initialized Unitask correctly for ECS
[11/09/2020 18:28:54]
[Information][11/09/2020 18:00:00]
(+) [Scene State] ENTERED state: MenuScene
[11/09/2020 18:29:02]
[Information][11/09/2020 18:00:00]
Closing Logger and Disposing
[11/09/2020 18:29:39]
[Information][11/09/2020 18:00:00]
ReInitialized Unitask after Initialization of ECS is complete
[11/09/2020 18:29:39]
[Information][11/09/2020 18:00:00]
Unitask Player loop is ready? True
[11/09/2020 18:29:39]
[Information][11/09/2020 18:00:00]
Initialized Unitask correctly for ECS
[11/09/2020 18:29:40]
[Information][11/09/2020 18:00:00]
(+) [Scene State] ENTERED state: MenuScene
[11/09/2020 18:29:57]
[Information][11/09/2020 18:00:00]
Closing Logger and Disposing
[11/09/2020 18:30:11]
[Information][11/09/2020 18:00:00]
ReInitialized Unitask after Initialization of ECS is complete
[11/09/2020 18:30:11]
[Information][11/09/2020 18:00:00]
Unitask Player loop is ready? True
[11/09/2020 18:30:11]
[Information][11/09/2020 18:00:00]
Initialized Unitask correctly for ECS
[11/09/2020 18:30:12]
[Information][11/09/2020 18:00:00]
(+) [Scene State] ENTERED state: MenuScene
[11/09/2020 18:30:43]
[Information][11/09/2020 18:00:00]
Closing Logger and Disposing
[11/09/2020 18:31:04]
[Information][11/09/2020 18:00:00]
ReInitialized Unitask after Initialization of ECS is complete
[11/09/2020 18:31:04]
[Information][11/09/2020 18:00:00]
Unitask Player loop is ready? True
[11/09/2020 18:31:04]
[Information][11/09/2020 18:00:00]
Initialized Unitask correctly for ECS
[11/09/2020 18:31:05]
[Information][11/09/2020 18:00:00]
(+) [Scene State] ENTERED state: MenuScene
[11/09/2020 18:31:35]
[Information][11/09/2020 18:00:00]
Closing Logger and Disposing
[11/09/2020 18:31:58]
[Information][11/09/2020 18:00:00]
ReInitialized Unitask after Initialization of ECS is complete
[11/09/2020 18:31:58]
[Information][11/09/2020 18:00:00]
Unitask Player loop is ready? True
[11/09/2020 18:31:58]
[Information][11/09/2020 18:00:00]
Initialized Unitask correctly for ECS
[11/09/2020 18:31:59]
[Information][11/09/2020 18:00:00]
(+) [Scene State] ENTERED state: MenuScene
[11/09/2020 18:32:08]
[Information][11/09/2020 18:00:00]
Closing Logger and Disposing
[11/09/2020 18:35:00]
[Information][11/09/2020 18:00:00]
ReInitialized Unitask after Initialization of ECS is complete
[11/09/2020 18:35:00]
[Information][11/09/2020 18:00:00]
Unitask Player loop is ready? True
[11/09/2020 18:35:00]
[Information][11/09/2020 18:00:00]
Initialized Unitask correctly for ECS
[11/09/2020 18:35:00]
[Information][11/09/2020 18:00:00]
(+) [Scene State] ENTERED state: MenuScene
[11/09/2020 18:35:08]
[Information][11/09/2020 18:00:00]
Closing Logger and Disposing
[11/09/2020 18:36:34]
[Information][11/09/2020 18:00:00]
ReInitialized Unitask after Initialization of ECS is complete
[11/09/2020 18:36:34]
[Information][11/09/2020 18:00:00]
Unitask Player loop is ready? True
[11/09/2020 18:36:34]
[Information][11/09/2020 18:00:00]
Initialized Unitask correctly for ECS
[11/09/2020 18:36:35]
[Information][11/09/2020 18:00:00]
(+) [Scene State] ENTERED state: MenuScene
[11/09/2020 18:36:57]
[Information][11/09/2020 18:00:00]
Closing Logger and Disposing
[11/09/2020 18:38:33]
[Information][11/09/2020 18:00:00]
ReInitialized Unitask after Initialization of ECS is complete
[11/09/2020 18:38:33]
[Information][11/09/2020 18:00:00]
Unitask Player loop is ready? True
[11/09/2020 18:38:33]
[Information][11/09/2020 18:00:00]
Initialized Unitask correctly for ECS
[11/09/2020 18:38:34]
[Information][11/09/2020 18:00:00]
(+) [Scene State] ENTERED state: MenuScene
[11/09/2020 18:38:47]
[Information][11/09/2020 18:00:00]
Closing Logger and Disposing
[11/09/2020 18:39:38]
[Information][11/09/2020 18:00:00]
ReInitialized Unitask after Initialization of ECS is complete
[11/09/2020 18:39:38]
[Information][11/09/2020 18:00:00]
Unitask Player loop is ready? True
[11/09/2020 18:39:38]
[Information][11/09/2020 18:00:00]
Initialized Unitask correctly for ECS
[11/09/2020 18:39:38]
[Information][11/09/2020 18:00:00]
(+) [Scene State] ENTERED state: MenuScene
[11/09/2020 18:39:48]
[Information][11/09/2020 18:00:00]
Closing Logger and Disposing
[11/09/2020 18:40:53]
[Information][11/09/2020 18:00:00]
ReInitialized Unitask after Initialization of ECS is complete
[11/09/2020 18:40:53]
[Information][11/09/2020 18:00:00]
Unitask Player loop is ready? True
[11/09/2020 18:40:53]
[Information][11/09/2020 18:00:00]
Initialized Unitask correctly for ECS
[11/09/2020 18:40:53]
[Information][11/09/2020 18:00:00]
(+) [Scene State] ENTERED state: MenuScene
[11/09/2020 18:41:14]
[Information][11/09/2020 18:00:00]
Closing Logger and Disposing
[11/09/2020 18:48:18]
[Information][11/09/2020 18:00:00]
ReInitialized Unitask after Initialization of ECS is complete
[11/09/2020 18:48:18]
[Information][11/09/2020 18:00:00]
Unitask Player loop is ready? True
[11/09/2020 18:48:18]
[Information][11/09/2020 18:00:00]
Initialized Unitask correctly for ECS
[11/09/2020 18:48:19]
[Information][11/09/2020 18:00:00]
(+) [Scene State] ENTERED state: MenuScene
[11/09/2020 18:48:26]
[Information][11/09/2020 18:00:00]
Closing Logger and Disposing
[11/09/2020 18:49:57]
[Information][11/09/2020 18:00:00]
ReInitialized Unitask after Initialization of ECS is complete
[11/09/2020 18:49:57]
[Information][11/09/2020 18:00:00]
Unitask Player loop is ready? True
[11/09/2020 18:49:57]
[Information][11/09/2020 18:00:00]
Initialized Unitask correctly for ECS
[11/09/2020 18:49:57]
[Information][11/09/2020 18:00:00]
(+) [Scene State] ENTERED state: MenuScene
[11/09/2020 18:50:02]
[Information][11/09/2020 18:00:00]
Closing Logger and Disposing
[11/09/2020 18:55:15]
[Information][11/09/2020 18:00:00]
ReInitialized Unitask after Initialization of ECS is complete
[11/09/2020 18:55:15]
[Information][11/09/2020 18:00:00]
Unitask Player loop is ready? True
[11/09/2020 18:55:15]
[Information][11/09/2020 18:00:00]
Initialized Unitask correctly for ECS
[11/09/2020 18:55:15]
[Information][11/09/2020 18:00:00]
(+) [Scene State] ENTERED state: MenuScene
[11/09/2020 18:55:21]
[Information][11/09/2020 18:00:00]
Closing Logger and Disposing
[11/09/2020 19:01:32]
[Information][11/09/2020 18:00:00]
ReInitialized Unitask after Initialization of ECS is complete
[11/09/2020 19:01:32]
[Information][11/09/2020 18:00:00]
Unitask Player loop is ready? True
[11/09/2020 19:01:32]
[Information][11/09/2020 18:00:00]
Initialized Unitask correctly for ECS
[11/09/2020 19:01:33]
[Information][11/09/2020 18:00:00]
(+) [Scene State] ENTERED state: MenuScene
[11/09/2020 19:02:01]
[Information][11/09/2020 18:00:00]
Closing Logger and Disposing
[11/09/2020 19:02:24]
[Information][11/09/2020 18:00:00]
ReInitialized Unitask after Initialization of ECS is complete
[11/09/2020 19:02:24]
[Information][11/09/2020 18:00:00]
Unitask Player loop is ready? True
[11/09/2020 19:02:24]
[Information][11/09/2020 18:00:00]
Initialized Unitask correctly for ECS
[11/09/2020 19:02:24]
[Information][11/09/2020 18:00:00]
(+) [Scene State] ENTERED state: MenuScene
[11/09/2020 19:02:31]
[Information][11/09/2020 18:00:00]
Closing Logger and Disposing
[11/09/2020 19:06:13]
[Information][11/09/2020 18:00:00]
ReInitialized Unitask after Initialization of ECS is complete
[11/09/2020 19:06:13]
[Information][11/09/2020 18:00:00]
Unitask Player loop is ready? True
[11/09/2020 19:06:13]
[Information][11/09/2020 18:00:00]
Initialized Unitask correctly for ECS
[11/09/2020 19:06:14]
[Information][11/09/2020 18:00:00]
(+) [Scene State] ENTERED state: MenuScene
[11/09/2020 19:06:25]
[Information][11/09/2020 18:00:00]
Closing Logger and Disposing
[11/09/2020 22:02:30]
[Information][11/09/2020 18:00:00]
ReInitialized Unitask after Initialization of ECS is complete
[11/09/2020 22:02:30]
[Information][11/09/2020 18:00:00]
Unitask Player loop is ready? True
[11/09/2020 22:02:30]
[Information][11/09/2020 18:00:00]
Initialized Unitask correctly for ECS
[11/09/2020 22:02:30]
[Information][11/09/2020 18:00:00]
(+) [Scene State] ENTERED state: MenuScene
[11/09/2020 22:02:37]
[Information][11/09/2020 18:00:00]
Closing Logger and Disposing
[11/09/2020 22:02:47]
[Information][11/09/2020 18:00:00]
ReInitialized Unitask after Initialization of ECS is complete
[11/09/2020 22:02:47]
[Information][11/09/2020 18:00:00]
Unitask Player loop is ready? True
[11/09/2020 22:02:47]
[Information][11/09/2020 18:00:00]
Initialized Unitask correctly for ECS
[11/09/2020 22:02:47]
[Information][11/09/2020 18:00:00]
(+) [Scene State] ENTERED state: MenuScene
[11/09/2020 22:03:03]
[Information][11/09/2020 18:00:00]
Closing Logger and Disposing
[11/09/2020 22:03:26]
[Information][11/09/2020 18:00:00]
ReInitialized Unitask after Initialization of ECS is complete
[11/09/2020 22:03:26]
[Information][11/09/2020 18:00:00]
Unitask Player loop is ready? True
[11/09/2020 22:03:26]
[Information][11/09/2020 18:00:00]
Initialized Unitask correctly for ECS
[11/09/2020 22:03:27]
[Information][11/09/2020 18:00:00]
(+) [Scene State] ENTERED state: MenuScene
[11/09/2020 22:03:50]
[Information][11/09/2020 18:00:00]
Closing Logger and Disposing
[11/09/2020 22:10:53]
[Information][11/09/2020 18:00:00]
ReInitialized Unitask after Initialization of ECS is complete
[11/09/2020 22:10:53]
[Information][11/09/2020 18:00:00]
Unitask Player loop is ready? True
[11/09/2020 22:10:53]
[Information][11/09/2020 18:00:00]
Initialized Unitask correctly for ECS
[11/09/2020 22:10:54]
[Information][11/09/2020 18:00:00]
(+) [Scene State] ENTERED state: MenuScene
[11/09/2020 22:11:26]
[Information][11/09/2020 18:00:00]
Closing Logger and Disposing
[11/09/2020 22:11:38]
[Information][11/09/2020 18:00:00]
ReInitialized Unitask after Initialization of ECS is complete
[11/09/2020 22:11:38]
[Information][11/09/2020 18:00:00]
Unitask Player loop is ready? True
[11/09/2020 22:11:38]
[Information][11/09/2020 18:00:00]
Initialized Unitask correctly for ECS
[11/09/2020 22:11:38]
[Information][11/09/2020 18:00:00]
(+) [Scene State] ENTERED state: MenuScene
[11/09/2020 22:12:07]
[Information][11/09/2020 18:00:00]
Closing Logger and Disposing
[11/09/2020 22:15:16]
[Information][11/09/2020 18:00:00]
ReInitialized Unitask after Initialization of ECS is complete
[11/09/2020 22:15:16]
[Information][11/09/2020 18:00:00]
Unitask Player loop is ready? True
[11/09/2020 22:15:16]
[Information][11/09/2020 18:00:00]
Initialized Unitask correctly for ECS
[11/09/2020 22:15:17]
[Information][11/09/2020 18:00:00]
(+) [Scene State] ENTERED state: MenuScene
[11/09/2020 22:15:44]
[Information][11/09/2020 18:00:00]
Closing Logger and Disposing
[11/09/2020 22:16:34]
[Information][11/09/2020 18:00:00]
ReInitialized Unitask after Initialization of ECS is complete
[11/09/2020 22:16:34]
[Information][11/09/2020 18:00:00]
Unitask Player loop is ready? True
[11/09/2020 22:16:34]
[Information][11/09/2020 18:00:00]
Initialized Unitask correctly for ECS
[11/09/2020 22:16:34]
[Information][11/09/2020 18:00:00]
(+) [Scene State] ENTERED state: MenuScene
[11/09/2020 22:16:46]
[Information][11/09/2020 18:00:00]
Closing Logger and Disposing
[11/09/2020 22:20:46]
[Information][11/09/2020 18:00:00]
ReInitialized Unitask after Initialization of ECS is complete
[11/09/2020 22:20:46]
[Information][11/09/2020 18:00:00]
Unitask Player loop is ready? True
[11/09/2020 22:20:46]
[Information][11/09/2020 18:00:00]
Initialized Unitask correctly for ECS
[11/09/2020 22:20:47]
[Information][11/09/2020 18:00:00]
(+) [Scene State] ENTERED state: MenuScene
[11/09/2020 22:21:00]
[Information][11/09/2020 18:00:00]
(-) [Scene State] EXITED state: MenuScene
[11/09/2020 22:21:00]
[Information][11/09/2020 18:00:00]
(+) [Scene State] ENTERED state: CreationScene
[11/09/2020 22:21:00]
[Information][11/09/2020 18:00:00]
(+) SpawnPos ENTERED state: Assassin
[11/09/2020 22:21:01]
[Information][11/09/2020 18:00:00]
Closing Logger and Disposing
[11/09/2020 22:34:51]
[Information][11/09/2020 18:00:00]
ReInitialized Unitask after Initialization of ECS is complete
[11/09/2020 22:34:51]
[Information][11/09/2020 18:00:00]
Unitask Player loop is ready? True
[11/09/2020 22:34:51]
[Information][11/09/2020 18:00:00]
Initialized Unitask correctly for ECS
[11/09/2020 22:34:51]
[Information][11/09/2020 18:00:00]
(+) [Scene State] ENTERED state: MenuScene
[11/09/2020 22:35:05]
[Information][11/09/2020 18:00:00]
Closing Logger and Disposing
[11/09/2020 22:36:08]
[Information][11/09/2020 18:00:00]
ReInitialized Unitask after Initialization of ECS is complete
[11/09/2020 22:36:09]
[Information][11/09/2020 18:00:00]
Unitask Player loop is ready? True
[11/09/2020 22:36:09]
[Information][11/09/2020 18:00:00]
Initialized Unitask correctly for ECS
[11/09/2020 22:36:09]
[Information][11/09/2020 18:00:00]
(+) [Scene State] ENTERED state: MenuScene
[11/09/2020 22:41:27]
[Information][11/09/2020 18:00:00]
Closing Logger and Disposing
[11/09/2020 22:41:38]
[Information][11/09/2020 18:00:00]
ReInitialized Unitask after Initialization of ECS is complete
[11/09/2020 22:41:38]
[Information][11/09/2020 18:00:00]
Unitask Player loop is ready? True
[11/09/2020 22:41:38]
[Information][11/09/2020 18:00:00]
Initialized Unitask correctly for ECS
[11/09/2020 22:41:39]
[Information][11/09/2020 18:00:00]
(+) [Scene State] ENTERED state: MenuScene
[11/09/2020 22:41:50]
[Information][11/09/2020 18:00:00]
Closing Logger and Disposing
[11/09/2020 22:45:44]
[Information][11/09/2020 18:00:00]
ReInitialized Unitask after Initialization of ECS is complete
[11/09/2020 22:45:44]
[Information][11/09/2020 18:00:00]
Unitask Player loop is ready? True
[11/09/2020 22:45:44]
[Information][11/09/2020 18:00:00]
Initialized Unitask correctly for ECS
[11/09/2020 22:45:44]
[Information][11/09/2020 18:00:00]
(+) [Scene State] ENTERED state: MenuScene
[11/09/2020 22:46:08]
[Information][11/09/2020 18:00:00]
Closing Logger and Disposing
[11/09/2020 22:46:28]
[Information][11/09/2020 18:00:00]
ReInitialized Unitask after Initialization of ECS is complete
[11/09/2020 22:46:28]
[Information][11/09/2020 18:00:00]
Unitask Player loop is ready? True
[11/09/2020 22:46:28]
[Information][11/09/2020 18:00:00]
Initialized Unitask correctly for ECS
[11/09/2020 22:46:29]
[Information][11/09/2020 18:00:00]
(+) [Scene State] ENTERED state: MenuScene
[11/09/2020 22:46:36]
[Information][11/09/2020 18:00:00]
Closing Logger and Disposing
[11/09/2020 22:46:59]
[Information][11/09/2020 18:00:00]
ReInitialized Unitask after Initialization of ECS is complete
[11/09/2020 22:46:59]
[Information][11/09/2020 18:00:00]
Unitask Player loop is ready? True
[11/09/2020 22:46:59]
[Information][11/09/2020 18:00:00]
Initialized Unitask correctly for ECS
[11/09/2020 22:47:00]
[Information][11/09/2020 18:00:00]
(+) [Scene State] ENTERED state: MenuScene
[11/09/2020 22:47:10]
[Information][11/09/2020 18:00:00]
Closing Logger and Disposing
[11/09/2020 22:48:32]
[Information][11/09/2020 18:00:00]
ReInitialized Unitask after Initialization of ECS is complete
[11/09/2020 22:48:32]
[Information][11/09/2020 18:00:00]
Unitask Player loop is ready? True
[11/09/2020 22:48:32]
[Information][11/09/2020 18:00:00]
Initialized Unitask correctly for ECS
[11/09/2020 22:48:33]
[Information][11/09/2020 18:00:00]
(+) [Scene State] ENTERED state: MenuScene
[11/09/2020 22:48:40]
[Information][11/09/2020 18:00:00]
Closing Logger and Disposing
[11/09/2020 22:49:22]
[Information][11/09/2020 18:00:00]
ReInitialized Unitask after Initialization of ECS is complete
[11/09/2020 22:49:22]
[Information][11/09/2020 18:00:00]
Unitask Player loop is ready? True
[11/09/2020 22:49:22]
[Information][11/09/2020 18:00:00]
Initialized Unitask correctly for ECS
[11/09/2020 22:49:22]
[Information][11/09/2020 18:00:00]
(+) [Scene State] ENTERED state: MenuScene
[11/09/2020 22:50:11]
[Information][11/09/2020 18:00:00]
Closing Logger and Disposing
[11/09/2020 22:52:09]
[Information][11/09/2020 18:00:00]
ReInitialized Unitask after Initialization of ECS is complete
[11/09/2020 22:52:09]
[Information][11/09/2020 18:00:00]
Unitask Player loop is ready? True
[11/09/2020 22:52:09]
[Information][11/09/2020 18:00:00]
Initialized Unitask correctly for ECS
[11/09/2020 22:52:09]
[Information][11/09/2020 18:00:00]
(+) [Scene State] ENTERED state: MenuScene
[11/09/2020 22:53:48]
[Information][11/09/2020 18:00:00]
Closing Logger and Disposing
[11/09/2020 22:53:58]
[Information][11/09/2020 18:00:00]
ReInitialized Unitask after Initialization of ECS is complete
[11/09/2020 22:53:58]
[Information][11/09/2020 18:00:00]
Unitask Player loop is ready? True
[11/09/2020 22:53:58]
[Information][11/09/2020 18:00:00]
Initialized Unitask correctly for ECS
[11/09/2020 22:53:59]
[Information][11/09/2020 18:00:00]
(+) [Scene State] ENTERED state: MenuScene
[11/09/2020 22:55:37]
[Information][11/09/2020 18:00:00]
Closing Logger and Disposing
[11/09/2020 22:55:48]
[Information][11/09/2020 18:00:00]
ReInitialized Unitask after Initialization of ECS is complete
[11/09/2020 22:55:48]
[Information][11/09/2020 18:00:00]
Unitask Player loop is ready? True
[11/09/2020 22:55:48]
[Information][11/09/2020 18:00:00]
Initialized Unitask correctly for ECS
[11/09/2020 22:55:49]
[Information][11/09/2020 18:00:00]
(+) [Scene State] ENTERED state: MenuScene
[11/09/2020 22:56:29]
[Information][11/09/2020 18:00:00]
(-) [Scene State] EXITED state: MenuScene
[11/09/2020 22:56:29]
[Information][11/09/2020 18:00:00]
(+) [Scene State] ENTERED state: CreationScene
[11/09/2020 22:56:29]
[Information][11/09/2020 18:00:00]
(+) SpawnPos ENTERED state: Assassin
[11/09/2020 22:56:30]
[Information][11/09/2020 18:00:00]
Closing Logger and Disposing
[11/09/2020 22:57:29]
[Information][11/09/2020 18:00:00]
ReInitialized Unitask after Initialization of ECS is complete
[11/09/2020 22:57:29]
[Information][11/09/2020 18:00:00]
Unitask Player loop is ready? True
[11/09/2020 22:57:29]
[Information][11/09/2020 18:00:00]
Initialized Unitask correctly for ECS
[11/09/2020 22:57:30]
[Information][11/09/2020 18:00:00]
(+) SpawnPos ENTERED state: Assassin
[11/09/2020 22:57:36]
[Information][11/09/2020 18:00:00]
Closing Logger and Disposing
[11/09/2020 22:57:53]
[Information][11/09/2020 18:00:00]
ReInitialized Unitask after Initialization of ECS is complete
[11/09/2020 22:57:53]
[Information][11/09/2020 18:00:00]
Unitask Player loop is ready? True
[11/09/2020 22:57:53]
[Information][11/09/2020 18:00:00]
Initialized Unitask correctly for ECS
[11/09/2020 22:57:54]
[Information][11/09/2020 18:00:00]
(+) [Scene State] ENTERED state: MenuScene
[11/09/2020 22:58:03]
[Information][11/09/2020 18:00:00]
(-) [Scene State] EXITED state: MenuScene
[11/09/2020 22:58:03]
[Information][11/09/2020 18:00:00]
(+) [Scene State] ENTERED state: CreationScene
[11/09/2020 22:58:03]
[Information][11/09/2020 18:00:00]
(+) SpawnPos ENTERED state: Assassin
[11/09/2020 22:59:33]
[Information][11/09/2020 18:00:00]
Closing Logger and Disposing
[11/09/2020 23:00:35]
[Information][11/09/2020 18:00:00]
ReInitialized Unitask after Initialization of ECS is complete
[11/09/2020 23:00:35]
[Information][11/09/2020 18:00:00]
Unitask Player loop is ready? True
[11/09/2020 23:00:35]
[Information][11/09/2020 18:00:00]
Initialized Unitask correctly for ECS
[11/09/2020 23:00:36]
[Information][11/09/2020 18:00:00]
(+) [Scene State] ENTERED state: MenuScene
[11/09/2020 23:01:44]
[Information][11/09/2020 18:00:00]
Closing Logger and Disposing
[11/09/2020 23:03:13]
[Information][11/09/2020 18:00:00]
ReInitialized Unitask after Initialization of ECS is complete
[11/09/2020 23:03:13]
[Information][11/09/2020 18:00:00]
Unitask Player loop is ready? True
[11/09/2020 23:03:13]
[Information][11/09/2020 18:00:00]
Initialized Unitask correctly for ECS
[11/09/2020 23:03:14]
[Information][11/09/2020 18:00:00]
(+) SpawnPos ENTERED state: Assassin
[11/09/2020 23:03:39]
[Information][11/09/2020 18:00:00]
Closing Logger and Disposing
[11/09/2020 23:07:27]
[Information][11/09/2020 18:00:00]
ReInitialized Unitask after Initialization of ECS is complete
[11/09/2020 23:07:27]
[Information][11/09/2020 18:00:00]
Unitask Player loop is ready? True
[11/09/2020 23:07:27]
[Information][11/09/2020 18:00:00]
Initialized Unitask correctly for ECS
[11/09/2020 23:07:27]
[Information][11/09/2020 18:00:00]
(+) SpawnPos ENTERED state: Assassin
[11/09/2020 23:07:32]
[Information][11/09/2020 18:00:00]
(-) SpawnPos EXITED state: Assassin
[11/09/2020 23:07:32]
[Information][11/09/2020 18:00:00]
(+) SpawnPos ENTERED state: Necromancer
[11/09/2020 23:07:34]
[Information][11/09/2020 18:00:00]
(-) SpawnPos EXITED state: Necromancer
[11/09/2020 23:07:34]
[Information][11/09/2020 18:00:00]
(+) SpawnPos ENTERED state: Assassin
[11/09/2020 23:07:36]
[Information][11/09/2020 18:00:00]
(-) SpawnPos EXITED state: Assassin
[11/09/2020 23:07:36]
[Information][11/09/2020 18:00:00]
(+) SpawnPos ENTERED state: Oracle
[11/09/2020 23:07:38]
[Information][11/09/2020 18:00:00]
Closing Logger and Disposing
[11/09/2020 23:10:06]
[Information][11/09/2020 18:00:00]
ReInitialized Unitask after Initialization of ECS is complete
[11/09/2020 23:10:06]
[Information][11/09/2020 18:00:00]
Unitask Player loop is ready? True
[11/09/2020 23:10:06]
[Information][11/09/2020 18:00:00]
Initialized Unitask correctly for ECS
[11/09/2020 23:10:07]
[Information][11/09/2020 18:00:00]
(+) SpawnPos ENTERED state: Assassin
[11/09/2020 23:10:33]
[Information][11/09/2020 18:00:00]
Closing Logger and Disposing
[11/09/2020 23:10:59]
[Information][11/09/2020 18:00:00]
ReInitialized Unitask after Initialization of ECS is complete
[11/09/2020 23:10:59]
[Information][11/09/2020 18:00:00]
Unitask Player loop is ready? True
[11/09/2020 23:10:59]
[Information][11/09/2020 18:00:00]
Initialized Unitask correctly for ECS
[11/09/2020 23:11:00]
[Information][11/09/2020 18:00:00]
(+) SpawnPos ENTERED state: Assassin
[11/09/2020 23:11:05]
[Information][11/09/2020 18:00:00]
Closing Logger and Disposing
[11/09/2020 23:17:38]
[Information][11/09/2020 18:00:00]
ReInitialized Unitask after Initialization of ECS is complete
[11/09/2020 23:17:38]
[Information][11/09/2020 18:00:00]
Unitask Player loop is ready? True
[11/09/2020 23:17:38]
[Information][11/09/2020 18:00:00]
Initialized Unitask correctly for ECS
[11/09/2020 23:17:39]
[Information][11/09/2020 18:00:00]
(+) [Scene State] ENTERED state: MenuScene
[11/09/2020 23:17:48]
[Information][11/09/2020 18:00:00]
(-) [Scene State] EXITED state: MenuScene
[11/09/2020 23:17:48]
[Information][11/09/2020 18:00:00]
(+) [Scene State] ENTERED state: CreationScene
[11/09/2020 23:17:48]
[Information][11/09/2020 18:00:00]
(+) SpawnPos ENTERED state: Assassin
[11/09/2020 23:17:50]
[Information][11/09/2020 18:00:00]
Index is greater than the amount of states in the StateMachine "SpawnPos" please verify the index you are trying to change to.
[11/09/2020 23:17:50]
[Information][11/09/2020 18:00:00]
(-) SpawnPos EXITED state: Assassin
[11/09/2020 23:17:50]
[Information][11/09/2020 18:00:00]
(+) SpawnPos ENTERED state: Necromancer
[11/09/2020 23:17:50]
[Information][11/09/2020 18:00:00]
State change ignored. State machine "SpawnPos" already in "Necromancer" state.
[11/09/2020 23:17:50]
[Information][11/09/2020 18:00:00]
State change ignored. State machine "SpawnPos" already in "Necromancer" state.
[11/09/2020 23:17:50]
[Information][11/09/2020 18:00:00]
State change ignored. State machine "SpawnPos" already in "Necromancer" state.
[11/09/2020 23:17:50]
[Information][11/09/2020 18:00:00]
State change ignored. State machine "SpawnPos" already in "Necromancer" state.
[11/09/2020 23:17:50]
[Information][11/09/2020 18:00:00]
State change ignored. State machine "SpawnPos" already in "Necromancer" state.
[11/09/2020 23:17:51]
[Information][11/09/2020 18:00:00]
(-) SpawnPos EXITED state: Necromancer
[11/09/2020 23:17:51]
[Information][11/09/2020 18:00:00]
(+) SpawnPos ENTERED state: Assassin
[11/09/2020 23:17:51]
[Information][11/09/2020 18:00:00]
State change ignored. State machine "SpawnPos" already in "Assassin" state.
[11/09/2020 23:17:51]
[Information][11/09/2020 18:00:00]
State change ignored. State machine "SpawnPos" already in "Assassin" state.
[11/09/2020 23:17:51]
[Information][11/09/2020 18:00:00]
State change ignored. State machine "SpawnPos" already in "Assassin" state.
[11/09/2020 23:17:51]
[Information][11/09/2020 18:00:00]
State change ignored. State machine "SpawnPos" already in "Assassin" state.
[11/09/2020 23:17:51]
[Information][11/09/2020 18:00:00]
State change ignored. State machine "SpawnPos" already in "Assassin" state.
[11/09/2020 23:17:52]
[Information][11/09/2020 18:00:00]
Index is greater than the amount of states in the StateMachine "SpawnPos" please verify the index you are trying to change to.
[11/09/2020 23:17:52]
[Information][11/09/2020 18:00:00]
Index is greater than the amount of states in the StateMachine "SpawnPos" please verify the index you are trying to change to.
[11/09/2020 23:17:53]
[Information][11/09/2020 18:00:00]
Index is greater than the amount of states in the StateMachine "SpawnPos" please verify the index you are trying to change to.
[11/09/2020 23:17:53]
[Information][11/09/2020 18:00:00]
(-) SpawnPos EXITED state: Assassin
[11/09/2020 23:17:53]
[Information][11/09/2020 18:00:00]
(+) SpawnPos ENTERED state: Necromancer
[11/09/2020 23:17:53]
[Information][11/09/2020 18:00:00]
State change ignored. State machine "SpawnPos" already in "Necromancer" state.
[11/09/2020 23:17:53]
[Information][11/09/2020 18:00:00]
State change ignored. State machine "SpawnPos" already in "Necromancer" state.
[11/09/2020 23:17:53]
[Information][11/09/2020 18:00:00]
State change ignored. State machine "SpawnPos" already in "Necromancer" state.
[11/09/2020 23:17:53]
[Information][11/09/2020 18:00:00]
State change ignored. State machine "SpawnPos" already in "Necromancer" state.
[11/09/2020 23:17:53]
[Information][11/09/2020 18:00:00]
State change ignored. State machine "SpawnPos" already in "Necromancer" state.
[11/09/2020 23:17:54]
[Information][11/09/2020 18:00:00]
(-) SpawnPos EXITED state: Necromancer
[11/09/2020 23:17:54]
[Information][11/09/2020 18:00:00]
(+) SpawnPos ENTERED state: Assassin
[11/09/2020 23:17:54]
[Information][11/09/2020 18:00:00]
State change ignored. State machine "SpawnPos" already in "Assassin" state.
[11/09/2020 23:17:54]
[Information][11/09/2020 18:00:00]
State change ignored. State machine "SpawnPos" already in "Assassin" state.
[11/09/2020 23:17:54]
[Information][11/09/2020 18:00:00]
State change ignored. State machine "SpawnPos" already in "Assassin" state.
[11/09/2020 23:17:54]
[Information][11/09/2020 18:00:00]
State change ignored. State machine "SpawnPos" already in "Assassin" state.
[11/09/2020 23:17:54]
[Information][11/09/2020 18:00:00]
State change ignored. State machine "SpawnPos" already in "Assassin" state.
[11/09/2020 23:17:54]
[Information][11/09/2020 18:00:00]
(-) SpawnPos EXITED state: Assassin
[11/09/2020 23:17:54]
[Information][11/09/2020 18:00:00]
(+) SpawnPos ENTERED state: Necromancer
[11/09/2020 23:17:54]
[Information][11/09/2020 18:00:00]
State change ignored. State machine "SpawnPos" already in "Necromancer" state.
[11/09/2020 23:17:54]
[Information][11/09/2020 18:00:00]
State change ignored. State machine "SpawnPos" already in "Necromancer" state.
[11/09/2020 23:17:54]
[Information][11/09/2020 18:00:00]
State change ignored. State machine "SpawnPos" already in "Necromancer" state.
[11/09/2020 23:17:54]
[Information][11/09/2020 18:00:00]
State change ignored. State machine "SpawnPos" already in "Necromancer" state.
[11/09/2020 23:17:54]
[Information][11/09/2020 18:00:00]
State change ignored. State machine "SpawnPos" already in "Necromancer" state.
[11/09/2020 23:17:55]
[Information][11/09/2020 18:00:00]
(-) SpawnPos EXITED state: Necromancer
[11/09/2020 23:17:55]
[Information][11/09/2020 18:00:00]
(+) SpawnPos ENTERED state: Assassin
[11/09/2020 23:17:55]
[Information][11/09/2020 18:00:00]
State change ignored. State machine "SpawnPos" already in "Assassin" state.
[11/09/2020 23:17:55]
[Information][11/09/2020 18:00:00]
State change ignored. State machine "SpawnPos" already in "Assassin" state.
[11/09/2020 23:17:55]
[Information][11/09/2020 18:00:00]
State change ignored. State machine "SpawnPos" already in "Assassin" state.
[11/09/2020 23:17:55]
[Information][11/09/2020 18:00:00]
State change ignored. State machine "SpawnPos" already in "Assassin" state.
[11/09/2020 23:17:55]
[Information][11/09/2020 18:00:00]
State change ignored. State machine "SpawnPos" already in "Assassin" state.
[11/09/2020 23:17:55]
[Information][11/09/2020 18:00:00]
(-) SpawnPos EXITED state: Assassin
[11/09/2020 23:17:55]
[Information][11/09/2020 18:00:00]
(+) SpawnPos ENTERED state: Necromancer
[11/09/2020 23:17:55]
[Information][11/09/2020 18:00:00]
State change ignored. State machine "SpawnPos" already in "Necromancer" state.
[11/09/2020 23:17:55]
[Information][11/09/2020 18:00:00]
State change ignored. State machine "SpawnPos" already in "Necromancer" state.
[11/09/2020 23:17:55]
[Information][11/09/2020 18:00:00]
State change ignored. State machine "SpawnPos" already in "Necromancer" state.
[11/09/2020 23:17:55]
[Information][11/09/2020 18:00:00]
State change ignored. State machine "SpawnPos" already in "Necromancer" state.
[11/09/2020 23:17:55]
[Information][11/09/2020 18:00:00]
State change ignored. State machine "SpawnPos" already in "Necromancer" state.
[11/09/2020 23:17:56]
[Information][11/09/2020 18:00:00]
State change ignored. State machine "SpawnPos" already in "Necromancer" state.
[11/09/2020 23:17:56]
[Information][11/09/2020 18:00:00]
State change ignored. State machine "SpawnPos" already in "Necromancer" state.
[11/09/2020 23:17:56]
[Information][11/09/2020 18:00:00]
State change ignored. State machine "SpawnPos" already in "Necromancer" state.
[11/09/2020 23:17:56]
[Information][11/09/2020 18:00:00]
State change ignored. State machine "SpawnPos" already in "Necromancer" state.
[11/09/2020 23:17:56]
[Information][11/09/2020 18:00:00]
State change ignored. State machine "SpawnPos" already in "Necromancer" state.
[11/09/2020 23:17:56]
[Information][11/09/2020 18:00:00]
State change ignored. State machine "SpawnPos" already in "Necromancer" state.
[11/09/2020 23:17:56]
[Information][11/09/2020 18:00:00]
(-) SpawnPos EXITED state: Necromancer
[11/09/2020 23:17:56]
[Information][11/09/2020 18:00:00]
(+) SpawnPos ENTERED state: Assassin
[11/09/2020 23:17:56]
[Information][11/09/2020 18:00:00]
State change ignored. State machine "SpawnPos" already in "Assassin" state.
[11/09/2020 23:17:56]
[Information][11/09/2020 18:00:00]
State change ignored. State machine "SpawnPos" already in "Assassin" state.
[11/09/2020 23:17:56]
[Information][11/09/2020 18:00:00]
State change ignored. State machine "SpawnPos" already in "Assassin" state.
[11/09/2020 23:17:56]
[Information][11/09/2020 18:00:00]
State change ignored. State machine "SpawnPos" already in "Assassin" state.
[11/09/2020 23:17:56]
[Information][11/09/2020 18:00:00]
State change ignored. State machine "SpawnPos" already in "Assassin" state.
[11/09/2020 23:17:57]
[Information][11/09/2020 18:00:00]
State change ignored. State machine "SpawnPos" already in "Assassin" state.
[11/09/2020 23:17:57]
[Information][11/09/2020 18:00:00]
State change ignored. State machine "SpawnPos" already in "Assassin" state.
[11/09/2020 23:17:57]
[Information][11/09/2020 18:00:00]
State change ignored. State machine "SpawnPos" already in "Assassin" state.
[11/09/2020 23:17:57]
[Information][11/09/2020 18:00:00]
State change ignored. State machine "SpawnPos" already in "Assassin" state.
[11/09/2020 23:17:57]
[Information][11/09/2020 18:00:00]
State change ignored. State machine "SpawnPos" already in "Assassin" state.
[11/09/2020 23:17:57]
[Information][11/09/2020 18:00:00]
State change ignored. State machine "SpawnPos" already in "Assassin" state.
[11/09/2020 23:17:57]
[Information][11/09/2020 18:00:00]
(-) SpawnPos EXITED state: Assassin
[11/09/2020 23:17:57]
[Information][11/09/2020 18:00:00]
(+) SpawnPos ENTERED state: Necromancer
[11/09/2020 23:17:57]
[Information][11/09/2020 18:00:00]
State change ignored. State machine "SpawnPos" already in "Necromancer" state.
[11/09/2020 23:17:57]
[Information][11/09/2020 18:00:00]
State change ignored. State machine "SpawnPos" already in "Necromancer" state.
[11/09/2020 23:17:57]
[Information][11/09/2020 18:00:00]
State change ignored. State machine "SpawnPos" already in "Necromancer" state.
[11/09/2020 23:17:57]
[Information][11/09/2020 18:00:00]
State change ignored. State machine "SpawnPos" already in "Necromancer" state.
[11/09/2020 23:17:57]
[Information][11/09/2020 18:00:00]
State change ignored. State machine "SpawnPos" already in "Necromancer" state.
[11/09/2020 23:17:57]
[Information][11/09/2020 18:00:00]
Index is greater than the amount of states in the StateMachine "SpawnPos" please verify the index you are trying to change to.
[11/09/2020 23:17:58]
[Information][11/09/2020 18:00:00]
State change ignored. State machine "SpawnPos" already in "Necromancer" state.
[11/09/2020 23:17:58]
[Information][11/09/2020 18:00:00]
State change ignored. State machine "SpawnPos" already in "Necromancer" state.
[11/09/2020 23:17:58]
[Information][11/09/2020 18:00:00]
State change ignored. State machine "SpawnPos" already in "Necromancer" state.
[11/09/2020 23:17:58]
[Information][11/09/2020 18:00:00]
State change ignored. State machine "SpawnPos" already in "Necromancer" state.
[11/09/2020 23:17:58]
[Information][11/09/2020 18:00:00]
State change ignored. State machine "SpawnPos" already in "Necromancer" state.
[11/09/2020 23:17:58]
[Information][11/09/2020 18:00:00]
State change ignored. State machine "SpawnPos" already in "Necromancer" state.
[11/09/2020 23:18:09]
[Information][11/09/2020 18:00:00]
Closing Logger and Disposing
[11/09/2020 23:19:44]
[Information][11/09/2020 18:00:00]
ReInitialized Unitask after Initialization of ECS is complete
[11/09/2020 23:19:44]
[Information][11/09/2020 18:00:00]
Unitask Player loop is ready? True
[11/09/2020 23:19:44]
[Information][11/09/2020 18:00:00]
Initialized Unitask correctly for ECS
[11/09/2020 23:19:45]
[Information][11/09/2020 18:00:00]
(+) [Scene State] ENTERED state: MenuScene
[11/09/2020 23:19:53]
[Information][11/09/2020 18:00:00]
(-) [Scene State] EXITED state: MenuScene
[11/09/2020 23:19:53]
[Information][11/09/2020 18:00:00]
(+) [Scene State] ENTERED state: CreationScene
[11/09/2020 23:19:53]
[Information][11/09/2020 18:00:00]
(+) SpawnPos ENTERED state: Assassin
[11/09/2020 23:19:54]
[Information][11/09/2020 18:00:00]
Index is greater than the amount of states in the StateMachine "SpawnPos" please verify the index you are trying to change to.
[11/09/2020 23:19:55]
[Information][11/09/2020 18:00:00]
(-) SpawnPos EXITED state: Assassin
[11/09/2020 23:19:55]
[Information][11/09/2020 18:00:00]
(+) SpawnPos ENTERED state: Necromancer
[11/09/2020 23:19:55]
[Information][11/09/2020 18:00:00]
State change ignored. State machine "SpawnPos" already in "Necromancer" state.
[11/09/2020 23:19:55]
[Information][11/09/2020 18:00:00]
State change ignored. State machine "SpawnPos" already in "Necromancer" state.
[11/09/2020 23:19:55]
[Information][11/09/2020 18:00:00]
State change ignored. State machine "SpawnPos" already in "Necromancer" state.
[11/09/2020 23:19:55]
[Information][11/09/2020 18:00:00]
State change ignored. State machine "SpawnPos" already in "Necromancer" state.
[11/09/2020 23:19:55]
[Information][11/09/2020 18:00:00]
State change ignored. State machine "SpawnPos" already in "Necromancer" state.
[11/09/2020 23:19:56]
[Information][11/09/2020 18:00:00]
Index is greater than the amount of states in the StateMachine "SpawnPos" please verify the index you are trying to change to.
[11/09/2020 23:19:56]
[Information][11/09/2020 18:00:00]
Index is greater than the amount of states in the StateMachine "SpawnPos" please verify the index you are trying to change to.
[11/09/2020 23:19:56]
[Information][11/09/2020 18:00:00]
Index is greater than the amount of states in the StateMachine "SpawnPos" please verify the index you are trying to change to.
[11/09/2020 23:19:59]
[Information][11/09/2020 18:00:00]
Index is greater than the amount of states in the StateMachine "SpawnPos" please verify the index you are trying to change to.
[11/09/2020 23:20:00]
[Information][11/09/2020 18:00:00]
Index is greater than the amount of states in the StateMachine "SpawnPos" please verify the index you are trying to change to.
[11/09/2020 23:20:00]
[Information][11/09/2020 18:00:00]
Index is greater than the amount of states in the StateMachine "SpawnPos" please verify the index you are trying to change to.
[11/09/2020 23:20:01]
[Information][11/09/2020 18:00:00]
Index is greater than the amount of states in the StateMachine "SpawnPos" please verify the index you are trying to change to.
[11/09/2020 23:20:05]
[Information][11/09/2020 18:00:00]
Closing Logger and Disposing
[11/09/2020 23:21:20]
[Information][11/09/2020 18:00:00]
ReInitialized Unitask after Initialization of ECS is complete
[11/09/2020 23:21:20]
[Information][11/09/2020 18:00:00]
Unitask Player loop is ready? True
[11/09/2020 23:21:20]
[Information][11/09/2020 18:00:00]
Initialized Unitask correctly for ECS
[11/09/2020 23:21:21]
[Information][11/09/2020 18:00:00]
(+) [Scene State] ENTERED state: MenuScene
[11/09/2020 23:21:29]
[Information][11/09/2020 18:00:00]
(-) [Scene State] EXITED state: MenuScene
[11/09/2020 23:21:29]
[Information][11/09/2020 18:00:00]
(+) [Scene State] ENTERED state: CreationScene
[11/09/2020 23:21:30]
[Information][11/09/2020 18:00:00]
(+) SpawnPos ENTERED state: Assassin
[11/09/2020 23:21:30]
[Information][11/09/2020 18:00:00]
Index is greater than the amount of states in the StateMachine "SpawnPos" please verify the index you are trying to change to.
[11/09/2020 23:21:30]
[Information][11/09/2020 18:00:00]
Index is greater than the amount of states in the StateMachine "SpawnPos" please verify the index you are trying to change to.
[11/09/2020 23:21:30]
[Information][11/09/2020 18:00:00]
Index is greater than the amount of states in the StateMachine "SpawnPos" please verify the index you are trying to change to.
[11/09/2020 23:21:30]
[Information][11/09/2020 18:00:00]
Index is greater than the amount of states in the StateMachine "SpawnPos" please verify the index you are trying to change to.
[11/09/2020 23:21:30]
[Information][11/09/2020 18:00:00]
Index is greater than the amount of states in the StateMachine "SpawnPos" please verify the index you are trying to change to.
[11/09/2020 23:21:30]
[Information][11/09/2020 18:00:00]
Index is greater than the amount of states in the StateMachine "SpawnPos" please verify the index you are trying to change to.
[11/09/2020 23:21:32]
[Information][11/09/2020 18:00:00]
(-) SpawnPos EXITED state: Assassin
[11/09/2020 23:21:32]
[Information][11/09/2020 18:00:00]
(+) SpawnPos ENTERED state: Necromancer
[11/09/2020 23:21:32]
[Information][11/09/2020 18:00:00]
State change ignored. State machine "SpawnPos" already in "Necromancer" state.
[11/09/2020 23:21:32]
[Information][11/09/2020 18:00:00]
State change ignored. State machine "SpawnPos" already in "Necromancer" state.
[11/09/2020 23:21:32]
[Information][11/09/2020 18:00:00]
State change ignored. State machine "SpawnPos" already in "Necromancer" state.
[11/09/2020 23:21:32]
[Information][11/09/2020 18:00:00]
State change ignored. State machine "SpawnPos" already in "Necromancer" state.
[11/09/2020 23:21:32]
[Information][11/09/2020 18:00:00]
State change ignored. State machine "SpawnPos" already in "Necromancer" state.
[11/09/2020 23:21:33]
[Information][11/09/2020 18:00:00]
(-) SpawnPos EXITED state: Necromancer
[11/09/2020 23:21:33]
[Information][11/09/2020 18:00:00]
(+) SpawnPos ENTERED state: Assassin
[11/09/2020 23:21:33]
[Information][11/09/2020 18:00:00]
State change ignored. State machine "SpawnPos" already in "Assassin" state.
[11/09/2020 23:21:33]
[Information][11/09/2020 18:00:00]
State change ignored. State machine "SpawnPos" already in "Assassin" state.
[11/09/2020 23:21:33]
[Information][11/09/2020 18:00:00]
State change ignored. State machine "SpawnPos" already in "Assassin" state.
[11/09/2020 23:21:33]
[Information][11/09/2020 18:00:00]
State change ignored. State machine "SpawnPos" already in "Assassin" state.
[11/09/2020 23:21:33]
[Information][11/09/2020 18:00:00]
State change ignored. State machine "SpawnPos" already in "Assassin" state.
[11/09/2020 23:21:34]
[Information][11/09/2020 18:00:00]
Index is greater than the amount of states in the StateMachine "SpawnPos" please verify the index you are trying to change to.
[11/09/2020 23:21:34]
[Information][11/09/2020 18:00:00]
Index is greater than the amount of states in the StateMachine "SpawnPos" please verify the index you are trying to change to.
[11/09/2020 23:21:34]
[Information][11/09/2020 18:00:00]
Index is greater than the amount of states in the StateMachine "SpawnPos" please verify the index you are trying to change to.
[11/09/2020 23:21:34]
[Information][11/09/2020 18:00:00]
Index is greater than the amount of states in the StateMachine "SpawnPos" please verify the index you are trying to change to.
[11/09/2020 23:21:34]
[Information][11/09/2020 18:00:00]
Index is greater than the amount of states in the StateMachine "SpawnPos" please verify the index you are trying to change to.
[11/09/2020 23:21:34]
[Information][11/09/2020 18:00:00]
Index is greater than the amount of states in the StateMachine "SpawnPos" please verify the index you are trying to change to.
[11/09/2020 23:21:44]
[Information][11/09/2020 18:00:00]
(-) SpawnPos EXITED state: Assassin
[11/09/2020 23:21:44]
[Information][11/09/2020 18:00:00]
(+) SpawnPos ENTERED state: Oracle
[11/09/2020 23:21:47]
[Information][11/09/2020 18:00:00]
(-) SpawnPos EXITED state: Oracle
[11/09/2020 23:21:47]
[Information][11/09/2020 18:00:00]
(+) SpawnPos ENTERED state: Necromancer
[11/09/2020 23:21:47]
[Information][11/09/2020 18:00:00]
State change ignored. State machine "SpawnPos" already in "Necromancer" state.
[11/09/2020 23:21:47]
[Information][11/09/2020 18:00:00]
State change ignored. State machine "SpawnPos" already in "Necromancer" state.
[11/09/2020 23:21:47]
[Information][11/09/2020 18:00:00]
State change ignored. State machine "SpawnPos" already in "Necromancer" state.
[11/09/2020 23:21:47]
[Information][11/09/2020 18:00:00]
State change ignored. State machine "SpawnPos" already in "Necromancer" state.
[11/09/2020 23:21:47]
[Information][11/09/2020 18:00:00]
State change ignored. State machine "SpawnPos" already in "Necromancer" state.
[11/09/2020 23:21:48]
[Information][11/09/2020 18:00:00]
Index is greater than the amount of states in the StateMachine "SpawnPos" please verify the index you are trying to change to.
[11/09/2020 23:21:48]
[Information][11/09/2020 18:00:00]
Index is greater than the amount of states in the StateMachine "SpawnPos" please verify the index you are trying to change to.
[11/09/2020 23:21:48]
[Information][11/09/2020 18:00:00]
Index is greater than the amount of states in the StateMachine "SpawnPos" please verify the index you are trying to change to.
[11/09/2020 23:21:48]
[Information][11/09/2020 18:00:00]
Index is greater than the amount of states in the StateMachine "SpawnPos" please verify the index you are trying to change to.
[11/09/2020 23:21:48]
[Information][11/09/2020 18:00:00]
Index is greater than the amount of states in the StateMachine "SpawnPos" please verify the index you are trying to change to.
[11/09/2020 23:21:48]
[Information][11/09/2020 18:00:00]
Index is greater than the amount of states in the StateMachine "SpawnPos" please verify the index you are trying to change to.
[11/09/2020 23:21:48]
[Information][11/09/2020 18:00:00]
Index is greater than the amount of states in the StateMachine "SpawnPos" please verify the index you are trying to change to.
[11/09/2020 23:21:48]
[Information][11/09/2020 18:00:00]
Index is greater than the amount of states in the StateMachine "SpawnPos" please verify the index you are trying to change to.
[11/09/2020 23:21:48]
[Information][11/09/2020 18:00:00]
Index is greater than the amount of states in the StateMachine "SpawnPos" please verify the index you are trying to change to.
[11/09/2020 23:21:48]
[Information][11/09/2020 18:00:00]
Index is greater than the amount of states in the StateMachine "SpawnPos" please verify the index you are trying to change to.
[11/09/2020 23:21:48]
[Information][11/09/2020 18:00:00]
Index is greater than the amount of states in the StateMachine "SpawnPos" please verify the index you are trying to change to.
[11/09/2020 23:21:48]
[Information][11/09/2020 18:00:00]
Index is greater than the amount of states in the StateMachine "SpawnPos" please verify the index you are trying to change to.
[11/09/2020 23:21:48]
[Information][11/09/2020 18:00:00]
Index is greater than the amount of states in the StateMachine "SpawnPos" please verify the index you are trying to change to.
[11/09/2020 23:21:48]
[Information][11/09/2020 18:00:00]
Index is greater than the amount of states in the StateMachine "SpawnPos" please verify the index you are trying to change to.
[11/09/2020 23:21:48]
[Information][11/09/2020 18:00:00]
Index is greater than the amount of states in the StateMachine "SpawnPos" please verify the index you are trying to change to.
[11/09/2020 23:21:48]
[Information][11/09/2020 18:00:00]
Index is greater than the amount of states in the StateMachine "SpawnPos" please verify the index you are trying to change to.
[11/09/2020 23:21:48]
[Information][11/09/2020 18:00:00]
Index is greater than the amount of states in the StateMachine "SpawnPos" please verify the index you are trying to change to.
[11/09/2020 23:21:48]
[Information][11/09/2020 18:00:00]
Index is greater than the amount of states in the StateMachine "SpawnPos" please verify the index you are trying to change to.
[11/09/2020 23:21:49]
[Information][11/09/2020 18:00:00]
(-) SpawnPos EXITED state: Necromancer
[11/09/2020 23:21:49]
[Information][11/09/2020 18:00:00]
(+) SpawnPos ENTERED state: Assassin
[11/09/2020 23:21:49]
[Information][11/09/2020 18:00:00]
State change ignored. State machine "SpawnPos" already in "Assassin" state.
[11/09/2020 23:21:49]
[Information][11/09/2020 18:00:00]
State change ignored. State machine "SpawnPos" already in "Assassin" state.
[11/09/2020 23:21:49]
[Information][11/09/2020 18:00:00]
State change ignored. State machine "SpawnPos" already in "Assassin" state.
[11/09/2020 23:21:49]
[Information][11/09/2020 18:00:00]
State change ignored. State machine "SpawnPos" already in "Assassin" state.
[11/09/2020 23:21:49]
[Information][11/09/2020 18:00:00]
State change ignored. State machine "SpawnPos" already in "Assassin" state.
[11/09/2020 23:21:49]
[Information][11/09/2020 18:00:00]
State change ignored. State machine "SpawnPos" already in "Assassin" state.
[11/09/2020 23:21:49]
[Information][11/09/2020 18:00:00]
State change ignored. State machine "SpawnPos" already in "Assassin" state.
[11/09/2020 23:21:49]
[Information][11/09/2020 18:00:00]
State change ignored. State machine "SpawnPos" already in "Assassin" state.
[11/09/2020 23:21:49]
[Information][11/09/2020 18:00:00]
State change ignored. State machine "SpawnPos" already in "Assassin" state.
[11/09/2020 23:21:49]
[Information][11/09/2020 18:00:00]
State change ignored. State machine "SpawnPos" already in "Assassin" state.
[11/09/2020 23:21:49]
[Information][11/09/2020 18:00:00]
State change ignored. State machine "SpawnPos" already in "Assassin" state.
[11/09/2020 23:21:50]
[Information][11/09/2020 18:00:00]
(-) SpawnPos EXITED state: Assassin
[11/09/2020 23:21:50]
[Information][11/09/2020 18:00:00]
(+) SpawnPos ENTERED state: Necromancer
[11/09/2020 23:21:50]
[Information][11/09/2020 18:00:00]
State change ignored. State machine "SpawnPos" already in "Necromancer" state.
[11/09/2020 23:21:50]
[Information][11/09/2020 18:00:00]
State change ignored. State machine "SpawnPos" already in "Necromancer" state.
[11/09/2020 23:21:50]
[Information][11/09/2020 18:00:00]
State change ignored. State machine "SpawnPos" already in "Necromancer" state.
[11/09/2020 23:21:50]
[Information][11/09/2020 18:00:00]
State change ignored. State machine "SpawnPos" already in "Necromancer" state.
[11/09/2020 23:21:50]
[Information][11/09/2020 18:00:00]
State change ignored. State machine "SpawnPos" already in "Necromancer" state.
[11/09/2020 23:21:55]
[Information][11/09/2020 18:00:00]
(-) SpawnPos EXITED state: Necromancer
[11/09/2020 23:21:55]
[Information][11/09/2020 18:00:00]
(+) SpawnPos ENTERED state: Oracle
[11/09/2020 23:21:56]
[Information][11/09/2020 18:00:00]
(-) SpawnPos EXITED state: Oracle
[11/09/2020 23:21:56]
[Information][11/09/2020 18:00:00]
(+) SpawnPos ENTERED state: Assassin
[11/09/2020 23:21:57]
[Information][11/09/2020 18:00:00]
(-) SpawnPos EXITED state: Assassin
[11/09/2020 23:21:57]
[Information][11/09/2020 18:00:00]
(+) SpawnPos ENTERED state: Necromancer
[11/09/2020 23:21:57]
[Information][11/09/2020 18:00:00]
State change ignored. State machine "SpawnPos" already in "Necromancer" state.
[11/09/2020 23:21:57]
[Information][11/09/2020 18:00:00]
State change ignored. State machine "SpawnPos" already in "Necromancer" state.
[11/09/2020 23:21:57]
[Information][11/09/2020 18:00:00]
State change ignored. State machine "SpawnPos" already in "Necromancer" state.
[11/09/2020 23:21:57]
[Information][11/09/2020 18:00:00]
State change ignored. State machine "SpawnPos" already in "Necromancer" state.
[11/09/2020 23:21:57]
[Information][11/09/2020 18:00:00]
State change ignored. State machine "SpawnPos" already in "Necromancer" state.
[11/09/2020 23:21:57]
[Information][11/09/2020 18:00:00]
State change ignored. State machine "SpawnPos" already in "Necromancer" state.
[11/09/2020 23:21:57]
[Information][11/09/2020 18:00:00]
State change ignored. State machine "SpawnPos" already in "Necromancer" state.
[11/09/2020 23:21:57]
[Information][11/09/2020 18:00:00]
State change ignored. State machine "SpawnPos" already in "Necromancer" state.
[11/09/2020 23:21:57]
[Information][11/09/2020 18:00:00]
State change ignored. State machine "SpawnPos" already in "Necromancer" state.
[11/09/2020 23:21:57]
[Information][11/09/2020 18:00:00]
State change ignored. State machine "SpawnPos" already in "Necromancer" state.
[11/09/2020 23:21:57]
[Information][11/09/2020 18:00:00]
State change ignored. State machine "SpawnPos" already in "Necromancer" state.
[11/09/2020 23:21:58]
[Information][11/09/2020 18:00:00]
Index is greater than the amount of states in the StateMachine "SpawnPos" please verify the index you are trying to change to.
[11/09/2020 23:21:58]
[Information][11/09/2020 18:00:00]
Index is greater than the amount of states in the StateMachine "SpawnPos" please verify the index you are trying to change to.
[11/09/2020 23:21:58]
[Information][11/09/2020 18:00:00]
Index is greater than the amount of states in the StateMachine "SpawnPos" please verify the index you are trying to change to.
[11/09/2020 23:21:58]
[Information][11/09/2020 18:00:00]
Index is greater than the amount of states in the StateMachine "SpawnPos" please verify the index you are trying to change to.
[11/09/2020 23:21:58]
[Information][11/09/2020 18:00:00]
Index is greater than the amount of states in the StateMachine "SpawnPos" please verify the index you are trying to change to.
[11/09/2020 23:21:58]
[Information][11/09/2020 18:00:00]
Index is greater than the amount of states in the StateMachine "SpawnPos" please verify the index you are trying to change to.
[11/09/2020 23:21:59]
[Information][11/09/2020 18:00:00]
(-) SpawnPos EXITED state: Necromancer
[11/09/2020 23:21:59]
[Information][11/09/2020 18:00:00]
(+) SpawnPos ENTERED state: Assassin
[11/09/2020 23:21:59]
[Information][11/09/2020 18:00:00]
State change ignored. State machine "SpawnPos" already in "Assassin" state.
[11/09/2020 23:21:59]
[Information][11/09/2020 18:00:00]
State change ignored. State machine "SpawnPos" already in "Assassin" state.
[11/09/2020 23:21:59]
[Information][11/09/2020 18:00:00]
State change ignored. State machine "SpawnPos" already in "Assassin" state.
[11/09/2020 23:21:59]
[Information][11/09/2020 18:00:00]
State change ignored. State machine "SpawnPos" already in "Assassin" state.
[11/09/2020 23:21:59]
[Information][11/09/2020 18:00:00]
State change ignored. State machine "SpawnPos" already in "Assassin" state.
[11/09/2020 23:22:00]
[Information][11/09/2020 18:00:00]
(-) SpawnPos EXITED state: Assassin
[11/09/2020 23:22:00]
[Information][11/09/2020 18:00:00]
(+) SpawnPos ENTERED state: Necromancer
[11/09/2020 23:22:00]
[Information][11/09/2020 18:00:00]
State change ignored. State machine "SpawnPos" already in "Necromancer" state.
[11/09/2020 23:22:00]
[Information][11/09/2020 18:00:00]
State change ignored. State machine "SpawnPos" already in "Necromancer" state.
[11/09/2020 23:22:00]
[Information][11/09/2020 18:00:00]
State change ignored. State machine "SpawnPos" already in "Necromancer" state.
[11/09/2020 23:22:00]
[Information][11/09/2020 18:00:00]
State change ignored. State machine "SpawnPos" already in "Necromancer" state.
[11/09/2020 23:22:00]
[Information][11/09/2020 18:00:00]
State change ignored. State machine "SpawnPos" already in "Necromancer" state.
[11/09/2020 23:22:05]
[Information][11/09/2020 18:00:00]
Index is greater than the amount of states in the StateMachine "SpawnPos" please verify the index you are trying to change to.
[11/09/2020 23:22:05]
[Information][11/09/2020 18:00:00]
Index is greater than the amount of states in the StateMachine "SpawnPos" please verify the index you are trying to change to.
[11/09/2020 23:22:05]
[Information][11/09/2020 18:00:00]
Index is greater than the amount of states in the StateMachine "SpawnPos" please verify the index you are trying to change to.
[11/09/2020 23:22:05]
[Information][11/09/2020 18:00:00]
Index is greater than the amount of states in the StateMachine "SpawnPos" please verify the index you are trying to change to.
[11/09/2020 23:22:05]
[Information][11/09/2020 18:00:00]
Index is greater than the amount of states in the StateMachine "SpawnPos" please verify the index you are trying to change to.
[11/09/2020 23:22:05]
[Information][11/09/2020 18:00:00]
Index is greater than the amount of states in the StateMachine "SpawnPos" please verify the index you are trying to change to.
[11/09/2020 23:22:06]
[Information][11/09/2020 18:00:00]
(-) SpawnPos EXITED state: Necromancer
[11/09/2020 23:22:06]
[Information][11/09/2020 18:00:00]
(+) SpawnPos ENTERED state: Necromancer
[11/09/2020 23:22:06]
[Information][11/09/2020 18:00:00]
(-) SpawnPos EXITED state: Necromancer
[11/09/2020 23:22:06]
[Information][11/09/2020 18:00:00]
(+) SpawnPos ENTERED state: Necromancer
[11/09/2020 23:22:06]
[Information][11/09/2020 18:00:00]
(-) SpawnPos EXITED state: Necromancer
[11/09/2020 23:22:06]
[Information][11/09/2020 18:00:00]
(+) SpawnPos ENTERED state: Necromancer
[11/09/2020 23:22:06]
[Information][11/09/2020 18:00:00]
(-) SpawnPos EXITED state: Necromancer
[11/09/2020 23:22:06]
[Information][11/09/2020 18:00:00]
(+) SpawnPos ENTERED state: Necromancer
[11/09/2020 23:22:06]
[Information][11/09/2020 18:00:00]
(-) SpawnPos EXITED state: Necromancer
[11/09/2020 23:22:06]
[Information][11/09/2020 18:00:00]
(+) SpawnPos ENTERED state: Necromancer
[11/09/2020 23:22:06]
[Information][11/09/2020 18:00:00]
(-) SpawnPos EXITED state: Necromancer
[11/09/2020 23:22:06]
[Information][11/09/2020 18:00:00]
(+) SpawnPos ENTERED state: Necromancer
[11/09/2020 23:22:06]
[Information][11/09/2020 18:00:00]
(-) SpawnPos EXITED state: Necromancer
[11/09/2020 23:22:06]
[Information][11/09/2020 18:00:00]
(+) SpawnPos ENTERED state: Assassin
[11/09/2020 23:22:06]
[Information][11/09/2020 18:00:00]
(-) SpawnPos EXITED state: Assassin
[11/09/2020 23:22:06]
[Information][11/09/2020 18:00:00]
(+) SpawnPos ENTERED state: Assassin
[11/09/2020 23:22:06]
[Information][11/09/2020 18:00:00]
(-) SpawnPos EXITED state: Assassin
[11/09/2020 23:22:06]
[Information][11/09/2020 18:00:00]
(+) SpawnPos ENTERED state: Assassin
[11/09/2020 23:22:06]
[Information][11/09/2020 18:00:00]
(-) SpawnPos EXITED state: Assassin
[11/09/2020 23:22:06]
[Information][11/09/2020 18:00:00]
(+) SpawnPos ENTERED state: Assassin
[11/09/2020 23:22:06]
[Information][11/09/2020 18:00:00]
(-) SpawnPos EXITED state: Assassin
[11/09/2020 23:22:06]
[Information][11/09/2020 18:00:00]
(+) SpawnPos ENTERED state: Assassin
[11/09/2020 23:22:06]
[Information][11/09/2020 18:00:00]
(-) SpawnPos EXITED state: Assassin
[11/09/2020 23:22:06]
[Information][11/09/2020 18:00:00]
(+) SpawnPos ENTERED state: Assassin
[11/09/2020 23:22:06]
[Information][11/09/2020 18:00:00]
(-) SpawnPos EXITED state: Assassin
[11/09/2020 23:22:06]
[Information][11/09/2020 18:00:00]
(+) SpawnPos ENTERED state: Assassin
[11/09/2020 23:22:06]
[Information][11/09/2020 18:00:00]
(-) SpawnPos EXITED state: Assassin
[11/09/2020 23:22:06]
[Information][11/09/2020 18:00:00]
(+) SpawnPos ENTERED state: Assassin
[11/09/2020 23:22:06]
[Information][11/09/2020 18:00:00]
(-) SpawnPos EXITED state: Assassin
[11/09/2020 23:22:06]
[Information][11/09/2020 18:00:00]
(+) SpawnPos ENTERED state: Assassin
[11/09/2020 23:22:06]
[Information][11/09/2020 18:00:00]
(-) SpawnPos EXITED state: Assassin
[11/09/2020 23:22:06]
[Information][11/09/2020 18:00:00]
(+) SpawnPos ENTERED state: Assassin
[11/09/2020 23:22:06]
[Information][11/09/2020 18:00:00]
(-) SpawnPos EXITED state: Assassin
[11/09/2020 23:22:06]
[Information][11/09/2020 18:00:00]
(+) SpawnPos ENTERED state: Assassin
[11/09/2020 23:22:06]
[Information][11/09/2020 18:00:00]
(-) SpawnPos EXITED state: Assassin
[11/09/2020 23:22:06]
[Information][11/09/2020 18:00:00]
(+) SpawnPos ENTERED state: Assassin
[11/09/2020 23:22:11]
[Information][11/09/2020 18:00:00]
Closing Logger and Disposing
