[03/09/2021 01:25:33]
[Information][03/08/2021 18:00:00]
ReInitialized Unitask after Initialization of ECS is complete
[03/09/2021 01:25:33]
[Information][03/08/2021 18:00:00]
Unitask Player loop is ready? True
[03/09/2021 01:25:33]
[Information][03/08/2021 18:00:00]
Initialized Unitask correctly for ECS
[03/09/2021 01:25:47]
[Information][03/08/2021 18:00:00]
Closing Logger and Disposing
[03/09/2021 01:26:26]
[Information][03/08/2021 18:00:00]
ReInitialized Unitask after Initialization of ECS is complete
[03/09/2021 01:26:26]
[Information][03/08/2021 18:00:00]
Unitask Player loop is ready? True
[03/09/2021 01:26:26]
[Information][03/08/2021 18:00:00]
Initialized Unitask correctly for ECS
[03/09/2021 01:26:44]
[Information][03/08/2021 18:00:00]
Closing Logger and Disposing
[03/09/2021 01:27:04]
[Information][03/08/2021 18:00:00]
ReInitialized Unitask after Initialization of ECS is complete
[03/09/2021 01:27:04]
[Information][03/08/2021 18:00:00]
Unitask Player loop is ready? True
[03/09/2021 01:27:04]
[Information][03/08/2021 18:00:00]
Initialized Unitask correctly for ECS
[03/09/2021 01:27:21]
[Information][03/08/2021 18:00:00]
Closing Logger and Disposing
[03/09/2021 01:27:46]
[Information][03/08/2021 18:00:00]
ReInitialized Unitask after Initialization of ECS is complete
[03/09/2021 01:27:46]
[Information][03/08/2021 18:00:00]
Unitask Player loop is ready? True
[03/09/2021 01:27:46]
[Information][03/08/2021 18:00:00]
Initialized Unitask correctly for ECS
[03/09/2021 01:28:06]
[Information][03/08/2021 18:00:00]
Closing Logger and Disposing
[03/09/2021 01:30:39]
[Information][03/08/2021 18:00:00]
ReInitialized Unitask after Initialization of ECS is complete
[03/09/2021 01:30:39]
[Information][03/08/2021 18:00:00]
Unitask Player loop is ready? True
[03/09/2021 01:30:39]
[Information][03/08/2021 18:00:00]
Initialized Unitask correctly for ECS
[03/09/2021 01:30:52]
[Information][03/08/2021 18:00:00]
Closing Logger and Disposing
[03/09/2021 01:32:32]
[Information][03/08/2021 18:00:00]
ReInitialized Unitask after Initialization of ECS is complete
[03/09/2021 01:32:32]
[Information][03/08/2021 18:00:00]
Unitask Player loop is ready? True
[03/09/2021 01:32:32]
[Information][03/08/2021 18:00:00]
Initialized Unitask correctly for ECS
[03/09/2021 01:32:43]
[Information][03/08/2021 18:00:00]
Closing Logger and Disposing
[03/09/2021 01:34:33]
[Information][03/08/2021 18:00:00]
ReInitialized Unitask after Initialization of ECS is complete
[03/09/2021 01:34:33]
[Information][03/08/2021 18:00:00]
Unitask Player loop is ready? True
[03/09/2021 01:34:33]
[Information][03/08/2021 18:00:00]
Initialized Unitask correctly for ECS
[03/09/2021 01:34:44]
[Information][03/08/2021 18:00:00]
Closing Logger and Disposing
[03/09/2021 01:42:02]
[Information][03/08/2021 18:00:00]
ReInitialized Unitask after Initialization of ECS is complete
[03/09/2021 01:42:02]
[Information][03/08/2021 18:00:00]
Unitask Player loop is ready? True
[03/09/2021 01:42:02]
[Information][03/08/2021 18:00:00]
Initialized Unitask correctly for ECS
[03/09/2021 01:42:49]
[Information][03/08/2021 18:00:00]
Closing Logger and Disposing
[03/09/2021 01:52:33]
[Information][03/08/2021 18:00:00]
ReInitialized Unitask after Initialization of ECS is complete
[03/09/2021 01:52:33]
[Information][03/08/2021 18:00:00]
Unitask Player loop is ready? True
[03/09/2021 01:52:33]
[Information][03/08/2021 18:00:00]
Initialized Unitask correctly for ECS
[03/09/2021 01:52:51]
[Information][03/08/2021 18:00:00]
Closing Logger and Disposing
[03/09/2021 03:08:51]
[Information][03/08/2021 18:00:00]
ReInitialized Unitask after Initialization of ECS is complete
[03/09/2021 03:08:51]
[Information][03/08/2021 18:00:00]
Unitask Player loop is ready? True
[03/09/2021 03:08:51]
[Information][03/08/2021 18:00:00]
Initialized Unitask correctly for ECS
[03/09/2021 03:09:17]
[Information][03/08/2021 18:00:00]
Closing Logger and Disposing
[03/09/2021 03:09:43]
[Information][03/08/2021 18:00:00]
ReInitialized Unitask after Initialization of ECS is complete
[03/09/2021 03:09:43]
[Information][03/08/2021 18:00:00]
Unitask Player loop is ready? True
[03/09/2021 03:09:43]
[Information][03/08/2021 18:00:00]
Initialized Unitask correctly for ECS
[03/09/2021 03:10:07]
[Information][03/08/2021 18:00:00]
Closing Logger and Disposing
[03/09/2021 03:22:25]
[Information][03/08/2021 18:00:00]
ReInitialized Unitask after Initialization of ECS is complete
[03/09/2021 03:22:25]
[Information][03/08/2021 18:00:00]
Unitask Player loop is ready? True
[03/09/2021 03:22:25]
[Information][03/08/2021 18:00:00]
Initialized Unitask correctly for ECS
[03/09/2021 03:22:41]
[Information][03/08/2021 18:00:00]
Closing Logger and Disposing
