[03/11/2021 03:14:53]
[Information][03/10/2021 18:00:00]
ReInitialized Unitask after Initialization of ECS is complete
[03/11/2021 03:14:53]
[Information][03/10/2021 18:00:00]
Unitask Player loop is ready? True
[03/11/2021 03:14:53]
[Information][03/10/2021 18:00:00]
Initialized Unitask correctly for ECS
[03/11/2021 03:15:13]
[Information][03/10/2021 18:00:00]
Closing Logger and Disposing
[03/11/2021 04:46:14]
[Information][03/10/2021 18:00:00]
ReInitialized Unitask after Initialization of ECS is complete
[03/11/2021 04:46:14]
[Information][03/10/2021 18:00:00]
Unitask Player loop is ready? True
[03/11/2021 04:46:14]
[Information][03/10/2021 18:00:00]
Initialized Unitask correctly for ECS
[03/11/2021 04:46:21]
[Information][03/10/2021 18:00:00]
Closing Logger and Disposing
[03/11/2021 04:48:33]
[Information][03/10/2021 18:00:00]
ReInitialized Unitask after Initialization of ECS is complete
[03/11/2021 04:48:33]
[Information][03/10/2021 18:00:00]
Unitask Player loop is ready? True
[03/11/2021 04:48:33]
[Information][03/10/2021 18:00:00]
Initialized Unitask correctly for ECS
[03/11/2021 04:49:47]
[Information][03/10/2021 18:00:00]
Closing Logger and Disposing
[03/11/2021 04:49:58]
[Information][03/10/2021 18:00:00]
ReInitialized Unitask after Initialization of ECS is complete
[03/11/2021 04:49:58]
[Information][03/10/2021 18:00:00]
Unitask Player loop is ready? True
[03/11/2021 04:49:58]
[Information][03/10/2021 18:00:00]
Initialized Unitask correctly for ECS
[03/11/2021 04:50:00]
[Information][03/10/2021 18:00:00]
Closing Logger and Disposing
[03/11/2021 04:50:14]
[Information][03/10/2021 18:00:00]
ReInitialized Unitask after Initialization of ECS is complete
[03/11/2021 04:50:14]
[Information][03/10/2021 18:00:00]
Unitask Player loop is ready? True
[03/11/2021 04:50:14]
[Information][03/10/2021 18:00:00]
Initialized Unitask correctly for ECS
[03/11/2021 04:50:27]
[Information][03/10/2021 18:00:00]
Closing Logger and Disposing
[03/11/2021 04:51:38]
[Information][03/10/2021 18:00:00]
ReInitialized Unitask after Initialization of ECS is complete
[03/11/2021 04:51:38]
[Information][03/10/2021 18:00:00]
Unitask Player loop is ready? True
[03/11/2021 04:51:38]
[Information][03/10/2021 18:00:00]
Initialized Unitask correctly for ECS
[03/11/2021 04:52:02]
[Information][03/10/2021 18:00:00]
Closing Logger and Disposing
[03/11/2021 04:52:57]
[Information][03/10/2021 18:00:00]
ReInitialized Unitask after Initialization of ECS is complete
[03/11/2021 04:52:57]
[Information][03/10/2021 18:00:00]
Unitask Player loop is ready? True
[03/11/2021 04:52:57]
[Information][03/10/2021 18:00:00]
Initialized Unitask correctly for ECS
[03/11/2021 04:53:30]
[Information][03/10/2021 18:00:00]
Closing Logger and Disposing
[03/11/2021 04:55:06]
[Information][03/10/2021 18:00:00]
ReInitialized Unitask after Initialization of ECS is complete
[03/11/2021 04:55:06]
[Information][03/10/2021 18:00:00]
Unitask Player loop is ready? True
[03/11/2021 04:55:06]
[Information][03/10/2021 18:00:00]
Initialized Unitask correctly for ECS
[03/11/2021 04:55:29]
[Information][03/10/2021 18:00:00]
Closing Logger and Disposing
[03/11/2021 04:57:02]
[Information][03/10/2021 18:00:00]
ReInitialized Unitask after Initialization of ECS is complete
[03/11/2021 04:57:02]
[Information][03/10/2021 18:00:00]
Unitask Player loop is ready? True
[03/11/2021 04:57:02]
[Information][03/10/2021 18:00:00]
Initialized Unitask correctly for ECS
[03/11/2021 04:57:50]
[Information][03/10/2021 18:00:00]
Closing Logger and Disposing
[03/11/2021 04:59:05]
[Information][03/10/2021 18:00:00]
ReInitialized Unitask after Initialization of ECS is complete
[03/11/2021 04:59:05]
[Information][03/10/2021 18:00:00]
Unitask Player loop is ready? True
[03/11/2021 04:59:05]
[Information][03/10/2021 18:00:00]
Initialized Unitask correctly for ECS
[03/11/2021 04:59:14]
[Information][03/10/2021 18:00:00]
Closing Logger and Disposing
[03/11/2021 05:21:10]
[Information][03/10/2021 18:00:00]
ReInitialized Unitask after Initialization of ECS is complete
[03/11/2021 05:21:10]
[Information][03/10/2021 18:00:00]
Unitask Player loop is ready? True
[03/11/2021 05:21:10]
[Information][03/10/2021 18:00:00]
Initialized Unitask correctly for ECS
[03/11/2021 05:21:19]
[Information][03/10/2021 18:00:00]
Closing Logger and Disposing
[03/11/2021 05:26:21]
[Information][03/10/2021 18:00:00]
ReInitialized Unitask after Initialization of ECS is complete
[03/11/2021 05:26:21]
[Information][03/10/2021 18:00:00]
Unitask Player loop is ready? True
[03/11/2021 05:26:21]
[Information][03/10/2021 18:00:00]
Initialized Unitask correctly for ECS
[03/11/2021 05:26:57]
[Information][03/10/2021 18:00:00]
Closing Logger and Disposing
[03/11/2021 05:29:04]
[Information][03/10/2021 18:00:00]
ReInitialized Unitask after Initialization of ECS is complete
[03/11/2021 05:29:04]
[Information][03/10/2021 18:00:00]
Unitask Player loop is ready? True
[03/11/2021 05:29:04]
[Information][03/10/2021 18:00:00]
Initialized Unitask correctly for ECS
[03/11/2021 05:29:12]
[Information][03/10/2021 18:00:00]
Closing Logger and Disposing
[03/11/2021 05:30:05]
[Information][03/10/2021 18:00:00]
ReInitialized Unitask after Initialization of ECS is complete
[03/11/2021 05:30:05]
[Information][03/10/2021 18:00:00]
Unitask Player loop is ready? True
[03/11/2021 05:30:05]
[Information][03/10/2021 18:00:00]
Initialized Unitask correctly for ECS
[03/11/2021 05:30:11]
[Information][03/10/2021 18:00:00]
Closing Logger and Disposing
[03/11/2021 05:30:58]
[Information][03/10/2021 18:00:00]
ReInitialized Unitask after Initialization of ECS is complete
[03/11/2021 05:30:58]
[Information][03/10/2021 18:00:00]
Unitask Player loop is ready? True
[03/11/2021 05:30:58]
[Information][03/10/2021 18:00:00]
Initialized Unitask correctly for ECS
[03/11/2021 05:33:01]
[Information][03/10/2021 18:00:00]
Closing Logger and Disposing
[03/11/2021 06:20:39]
[Information][03/10/2021 18:00:00]
ReInitialized Unitask after Initialization of ECS is complete
[03/11/2021 06:20:39]
[Information][03/10/2021 18:00:00]
Unitask Player loop is ready? True
[03/11/2021 06:20:39]
[Information][03/10/2021 18:00:00]
Initialized Unitask correctly for ECS
[03/11/2021 06:20:49]
[Information][03/10/2021 18:00:00]
Closing Logger and Disposing
[03/11/2021 06:23:07]
[Information][03/10/2021 18:00:00]
ReInitialized Unitask after Initialization of ECS is complete
[03/11/2021 06:23:07]
[Information][03/10/2021 18:00:00]
Unitask Player loop is ready? True
[03/11/2021 06:23:07]
[Information][03/10/2021 18:00:00]
Initialized Unitask correctly for ECS
[03/11/2021 06:23:18]
[Information][03/10/2021 18:00:00]
Closing Logger and Disposing
[03/11/2021 06:26:27]
[Information][03/10/2021 18:00:00]
ReInitialized Unitask after Initialization of ECS is complete
[03/11/2021 06:26:27]
[Information][03/10/2021 18:00:00]
Unitask Player loop is ready? True
[03/11/2021 06:26:27]
[Information][03/10/2021 18:00:00]
Initialized Unitask correctly for ECS
[03/11/2021 06:26:30]
[Information][03/10/2021 18:00:00]
Closing Logger and Disposing
[03/11/2021 06:26:45]
[Information][03/10/2021 18:00:00]
ReInitialized Unitask after Initialization of ECS is complete
[03/11/2021 06:26:45]
[Information][03/10/2021 18:00:00]
Unitask Player loop is ready? True
[03/11/2021 06:26:45]
[Information][03/10/2021 18:00:00]
Initialized Unitask correctly for ECS
[03/11/2021 06:27:00]
[Information][03/10/2021 18:00:00]
Closing Logger and Disposing
[03/11/2021 06:27:48]
[Information][03/10/2021 18:00:00]
ReInitialized Unitask after Initialization of ECS is complete
[03/11/2021 06:27:48]
[Information][03/10/2021 18:00:00]
Unitask Player loop is ready? True
[03/11/2021 06:27:48]
[Information][03/10/2021 18:00:00]
Initialized Unitask correctly for ECS
[03/11/2021 06:27:53]
[Information][03/10/2021 18:00:00]
Closing Logger and Disposing
[03/11/2021 06:30:46]
[Information][03/10/2021 18:00:00]
ReInitialized Unitask after Initialization of ECS is complete
[03/11/2021 06:30:46]
[Information][03/10/2021 18:00:00]
Unitask Player loop is ready? True
[03/11/2021 06:30:46]
[Information][03/10/2021 18:00:00]
Initialized Unitask correctly for ECS
[03/11/2021 06:30:50]
[Information][03/10/2021 18:00:00]
Closing Logger and Disposing
[03/11/2021 07:01:17]
[Information][03/10/2021 18:00:00]
ReInitialized Unitask after Initialization of ECS is complete
[03/11/2021 07:01:17]
[Information][03/10/2021 18:00:00]
Unitask Player loop is ready? True
[03/11/2021 07:01:17]
[Information][03/10/2021 18:00:00]
Initialized Unitask correctly for ECS
[03/11/2021 07:03:46]
[Information][03/10/2021 18:00:00]
Closing Logger and Disposing
[03/11/2021 07:20:42]
[Information][03/10/2021 18:00:00]
ReInitialized Unitask after Initialization of ECS is complete
[03/11/2021 07:20:42]
[Information][03/10/2021 18:00:00]
Unitask Player loop is ready? True
[03/11/2021 07:20:42]
[Information][03/10/2021 18:00:00]
Initialized Unitask correctly for ECS
[03/11/2021 07:20:48]
[Information][03/10/2021 18:00:00]
Closing Logger and Disposing
[03/11/2021 07:25:12]
[Information][03/10/2021 18:00:00]
ReInitialized Unitask after Initialization of ECS is complete
[03/11/2021 07:25:12]
[Information][03/10/2021 18:00:00]
Unitask Player loop is ready? True
[03/11/2021 07:25:12]
[Information][03/10/2021 18:00:00]
Initialized Unitask correctly for ECS
[03/11/2021 07:25:30]
[Information][03/10/2021 18:00:00]
Closing Logger and Disposing
[03/11/2021 07:26:23]
[Information][03/10/2021 18:00:00]
ReInitialized Unitask after Initialization of ECS is complete
[03/11/2021 07:26:23]
[Information][03/10/2021 18:00:00]
Unitask Player loop is ready? True
[03/11/2021 07:26:23]
[Information][03/10/2021 18:00:00]
Initialized Unitask correctly for ECS
[03/11/2021 07:44:38]
[Information][03/10/2021 18:00:00]
Closing Logger and Disposing
[03/11/2021 07:45:03]
[Information][03/10/2021 18:00:00]
ReInitialized Unitask after Initialization of ECS is complete
[03/11/2021 07:45:03]
[Information][03/10/2021 18:00:00]
Unitask Player loop is ready? True
[03/11/2021 07:45:03]
[Information][03/10/2021 18:00:00]
Initialized Unitask correctly for ECS
[03/11/2021 07:45:24]
[Information][03/10/2021 18:00:00]
Closing Logger and Disposing
[03/11/2021 07:46:05]
[Information][03/10/2021 18:00:00]
ReInitialized Unitask after Initialization of ECS is complete
[03/11/2021 07:46:05]
[Information][03/10/2021 18:00:00]
Unitask Player loop is ready? True
[03/11/2021 07:46:05]
[Information][03/10/2021 18:00:00]
Initialized Unitask correctly for ECS
[03/11/2021 07:46:09]
[Information][03/10/2021 18:00:00]
Closing Logger and Disposing
[03/11/2021 07:47:49]
[Information][03/10/2021 18:00:00]
ReInitialized Unitask after Initialization of ECS is complete
[03/11/2021 07:47:49]
[Information][03/10/2021 18:00:00]
Unitask Player loop is ready? True
[03/11/2021 07:47:49]
[Information][03/10/2021 18:00:00]
Initialized Unitask correctly for ECS
[03/11/2021 07:48:01]
[Information][03/10/2021 18:00:00]
Closing Logger and Disposing
[03/11/2021 07:55:48]
[Information][03/10/2021 18:00:00]
ReInitialized Unitask after Initialization of ECS is complete
[03/11/2021 07:55:48]
[Information][03/10/2021 18:00:00]
Unitask Player loop is ready? True
[03/11/2021 07:55:48]
[Information][03/10/2021 18:00:00]
Initialized Unitask correctly for ECS
[03/11/2021 07:55:58]
[Information][03/10/2021 18:00:00]
Closing Logger and Disposing
[03/11/2021 08:01:42]
[Information][03/10/2021 18:00:00]
ReInitialized Unitask after Initialization of ECS is complete
[03/11/2021 08:01:42]
[Information][03/10/2021 18:00:00]
Unitask Player loop is ready? True
[03/11/2021 08:01:42]
[Information][03/10/2021 18:00:00]
Initialized Unitask correctly for ECS
[03/11/2021 08:01:46]
[Information][03/10/2021 18:00:00]
Closing Logger and Disposing
[03/11/2021 08:13:30]
[Information][03/10/2021 18:00:00]
ReInitialized Unitask after Initialization of ECS is complete
[03/11/2021 08:13:30]
[Information][03/10/2021 18:00:00]
Unitask Player loop is ready? True
[03/11/2021 08:13:30]
[Information][03/10/2021 18:00:00]
Initialized Unitask correctly for ECS
[03/11/2021 08:13:41]
[Information][03/10/2021 18:00:00]
Closing Logger and Disposing
[03/11/2021 08:14:18]
[Information][03/10/2021 18:00:00]
ReInitialized Unitask after Initialization of ECS is complete
[03/11/2021 08:14:18]
[Information][03/10/2021 18:00:00]
Unitask Player loop is ready? True
[03/11/2021 08:14:18]
[Information][03/10/2021 18:00:00]
Initialized Unitask correctly for ECS
[03/11/2021 08:14:23]
[Information][03/10/2021 18:00:00]
Closing Logger and Disposing
[03/11/2021 09:52:35]
[Information][03/10/2021 18:00:00]
ReInitialized Unitask after Initialization of ECS is complete
[03/11/2021 09:52:35]
[Information][03/10/2021 18:00:00]
Unitask Player loop is ready? True
[03/11/2021 09:52:35]
[Information][03/10/2021 18:00:00]
Initialized Unitask correctly for ECS
[03/11/2021 09:52:58]
[Information][03/10/2021 18:00:00]
Closing Logger and Disposing
[03/11/2021 10:05:36]
[Information][03/10/2021 18:00:00]
ReInitialized Unitask after Initialization of ECS is complete
[03/11/2021 10:05:36]
[Information][03/10/2021 18:00:00]
Unitask Player loop is ready? True
[03/11/2021 10:05:36]
[Information][03/10/2021 18:00:00]
Initialized Unitask correctly for ECS
[03/11/2021 10:06:02]
[Information][03/10/2021 18:00:00]
Closing Logger and Disposing
[03/11/2021 10:20:28]
[Information][03/10/2021 18:00:00]
ReInitialized Unitask after Initialization of ECS is complete
[03/11/2021 10:20:28]
[Information][03/10/2021 18:00:00]
Unitask Player loop is ready? True
[03/11/2021 10:20:28]
[Information][03/10/2021 18:00:00]
Initialized Unitask correctly for ECS
[03/11/2021 10:20:46]
[Information][03/10/2021 18:00:00]
Closing Logger and Disposing
[03/11/2021 10:35:15]
[Information][03/10/2021 18:00:00]
ReInitialized Unitask after Initialization of ECS is complete
[03/11/2021 10:35:15]
[Information][03/10/2021 18:00:00]
Unitask Player loop is ready? True
[03/11/2021 10:35:15]
[Information][03/10/2021 18:00:00]
Initialized Unitask correctly for ECS
[03/11/2021 10:35:27]
[Information][03/10/2021 18:00:00]
Closing Logger and Disposing
[03/11/2021 10:37:48]
[Information][03/10/2021 18:00:00]
ReInitialized Unitask after Initialization of ECS is complete
[03/11/2021 10:37:48]
[Information][03/10/2021 18:00:00]
Unitask Player loop is ready? True
[03/11/2021 10:37:48]
[Information][03/10/2021 18:00:00]
Initialized Unitask correctly for ECS
[03/11/2021 10:37:55]
[Information][03/10/2021 18:00:00]
Closing Logger and Disposing
[03/11/2021 10:39:44]
[Information][03/10/2021 18:00:00]
ReInitialized Unitask after Initialization of ECS is complete
[03/11/2021 10:39:44]
[Information][03/10/2021 18:00:00]
Unitask Player loop is ready? True
[03/11/2021 10:39:44]
[Information][03/10/2021 18:00:00]
Initialized Unitask correctly for ECS
[03/11/2021 10:40:16]
[Information][03/10/2021 18:00:00]
Closing Logger and Disposing
[03/11/2021 11:03:17]
[Information][03/10/2021 18:00:00]
ReInitialized Unitask after Initialization of ECS is complete
[03/11/2021 11:03:17]
[Information][03/10/2021 18:00:00]
Unitask Player loop is ready? True
[03/11/2021 11:03:17]
[Information][03/10/2021 18:00:00]
Initialized Unitask correctly for ECS
[03/11/2021 11:03:42]
[Information][03/10/2021 18:00:00]
Closing Logger and Disposing
[03/11/2021 11:23:03]
[Information][03/10/2021 18:00:00]
ReInitialized Unitask after Initialization of ECS is complete
[03/11/2021 11:23:03]
[Information][03/10/2021 18:00:00]
Unitask Player loop is ready? True
[03/11/2021 11:23:03]
[Information][03/10/2021 18:00:00]
Initialized Unitask correctly for ECS
[03/11/2021 11:23:15]
[Information][03/10/2021 18:00:00]
Closing Logger and Disposing
[03/11/2021 13:57:12]
[Information][03/10/2021 18:00:00]
ReInitialized Unitask after Initialization of ECS is complete
[03/11/2021 13:57:12]
[Information][03/10/2021 18:00:00]
Unitask Player loop is ready? True
[03/11/2021 13:57:12]
[Information][03/10/2021 18:00:00]
Initialized Unitask correctly for ECS
[03/11/2021 13:57:47]
[Information][03/10/2021 18:00:00]
Closing Logger and Disposing
[03/11/2021 13:58:05]
[Information][03/10/2021 18:00:00]
ReInitialized Unitask after Initialization of ECS is complete
[03/11/2021 13:58:05]
[Information][03/10/2021 18:00:00]
Unitask Player loop is ready? True
[03/11/2021 13:58:05]
[Information][03/10/2021 18:00:00]
Initialized Unitask correctly for ECS
[03/11/2021 13:58:21]
[Information][03/10/2021 18:00:00]
Closing Logger and Disposing
