[10/29/2020 09:22:33]
[Information][10/28/2020 19:00:00]
ReInitialized Unitask after Initialization of ECS is complete
[10/29/2020 09:22:33]
[Information][10/28/2020 19:00:00]
Unitask Player loop is ready? True
[10/29/2020 09:22:33]
[Information][10/28/2020 19:00:00]
Initialized Unitask correctly for ECS
[10/29/2020 09:22:41]
[Information][10/28/2020 19:00:00]
Closing Logger and Disposing
[10/29/2020 09:23:43]
[Information][10/28/2020 19:00:00]
ReInitialized Unitask after Initialization of ECS is complete
[10/29/2020 09:23:43]
[Information][10/28/2020 19:00:00]
Unitask Player loop is ready? True
[10/29/2020 09:23:43]
[Information][10/28/2020 19:00:00]
Initialized Unitask correctly for ECS
[10/29/2020 09:23:50]
[Information][10/28/2020 19:00:00]
Closing Logger and Disposing
[10/29/2020 09:35:10]
[Information][10/28/2020 19:00:00]
ReInitialized Unitask after Initialization of ECS is complete
[10/29/2020 09:35:10]
[Information][10/28/2020 19:00:00]
Unitask Player loop is ready? True
[10/29/2020 09:35:10]
[Information][10/28/2020 19:00:00]
Initialized Unitask correctly for ECS
[10/29/2020 09:35:17]
[Information][10/28/2020 19:00:00]
Closing Logger and Disposing
[10/29/2020 09:35:51]
[Information][10/28/2020 19:00:00]
ReInitialized Unitask after Initialization of ECS is complete
[10/29/2020 09:35:51]
[Information][10/28/2020 19:00:00]
Unitask Player loop is ready? True
[10/29/2020 09:35:51]
[Information][10/28/2020 19:00:00]
Initialized Unitask correctly for ECS
[10/29/2020 09:36:00]
[Information][10/28/2020 19:00:00]
Closing Logger and Disposing
[10/29/2020 09:36:23]
[Information][10/28/2020 19:00:00]
ReInitialized Unitask after Initialization of ECS is complete
[10/29/2020 09:36:23]
[Information][10/28/2020 19:00:00]
Unitask Player loop is ready? True
[10/29/2020 09:36:23]
[Information][10/28/2020 19:00:00]
Initialized Unitask correctly for ECS
[10/29/2020 09:36:28]
[Information][10/28/2020 19:00:00]
Closing Logger and Disposing
[10/29/2020 09:44:51]
[Information][10/28/2020 19:00:00]
ReInitialized Unitask after Initialization of ECS is complete
[10/29/2020 09:44:51]
[Information][10/28/2020 19:00:00]
Unitask Player loop is ready? True
[10/29/2020 09:44:51]
[Information][10/28/2020 19:00:00]
Initialized Unitask correctly for ECS
[10/29/2020 09:50:08]
[Information][10/28/2020 19:00:00]
Closing Logger and Disposing
[10/29/2020 10:02:49]
[Information][10/28/2020 19:00:00]
ReInitialized Unitask after Initialization of ECS is complete
[10/29/2020 10:02:49]
[Information][10/28/2020 19:00:00]
Unitask Player loop is ready? True
[10/29/2020 10:02:49]
[Information][10/28/2020 19:00:00]
Initialized Unitask correctly for ECS
[10/29/2020 10:03:00]
[Information][10/28/2020 19:00:00]
Closing Logger and Disposing
[10/29/2020 10:03:23]
[Information][10/28/2020 19:00:00]
ReInitialized Unitask after Initialization of ECS is complete
[10/29/2020 10:03:23]
[Information][10/28/2020 19:00:00]
Unitask Player loop is ready? True
[10/29/2020 10:03:23]
[Information][10/28/2020 19:00:00]
Initialized Unitask correctly for ECS
[10/29/2020 10:04:33]
[Information][10/28/2020 19:00:00]
Closing Logger and Disposing
[10/29/2020 10:05:02]
[Information][10/28/2020 19:00:00]
ReInitialized Unitask after Initialization of ECS is complete
[10/29/2020 10:05:03]
[Information][10/28/2020 19:00:00]
Unitask Player loop is ready? True
[10/29/2020 10:05:03]
[Information][10/28/2020 19:00:00]
Initialized Unitask correctly for ECS
[10/29/2020 10:05:16]
[Information][10/28/2020 19:00:00]
Closing Logger and Disposing
[10/29/2020 10:30:08]
[Information][10/28/2020 19:00:00]
ReInitialized Unitask after Initialization of ECS is complete
[10/29/2020 10:30:08]
[Information][10/28/2020 19:00:00]
Unitask Player loop is ready? True
[10/29/2020 10:30:08]
[Information][10/28/2020 19:00:00]
Initialized Unitask correctly for ECS
[10/29/2020 10:30:15]
[Information][10/28/2020 19:00:00]
Closing Logger and Disposing
[10/29/2020 10:31:05]
[Information][10/28/2020 19:00:00]
ReInitialized Unitask after Initialization of ECS is complete
[10/29/2020 10:31:05]
[Information][10/28/2020 19:00:00]
Unitask Player loop is ready? True
[10/29/2020 10:31:05]
[Information][10/28/2020 19:00:00]
Initialized Unitask correctly for ECS
[10/29/2020 10:31:18]
[Information][10/28/2020 19:00:00]
Closing Logger and Disposing
[10/29/2020 10:32:08]
[Information][10/28/2020 19:00:00]
ReInitialized Unitask after Initialization of ECS is complete
[10/29/2020 10:32:08]
[Information][10/28/2020 19:00:00]
Unitask Player loop is ready? True
[10/29/2020 10:32:08]
[Information][10/28/2020 19:00:00]
Initialized Unitask correctly for ECS
[10/29/2020 10:32:16]
[Information][10/28/2020 19:00:00]
Closing Logger and Disposing
[10/29/2020 10:40:23]
[Information][10/28/2020 19:00:00]
ReInitialized Unitask after Initialization of ECS is complete
[10/29/2020 10:40:23]
[Information][10/28/2020 19:00:00]
Unitask Player loop is ready? True
[10/29/2020 10:40:23]
[Information][10/28/2020 19:00:00]
Initialized Unitask correctly for ECS
[10/29/2020 10:40:39]
[Information][10/28/2020 19:00:00]
Closing Logger and Disposing
[10/29/2020 10:46:40]
[Information][10/28/2020 19:00:00]
ReInitialized Unitask after Initialization of ECS is complete
[10/29/2020 10:46:40]
[Information][10/28/2020 19:00:00]
Unitask Player loop is ready? True
[10/29/2020 10:46:40]
[Information][10/28/2020 19:00:00]
Initialized Unitask correctly for ECS
[10/29/2020 10:46:50]
[Information][10/28/2020 19:00:00]
Closing Logger and Disposing
[10/29/2020 10:48:02]
[Information][10/28/2020 19:00:00]
ReInitialized Unitask after Initialization of ECS is complete
[10/29/2020 10:48:02]
[Information][10/28/2020 19:00:00]
Unitask Player loop is ready? True
[10/29/2020 10:48:02]
[Information][10/28/2020 19:00:00]
Initialized Unitask correctly for ECS
[10/29/2020 10:48:11]
[Information][10/28/2020 19:00:00]
Closing Logger and Disposing
[10/29/2020 10:48:48]
[Information][10/28/2020 19:00:00]
ReInitialized Unitask after Initialization of ECS is complete
[10/29/2020 10:48:48]
[Information][10/28/2020 19:00:00]
Unitask Player loop is ready? True
[10/29/2020 10:48:48]
[Information][10/28/2020 19:00:00]
Initialized Unitask correctly for ECS
[10/29/2020 10:48:57]
[Information][10/28/2020 19:00:00]
Closing Logger and Disposing
[10/29/2020 10:49:16]
[Information][10/28/2020 19:00:00]
ReInitialized Unitask after Initialization of ECS is complete
[10/29/2020 10:49:16]
[Information][10/28/2020 19:00:00]
Unitask Player loop is ready? True
[10/29/2020 10:49:16]
[Information][10/28/2020 19:00:00]
Initialized Unitask correctly for ECS
[10/29/2020 10:49:55]
[Information][10/28/2020 19:00:00]
Closing Logger and Disposing
[10/29/2020 11:39:03]
[Information][10/28/2020 19:00:00]
ReInitialized Unitask after Initialization of ECS is complete
[10/29/2020 11:39:03]
[Information][10/28/2020 19:00:00]
Unitask Player loop is ready? True
[10/29/2020 11:39:03]
[Information][10/28/2020 19:00:00]
Initialized Unitask correctly for ECS
[10/29/2020 11:39:14]
[Information][10/28/2020 19:00:00]
Closing Logger and Disposing
[10/29/2020 12:47:30]
[Information][10/28/2020 19:00:00]
ReInitialized Unitask after Initialization of ECS is complete
[10/29/2020 12:47:30]
[Information][10/28/2020 19:00:00]
Unitask Player loop is ready? True
[10/29/2020 12:47:30]
[Information][10/28/2020 19:00:00]
Initialized Unitask correctly for ECS
[10/29/2020 12:47:45]
[Information][10/28/2020 19:00:00]
Closing Logger and Disposing
[10/29/2020 12:52:36]
[Information][10/28/2020 19:00:00]
ReInitialized Unitask after Initialization of ECS is complete
[10/29/2020 12:52:36]
[Information][10/28/2020 19:00:00]
Unitask Player loop is ready? True
[10/29/2020 12:52:36]
[Information][10/28/2020 19:00:00]
Initialized Unitask correctly for ECS
[10/29/2020 12:53:05]
[Information][10/28/2020 19:00:00]
Closing Logger and Disposing
[10/29/2020 12:54:15]
[Information][10/28/2020 19:00:00]
ReInitialized Unitask after Initialization of ECS is complete
[10/29/2020 12:54:15]
[Information][10/28/2020 19:00:00]
Unitask Player loop is ready? True
[10/29/2020 12:54:15]
[Information][10/28/2020 19:00:00]
Initialized Unitask correctly for ECS
[10/29/2020 12:54:28]
[Information][10/28/2020 19:00:00]
Closing Logger and Disposing
[10/29/2020 12:54:54]
[Information][10/28/2020 19:00:00]
ReInitialized Unitask after Initialization of ECS is complete
[10/29/2020 12:54:54]
[Information][10/28/2020 19:00:00]
Unitask Player loop is ready? True
[10/29/2020 12:54:54]
[Information][10/28/2020 19:00:00]
Initialized Unitask correctly for ECS
[10/29/2020 12:55:01]
[Information][10/28/2020 19:00:00]
Closing Logger and Disposing
[10/29/2020 12:56:45]
[Information][10/28/2020 19:00:00]
ReInitialized Unitask after Initialization of ECS is complete
[10/29/2020 12:56:45]
[Information][10/28/2020 19:00:00]
Unitask Player loop is ready? True
[10/29/2020 12:56:45]
[Information][10/28/2020 19:00:00]
Initialized Unitask correctly for ECS
[10/29/2020 12:57:29]
[Information][10/28/2020 19:00:00]
Closing Logger and Disposing
[10/29/2020 13:07:07]
[Information][10/28/2020 19:00:00]
ReInitialized Unitask after Initialization of ECS is complete
[10/29/2020 13:07:07]
[Information][10/28/2020 19:00:00]
Unitask Player loop is ready? True
[10/29/2020 13:07:07]
[Information][10/28/2020 19:00:00]
Initialized Unitask correctly for ECS
[10/29/2020 13:07:23]
[Information][10/28/2020 19:00:00]
Closing Logger and Disposing
[10/29/2020 13:19:26]
[Information][10/28/2020 19:00:00]
ReInitialized Unitask after Initialization of ECS is complete
[10/29/2020 13:19:26]
[Information][10/28/2020 19:00:00]
Unitask Player loop is ready? True
[10/29/2020 13:19:26]
[Information][10/28/2020 19:00:00]
Initialized Unitask correctly for ECS
[10/29/2020 13:19:31]
[Information][10/28/2020 19:00:00]
AssetReference Asset is Null. 
Can't load nothing from the AssetAddress.
[10/29/2020 13:19:32]
[Information][10/28/2020 19:00:00]
AssetReference Asset is Null. 
Can't load nothing from the AssetAddress.
[10/29/2020 13:19:33]
[Information][10/28/2020 19:00:00]
AssetReference Asset is Null. 
Can't load nothing from the AssetAddress.
[10/29/2020 13:19:36]
[Information][10/28/2020 19:00:00]
Closing Logger and Disposing
[10/29/2020 13:20:10]
[Information][10/28/2020 19:00:00]
ReInitialized Unitask after Initialization of ECS is complete
[10/29/2020 13:20:10]
[Information][10/28/2020 19:00:00]
Unitask Player loop is ready? True
[10/29/2020 13:20:10]
[Information][10/28/2020 19:00:00]
Initialized Unitask correctly for ECS
[10/29/2020 13:20:53]
[Information][10/28/2020 19:00:00]
Closing Logger and Disposing
[10/29/2020 13:22:01]
[Information][10/28/2020 19:00:00]
ReInitialized Unitask after Initialization of ECS is complete
[10/29/2020 13:22:01]
[Information][10/28/2020 19:00:00]
Unitask Player loop is ready? True
[10/29/2020 13:22:01]
[Information][10/28/2020 19:00:00]
Initialized Unitask correctly for ECS
[10/29/2020 13:22:34]
[Information][10/28/2020 19:00:00]
Closing Logger and Disposing
[10/29/2020 13:23:14]
[Information][10/28/2020 19:00:00]
ReInitialized Unitask after Initialization of ECS is complete
[10/29/2020 13:23:14]
[Information][10/28/2020 19:00:00]
Unitask Player loop is ready? True
[10/29/2020 13:23:14]
[Information][10/28/2020 19:00:00]
Initialized Unitask correctly for ECS
[10/29/2020 13:23:37]
[Information][10/28/2020 19:00:00]
Closing Logger and Disposing
[10/29/2020 13:24:17]
[Information][10/28/2020 19:00:00]
ReInitialized Unitask after Initialization of ECS is complete
[10/29/2020 13:24:17]
[Information][10/28/2020 19:00:00]
Unitask Player loop is ready? True
[10/29/2020 13:24:17]
[Information][10/28/2020 19:00:00]
Initialized Unitask correctly for ECS
[10/29/2020 13:24:36]
[Information][10/28/2020 19:00:00]
Closing Logger and Disposing
[10/29/2020 13:28:45]
[Information][10/28/2020 19:00:00]
ReInitialized Unitask after Initialization of ECS is complete
[10/29/2020 13:28:45]
[Information][10/28/2020 19:00:00]
Unitask Player loop is ready? True
[10/29/2020 13:28:45]
[Information][10/28/2020 19:00:00]
Initialized Unitask correctly for ECS
[10/29/2020 13:29:35]
[Information][10/28/2020 19:00:00]
Closing Logger and Disposing
[10/29/2020 13:30:25]
[Information][10/28/2020 19:00:00]
ReInitialized Unitask after Initialization of ECS is complete
[10/29/2020 13:30:25]
[Information][10/28/2020 19:00:00]
Unitask Player loop is ready? True
[10/29/2020 13:30:25]
[Information][10/28/2020 19:00:00]
Initialized Unitask correctly for ECS
[10/29/2020 13:30:52]
[Information][10/28/2020 19:00:00]
Closing Logger and Disposing
[10/29/2020 13:33:08]
[Information][10/28/2020 19:00:00]
ReInitialized Unitask after Initialization of ECS is complete
[10/29/2020 13:33:08]
[Information][10/28/2020 19:00:00]
Unitask Player loop is ready? True
[10/29/2020 13:33:08]
[Information][10/28/2020 19:00:00]
Initialized Unitask correctly for ECS
[10/29/2020 13:33:22]
[Information][10/28/2020 19:00:00]
Closing Logger and Disposing
[10/29/2020 14:06:47]
[Information][10/28/2020 19:00:00]
ReInitialized Unitask after Initialization of ECS is complete
[10/29/2020 14:06:47]
[Information][10/28/2020 19:00:00]
Unitask Player loop is ready? True
[10/29/2020 14:06:47]
[Information][10/28/2020 19:00:00]
Initialized Unitask correctly for ECS
[10/29/2020 14:07:22]
[Information][10/28/2020 19:00:00]
Closing Logger and Disposing
[10/29/2020 14:10:08]
[Information][10/28/2020 19:00:00]
ReInitialized Unitask after Initialization of ECS is complete
[10/29/2020 14:10:08]
[Information][10/28/2020 19:00:00]
Unitask Player loop is ready? True
[10/29/2020 14:10:08]
[Information][10/28/2020 19:00:00]
Initialized Unitask correctly for ECS
[10/29/2020 14:10:19]
[Information][10/28/2020 19:00:00]
Closing Logger and Disposing
[10/29/2020 14:11:24]
[Information][10/28/2020 19:00:00]
ReInitialized Unitask after Initialization of ECS is complete
[10/29/2020 14:11:24]
[Information][10/28/2020 19:00:00]
Unitask Player loop is ready? True
[10/29/2020 14:11:24]
[Information][10/28/2020 19:00:00]
Initialized Unitask correctly for ECS
[10/29/2020 14:11:56]
[Information][10/28/2020 19:00:00]
Closing Logger and Disposing
[10/29/2020 14:12:25]
[Information][10/28/2020 19:00:00]
ReInitialized Unitask after Initialization of ECS is complete
[10/29/2020 14:12:25]
[Information][10/28/2020 19:00:00]
Unitask Player loop is ready? True
[10/29/2020 14:12:25]
[Information][10/28/2020 19:00:00]
Initialized Unitask correctly for ECS
[10/29/2020 14:12:31]
[Information][10/28/2020 19:00:00]
Closing Logger and Disposing
[10/29/2020 14:12:59]
[Information][10/28/2020 19:00:00]
ReInitialized Unitask after Initialization of ECS is complete
[10/29/2020 14:12:59]
[Information][10/28/2020 19:00:00]
Unitask Player loop is ready? True
[10/29/2020 14:12:59]
[Information][10/28/2020 19:00:00]
Initialized Unitask correctly for ECS
[10/29/2020 14:16:57]
[Information][10/28/2020 19:00:00]
Closing Logger and Disposing
[10/29/2020 14:30:26]
[Information][10/28/2020 19:00:00]
ReInitialized Unitask after Initialization of ECS is complete
[10/29/2020 14:30:26]
[Information][10/28/2020 19:00:00]
Unitask Player loop is ready? True
[10/29/2020 14:30:26]
[Information][10/28/2020 19:00:00]
Initialized Unitask correctly for ECS
[10/29/2020 14:30:35]
[Information][10/28/2020 19:00:00]
Closing Logger and Disposing
[10/29/2020 14:31:05]
[Information][10/28/2020 19:00:00]
ReInitialized Unitask after Initialization of ECS is complete
[10/29/2020 14:31:05]
[Information][10/28/2020 19:00:00]
Unitask Player loop is ready? True
[10/29/2020 14:31:05]
[Information][10/28/2020 19:00:00]
Initialized Unitask correctly for ECS
[10/29/2020 14:31:13]
[Information][10/28/2020 19:00:00]
Closing Logger and Disposing
[10/29/2020 14:31:31]
[Information][10/28/2020 19:00:00]
ReInitialized Unitask after Initialization of ECS is complete
[10/29/2020 14:31:31]
[Information][10/28/2020 19:00:00]
Unitask Player loop is ready? True
[10/29/2020 14:31:31]
[Information][10/28/2020 19:00:00]
Initialized Unitask correctly for ECS
[10/29/2020 14:31:48]
[Information][10/28/2020 19:00:00]
Closing Logger and Disposing
[10/29/2020 14:32:26]
[Information][10/28/2020 19:00:00]
ReInitialized Unitask after Initialization of ECS is complete
[10/29/2020 14:32:26]
[Information][10/28/2020 19:00:00]
Unitask Player loop is ready? True
[10/29/2020 14:32:26]
[Information][10/28/2020 19:00:00]
Initialized Unitask correctly for ECS
[10/29/2020 14:32:40]
[Information][10/28/2020 19:00:00]
Closing Logger and Disposing
[10/29/2020 14:35:16]
[Information][10/28/2020 19:00:00]
ReInitialized Unitask after Initialization of ECS is complete
[10/29/2020 14:35:16]
[Information][10/28/2020 19:00:00]
Unitask Player loop is ready? True
[10/29/2020 14:35:16]
[Information][10/28/2020 19:00:00]
Initialized Unitask correctly for ECS
[10/29/2020 14:35:22]
[Information][10/28/2020 19:00:00]
Closing Logger and Disposing
[10/29/2020 14:35:54]
[Information][10/28/2020 19:00:00]
ReInitialized Unitask after Initialization of ECS is complete
[10/29/2020 14:35:54]
[Information][10/28/2020 19:00:00]
Unitask Player loop is ready? True
[10/29/2020 14:35:54]
[Information][10/28/2020 19:00:00]
Initialized Unitask correctly for ECS
[10/29/2020 14:36:01]
[Information][10/28/2020 19:00:00]
Closing Logger and Disposing
[10/29/2020 14:36:16]
[Information][10/28/2020 19:00:00]
ReInitialized Unitask after Initialization of ECS is complete
[10/29/2020 14:36:16]
[Information][10/28/2020 19:00:00]
Unitask Player loop is ready? True
[10/29/2020 14:36:16]
[Information][10/28/2020 19:00:00]
Initialized Unitask correctly for ECS
[10/29/2020 14:36:36]
[Information][10/28/2020 19:00:00]
Closing Logger and Disposing
[10/29/2020 14:40:18]
[Information][10/28/2020 19:00:00]
ReInitialized Unitask after Initialization of ECS is complete
[10/29/2020 14:40:18]
[Information][10/28/2020 19:00:00]
Unitask Player loop is ready? True
[10/29/2020 14:40:18]
[Information][10/28/2020 19:00:00]
Initialized Unitask correctly for ECS
[10/29/2020 14:40:27]
[Information][10/28/2020 19:00:00]
Closing Logger and Disposing
[10/29/2020 14:43:48]
[Information][10/28/2020 19:00:00]
ReInitialized Unitask after Initialization of ECS is complete
[10/29/2020 14:43:48]
[Information][10/28/2020 19:00:00]
Unitask Player loop is ready? True
[10/29/2020 14:43:48]
[Information][10/28/2020 19:00:00]
Initialized Unitask correctly for ECS
[10/29/2020 14:43:54]
[Information][10/28/2020 19:00:00]
Closing Logger and Disposing
[10/29/2020 14:52:54]
[Information][10/28/2020 19:00:00]
ReInitialized Unitask after Initialization of ECS is complete
[10/29/2020 14:52:54]
[Information][10/28/2020 19:00:00]
Unitask Player loop is ready? True
[10/29/2020 14:52:54]
[Information][10/28/2020 19:00:00]
Initialized Unitask correctly for ECS
[10/29/2020 14:53:08]
[Information][10/28/2020 19:00:00]
Closing Logger and Disposing
[10/29/2020 14:53:26]
[Information][10/28/2020 19:00:00]
ReInitialized Unitask after Initialization of ECS is complete
[10/29/2020 14:53:26]
[Information][10/28/2020 19:00:00]
Unitask Player loop is ready? True
[10/29/2020 14:53:26]
[Information][10/28/2020 19:00:00]
Initialized Unitask correctly for ECS
[10/29/2020 14:54:23]
[Information][10/28/2020 19:00:00]
Closing Logger and Disposing
[10/29/2020 14:54:56]
[Information][10/28/2020 19:00:00]
ReInitialized Unitask after Initialization of ECS is complete
[10/29/2020 14:54:56]
[Information][10/28/2020 19:00:00]
Unitask Player loop is ready? True
[10/29/2020 14:54:56]
[Information][10/28/2020 19:00:00]
Initialized Unitask correctly for ECS
[10/29/2020 14:55:06]
[Information][10/28/2020 19:00:00]
Closing Logger and Disposing
[10/29/2020 14:56:02]
[Information][10/28/2020 19:00:00]
ReInitialized Unitask after Initialization of ECS is complete
[10/29/2020 14:56:02]
[Information][10/28/2020 19:00:00]
Unitask Player loop is ready? True
[10/29/2020 14:56:02]
[Information][10/28/2020 19:00:00]
Initialized Unitask correctly for ECS
[10/29/2020 14:56:08]
[Information][10/28/2020 19:00:00]
Closing Logger and Disposing
[10/29/2020 16:05:09]
[Information][10/28/2020 19:00:00]
ReInitialized Unitask after Initialization of ECS is complete
[10/29/2020 16:05:09]
[Information][10/28/2020 19:00:00]
Unitask Player loop is ready? True
[10/29/2020 16:05:09]
[Information][10/28/2020 19:00:00]
Initialized Unitask correctly for ECS
[10/29/2020 16:05:25]
[Information][10/28/2020 19:00:00]
Closing Logger and Disposing
[10/29/2020 16:13:43]
[Information][10/28/2020 19:00:00]
ReInitialized Unitask after Initialization of ECS is complete
[10/29/2020 16:13:43]
[Information][10/28/2020 19:00:00]
Unitask Player loop is ready? True
[10/29/2020 16:13:43]
[Information][10/28/2020 19:00:00]
Initialized Unitask correctly for ECS
[10/29/2020 16:14:02]
[Information][10/28/2020 19:00:00]
Closing Logger and Disposing
[10/29/2020 16:16:04]
[Information][10/28/2020 19:00:00]
ReInitialized Unitask after Initialization of ECS is complete
[10/29/2020 16:16:04]
[Information][10/28/2020 19:00:00]
Unitask Player loop is ready? True
[10/29/2020 16:16:04]
[Information][10/28/2020 19:00:00]
Initialized Unitask correctly for ECS
[10/29/2020 16:16:18]
[Information][10/28/2020 19:00:00]
Closing Logger and Disposing
[10/29/2020 16:17:30]
[Information][10/28/2020 19:00:00]
ReInitialized Unitask after Initialization of ECS is complete
[10/29/2020 16:17:30]
[Information][10/28/2020 19:00:00]
Unitask Player loop is ready? True
[10/29/2020 16:17:30]
[Information][10/28/2020 19:00:00]
Initialized Unitask correctly for ECS
[10/29/2020 16:17:39]
[Information][10/28/2020 19:00:00]
Closing Logger and Disposing
[10/29/2020 16:18:33]
[Information][10/28/2020 19:00:00]
ReInitialized Unitask after Initialization of ECS is complete
[10/29/2020 16:18:33]
[Information][10/28/2020 19:00:00]
Unitask Player loop is ready? True
[10/29/2020 16:18:33]
[Information][10/28/2020 19:00:00]
Initialized Unitask correctly for ECS
[10/29/2020 16:18:43]
[Information][10/28/2020 19:00:00]
Closing Logger and Disposing
[10/29/2020 16:24:12]
[Information][10/28/2020 19:00:00]
ReInitialized Unitask after Initialization of ECS is complete
[10/29/2020 16:24:12]
[Information][10/28/2020 19:00:00]
Unitask Player loop is ready? True
[10/29/2020 16:24:12]
[Information][10/28/2020 19:00:00]
Initialized Unitask correctly for ECS
[10/29/2020 16:24:20]
[Information][10/28/2020 19:00:00]
Closing Logger and Disposing
[10/29/2020 16:25:56]
[Information][10/28/2020 19:00:00]
ReInitialized Unitask after Initialization of ECS is complete
[10/29/2020 16:25:56]
[Information][10/28/2020 19:00:00]
Unitask Player loop is ready? True
[10/29/2020 16:25:56]
[Information][10/28/2020 19:00:00]
Initialized Unitask correctly for ECS
[10/29/2020 16:26:07]
[Information][10/28/2020 19:00:00]
Closing Logger and Disposing
[10/29/2020 16:31:42]
[Information][10/28/2020 19:00:00]
ReInitialized Unitask after Initialization of ECS is complete
[10/29/2020 16:31:42]
[Information][10/28/2020 19:00:00]
Unitask Player loop is ready? True
[10/29/2020 16:31:42]
[Information][10/28/2020 19:00:00]
Initialized Unitask correctly for ECS
[10/29/2020 16:32:44]
[Information][10/28/2020 19:00:00]
Closing Logger and Disposing
[10/29/2020 16:33:18]
[Information][10/28/2020 19:00:00]
ReInitialized Unitask after Initialization of ECS is complete
[10/29/2020 16:33:18]
[Information][10/28/2020 19:00:00]
Unitask Player loop is ready? True
[10/29/2020 16:33:18]
[Information][10/28/2020 19:00:00]
Initialized Unitask correctly for ECS
[10/29/2020 16:34:37]
[Information][10/28/2020 19:00:00]
Closing Logger and Disposing
[10/29/2020 16:34:56]
[Information][10/28/2020 19:00:00]
ReInitialized Unitask after Initialization of ECS is complete
[10/29/2020 16:34:56]
[Information][10/28/2020 19:00:00]
Unitask Player loop is ready? True
[10/29/2020 16:34:56]
[Information][10/28/2020 19:00:00]
Initialized Unitask correctly for ECS
[10/29/2020 16:35:25]
[Information][10/28/2020 19:00:00]
Closing Logger and Disposing
[10/29/2020 16:48:20]
[Information][10/28/2020 19:00:00]
ReInitialized Unitask after Initialization of ECS is complete
[10/29/2020 16:48:20]
[Information][10/28/2020 19:00:00]
Unitask Player loop is ready? True
[10/29/2020 16:48:20]
[Information][10/28/2020 19:00:00]
Initialized Unitask correctly for ECS
[10/29/2020 16:51:56]
[Information][10/28/2020 19:00:00]
Closing Logger and Disposing
[10/29/2020 16:53:13]
[Information][10/28/2020 19:00:00]
ReInitialized Unitask after Initialization of ECS is complete
[10/29/2020 16:53:13]
[Information][10/28/2020 19:00:00]
Unitask Player loop is ready? True
[10/29/2020 16:53:13]
[Information][10/28/2020 19:00:00]
Initialized Unitask correctly for ECS
[10/29/2020 16:53:17]
[Information][10/28/2020 19:00:00]
Closing Logger and Disposing
[10/29/2020 17:05:26]
[Information][10/28/2020 19:00:00]
ReInitialized Unitask after Initialization of ECS is complete
[10/29/2020 17:05:26]
[Information][10/28/2020 19:00:00]
Unitask Player loop is ready? True
[10/29/2020 17:05:26]
[Information][10/28/2020 19:00:00]
Initialized Unitask correctly for ECS
[10/29/2020 17:08:48]
[Information][10/28/2020 19:00:00]
Closing Logger and Disposing
[10/29/2020 17:13:36]
[Information][10/28/2020 19:00:00]
ReInitialized Unitask after Initialization of ECS is complete
[10/29/2020 17:13:36]
[Information][10/28/2020 19:00:00]
Unitask Player loop is ready? True
[10/29/2020 17:13:36]
[Information][10/28/2020 19:00:00]
Initialized Unitask correctly for ECS
[10/29/2020 17:13:49]
[Information][10/28/2020 19:00:00]
Closing Logger and Disposing
[10/29/2020 17:15:22]
[Information][10/28/2020 19:00:00]
ReInitialized Unitask after Initialization of ECS is complete
[10/29/2020 17:15:22]
[Information][10/28/2020 19:00:00]
Unitask Player loop is ready? True
[10/29/2020 17:15:22]
[Information][10/28/2020 19:00:00]
Initialized Unitask correctly for ECS
[10/29/2020 17:15:34]
[Information][10/28/2020 19:00:00]
Closing Logger and Disposing
[10/29/2020 17:16:02]
[Information][10/28/2020 19:00:00]
ReInitialized Unitask after Initialization of ECS is complete
[10/29/2020 17:16:02]
[Information][10/28/2020 19:00:00]
Unitask Player loop is ready? True
[10/29/2020 17:16:02]
[Information][10/28/2020 19:00:00]
Initialized Unitask correctly for ECS
[10/29/2020 17:16:15]
[Information][10/28/2020 19:00:00]
Closing Logger and Disposing
[10/29/2020 17:16:48]
[Information][10/28/2020 19:00:00]
ReInitialized Unitask after Initialization of ECS is complete
[10/29/2020 17:16:48]
[Information][10/28/2020 19:00:00]
Unitask Player loop is ready? True
[10/29/2020 17:16:48]
[Information][10/28/2020 19:00:00]
Initialized Unitask correctly for ECS
[10/29/2020 17:17:01]
[Information][10/28/2020 19:00:00]
Closing Logger and Disposing
[10/29/2020 17:17:47]
[Information][10/28/2020 19:00:00]
ReInitialized Unitask after Initialization of ECS is complete
[10/29/2020 17:17:47]
[Information][10/28/2020 19:00:00]
Unitask Player loop is ready? True
[10/29/2020 17:17:47]
[Information][10/28/2020 19:00:00]
Initialized Unitask correctly for ECS
[10/29/2020 17:18:53]
[Information][10/28/2020 19:00:00]
Closing Logger and Disposing
[10/29/2020 17:21:23]
[Information][10/28/2020 19:00:00]
ReInitialized Unitask after Initialization of ECS is complete
[10/29/2020 17:21:23]
[Information][10/28/2020 19:00:00]
Unitask Player loop is ready? True
[10/29/2020 17:21:23]
[Information][10/28/2020 19:00:00]
Initialized Unitask correctly for ECS
[10/29/2020 17:23:09]
[Information][10/28/2020 19:00:00]
Closing Logger and Disposing
[10/29/2020 17:43:26]
[Information][10/28/2020 19:00:00]
ReInitialized Unitask after Initialization of ECS is complete
[10/29/2020 17:43:26]
[Information][10/28/2020 19:00:00]
Unitask Player loop is ready? True
[10/29/2020 17:43:26]
[Information][10/28/2020 19:00:00]
Initialized Unitask correctly for ECS
[10/29/2020 17:43:35]
[Information][10/28/2020 19:00:00]
Closing Logger and Disposing
[10/29/2020 18:12:53]
[Information][10/28/2020 19:00:00]
ReInitialized Unitask after Initialization of ECS is complete
[10/29/2020 18:12:53]
[Information][10/28/2020 19:00:00]
Unitask Player loop is ready? True
[10/29/2020 18:12:53]
[Information][10/28/2020 19:00:00]
Initialized Unitask correctly for ECS
[10/29/2020 18:13:53]
[Information][10/28/2020 19:00:00]
Closing Logger and Disposing
[10/29/2020 18:17:58]
[Information][10/28/2020 19:00:00]
ReInitialized Unitask after Initialization of ECS is complete
[10/29/2020 18:17:58]
[Information][10/28/2020 19:00:00]
Unitask Player loop is ready? True
[10/29/2020 18:17:58]
[Information][10/28/2020 19:00:00]
Initialized Unitask correctly for ECS
[10/29/2020 18:19:11]
[Information][10/28/2020 19:00:00]
Closing Logger and Disposing
[10/29/2020 18:22:00]
[Information][10/28/2020 19:00:00]
ReInitialized Unitask after Initialization of ECS is complete
[10/29/2020 18:22:00]
[Information][10/28/2020 19:00:00]
Unitask Player loop is ready? True
[10/29/2020 18:22:00]
[Information][10/28/2020 19:00:00]
Initialized Unitask correctly for ECS
[10/29/2020 18:22:06]
[Information][10/28/2020 19:00:00]
Closing Logger and Disposing
[10/29/2020 18:22:34]
[Information][10/28/2020 19:00:00]
ReInitialized Unitask after Initialization of ECS is complete
[10/29/2020 18:22:34]
[Information][10/28/2020 19:00:00]
Unitask Player loop is ready? True
[10/29/2020 18:22:34]
[Information][10/28/2020 19:00:00]
Initialized Unitask correctly for ECS
[10/29/2020 18:22:48]
[Information][10/28/2020 19:00:00]
Closing Logger and Disposing
[10/29/2020 20:24:41]
[Information][10/29/2020 19:00:00]
ReInitialized Unitask after Initialization of ECS is complete
[10/29/2020 20:24:41]
[Information][10/29/2020 19:00:00]
Unitask Player loop is ready? True
[10/29/2020 20:24:41]
[Information][10/29/2020 19:00:00]
Initialized Unitask correctly for ECS
[10/29/2020 20:28:36]
[Information][10/29/2020 19:00:00]
Closing Logger and Disposing
[10/29/2020 20:31:13]
[Information][10/29/2020 19:00:00]
ReInitialized Unitask after Initialization of ECS is complete
[10/29/2020 20:31:13]
[Information][10/29/2020 19:00:00]
Unitask Player loop is ready? True
[10/29/2020 20:31:13]
[Information][10/29/2020 19:00:00]
Initialized Unitask correctly for ECS
[10/29/2020 20:32:50]
[Information][10/29/2020 19:00:00]
Closing Logger and Disposing
[10/29/2020 20:34:20]
[Information][10/29/2020 19:00:00]
ReInitialized Unitask after Initialization of ECS is complete
[10/29/2020 20:34:20]
[Information][10/29/2020 19:00:00]
Unitask Player loop is ready? True
[10/29/2020 20:34:20]
[Information][10/29/2020 19:00:00]
Initialized Unitask correctly for ECS
[10/29/2020 20:34:40]
[Information][10/29/2020 19:00:00]
Closing Logger and Disposing
[10/29/2020 20:35:42]
[Information][10/29/2020 19:00:00]
ReInitialized Unitask after Initialization of ECS is complete
[10/29/2020 20:35:42]
[Information][10/29/2020 19:00:00]
Unitask Player loop is ready? True
[10/29/2020 20:35:42]
[Information][10/29/2020 19:00:00]
Initialized Unitask correctly for ECS
[10/29/2020 20:36:31]
[Information][10/29/2020 19:00:00]
Closing Logger and Disposing
[10/29/2020 20:53:06]
[Information][10/29/2020 19:00:00]
ReInitialized Unitask after Initialization of ECS is complete
[10/29/2020 20:53:06]
[Information][10/29/2020 19:00:00]
Unitask Player loop is ready? True
[10/29/2020 20:53:06]
[Information][10/29/2020 19:00:00]
Initialized Unitask correctly for ECS
[10/29/2020 20:53:09]
[Information][10/29/2020 19:00:00]
Closing Logger and Disposing
[10/29/2020 20:55:57]
[Information][10/29/2020 19:00:00]
ReInitialized Unitask after Initialization of ECS is complete
[10/29/2020 20:55:58]
[Information][10/29/2020 19:00:00]
Unitask Player loop is ready? True
[10/29/2020 20:55:58]
[Information][10/29/2020 19:00:00]
Initialized Unitask correctly for ECS
[10/29/2020 20:56:13]
[Information][10/29/2020 19:00:00]
Closing Logger and Disposing
[10/29/2020 20:57:32]
[Information][10/29/2020 19:00:00]
ReInitialized Unitask after Initialization of ECS is complete
[10/29/2020 20:57:32]
[Information][10/29/2020 19:00:00]
Unitask Player loop is ready? True
[10/29/2020 20:57:32]
[Information][10/29/2020 19:00:00]
Initialized Unitask correctly for ECS
[10/29/2020 20:57:45]
[Information][10/29/2020 19:00:00]
Closing Logger and Disposing
[10/29/2020 21:02:21]
[Information][10/29/2020 19:00:00]
ReInitialized Unitask after Initialization of ECS is complete
[10/29/2020 21:02:21]
[Information][10/29/2020 19:00:00]
Unitask Player loop is ready? True
[10/29/2020 21:02:21]
[Information][10/29/2020 19:00:00]
Initialized Unitask correctly for ECS
[10/29/2020 21:02:27]
[Information][10/29/2020 19:00:00]
Closing Logger and Disposing
[10/29/2020 21:10:07]
[Information][10/29/2020 19:00:00]
ReInitialized Unitask after Initialization of ECS is complete
[10/29/2020 21:10:07]
[Information][10/29/2020 19:00:00]
Unitask Player loop is ready? True
[10/29/2020 21:10:07]
[Information][10/29/2020 19:00:00]
Initialized Unitask correctly for ECS
[10/29/2020 21:11:05]
[Information][10/29/2020 19:00:00]
Closing Logger and Disposing
[10/29/2020 21:12:08]
[Information][10/29/2020 19:00:00]
ReInitialized Unitask after Initialization of ECS is complete
[10/29/2020 21:12:08]
[Information][10/29/2020 19:00:00]
Unitask Player loop is ready? True
[10/29/2020 21:12:08]
[Information][10/29/2020 19:00:00]
Initialized Unitask correctly for ECS
[10/29/2020 21:12:12]
[Information][10/29/2020 19:00:00]
Closing Logger and Disposing
[10/29/2020 21:31:11]
[Information][10/29/2020 19:00:00]
ReInitialized Unitask after Initialization of ECS is complete
[10/29/2020 21:31:11]
[Information][10/29/2020 19:00:00]
Unitask Player loop is ready? True
[10/29/2020 21:31:11]
[Information][10/29/2020 19:00:00]
Initialized Unitask correctly for ECS
[10/29/2020 21:31:15]
[Information][10/29/2020 19:00:00]
Closing Logger and Disposing
[10/29/2020 21:33:25]
[Information][10/29/2020 19:00:00]
ReInitialized Unitask after Initialization of ECS is complete
[10/29/2020 21:33:25]
[Information][10/29/2020 19:00:00]
Unitask Player loop is ready? True
[10/29/2020 21:33:25]
[Information][10/29/2020 19:00:00]
Initialized Unitask correctly for ECS
[10/29/2020 21:33:33]
[Information][10/29/2020 19:00:00]
Closing Logger and Disposing
[10/29/2020 21:37:59]
[Information][10/29/2020 19:00:00]
ReInitialized Unitask after Initialization of ECS is complete
[10/29/2020 21:38:00]
[Information][10/29/2020 19:00:00]
Unitask Player loop is ready? True
[10/29/2020 21:38:00]
[Information][10/29/2020 19:00:00]
Initialized Unitask correctly for ECS
[10/29/2020 21:38:06]
[Information][10/29/2020 19:00:00]
Closing Logger and Disposing
[10/29/2020 21:41:45]
[Information][10/29/2020 19:00:00]
ReInitialized Unitask after Initialization of ECS is complete
[10/29/2020 21:41:45]
[Information][10/29/2020 19:00:00]
Unitask Player loop is ready? True
[10/29/2020 21:41:45]
[Information][10/29/2020 19:00:00]
Initialized Unitask correctly for ECS
[10/29/2020 21:41:51]
[Information][10/29/2020 19:00:00]
Closing Logger and Disposing
[10/29/2020 21:43:33]
[Information][10/29/2020 19:00:00]
ReInitialized Unitask after Initialization of ECS is complete
[10/29/2020 21:43:33]
[Information][10/29/2020 19:00:00]
Unitask Player loop is ready? True
[10/29/2020 21:43:33]
[Information][10/29/2020 19:00:00]
Initialized Unitask correctly for ECS
[10/29/2020 21:43:39]
[Information][10/29/2020 19:00:00]
Closing Logger and Disposing
[10/29/2020 21:45:27]
[Information][10/29/2020 19:00:00]
ReInitialized Unitask after Initialization of ECS is complete
[10/29/2020 21:45:27]
[Information][10/29/2020 19:00:00]
Unitask Player loop is ready? True
[10/29/2020 21:45:27]
[Information][10/29/2020 19:00:00]
Initialized Unitask correctly for ECS
[10/29/2020 21:46:34]
[Information][10/29/2020 19:00:00]
Closing Logger and Disposing
[10/29/2020 22:18:15]
[Information][10/29/2020 19:00:00]
ReInitialized Unitask after Initialization of ECS is complete
[10/29/2020 22:18:15]
[Information][10/29/2020 19:00:00]
Unitask Player loop is ready? True
[10/29/2020 22:18:15]
[Information][10/29/2020 19:00:00]
Initialized Unitask correctly for ECS
[10/29/2020 22:19:28]
[Information][10/29/2020 19:00:00]
Closing Logger and Disposing
[10/29/2020 22:32:00]
[Information][10/29/2020 19:00:00]
ReInitialized Unitask after Initialization of ECS is complete
[10/29/2020 22:32:00]
[Information][10/29/2020 19:00:00]
Unitask Player loop is ready? True
[10/29/2020 22:32:00]
[Information][10/29/2020 19:00:00]
Initialized Unitask correctly for ECS
[10/29/2020 22:32:13]
[Information][10/29/2020 19:00:00]
Closing Logger and Disposing
[10/29/2020 22:55:36]
[Information][10/29/2020 19:00:00]
ReInitialized Unitask after Initialization of ECS is complete
[10/29/2020 22:55:36]
[Information][10/29/2020 19:00:00]
Unitask Player loop is ready? True
[10/29/2020 22:55:36]
[Information][10/29/2020 19:00:00]
Initialized Unitask correctly for ECS
[10/29/2020 23:04:28]
[Information][10/29/2020 19:00:00]
Closing Logger and Disposing
[10/29/2020 23:16:37]
[Information][10/29/2020 19:00:00]
ReInitialized Unitask after Initialization of ECS is complete
[10/29/2020 23:16:37]
[Information][10/29/2020 19:00:00]
Unitask Player loop is ready? True
[10/29/2020 23:16:37]
[Information][10/29/2020 19:00:00]
Initialized Unitask correctly for ECS
[10/29/2020 23:16:57]
[Information][10/29/2020 19:00:00]
Closing Logger and Disposing
[10/29/2020 23:17:07]
[Information][10/29/2020 19:00:00]
ReInitialized Unitask after Initialization of ECS is complete
[10/29/2020 23:17:07]
[Information][10/29/2020 19:00:00]
Unitask Player loop is ready? True
[10/29/2020 23:17:07]
[Information][10/29/2020 19:00:00]
Initialized Unitask correctly for ECS
[10/29/2020 23:18:04]
[Information][10/29/2020 19:00:00]
Closing Logger and Disposing
[10/29/2020 23:20:01]
[Information][10/29/2020 19:00:00]
ReInitialized Unitask after Initialization of ECS is complete
[10/29/2020 23:20:01]
[Information][10/29/2020 19:00:00]
Unitask Player loop is ready? True
[10/29/2020 23:20:01]
[Information][10/29/2020 19:00:00]
Initialized Unitask correctly for ECS
[10/29/2020 23:22:47]
[Information][10/29/2020 19:00:00]
Closing Logger and Disposing
[10/29/2020 23:24:38]
[Information][10/29/2020 19:00:00]
ReInitialized Unitask after Initialization of ECS is complete
[10/29/2020 23:24:38]
[Information][10/29/2020 19:00:00]
Unitask Player loop is ready? True
[10/29/2020 23:24:38]
[Information][10/29/2020 19:00:00]
Initialized Unitask correctly for ECS
[10/29/2020 23:28:29]
[Information][10/29/2020 19:00:00]
Closing Logger and Disposing
