[03/07/2021 17:03:05]
[Error][03/06/2021 18:00:00]
Couldn't find Addressable Scene with the parameter passed through
[03/07/2021 17:03:09]
[Information][03/06/2021 18:00:00]
Closing Logger and Disposing
[03/07/2021 17:04:57]
[Error][03/06/2021 18:00:00]
Couldn't find Addressable Scene with the parameter passed through
[03/07/2021 17:05:25]
[Information][03/06/2021 18:00:00]
Closing Logger and Disposing
[03/07/2021 17:07:07]
[Error][03/06/2021 18:00:00]
Couldn't find Addressable Scene with the parameter passed through
[03/07/2021 17:07:10]
[Information][03/06/2021 18:00:00]
Closing Logger and Disposing
[03/07/2021 17:08:07]
[Error][03/06/2021 18:00:00]
Couldn't find Addressable Scene with the parameter passed through
[03/07/2021 17:08:13]
[Information][03/06/2021 18:00:00]
Closing Logger and Disposing
[03/07/2021 17:10:37]
[Error][03/06/2021 18:00:00]
Couldn't find Addressable Scene with the parameter passed through
[03/07/2021 17:10:40]
[Information][03/06/2021 18:00:00]
Closing Logger and Disposing
[03/07/2021 17:13:15]
[Error][03/06/2021 18:00:00]
Couldn't find Addressable Scene with the parameter passed through
[03/07/2021 17:13:18]
[Information][03/06/2021 18:00:00]
Closing Logger and Disposing
[03/07/2021 17:26:47]
[Information][03/06/2021 18:00:00]
Closing Logger and Disposing
[03/07/2021 17:27:06]
[Information][03/06/2021 18:00:00]
Closing Logger and Disposing
[03/07/2021 17:28:14]
[Information][03/06/2021 18:00:00]
Closing Logger and Disposing
[03/07/2021 17:30:57]
[Information][03/06/2021 18:00:00]
Closing Logger and Disposing
[03/07/2021 17:38:04]
[Information][03/06/2021 18:00:00]
Closing Logger and Disposing
[03/07/2021 17:42:43]
[Information][03/06/2021 18:00:00]
Closing Logger and Disposing
[03/07/2021 18:45:41]
[Information][03/07/2021 18:00:00]
ReInitialized Unitask after Initialization of ECS is complete
[03/07/2021 18:45:41]
[Information][03/07/2021 18:00:00]
Unitask Player loop is ready? True
[03/07/2021 18:45:41]
[Information][03/07/2021 18:00:00]
Initialized Unitask correctly for ECS
[03/07/2021 18:45:51]
[Information][03/07/2021 18:00:00]
Closing Logger and Disposing
[03/07/2021 18:49:02]
[Information][03/07/2021 18:00:00]
ReInitialized Unitask after Initialization of ECS is complete
[03/07/2021 18:49:02]
[Information][03/07/2021 18:00:00]
Unitask Player loop is ready? True
[03/07/2021 18:49:02]
[Information][03/07/2021 18:00:00]
Initialized Unitask correctly for ECS
[03/07/2021 18:49:12]
[Information][03/07/2021 18:00:00]
Closing Logger and Disposing
[03/07/2021 18:50:29]
[Information][03/07/2021 18:00:00]
ReInitialized Unitask after Initialization of ECS is complete
[03/07/2021 18:50:29]
[Information][03/07/2021 18:00:00]
Unitask Player loop is ready? True
[03/07/2021 18:50:29]
[Information][03/07/2021 18:00:00]
Initialized Unitask correctly for ECS
[03/07/2021 18:50:39]
[Information][03/07/2021 18:00:00]
Closing Logger and Disposing
[03/07/2021 18:51:06]
[Information][03/07/2021 18:00:00]
ReInitialized Unitask after Initialization of ECS is complete
[03/07/2021 18:51:06]
[Information][03/07/2021 18:00:00]
Unitask Player loop is ready? True
[03/07/2021 18:51:06]
[Information][03/07/2021 18:00:00]
Initialized Unitask correctly for ECS
[03/07/2021 18:51:12]
[Information][03/07/2021 18:00:00]
Closing Logger and Disposing
[03/07/2021 18:51:26]
[Information][03/07/2021 18:00:00]
ReInitialized Unitask after Initialization of ECS is complete
[03/07/2021 18:51:26]
[Information][03/07/2021 18:00:00]
Unitask Player loop is ready? True
[03/07/2021 18:51:26]
[Information][03/07/2021 18:00:00]
Initialized Unitask correctly for ECS
[03/07/2021 18:51:39]
[Information][03/07/2021 18:00:00]
Closing Logger and Disposing
[03/07/2021 18:53:23]
[Information][03/07/2021 18:00:00]
ReInitialized Unitask after Initialization of ECS is complete
[03/07/2021 18:53:23]
[Information][03/07/2021 18:00:00]
Unitask Player loop is ready? True
[03/07/2021 18:53:23]
[Information][03/07/2021 18:00:00]
Initialized Unitask correctly for ECS
[03/07/2021 18:53:30]
[Information][03/07/2021 18:00:00]
Closing Logger and Disposing
[03/07/2021 18:56:01]
[Information][03/07/2021 18:00:00]
ReInitialized Unitask after Initialization of ECS is complete
[03/07/2021 18:56:01]
[Information][03/07/2021 18:00:00]
Unitask Player loop is ready? True
[03/07/2021 18:56:01]
[Information][03/07/2021 18:00:00]
Initialized Unitask correctly for ECS
[03/07/2021 18:56:07]
[Information][03/07/2021 18:00:00]
Closing Logger and Disposing
[03/07/2021 18:57:03]
[Information][03/07/2021 18:00:00]
ReInitialized Unitask after Initialization of ECS is complete
[03/07/2021 18:57:03]
[Information][03/07/2021 18:00:00]
Unitask Player loop is ready? True
[03/07/2021 18:57:03]
[Information][03/07/2021 18:00:00]
Initialized Unitask correctly for ECS
[03/07/2021 18:57:11]
[Information][03/07/2021 18:00:00]
Closing Logger and Disposing
[03/07/2021 18:58:16]
[Information][03/07/2021 18:00:00]
ReInitialized Unitask after Initialization of ECS is complete
[03/07/2021 18:58:16]
[Information][03/07/2021 18:00:00]
Unitask Player loop is ready? True
[03/07/2021 18:58:16]
[Information][03/07/2021 18:00:00]
Initialized Unitask correctly for ECS
[03/07/2021 18:58:33]
[Information][03/07/2021 18:00:00]
Closing Logger and Disposing
[03/07/2021 19:01:24]
[Information][03/07/2021 18:00:00]
ReInitialized Unitask after Initialization of ECS is complete
[03/07/2021 19:01:24]
[Information][03/07/2021 18:00:00]
Unitask Player loop is ready? True
[03/07/2021 19:01:24]
[Information][03/07/2021 18:00:00]
Initialized Unitask correctly for ECS
[03/07/2021 19:01:31]
[Information][03/07/2021 18:00:00]
Closing Logger and Disposing
[03/07/2021 19:02:49]
[Information][03/07/2021 18:00:00]
ReInitialized Unitask after Initialization of ECS is complete
[03/07/2021 19:02:49]
[Information][03/07/2021 18:00:00]
Unitask Player loop is ready? True
[03/07/2021 19:02:49]
[Information][03/07/2021 18:00:00]
Initialized Unitask correctly for ECS
[03/07/2021 19:02:56]
[Information][03/07/2021 18:00:00]
Closing Logger and Disposing
[03/07/2021 19:47:03]
[Information][03/07/2021 18:00:00]
ReInitialized Unitask after Initialization of ECS is complete
[03/07/2021 19:47:03]
[Information][03/07/2021 18:00:00]
Unitask Player loop is ready? True
[03/07/2021 19:47:03]
[Information][03/07/2021 18:00:00]
Initialized Unitask correctly for ECS
[03/07/2021 19:48:09]
[Information][03/07/2021 18:00:00]
Closing Logger and Disposing
[03/07/2021 19:54:45]
[Information][03/07/2021 18:00:00]
ReInitialized Unitask after Initialization of ECS is complete
[03/07/2021 19:54:45]
[Information][03/07/2021 18:00:00]
Unitask Player loop is ready? True
[03/07/2021 19:54:45]
[Information][03/07/2021 18:00:00]
Initialized Unitask correctly for ECS
[03/07/2021 19:55:19]
[Information][03/07/2021 18:00:00]
Closing Logger and Disposing
[03/07/2021 20:00:55]
[Information][03/07/2021 18:00:00]
ReInitialized Unitask after Initialization of ECS is complete
[03/07/2021 20:00:55]
[Information][03/07/2021 18:00:00]
Unitask Player loop is ready? True
[03/07/2021 20:00:55]
[Information][03/07/2021 18:00:00]
Initialized Unitask correctly for ECS
[03/07/2021 20:01:00]
[Information][03/07/2021 18:00:00]
Closing Logger and Disposing
